------------------------------------------------------------------------------------------------------------------------

[2020-03-09 11:31:21 #1 store] 
Database '/Users/ldeniz/git/Bets/resources/bets.temp' is opened by 1753@MacBook-Pro-de-Leroy.local

[2020-03-09 11:31:21 #2 type.registry] 
New type domain.Question

[2020-03-09 11:31:21 #3 type] 
Type domain.Question is not enhanced.

[2020-03-09 11:31:21 #4 type.registry] 
New type domain.Answer

[2020-03-09 11:31:21 #5 type.registry] 
New type java.util.Vector<domain.Answer>

[2020-03-09 11:31:21 #6 type.registry] 
New type domain.Event

[2020-03-09 11:31:21 #7 type] 
Type domain.Answer is not enhanced.

[2020-03-09 11:31:21 #8 type.registry] 
New type domain.Apuesta

[2020-03-09 11:31:21 #9 type.registry] 
New type java.util.Vector<domain.Apuesta>

[2020-03-09 11:31:21 #10 type] 
Type domain.Event is not enhanced.

[2020-03-09 11:31:21 #11 type.registry] 
New type java.util.Vector<domain.Question>

[2020-03-09 11:31:21 #12 type] 
Type domain.Apuesta is not enhanced.

[2020-03-09 11:31:21 #13 type.registry] 
New type domain.Usuario

[2020-03-09 11:31:21 #14 type.registry] 
New type domain.Cliente

[2020-03-09 11:31:21 #15 type] 
Type domain.Usuario is not enhanced.

[2020-03-09 11:31:21 #16 type] 
Type domain.Cliente is not enhanced.

[2020-03-09 11:31:21 #17 type.registry] 
New type domain.Admin

[2020-03-09 11:31:21 #18 type] 
Type domain.Admin is not enhanced.

[2020-03-09 11:31:21 #19 type.registry] 
New type java.util.Vector<java.lang.Object>

------------------------------------------------------------------------------------------------------------------------

[2020-03-09 12:00:16 #1 store] 
Database '/Users/ldeniz/git/Bets/resources/bets.temp' is opened by 2005@MacBook-Pro-de-Leroy.local

[2020-03-09 12:00:16 #2 type.registry] 
New type domain.Question

[2020-03-09 12:00:16 #3 type] 
Type domain.Question is not enhanced.

[2020-03-09 12:00:16 #4 type.registry] 
New type domain.Answer

[2020-03-09 12:00:16 #5 type.registry] 
New type java.util.Vector<domain.Answer>

[2020-03-09 12:00:16 #6 type.registry] 
New type domain.Event

[2020-03-09 12:00:16 #7 type] 
Type domain.Answer is not enhanced.

[2020-03-09 12:00:16 #8 type.registry] 
New type domain.Apuesta

[2020-03-09 12:00:16 #9 type.registry] 
New type java.util.Vector<domain.Apuesta>

[2020-03-09 12:00:16 #10 type] 
Type domain.Event is not enhanced.

[2020-03-09 12:00:16 #11 type.registry] 
New type java.util.Vector<domain.Question>

[2020-03-09 12:00:16 #12 type] 
Type domain.Apuesta is not enhanced.

[2020-03-09 12:00:16 #13 type.registry] 
New type domain.Usuario

[2020-03-09 12:00:16 #14 type.registry] 
New type domain.Cliente

[2020-03-09 12:00:16 #15 type] 
Type domain.Usuario is not enhanced.

[2020-03-09 12:00:16 #16 type] 
Type domain.Cliente is not enhanced.

[2020-03-09 12:00:16 #17 type.registry] 
New type domain.Admin

[2020-03-09 12:00:16 #18 type] 
Type domain.Admin is not enhanced.

[2020-03-09 12:00:16 #19 type.registry] 
New type java.util.Vector<java.lang.Object>

------------------------------------------------------------------------------------------------------------------------

[2020-03-09 12:01:13 #1 store] 
Database '/Users/ldeniz/git/Bets/resources/bets.temp' is opened by 2013@MacBook-Pro-de-Leroy.local

[2020-03-09 12:01:13 #2 type.registry] 
New type domain.Question

[2020-03-09 12:01:13 #3 type] 
Type domain.Question is not enhanced.

[2020-03-09 12:01:13 #4 type.registry] 
New type domain.Answer

[2020-03-09 12:01:13 #5 type.registry] 
New type java.util.Vector<domain.Answer>

[2020-03-09 12:01:13 #6 type.registry] 
New type domain.Event

[2020-03-09 12:01:13 #7 type] 
Type domain.Answer is not enhanced.

[2020-03-09 12:01:13 #8 type.registry] 
New type domain.Apuesta

[2020-03-09 12:01:13 #9 type.registry] 
New type java.util.Vector<domain.Apuesta>

[2020-03-09 12:01:13 #10 type] 
Type domain.Event is not enhanced.

[2020-03-09 12:01:13 #11 type.registry] 
New type java.util.Vector<domain.Question>

[2020-03-09 12:01:13 #12 type] 
Type domain.Apuesta is not enhanced.

[2020-03-09 12:01:13 #13 type.registry] 
New type domain.Usuario

[2020-03-09 12:01:13 #14 type.registry] 
New type domain.Cliente

[2020-03-09 12:01:13 #15 type] 
Type domain.Usuario is not enhanced.

[2020-03-09 12:01:13 #16 type] 
Type domain.Cliente is not enhanced.

[2020-03-09 12:01:13 #17 type.registry] 
New type domain.Admin

[2020-03-09 12:01:13 #18 type] 
Type domain.Admin is not enhanced.

[2020-03-09 12:01:13 #19 type.registry] 
New type java.util.Vector<java.lang.Object>

------------------------------------------------------------------------------------------------------------------------

[2020-03-09 15:19:36 #1 store] 
Database '/Users/ldeniz/git/Bets/resources/bets.temp' is opened by 3683@MacBook-Pro-de-Leroy.local

[2020-03-09 15:19:36 #2 type.registry] 
New type domain.Question

[2020-03-09 15:19:36 #3 type] 
Type domain.Question is not enhanced.

[2020-03-09 15:19:36 #4 type.registry] 
New type domain.Answer

[2020-03-09 15:19:36 #5 type.registry] 
New type java.util.Vector<domain.Answer>

[2020-03-09 15:19:36 #6 type.registry] 
New type domain.Event

[2020-03-09 15:19:36 #7 type] 
Type domain.Answer is not enhanced.

[2020-03-09 15:19:36 #8 type.registry] 
New type domain.Apuesta

[2020-03-09 15:19:36 #9 type.registry] 
New type java.util.Vector<domain.Apuesta>

[2020-03-09 15:19:36 #10 type] 
Type domain.Event is not enhanced.

[2020-03-09 15:19:36 #11 type.registry] 
New type java.util.Vector<domain.Question>

[2020-03-09 15:19:36 #12 type] 
Type domain.Apuesta is not enhanced.

[2020-03-09 15:19:36 #13 type.registry] 
New type domain.Usuario

[2020-03-09 15:19:36 #14 type.registry] 
New type domain.Cliente

[2020-03-09 15:19:36 #15 type] 
Type domain.Usuario is not enhanced.

[2020-03-09 15:19:36 #16 type] 
Type domain.Cliente is not enhanced.

[2020-03-09 15:19:36 #17 type.registry] 
New type domain.Admin

[2020-03-09 15:19:36 #18 type] 
Type domain.Admin is not enhanced.

[2020-03-09 15:19:36 #19 type.registry] 
New type java.util.Vector<java.lang.Object>

------------------------------------------------------------------------------------------------------------------------

[2020-03-09 15:59:37 #1 store] 
Database '/Users/ldeniz/git/Bets/resources/bets.temp' is opened by 4056@MacBook-Pro-de-Leroy.local

[2020-03-09 15:59:37 #2 type.registry] 
New type domain.Question

[2020-03-09 15:59:37 #3 type] 
Type domain.Question is not enhanced.

[2020-03-09 15:59:37 #4 type.registry] 
New type domain.Answer

[2020-03-09 15:59:37 #5 type.registry] 
New type java.util.Vector<domain.Answer>

[2020-03-09 15:59:37 #6 type.registry] 
New type domain.Event

[2020-03-09 15:59:37 #7 type] 
Type domain.Answer is not enhanced.

[2020-03-09 15:59:37 #8 type.registry] 
New type domain.Apuesta

[2020-03-09 15:59:37 #9 type.registry] 
New type java.util.Vector<domain.Apuesta>

[2020-03-09 15:59:37 #10 type] 
Type domain.Event is not enhanced.

[2020-03-09 15:59:37 #11 type.registry] 
New type java.util.Vector<domain.Question>

[2020-03-09 15:59:37 #12 type] 
Type domain.Apuesta is not enhanced.

[2020-03-09 15:59:37 #13 type.registry] 
New type domain.Usuario

[2020-03-09 15:59:37 #14 type.registry] 
New type domain.Cliente

[2020-03-09 15:59:37 #15 type] 
Type domain.Usuario is not enhanced.

[2020-03-09 15:59:37 #16 type] 
Type domain.Cliente is not enhanced.

[2020-03-09 15:59:37 #17 type.registry] 
New type domain.Admin

[2020-03-09 15:59:37 #18 type] 
Type domain.Admin is not enhanced.

[2020-03-09 15:59:37 #19 type.registry] 
New type java.util.Vector<java.lang.Object>

------------------------------------------------------------------------------------------------------------------------

[2020-03-09 16:12:37 #1 store] 
Database '/Users/ldeniz/git/Bets/resources/bets.temp' is opened by 4146@MacBook-Pro-de-Leroy.local

[2020-03-09 16:12:37 #2 type.registry] 
New type domain.Question

[2020-03-09 16:12:37 #3 type] 
Type domain.Question is not enhanced.

[2020-03-09 16:12:37 #4 type.registry] 
New type domain.Answer

[2020-03-09 16:12:37 #5 type.registry] 
New type java.util.Vector<domain.Answer>

[2020-03-09 16:12:37 #6 type.registry] 
New type domain.Event

[2020-03-09 16:12:37 #7 type] 
Type domain.Answer is not enhanced.

[2020-03-09 16:12:37 #8 type.registry] 
New type domain.Apuesta

[2020-03-09 16:12:37 #9 type.registry] 
New type java.util.Vector<domain.Apuesta>

[2020-03-09 16:12:37 #10 type] 
Type domain.Event is not enhanced.

[2020-03-09 16:12:37 #11 type.registry] 
New type java.util.Vector<domain.Question>

[2020-03-09 16:12:37 #12 type] 
Type domain.Apuesta is not enhanced.

[2020-03-09 16:12:37 #13 type.registry] 
New type domain.Usuario

[2020-03-09 16:12:37 #14 type.registry] 
New type domain.Cliente

[2020-03-09 16:12:37 #15 type] 
Type domain.Usuario is not enhanced.

[2020-03-09 16:12:37 #16 type] 
Type domain.Cliente is not enhanced.

[2020-03-09 16:12:37 #17 type.registry] 
New type domain.Admin

[2020-03-09 16:12:37 #18 type] 
Type domain.Admin is not enhanced.

[2020-03-09 16:12:37 #19 type.registry] 
New type java.util.Vector<java.lang.Object>

------------------------------------------------------------------------------------------------------------------------

[2020-03-09 16:25:46 #1 store] 
Database '/Users/ldeniz/git/Bets/resources/bets.temp' is opened by 4246@MacBook-Pro-de-Leroy.local

[2020-03-09 16:25:47 #2 type.registry] 
New type domain.Question

[2020-03-09 16:25:47 #3 type] 
Type domain.Question is not enhanced.

[2020-03-09 16:25:47 #4 type.registry] 
New type domain.Answer

[2020-03-09 16:25:47 #5 type.registry] 
New type java.util.Vector<domain.Answer>

[2020-03-09 16:25:47 #6 type.registry] 
New type domain.Event

[2020-03-09 16:25:47 #7 type] 
Type domain.Answer is not enhanced.

[2020-03-09 16:25:47 #8 type.registry] 
New type domain.Apuesta

[2020-03-09 16:25:47 #9 type.registry] 
New type java.util.Vector<domain.Apuesta>

[2020-03-09 16:25:47 #10 type] 
Type domain.Event is not enhanced.

[2020-03-09 16:25:47 #11 type.registry] 
New type java.util.Vector<domain.Question>

[2020-03-09 16:25:47 #12 type] 
Type domain.Apuesta is not enhanced.

[2020-03-09 16:25:47 #13 type.registry] 
New type domain.Usuario

[2020-03-09 16:25:47 #14 type.registry] 
New type domain.Cliente

[2020-03-09 16:25:47 #15 type] 
Type domain.Usuario is not enhanced.

[2020-03-09 16:25:47 #16 type] 
Type domain.Cliente is not enhanced.

[2020-03-09 16:25:47 #17 type.registry] 
New type domain.Admin

[2020-03-09 16:25:47 #18 type] 
Type domain.Admin is not enhanced.

[2020-03-09 16:25:47 #19 type.registry] 
New type java.util.Vector<java.lang.Object>

------------------------------------------------------------------------------------------------------------------------

[2020-03-09 16:39:42 #1 store] 
Database '/Users/ldeniz/git/Bets/resources/bets.temp' is opened by 4349@MacBook-Pro-de-Leroy.local

[2020-03-09 16:39:42 #2 type.registry] 
New type domain.Question

[2020-03-09 16:39:42 #3 type] 
Type domain.Question is not enhanced.

[2020-03-09 16:39:42 #4 type.registry] 
New type domain.Answer

[2020-03-09 16:39:42 #5 type.registry] 
New type java.util.Vector<domain.Answer>

[2020-03-09 16:39:42 #6 type.registry] 
New type domain.Event

[2020-03-09 16:39:42 #7 type] 
Type domain.Answer is not enhanced.

[2020-03-09 16:39:42 #8 type.registry] 
New type domain.Apuesta

[2020-03-09 16:39:42 #9 type.registry] 
New type java.util.Vector<domain.Apuesta>

[2020-03-09 16:39:42 #10 type] 
Type domain.Event is not enhanced.

[2020-03-09 16:39:42 #11 type.registry] 
New type java.util.Vector<domain.Question>

[2020-03-09 16:39:42 #12 type] 
Type domain.Apuesta is not enhanced.

[2020-03-09 16:39:42 #13 type.registry] 
New type domain.Usuario

[2020-03-09 16:39:42 #14 type.registry] 
New type domain.Cliente

[2020-03-09 16:39:42 #15 type] 
Type domain.Usuario is not enhanced.

[2020-03-09 16:39:42 #16 type] 
Type domain.Cliente is not enhanced.

[2020-03-09 16:39:42 #17 type.registry] 
New type domain.Admin

[2020-03-09 16:39:42 #18 type] 
Type domain.Admin is not enhanced.

[2020-03-09 16:39:42 #19 type.registry] 
New type java.util.Vector<java.lang.Object>

------------------------------------------------------------------------------------------------------------------------

[2020-03-09 16:54:23 #1 store] 
Database '/Users/ldeniz/git/Bets/resources/bets.temp' is opened by 4447@MacBook-Pro-de-Leroy.local

[2020-03-09 16:54:23 #2 type.registry] 
New type domain.Question

[2020-03-09 16:54:23 #3 type] 
Type domain.Question is not enhanced.

[2020-03-09 16:54:23 #4 type.registry] 
New type domain.Answer

[2020-03-09 16:54:23 #5 type.registry] 
New type java.util.Vector<domain.Answer>

[2020-03-09 16:54:23 #6 type.registry] 
New type domain.Event

[2020-03-09 16:54:23 #7 type] 
Type domain.Answer is not enhanced.

[2020-03-09 16:54:23 #8 type.registry] 
New type domain.Apuesta

[2020-03-09 16:54:23 #9 type.registry] 
New type java.util.Vector<domain.Apuesta>

[2020-03-09 16:54:23 #10 type] 
Type domain.Event is not enhanced.

[2020-03-09 16:54:23 #11 type.registry] 
New type java.util.Vector<domain.Question>

[2020-03-09 16:54:23 #12 type] 
Type domain.Apuesta is not enhanced.

[2020-03-09 16:54:23 #13 type.registry] 
New type domain.Usuario

[2020-03-09 16:54:23 #14 type.registry] 
New type domain.Cliente

[2020-03-09 16:54:23 #15 type] 
Type domain.Usuario is not enhanced.

[2020-03-09 16:54:23 #16 type] 
Type domain.Cliente is not enhanced.

[2020-03-09 16:54:23 #17 type.registry] 
New type domain.Admin

[2020-03-09 16:54:23 #18 type] 
Type domain.Admin is not enhanced.

[2020-03-09 16:54:23 #19 type.registry] 
New type java.util.Vector<java.lang.Object>

------------------------------------------------------------------------------------------------------------------------

[2020-03-09 16:55:15 #1 store] 
Database '/Users/ldeniz/git/Bets/resources/bets.temp' is opened by 4454@MacBook-Pro-de-Leroy.local

[2020-03-09 16:55:15 #2 type.registry] 
New type domain.Question

[2020-03-09 16:55:15 #3 type] 
Type domain.Question is not enhanced.

[2020-03-09 16:55:15 #4 type.registry] 
New type domain.Answer

[2020-03-09 16:55:15 #5 type.registry] 
New type java.util.Vector<domain.Answer>

[2020-03-09 16:55:15 #6 type.registry] 
New type domain.Event

[2020-03-09 16:55:15 #7 type] 
Type domain.Answer is not enhanced.

[2020-03-09 16:55:15 #8 type.registry] 
New type domain.Apuesta

[2020-03-09 16:55:15 #9 type.registry] 
New type java.util.Vector<domain.Apuesta>

[2020-03-09 16:55:15 #10 type] 
Type domain.Event is not enhanced.

[2020-03-09 16:55:15 #11 type.registry] 
New type java.util.Vector<domain.Question>

[2020-03-09 16:55:15 #12 type] 
Type domain.Apuesta is not enhanced.

[2020-03-09 16:55:15 #13 type.registry] 
New type domain.Usuario

[2020-03-09 16:55:15 #14 type.registry] 
New type domain.Cliente

[2020-03-09 16:55:15 #15 type] 
Type domain.Usuario is not enhanced.

[2020-03-09 16:55:15 #16 type] 
Type domain.Cliente is not enhanced.

[2020-03-09 16:55:15 #17 type.registry] 
New type domain.Admin

[2020-03-09 16:55:15 #18 type] 
Type domain.Admin is not enhanced.

[2020-03-09 16:55:15 #19 type.registry] 
New type java.util.Vector<java.lang.Object>

------------------------------------------------------------------------------------------------------------------------

[2020-03-09 17:12:38 #1 store] 
Database '/Users/ldeniz/git/Bets/resources/bets.temp' is opened by 4567@MacBook-Pro-de-Leroy.local

[2020-03-09 17:12:38 #2 type.registry] 
New type domain.Question

[2020-03-09 17:12:38 #3 type] 
Type domain.Question is not enhanced.

[2020-03-09 17:12:38 #4 type.registry] 
New type domain.Answer

[2020-03-09 17:12:38 #5 type.registry] 
New type java.util.Vector<domain.Answer>

[2020-03-09 17:12:38 #6 type.registry] 
New type domain.Event

[2020-03-09 17:12:38 #7 type] 
Type domain.Answer is not enhanced.

[2020-03-09 17:12:38 #8 type.registry] 
New type domain.Apuesta

[2020-03-09 17:12:38 #9 type.registry] 
New type java.util.Vector<domain.Apuesta>

[2020-03-09 17:12:38 #10 type] 
Type domain.Event is not enhanced.

[2020-03-09 17:12:38 #11 type.registry] 
New type java.util.Vector<domain.Question>

[2020-03-09 17:12:38 #12 type] 
Type domain.Apuesta is not enhanced.

[2020-03-09 17:12:38 #13 type.registry] 
New type domain.Usuario

[2020-03-09 17:12:38 #14 type.registry] 
New type domain.Cliente

[2020-03-09 17:12:38 #15 type] 
Type domain.Usuario is not enhanced.

[2020-03-09 17:12:38 #16 type] 
Type domain.Cliente is not enhanced.

[2020-03-09 17:12:38 #17 type.registry] 
New type domain.Admin

[2020-03-09 17:12:38 #18 type] 
Type domain.Admin is not enhanced.

[2020-03-09 17:12:38 #19 type.registry] 
New type java.util.Vector<java.lang.Object>

------------------------------------------------------------------------------------------------------------------------

[2020-03-09 17:45:48 #1 store] 
Database '/Users/ldeniz/git/Bets/resources/bets.temp' is opened by 4815@MacBook-Pro-de-Leroy.local

[2020-03-09 17:45:48 #2 type.registry] 
New type domain.Question

[2020-03-09 17:45:48 #3 type] 
Type domain.Question is not enhanced.

[2020-03-09 17:45:48 #4 type.registry] 
New type domain.Answer

[2020-03-09 17:45:48 #5 type.registry] 
New type java.util.Vector<domain.Answer>

[2020-03-09 17:45:48 #6 type.registry] 
New type domain.Event

[2020-03-09 17:45:48 #7 type] 
Type domain.Answer is not enhanced.

[2020-03-09 17:45:48 #8 type.registry] 
New type domain.Apuesta

[2020-03-09 17:45:48 #9 type.registry] 
New type java.util.Vector<domain.Apuesta>

[2020-03-09 17:45:48 #10 type] 
Type domain.Event is not enhanced.

[2020-03-09 17:45:48 #11 type.registry] 
New type java.util.Vector<domain.Question>

[2020-03-09 17:45:48 #12 type] 
Type domain.Apuesta is not enhanced.

[2020-03-09 17:45:48 #13 type.registry] 
New type domain.Usuario

[2020-03-09 17:45:48 #14 type.registry] 
New type domain.Cliente

[2020-03-09 17:45:48 #15 type] 
Type domain.Usuario is not enhanced.

[2020-03-09 17:45:48 #16 type] 
Type domain.Cliente is not enhanced.

[2020-03-09 17:45:48 #17 type.registry] 
New type domain.Admin

[2020-03-09 17:45:48 #18 type] 
Type domain.Admin is not enhanced.

[2020-03-09 17:45:48 #19 type.registry] 
New type java.util.Vector<java.lang.Object>

------------------------------------------------------------------------------------------------------------------------

[2020-03-09 17:47:00 #1 store] 
Database '/Users/ldeniz/git/Bets/resources/bets.temp' is opened by 4824@MacBook-Pro-de-Leroy.local

[2020-03-09 17:47:00 #2 type.registry] 
New type domain.Question

[2020-03-09 17:47:00 #3 type] 
Type domain.Question is not enhanced.

[2020-03-09 17:47:00 #4 type.registry] 
New type domain.Answer

[2020-03-09 17:47:00 #5 type.registry] 
New type java.util.Vector<domain.Answer>

[2020-03-09 17:47:00 #6 type.registry] 
New type domain.Event

[2020-03-09 17:47:00 #7 type] 
Type domain.Answer is not enhanced.

[2020-03-09 17:47:00 #8 type.registry] 
New type domain.Apuesta

[2020-03-09 17:47:00 #9 type.registry] 
New type java.util.Vector<domain.Apuesta>

[2020-03-09 17:47:00 #10 type] 
Type domain.Event is not enhanced.

[2020-03-09 17:47:00 #11 type.registry] 
New type java.util.Vector<domain.Question>

[2020-03-09 17:47:00 #12 type] 
Type domain.Apuesta is not enhanced.

[2020-03-09 17:47:00 #13 type.registry] 
New type domain.Usuario

[2020-03-09 17:47:00 #14 type.registry] 
New type domain.Cliente

[2020-03-09 17:47:00 #15 type] 
Type domain.Usuario is not enhanced.

[2020-03-09 17:47:00 #16 type] 
Type domain.Cliente is not enhanced.

[2020-03-09 17:47:00 #17 type.registry] 
New type domain.Admin

[2020-03-09 17:47:00 #18 type] 
Type domain.Admin is not enhanced.

[2020-03-09 17:47:00 #19 type.registry] 
New type java.util.Vector<java.lang.Object>

------------------------------------------------------------------------------------------------------------------------

[2020-03-09 17:48:26 #1 store] 
Database '/Users/ldeniz/git/Bets/resources/bets.temp' is opened by 4835@MacBook-Pro-de-Leroy.local

[2020-03-09 17:48:26 #2 type.registry] 
New type domain.Question

[2020-03-09 17:48:26 #3 type] 
Type domain.Question is not enhanced.

[2020-03-09 17:48:26 #4 type.registry] 
New type domain.Answer

[2020-03-09 17:48:26 #5 type.registry] 
New type java.util.Vector<domain.Answer>

[2020-03-09 17:48:26 #6 type.registry] 
New type domain.Event

[2020-03-09 17:48:26 #7 type] 
Type domain.Answer is not enhanced.

[2020-03-09 17:48:26 #8 type.registry] 
New type domain.Apuesta

[2020-03-09 17:48:26 #9 type.registry] 
New type java.util.Vector<domain.Apuesta>

[2020-03-09 17:48:26 #10 type] 
Type domain.Event is not enhanced.

[2020-03-09 17:48:26 #11 type.registry] 
New type java.util.Vector<domain.Question>

[2020-03-09 17:48:26 #12 type] 
Type domain.Apuesta is not enhanced.

[2020-03-09 17:48:26 #13 type.registry] 
New type domain.Usuario

[2020-03-09 17:48:26 #14 type.registry] 
New type domain.Cliente

[2020-03-09 17:48:26 #15 type] 
Type domain.Usuario is not enhanced.

[2020-03-09 17:48:26 #16 type] 
Type domain.Cliente is not enhanced.

[2020-03-09 17:48:26 #17 type.registry] 
New type domain.Admin

[2020-03-09 17:48:26 #18 type] 
Type domain.Admin is not enhanced.

[2020-03-09 17:48:26 #19 type.registry] 
New type java.util.Vector<java.lang.Object>

------------------------------------------------------------------------------------------------------------------------

[2020-03-09 17:50:55 #1 store] 
Database '/Users/ldeniz/git/Bets/resources/bets.temp' is opened by 4853@MacBook-Pro-de-Leroy.local

[2020-03-09 17:50:55 #2 type.registry] 
New type domain.Question

[2020-03-09 17:50:55 #3 type] 
Type domain.Question is not enhanced.

[2020-03-09 17:50:55 #4 type.registry] 
New type domain.Answer

[2020-03-09 17:50:55 #5 type.registry] 
New type java.util.Vector<domain.Answer>

[2020-03-09 17:50:55 #6 type.registry] 
New type domain.Event

[2020-03-09 17:50:55 #7 type] 
Type domain.Answer is not enhanced.

[2020-03-09 17:50:55 #8 type.registry] 
New type domain.Apuesta

[2020-03-09 17:50:55 #9 type.registry] 
New type java.util.Vector<domain.Apuesta>

[2020-03-09 17:50:55 #10 type] 
Type domain.Event is not enhanced.

[2020-03-09 17:50:55 #11 type.registry] 
New type java.util.Vector<domain.Question>

[2020-03-09 17:50:55 #12 type] 
Type domain.Apuesta is not enhanced.

[2020-03-09 17:50:55 #13 type.registry] 
New type domain.Usuario

[2020-03-09 17:50:55 #14 type.registry] 
New type domain.Cliente

[2020-03-09 17:50:55 #15 type] 
Type domain.Usuario is not enhanced.

[2020-03-09 17:50:55 #16 type] 
Type domain.Cliente is not enhanced.

[2020-03-09 17:50:55 #17 type.registry] 
New type domain.Admin

[2020-03-09 17:50:55 #18 type] 
Type domain.Admin is not enhanced.

[2020-03-09 17:50:55 #19 type.registry] 
New type java.util.Vector<java.lang.Object>

------------------------------------------------------------------------------------------------------------------------

[2020-03-09 17:52:28 #1 store] 
Database '/Users/ldeniz/git/Bets/resources/bets.temp' is opened by 4864@MacBook-Pro-de-Leroy.local

[2020-03-09 17:52:29 #2 type.registry] 
New type domain.Question

[2020-03-09 17:52:29 #3 type] 
Type domain.Question is not enhanced.

[2020-03-09 17:52:29 #4 type.registry] 
New type domain.Answer

[2020-03-09 17:52:29 #5 type.registry] 
New type java.util.Vector<domain.Answer>

[2020-03-09 17:52:29 #6 type.registry] 
New type domain.Event

[2020-03-09 17:52:29 #7 type] 
Type domain.Answer is not enhanced.

[2020-03-09 17:52:29 #8 type.registry] 
New type domain.Apuesta

[2020-03-09 17:52:29 #9 type.registry] 
New type java.util.Vector<domain.Apuesta>

[2020-03-09 17:52:29 #10 type] 
Type domain.Event is not enhanced.

[2020-03-09 17:52:29 #11 type.registry] 
New type java.util.Vector<domain.Question>

[2020-03-09 17:52:29 #12 type] 
Type domain.Apuesta is not enhanced.

[2020-03-09 17:52:29 #13 type.registry] 
New type domain.Usuario

[2020-03-09 17:52:29 #14 type.registry] 
New type domain.Cliente

[2020-03-09 17:52:29 #15 type] 
Type domain.Usuario is not enhanced.

[2020-03-09 17:52:29 #16 type] 
Type domain.Cliente is not enhanced.

[2020-03-09 17:52:29 #17 type.registry] 
New type domain.Admin

[2020-03-09 17:52:29 #18 type] 
Type domain.Admin is not enhanced.

[2020-03-09 17:52:29 #19 type.registry] 
New type java.util.Vector<java.lang.Object>

------------------------------------------------------------------------------------------------------------------------

[2020-03-09 17:57:59 #1 store] 
Database '/Users/ldeniz/git/Bets/resources/bets.temp' is opened by 4904@MacBook-Pro-de-Leroy.local

[2020-03-09 17:57:59 #2 type.registry] 
New type domain.Question

[2020-03-09 17:57:59 #3 type] 
Type domain.Question is not enhanced.

[2020-03-09 17:57:59 #4 type.registry] 
New type domain.Answer

[2020-03-09 17:57:59 #5 type.registry] 
New type java.util.Vector<domain.Answer>

[2020-03-09 17:57:59 #6 type.registry] 
New type domain.Event

[2020-03-09 17:57:59 #7 type] 
Type domain.Answer is not enhanced.

[2020-03-09 17:57:59 #8 type.registry] 
New type domain.Apuesta

[2020-03-09 17:57:59 #9 type.registry] 
New type java.util.Vector<domain.Apuesta>

[2020-03-09 17:57:59 #10 type] 
Type domain.Event is not enhanced.

[2020-03-09 17:57:59 #11 type.registry] 
New type java.util.Vector<domain.Question>

[2020-03-09 17:57:59 #12 type] 
Type domain.Apuesta is not enhanced.

[2020-03-09 17:57:59 #13 type.registry] 
New type domain.Usuario

[2020-03-09 17:57:59 #14 type.registry] 
New type domain.Cliente

[2020-03-09 17:57:59 #15 type] 
Type domain.Usuario is not enhanced.

[2020-03-09 17:57:59 #16 type] 
Type domain.Cliente is not enhanced.

[2020-03-09 17:57:59 #17 type.registry] 
New type domain.Admin

[2020-03-09 17:57:59 #18 type] 
Type domain.Admin is not enhanced.

[2020-03-09 17:57:59 #19 type.registry] 
New type java.util.Vector<java.lang.Object>

------------------------------------------------------------------------------------------------------------------------

[2020-03-09 17:58:38 #1 store] 
Database '/Users/ldeniz/git/Bets/resources/bets.temp' is opened by 4910@MacBook-Pro-de-Leroy.local

[2020-03-09 17:58:38 #2 type.registry] 
New type domain.Question

[2020-03-09 17:58:38 #3 type] 
Type domain.Question is not enhanced.

[2020-03-09 17:58:38 #4 type.registry] 
New type domain.Answer

[2020-03-09 17:58:38 #5 type.registry] 
New type java.util.Vector<domain.Answer>

[2020-03-09 17:58:38 #6 type.registry] 
New type domain.Event

[2020-03-09 17:58:38 #7 type] 
Type domain.Answer is not enhanced.

[2020-03-09 17:58:38 #8 type.registry] 
New type domain.Apuesta

[2020-03-09 17:58:38 #9 type.registry] 
New type java.util.Vector<domain.Apuesta>

[2020-03-09 17:58:38 #10 type] 
Type domain.Event is not enhanced.

[2020-03-09 17:58:38 #11 type.registry] 
New type java.util.Vector<domain.Question>

[2020-03-09 17:58:38 #12 type] 
Type domain.Apuesta is not enhanced.

[2020-03-09 17:58:38 #13 type.registry] 
New type domain.Usuario

[2020-03-09 17:58:38 #14 type.registry] 
New type domain.Cliente

[2020-03-09 17:58:38 #15 type] 
Type domain.Usuario is not enhanced.

[2020-03-09 17:58:38 #16 type] 
Type domain.Cliente is not enhanced.

[2020-03-09 17:58:38 #17 type.registry] 
New type domain.Admin

[2020-03-09 17:58:38 #18 type] 
Type domain.Admin is not enhanced.

[2020-03-09 17:58:38 #19 type.registry] 
New type java.util.Vector<java.lang.Object>

------------------------------------------------------------------------------------------------------------------------

[2020-03-09 18:02:43 #1 store] 
Database '/Users/ldeniz/git/Bets/resources/bets.temp' is opened by 4937@MacBook-Pro-de-Leroy.local

[2020-03-09 18:02:43 #2 type.registry] 
New type domain.Question

[2020-03-09 18:02:43 #3 type] 
Type domain.Question is not enhanced.

[2020-03-09 18:02:43 #4 type.registry] 
New type domain.Answer

[2020-03-09 18:02:43 #5 type.registry] 
New type java.util.Vector<domain.Answer>

[2020-03-09 18:02:43 #6 type.registry] 
New type domain.Event

[2020-03-09 18:02:43 #7 type] 
Type domain.Answer is not enhanced.

[2020-03-09 18:02:43 #8 type.registry] 
New type domain.Apuesta

[2020-03-09 18:02:43 #9 type.registry] 
New type java.util.Vector<domain.Apuesta>

[2020-03-09 18:02:43 #10 type] 
Type domain.Event is not enhanced.

[2020-03-09 18:02:43 #11 type.registry] 
New type java.util.Vector<domain.Question>

[2020-03-09 18:02:43 #12 type] 
Type domain.Apuesta is not enhanced.

[2020-03-09 18:02:43 #13 type.registry] 
New type domain.Usuario

[2020-03-09 18:02:43 #14 type.registry] 
New type domain.Cliente

[2020-03-09 18:02:43 #15 type] 
Type domain.Usuario is not enhanced.

[2020-03-09 18:02:43 #16 type] 
Type domain.Cliente is not enhanced.

[2020-03-09 18:02:43 #17 type.registry] 
New type domain.Admin

[2020-03-09 18:02:43 #18 type] 
Type domain.Admin is not enhanced.

[2020-03-09 18:02:43 #19 type.registry] 
New type java.util.Vector<java.lang.Object>

------------------------------------------------------------------------------------------------------------------------

[2020-03-09 18:11:29 #1 store] 
Database '/Users/ldeniz/git/Bets/resources/bets.temp' is opened by 4994@MacBook-Pro-de-Leroy.local

[2020-03-09 18:11:29 #2 type.registry] 
New type domain.Question

[2020-03-09 18:11:29 #3 type] 
Type domain.Question is not enhanced.

[2020-03-09 18:11:29 #4 type.registry] 
New type domain.Answer

[2020-03-09 18:11:29 #5 type.registry] 
New type java.util.Vector<domain.Answer>

[2020-03-09 18:11:29 #6 type.registry] 
New type domain.Event

[2020-03-09 18:11:29 #7 type] 
Type domain.Answer is not enhanced.

[2020-03-09 18:11:29 #8 type.registry] 
New type domain.Apuesta

[2020-03-09 18:11:29 #9 type.registry] 
New type java.util.Vector<domain.Apuesta>

[2020-03-09 18:11:29 #10 type] 
Type domain.Event is not enhanced.

[2020-03-09 18:11:29 #11 type.registry] 
New type java.util.Vector<domain.Question>

[2020-03-09 18:11:29 #12 type] 
Type domain.Apuesta is not enhanced.

[2020-03-09 18:11:29 #13 type.registry] 
New type domain.Usuario

[2020-03-09 18:11:29 #14 type.registry] 
New type domain.Cliente

[2020-03-09 18:11:29 #15 type] 
Type domain.Usuario is not enhanced.

[2020-03-09 18:11:29 #16 type] 
Type domain.Cliente is not enhanced.

[2020-03-09 18:11:29 #17 type.registry] 
New type domain.Admin

[2020-03-09 18:11:29 #18 type] 
Type domain.Admin is not enhanced.

[2020-03-09 18:11:29 #19 type.registry] 
New type java.util.Vector<java.lang.Object>

------------------------------------------------------------------------------------------------------------------------

[2020-03-09 18:15:37 #1 store] 
Database '/Users/ldeniz/git/Bets/resources/bets.temp' is opened by 5022@MacBook-Pro-de-Leroy.local

[2020-03-09 18:15:37 #2 type.registry] 
New type domain.Question

[2020-03-09 18:15:37 #3 type] 
Type domain.Question is not enhanced.

[2020-03-09 18:15:37 #4 type.registry] 
New type domain.Answer

[2020-03-09 18:15:37 #5 type.registry] 
New type java.util.Vector<domain.Answer>

[2020-03-09 18:15:37 #6 type.registry] 
New type domain.Event

[2020-03-09 18:15:37 #7 type] 
Type domain.Answer is not enhanced.

[2020-03-09 18:15:37 #8 type.registry] 
New type domain.Apuesta

[2020-03-09 18:15:37 #9 type.registry] 
New type java.util.Vector<domain.Apuesta>

[2020-03-09 18:15:37 #10 type] 
Type domain.Event is not enhanced.

[2020-03-09 18:15:37 #11 type.registry] 
New type java.util.Vector<domain.Question>

[2020-03-09 18:15:37 #12 type] 
Type domain.Apuesta is not enhanced.

[2020-03-09 18:15:37 #13 type.registry] 
New type domain.Usuario

[2020-03-09 18:15:37 #14 type.registry] 
New type domain.Cliente

[2020-03-09 18:15:37 #15 type] 
Type domain.Usuario is not enhanced.

[2020-03-09 18:15:37 #16 type] 
Type domain.Cliente is not enhanced.

[2020-03-09 18:15:37 #17 type.registry] 
New type domain.Admin

[2020-03-09 18:15:37 #18 type] 
Type domain.Admin is not enhanced.

[2020-03-09 18:15:37 #19 type.registry] 
New type java.util.Vector<java.lang.Object>

------------------------------------------------------------------------------------------------------------------------

[2020-03-09 18:20:26 #1 store] 
Database '/Users/ldeniz/git/Bets/resources/bets.temp' is opened by 5057@MacBook-Pro-de-Leroy.local

[2020-03-09 18:20:26 #2 type.registry] 
New type domain.Question

[2020-03-09 18:20:26 #3 type] 
Type domain.Question is not enhanced.

[2020-03-09 18:20:26 #4 type.registry] 
New type domain.Answer

[2020-03-09 18:20:26 #5 type.registry] 
New type java.util.Vector<domain.Answer>

[2020-03-09 18:20:26 #6 type.registry] 
New type domain.Event

[2020-03-09 18:20:26 #7 type] 
Type domain.Answer is not enhanced.

[2020-03-09 18:20:26 #8 type.registry] 
New type domain.Apuesta

[2020-03-09 18:20:26 #9 type.registry] 
New type java.util.Vector<domain.Apuesta>

[2020-03-09 18:20:26 #10 type] 
Type domain.Event is not enhanced.

[2020-03-09 18:20:26 #11 type.registry] 
New type java.util.Vector<domain.Question>

[2020-03-09 18:20:26 #12 type] 
Type domain.Apuesta is not enhanced.

[2020-03-09 18:20:26 #13 type.registry] 
New type domain.Usuario

[2020-03-09 18:20:26 #14 type.registry] 
New type domain.Cliente

[2020-03-09 18:20:26 #15 type] 
Type domain.Usuario is not enhanced.

[2020-03-09 18:20:26 #16 type] 
Type domain.Cliente is not enhanced.

[2020-03-09 18:20:26 #17 type.registry] 
New type domain.Admin

[2020-03-09 18:20:26 #18 type] 
Type domain.Admin is not enhanced.

[2020-03-09 18:20:26 #19 type.registry] 
New type java.util.Vector<java.lang.Object>

------------------------------------------------------------------------------------------------------------------------

[2020-03-09 18:38:34 #1 store] 
Database '/Users/ldeniz/git/Bets/resources/bets.temp' is opened by 5227@MacBook-Pro-de-Leroy.local

[2020-03-09 18:38:34 #2 type.registry] 
New type domain.Question

[2020-03-09 18:38:34 #3 type] 
Type domain.Question is not enhanced.

[2020-03-09 18:38:34 #4 type.registry] 
New type domain.Answer

[2020-03-09 18:38:34 #5 type.registry] 
New type java.util.Vector<domain.Answer>

[2020-03-09 18:38:34 #6 type.registry] 
New type domain.Event

[2020-03-09 18:38:34 #7 type] 
Type domain.Answer is not enhanced.

[2020-03-09 18:38:34 #8 type.registry] 
New type domain.Apuesta

[2020-03-09 18:38:34 #9 type.registry] 
New type java.util.Vector<domain.Apuesta>

[2020-03-09 18:38:34 #10 type] 
Type domain.Event is not enhanced.

[2020-03-09 18:38:34 #11 type.registry] 
New type java.util.Vector<domain.Question>

[2020-03-09 18:38:34 #12 type] 
Type domain.Apuesta is not enhanced.

[2020-03-09 18:38:34 #13 type.registry] 
New type domain.Usuario

[2020-03-09 18:38:34 #14 type.registry] 
New type domain.Cliente

[2020-03-09 18:38:34 #15 type] 
Type domain.Usuario is not enhanced.

[2020-03-09 18:38:34 #16 type] 
Type domain.Cliente is not enhanced.

[2020-03-09 18:38:34 #17 type.registry] 
New type domain.Admin

[2020-03-09 18:38:34 #18 type] 
Type domain.Admin is not enhanced.

[2020-03-09 18:38:34 #19 type.registry] 
New type java.util.Vector<java.lang.Object>

------------------------------------------------------------------------------------------------------------------------

[2020-03-09 19:18:48 #1 store] 
Database '/Users/ldeniz/git/Bets/resources/bets.temp' is opened by 5493@MacBook-Pro-de-Leroy.local

[2020-03-09 19:18:49 #2 type.registry] 
New type domain.CuentaGlobal

[2020-03-09 19:18:49 #3 type] 
Type domain.CuentaGlobal is not enhanced.

[2020-03-09 19:18:49 #4 type.registry] 
New type domain.Question

[2020-03-09 19:18:49 #5 type] 
Type domain.Question is not enhanced.

[2020-03-09 19:18:49 #6 type.registry] 
New type domain.Answer

[2020-03-09 19:18:49 #7 type.registry] 
New type java.util.Vector<domain.Answer>

[2020-03-09 19:18:49 #8 type.registry] 
New type domain.Event

[2020-03-09 19:18:49 #9 type] 
Type domain.Answer is not enhanced.

[2020-03-09 19:18:49 #10 type.registry] 
New type domain.Apuesta

[2020-03-09 19:18:49 #11 type.registry] 
New type java.util.Vector<domain.Apuesta>

[2020-03-09 19:18:49 #12 type] 
Type domain.Event is not enhanced.

[2020-03-09 19:18:49 #13 type.registry] 
New type java.util.Vector<domain.Question>

[2020-03-09 19:18:49 #14 type] 
Type domain.Apuesta is not enhanced.

[2020-03-09 19:18:49 #15 type.registry] 
New type domain.Usuario

[2020-03-09 19:18:49 #16 type.registry] 
New type domain.Cliente

[2020-03-09 19:18:49 #17 type] 
Type domain.Usuario is not enhanced.

[2020-03-09 19:18:49 #18 type] 
Type domain.Cliente is not enhanced.

[2020-03-09 19:18:49 #19 type.registry] 
New type domain.Admin

[2020-03-09 19:18:49 #20 type] 
Type domain.Admin is not enhanced.

[2020-03-09 19:18:49 #21 type.registry] 
New type java.util.Vector<java.lang.Object>

------------------------------------------------------------------------------------------------------------------------

[2020-03-09 19:55:07 #1 store] 
Database '/Users/ldeniz/git/Bets/resources/bets.temp' is opened by 5770@MacBook-Pro-de-Leroy.local

[2020-03-09 19:55:07 #2 type.registry] 
New type domain.CuentaGlobal

[2020-03-09 19:55:07 #3 type] 
Type domain.CuentaGlobal is not enhanced.

[2020-03-09 19:55:07 #4 type.registry] 
New type domain.Question

[2020-03-09 19:55:07 #5 type] 
Type domain.Question is not enhanced.

[2020-03-09 19:55:07 #6 type.registry] 
New type domain.Answer

[2020-03-09 19:55:07 #7 type.registry] 
New type java.util.Vector<domain.Answer>

[2020-03-09 19:55:07 #8 type.registry] 
New type domain.Event

[2020-03-09 19:55:07 #9 type] 
Type domain.Answer is not enhanced.

[2020-03-09 19:55:07 #10 type.registry] 
New type domain.Apuesta

[2020-03-09 19:55:07 #11 type.registry] 
New type java.util.Vector<domain.Apuesta>

[2020-03-09 19:55:07 #12 type] 
Type domain.Event is not enhanced.

[2020-03-09 19:55:07 #13 type.registry] 
New type java.util.Vector<domain.Question>

[2020-03-09 19:55:07 #14 type] 
Type domain.Apuesta is not enhanced.

[2020-03-09 19:55:07 #15 type.registry] 
New type domain.Usuario

[2020-03-09 19:55:07 #16 type.registry] 
New type domain.Cliente

[2020-03-09 19:55:07 #17 type] 
Type domain.Usuario is not enhanced.

[2020-03-09 19:55:07 #18 type] 
Type domain.Cliente is not enhanced.

[2020-03-09 19:55:07 #19 type.registry] 
New type domain.Admin

[2020-03-09 19:55:07 #20 type] 
Type domain.Admin is not enhanced.

[2020-03-09 19:55:07 #21 type.registry] 
New type java.util.Vector<java.lang.Object>

------------------------------------------------------------------------------------------------------------------------

[2020-03-09 20:08:58 #1 store] 
Database '/Users/ldeniz/git/Bets/resources/bets.temp' is opened by 5858@MacBook-Pro-de-Leroy.local

[2020-03-09 20:08:58 #2 type.registry] 
New type domain.CuentaGlobal

[2020-03-09 20:08:58 #3 type] 
Type domain.CuentaGlobal is not enhanced.

[2020-03-09 20:08:58 #4 type.registry] 
New type domain.Question

[2020-03-09 20:08:58 #5 type] 
Type domain.Question is not enhanced.

[2020-03-09 20:08:58 #6 type.registry] 
New type domain.Answer

[2020-03-09 20:08:59 #7 type.registry] 
New type java.util.Vector<domain.Answer>

[2020-03-09 20:08:59 #8 type.registry] 
New type domain.Event

[2020-03-09 20:08:59 #9 type] 
Type domain.Answer is not enhanced.

[2020-03-09 20:08:59 #10 type.registry] 
New type domain.Apuesta

[2020-03-09 20:08:59 #11 type.registry] 
New type java.util.Vector<domain.Apuesta>

[2020-03-09 20:08:59 #12 type] 
Type domain.Event is not enhanced.

[2020-03-09 20:08:59 #13 type.registry] 
New type java.util.Vector<domain.Question>

[2020-03-09 20:08:59 #14 type] 
Type domain.Apuesta is not enhanced.

[2020-03-09 20:08:59 #15 type.registry] 
New type domain.Usuario

[2020-03-09 20:08:59 #16 type.registry] 
New type domain.Cliente

[2020-03-09 20:08:59 #17 type] 
Type domain.Usuario is not enhanced.

[2020-03-09 20:08:59 #18 type] 
Type domain.Cliente is not enhanced.

[2020-03-09 20:08:59 #19 type.registry] 
New type domain.Admin

[2020-03-09 20:08:59 #20 type] 
Type domain.Admin is not enhanced.

[2020-03-09 20:08:59 #21 type.registry] 
New type java.util.Vector<java.lang.Object>

------------------------------------------------------------------------------------------------------------------------

[2020-03-09 20:10:39 #1 store] 
Database '/Users/ldeniz/git/Bets/resources/bets.temp' is opened by 5870@MacBook-Pro-de-Leroy.local

[2020-03-09 20:10:39 #2 type.registry] 
New type domain.CuentaGlobal

[2020-03-09 20:10:39 #3 type] 
Type domain.CuentaGlobal is not enhanced.

[2020-03-09 20:10:39 #4 type.registry] 
New type domain.Question

[2020-03-09 20:10:39 #5 type] 
Type domain.Question is not enhanced.

[2020-03-09 20:10:39 #6 type.registry] 
New type domain.Answer

[2020-03-09 20:10:39 #7 type.registry] 
New type java.util.Vector<domain.Answer>

[2020-03-09 20:10:39 #8 type.registry] 
New type domain.Event

[2020-03-09 20:10:39 #9 type] 
Type domain.Answer is not enhanced.

[2020-03-09 20:10:39 #10 type.registry] 
New type domain.Apuesta

[2020-03-09 20:10:39 #11 type.registry] 
New type java.util.Vector<domain.Apuesta>

[2020-03-09 20:10:39 #12 type] 
Type domain.Event is not enhanced.

[2020-03-09 20:10:39 #13 type.registry] 
New type java.util.Vector<domain.Question>

[2020-03-09 20:10:39 #14 type] 
Type domain.Apuesta is not enhanced.

[2020-03-09 20:10:39 #15 type.registry] 
New type domain.Usuario

[2020-03-09 20:10:39 #16 type.registry] 
New type domain.Cliente

[2020-03-09 20:10:39 #17 type] 
Type domain.Usuario is not enhanced.

[2020-03-09 20:10:39 #18 type] 
Type domain.Cliente is not enhanced.

[2020-03-09 20:10:39 #19 type.registry] 
New type domain.Admin

[2020-03-09 20:10:39 #20 type] 
Type domain.Admin is not enhanced.

[2020-03-09 20:10:39 #21 type.registry] 
New type java.util.Vector<java.lang.Object>

------------------------------------------------------------------------------------------------------------------------

[2020-03-09 20:17:34 #1 store] 
Database '/Users/ldeniz/git/Bets/resources/bets.temp' is opened by 5931@MacBook-Pro-de-Leroy.local

[2020-03-09 20:17:34 #2 type.registry] 
New type domain.CuentaGlobal

[2020-03-09 20:17:34 #3 type] 
Type domain.CuentaGlobal is not enhanced.

[2020-03-09 20:17:34 #4 type.registry] 
New type domain.Question

[2020-03-09 20:17:34 #5 type] 
Type domain.Question is not enhanced.

[2020-03-09 20:17:34 #6 type.registry] 
New type domain.Answer

[2020-03-09 20:17:34 #7 type.registry] 
New type java.util.Vector<domain.Answer>

[2020-03-09 20:17:34 #8 type.registry] 
New type domain.Event

[2020-03-09 20:17:34 #9 type] 
Type domain.Answer is not enhanced.

[2020-03-09 20:17:34 #10 type.registry] 
New type domain.Apuesta

[2020-03-09 20:17:34 #11 type.registry] 
New type java.util.Vector<domain.Apuesta>

[2020-03-09 20:17:34 #12 type] 
Type domain.Event is not enhanced.

[2020-03-09 20:17:34 #13 type.registry] 
New type java.util.Vector<domain.Question>

[2020-03-09 20:17:34 #14 type] 
Type domain.Apuesta is not enhanced.

[2020-03-09 20:17:34 #15 type.registry] 
New type domain.Usuario

[2020-03-09 20:17:34 #16 type.registry] 
New type domain.Cliente

[2020-03-09 20:17:34 #17 type] 
Type domain.Usuario is not enhanced.

[2020-03-09 20:17:34 #18 type] 
Type domain.Cliente is not enhanced.

[2020-03-09 20:17:34 #19 type.registry] 
New type domain.Admin

[2020-03-09 20:17:34 #20 type] 
Type domain.Admin is not enhanced.

[2020-03-09 20:17:34 #21 type.registry] 
New type java.util.Vector<java.lang.Object>

------------------------------------------------------------------------------------------------------------------------

[2020-03-09 21:36:41 #1 store] 
Database '/Users/ldeniz/git/Bets/resources/bets.temp' is opened by 6130@MacBook-Pro-de-Leroy.local

[2020-03-09 21:36:41 #2 type.registry] 
New type domain.CuentaGlobal

[2020-03-09 21:36:41 #3 type] 
Type domain.CuentaGlobal is not enhanced.

[2020-03-09 21:36:41 #4 type.registry] 
New type domain.Question

[2020-03-09 21:36:41 #5 type] 
Type domain.Question is not enhanced.

[2020-03-09 21:36:41 #6 type.registry] 
New type domain.Answer

[2020-03-09 21:36:41 #7 type.registry] 
New type java.util.Vector<domain.Answer>

[2020-03-09 21:36:41 #8 type.registry] 
New type domain.Event

[2020-03-09 21:36:41 #9 type] 
Type domain.Answer is not enhanced.

[2020-03-09 21:36:41 #10 type.registry] 
New type domain.Apuesta

[2020-03-09 21:36:41 #11 type.registry] 
New type java.util.Vector<domain.Apuesta>

[2020-03-09 21:36:41 #12 type] 
Type domain.Event is not enhanced.

[2020-03-09 21:36:41 #13 type.registry] 
New type java.util.Vector<domain.Question>

[2020-03-09 21:36:41 #14 type] 
Type domain.Apuesta is not enhanced.

[2020-03-09 21:36:41 #15 type.registry] 
New type domain.Usuario

[2020-03-09 21:36:41 #16 type.registry] 
New type domain.Cliente

[2020-03-09 21:36:41 #17 type] 
Type domain.Usuario is not enhanced.

[2020-03-09 21:36:41 #18 type] 
Type domain.Cliente is not enhanced.

[2020-03-09 21:36:41 #19 type.registry] 
New type domain.Admin

[2020-03-09 21:36:41 #20 type] 
Type domain.Admin is not enhanced.

[2020-03-09 21:36:41 #21 type.registry] 
New type java.util.Vector<java.lang.Object>

------------------------------------------------------------------------------------------------------------------------

[2020-03-09 21:37:43 #1 store] 
Database '/Users/ldeniz/git/Bets/resources/bets.temp' is opened by 6159@MacBook-Pro-de-Leroy.local

[2020-03-09 21:37:43 #2 type.registry] 
New type domain.CuentaGlobal

[2020-03-09 21:37:43 #3 type] 
Type domain.CuentaGlobal is not enhanced.

[2020-03-09 21:37:44 #4 type.registry] 
New type domain.Question

[2020-03-09 21:37:44 #5 type] 
Type domain.Question is not enhanced.

[2020-03-09 21:37:44 #6 type.registry] 
New type domain.Answer

[2020-03-09 21:37:44 #7 type.registry] 
New type java.util.Vector<domain.Answer>

[2020-03-09 21:37:44 #8 type.registry] 
New type domain.Event

[2020-03-09 21:37:44 #9 type] 
Type domain.Answer is not enhanced.

[2020-03-09 21:37:44 #10 type.registry] 
New type domain.Apuesta

[2020-03-09 21:37:44 #11 type.registry] 
New type java.util.Vector<domain.Apuesta>

[2020-03-09 21:37:44 #12 type] 
Type domain.Event is not enhanced.

[2020-03-09 21:37:44 #13 type.registry] 
New type java.util.Vector<domain.Question>

[2020-03-09 21:37:44 #14 type] 
Type domain.Apuesta is not enhanced.

[2020-03-09 21:37:44 #15 type.registry] 
New type domain.Usuario

[2020-03-09 21:37:44 #16 type.registry] 
New type domain.Cliente

[2020-03-09 21:37:44 #17 type] 
Type domain.Usuario is not enhanced.

[2020-03-09 21:37:44 #18 type] 
Type domain.Cliente is not enhanced.

[2020-03-09 21:37:44 #19 type.registry] 
New type domain.Admin

[2020-03-09 21:37:44 #20 type] 
Type domain.Admin is not enhanced.

[2020-03-09 21:37:44 #21 type.registry] 
New type java.util.Vector<java.lang.Object>

------------------------------------------------------------------------------------------------------------------------

[2020-03-09 21:38:52 #1 store] 
Database '/Users/ldeniz/git/Bets/resources/bets.temp' is opened by 6169@MacBook-Pro-de-Leroy.local

[2020-03-09 21:38:52 #2 type.registry] 
New type domain.CuentaGlobal

[2020-03-09 21:38:52 #3 type] 
Type domain.CuentaGlobal is not enhanced.

[2020-03-09 21:38:52 #4 type.registry] 
New type domain.Question

[2020-03-09 21:38:52 #5 type] 
Type domain.Question is not enhanced.

[2020-03-09 21:38:52 #6 type.registry] 
New type domain.Answer

[2020-03-09 21:38:52 #7 type.registry] 
New type java.util.Vector<domain.Answer>

[2020-03-09 21:38:52 #8 type.registry] 
New type domain.Event

[2020-03-09 21:38:52 #9 type] 
Type domain.Answer is not enhanced.

[2020-03-09 21:38:52 #10 type.registry] 
New type domain.Apuesta

[2020-03-09 21:38:52 #11 type.registry] 
New type java.util.Vector<domain.Apuesta>

[2020-03-09 21:38:52 #12 type] 
Type domain.Event is not enhanced.

[2020-03-09 21:38:52 #13 type.registry] 
New type java.util.Vector<domain.Question>

[2020-03-09 21:38:52 #14 type] 
Type domain.Apuesta is not enhanced.

[2020-03-09 21:38:52 #15 type.registry] 
New type domain.Usuario

[2020-03-09 21:38:52 #16 type.registry] 
New type domain.Cliente

[2020-03-09 21:38:52 #17 type] 
Type domain.Usuario is not enhanced.

[2020-03-09 21:38:52 #18 type] 
Type domain.Cliente is not enhanced.

[2020-03-09 21:38:52 #19 type.registry] 
New type domain.Admin

[2020-03-09 21:38:52 #20 type] 
Type domain.Admin is not enhanced.

[2020-03-09 21:38:52 #21 type.registry] 
New type java.util.Vector<java.lang.Object>

------------------------------------------------------------------------------------------------------------------------

[2020-03-09 21:52:21 #1 store] 
Database '/Users/ldeniz/git/Bets/resources/bets.temp' is opened by 6305@MacBook-Pro-de-Leroy.local

[2020-03-09 21:52:21 #2 type.registry] 
New type domain.CuentaGlobal

[2020-03-09 21:52:21 #3 type] 
Type domain.CuentaGlobal is not enhanced.

[2020-03-09 21:52:21 #4 type.registry] 
New type domain.Question

[2020-03-09 21:52:21 #5 type] 
Type domain.Question is not enhanced.

[2020-03-09 21:52:21 #6 type.registry] 
New type domain.Answer

[2020-03-09 21:52:21 #7 type.registry] 
New type java.util.Vector<domain.Answer>

[2020-03-09 21:52:21 #8 type.registry] 
New type domain.Event

[2020-03-09 21:52:21 #9 type] 
Type domain.Answer is not enhanced.

[2020-03-09 21:52:21 #10 type.registry] 
New type domain.Apuesta

[2020-03-09 21:52:21 #11 type.registry] 
New type java.util.Vector<domain.Apuesta>

[2020-03-09 21:52:21 #12 type] 
Type domain.Event is not enhanced.

[2020-03-09 21:52:21 #13 type.registry] 
New type java.util.Vector<domain.Question>

[2020-03-09 21:52:21 #14 type] 
Type domain.Apuesta is not enhanced.

[2020-03-09 21:52:21 #15 type.registry] 
New type domain.Usuario

[2020-03-09 21:52:21 #16 type.registry] 
New type domain.Cliente

[2020-03-09 21:52:21 #17 type] 
Type domain.Usuario is not enhanced.

[2020-03-09 21:52:21 #18 type] 
Type domain.Cliente is not enhanced.

[2020-03-09 21:52:21 #19 type.registry] 
New type domain.Admin

[2020-03-09 21:52:21 #20 type] 
Type domain.Admin is not enhanced.

[2020-03-09 21:52:21 #21 type.registry] 
New type java.util.Vector<java.lang.Object>

------------------------------------------------------------------------------------------------------------------------

[2020-03-09 21:54:55 #1 store] 
Database '/Users/ldeniz/git/Bets/resources/bets.temp' is opened by 6324@MacBook-Pro-de-Leroy.local

[2020-03-09 21:54:55 #2 type.registry] 
New type domain.CuentaGlobal

[2020-03-09 21:54:55 #3 type] 
Type domain.CuentaGlobal is not enhanced.

[2020-03-09 21:54:56 #4 type.registry] 
New type domain.Question

[2020-03-09 21:54:56 #5 type] 
Type domain.Question is not enhanced.

[2020-03-09 21:54:56 #6 type.registry] 
New type domain.Answer

[2020-03-09 21:54:56 #7 type.registry] 
New type java.util.Vector<domain.Answer>

[2020-03-09 21:54:56 #8 type.registry] 
New type domain.Event

[2020-03-09 21:54:56 #9 type] 
Type domain.Answer is not enhanced.

[2020-03-09 21:54:56 #10 type.registry] 
New type domain.Apuesta

[2020-03-09 21:54:56 #11 type.registry] 
New type java.util.Vector<domain.Apuesta>

[2020-03-09 21:54:56 #12 type] 
Type domain.Event is not enhanced.

[2020-03-09 21:54:56 #13 type.registry] 
New type java.util.Vector<domain.Question>

[2020-03-09 21:54:56 #14 type] 
Type domain.Apuesta is not enhanced.

[2020-03-09 21:54:56 #15 type.registry] 
New type domain.Usuario

[2020-03-09 21:54:56 #16 type.registry] 
New type domain.Cliente

[2020-03-09 21:54:56 #17 type] 
Type domain.Usuario is not enhanced.

[2020-03-09 21:54:56 #18 type] 
Type domain.Cliente is not enhanced.

[2020-03-09 21:54:56 #19 type.registry] 
New type domain.Admin

[2020-03-09 21:54:56 #20 type] 
Type domain.Admin is not enhanced.

[2020-03-09 21:54:56 #21 type.registry] 
New type java.util.Vector<java.lang.Object>

------------------------------------------------------------------------------------------------------------------------

[2020-03-09 21:58:14 #1 store] 
Database '/Users/ldeniz/git/Bets/resources/bets.temp' is opened by 6349@MacBook-Pro-de-Leroy.local

[2020-03-09 21:58:14 #2 type.registry] 
New type domain.CuentaGlobal

[2020-03-09 21:58:14 #3 type] 
Type domain.CuentaGlobal is not enhanced.

[2020-03-09 21:58:14 #4 type.registry] 
New type domain.Question

[2020-03-09 21:58:14 #5 type] 
Type domain.Question is not enhanced.

[2020-03-09 21:58:14 #6 type.registry] 
New type domain.Answer

[2020-03-09 21:58:14 #7 type.registry] 
New type java.util.Vector<domain.Answer>

[2020-03-09 21:58:14 #8 type.registry] 
New type domain.Event

[2020-03-09 21:58:14 #9 type] 
Type domain.Answer is not enhanced.

[2020-03-09 21:58:14 #10 type.registry] 
New type domain.Apuesta

[2020-03-09 21:58:14 #11 type.registry] 
New type java.util.Vector<domain.Apuesta>

[2020-03-09 21:58:14 #12 type] 
Type domain.Event is not enhanced.

[2020-03-09 21:58:14 #13 type.registry] 
New type java.util.Vector<domain.Question>

[2020-03-09 21:58:14 #14 type] 
Type domain.Apuesta is not enhanced.

[2020-03-09 21:58:14 #15 type.registry] 
New type domain.Usuario

[2020-03-09 21:58:14 #16 type.registry] 
New type domain.Cliente

[2020-03-09 21:58:14 #17 type] 
Type domain.Usuario is not enhanced.

[2020-03-09 21:58:14 #18 type] 
Type domain.Cliente is not enhanced.

[2020-03-09 21:58:14 #19 type.registry] 
New type domain.Admin

[2020-03-09 21:58:14 #20 type] 
Type domain.Admin is not enhanced.

[2020-03-09 21:58:14 #21 type.registry] 
New type java.util.Vector<java.lang.Object>

------------------------------------------------------------------------------------------------------------------------

[2020-03-09 22:02:00 #1 store] 
Database '/Users/ldeniz/git/Bets/resources/bets.temp' is opened by 6376@MacBook-Pro-de-Leroy.local

[2020-03-09 22:02:00 #2 type.registry] 
New type domain.CuentaGlobal

[2020-03-09 22:02:00 #3 type] 
Type domain.CuentaGlobal is not enhanced.

[2020-03-09 22:02:00 #4 type.registry] 
New type domain.Question

[2020-03-09 22:02:00 #5 type] 
Type domain.Question is not enhanced.

[2020-03-09 22:02:00 #6 type.registry] 
New type domain.Answer

[2020-03-09 22:02:00 #7 type.registry] 
New type java.util.Vector<domain.Answer>

[2020-03-09 22:02:00 #8 type.registry] 
New type domain.Event

[2020-03-09 22:02:00 #9 type] 
Type domain.Answer is not enhanced.

[2020-03-09 22:02:00 #10 type.registry] 
New type domain.Apuesta

[2020-03-09 22:02:00 #11 type.registry] 
New type java.util.Vector<domain.Apuesta>

[2020-03-09 22:02:00 #12 type] 
Type domain.Event is not enhanced.

[2020-03-09 22:02:00 #13 type.registry] 
New type java.util.Vector<domain.Question>

[2020-03-09 22:02:00 #14 type] 
Type domain.Apuesta is not enhanced.

[2020-03-09 22:02:00 #15 type.registry] 
New type domain.Usuario

[2020-03-09 22:02:00 #16 type.registry] 
New type domain.Cliente

[2020-03-09 22:02:00 #17 type] 
Type domain.Usuario is not enhanced.

[2020-03-09 22:02:00 #18 type] 
Type domain.Cliente is not enhanced.

[2020-03-09 22:02:00 #19 type.registry] 
New type domain.Admin

[2020-03-09 22:02:00 #20 type] 
Type domain.Admin is not enhanced.

[2020-03-09 22:02:00 #21 type.registry] 
New type java.util.Vector<java.lang.Object>

------------------------------------------------------------------------------------------------------------------------

[2020-03-09 22:07:43 #1 store] 
Database '/Users/ldeniz/git/Bets/resources/bets.temp' is opened by 6416@MacBook-Pro-de-Leroy.local

[2020-03-09 22:07:43 #2 type.registry] 
New type domain.CuentaGlobal

[2020-03-09 22:07:43 #3 type] 
Type domain.CuentaGlobal is not enhanced.

[2020-03-09 22:07:43 #4 type.registry] 
New type domain.Question

[2020-03-09 22:07:43 #5 type] 
Type domain.Question is not enhanced.

[2020-03-09 22:07:43 #6 type.registry] 
New type domain.Answer

[2020-03-09 22:07:43 #7 type.registry] 
New type java.util.Vector<domain.Answer>

[2020-03-09 22:07:43 #8 type.registry] 
New type domain.Event

[2020-03-09 22:07:43 #9 type] 
Type domain.Answer is not enhanced.

[2020-03-09 22:07:43 #10 type.registry] 
New type domain.Apuesta

[2020-03-09 22:07:43 #11 type.registry] 
New type java.util.Vector<domain.Apuesta>

[2020-03-09 22:07:43 #12 type] 
Type domain.Event is not enhanced.

[2020-03-09 22:07:43 #13 type.registry] 
New type java.util.Vector<domain.Question>

[2020-03-09 22:07:43 #14 type] 
Type domain.Apuesta is not enhanced.

[2020-03-09 22:07:43 #15 type.registry] 
New type domain.Usuario

[2020-03-09 22:07:43 #16 type.registry] 
New type domain.Cliente

[2020-03-09 22:07:43 #17 type] 
Type domain.Usuario is not enhanced.

[2020-03-09 22:07:43 #18 type] 
Type domain.Cliente is not enhanced.

[2020-03-09 22:07:43 #19 type.registry] 
New type domain.Admin

[2020-03-09 22:07:43 #20 type] 
Type domain.Admin is not enhanced.

[2020-03-09 22:07:43 #21 type.registry] 
New type java.util.Vector<java.lang.Object>

------------------------------------------------------------------------------------------------------------------------

[2020-03-09 22:22:38 #1 store] 
Database '/Users/ldeniz/git/Bets/resources/bets.temp' is opened by 6534@MacBook-Pro-de-Leroy.local

[2020-03-09 22:22:38 #2 type.registry] 
New type domain.CuentaGlobal

[2020-03-09 22:22:38 #3 type] 
Type domain.CuentaGlobal is not enhanced.

[2020-03-09 22:22:38 #4 type.registry] 
New type domain.Question

[2020-03-09 22:22:38 #5 type] 
Type domain.Question is not enhanced.

[2020-03-09 22:22:38 #6 type.registry] 
New type domain.Answer

[2020-03-09 22:22:38 #7 type.registry] 
New type java.util.Vector<domain.Answer>

[2020-03-09 22:22:38 #8 type.registry] 
New type domain.Event

[2020-03-09 22:22:38 #9 type] 
Type domain.Answer is not enhanced.

[2020-03-09 22:22:38 #10 type.registry] 
New type domain.Apuesta

[2020-03-09 22:22:38 #11 type.registry] 
New type java.util.Vector<domain.Apuesta>

[2020-03-09 22:22:38 #12 type] 
Type domain.Event is not enhanced.

[2020-03-09 22:22:38 #13 type.registry] 
New type java.util.Vector<domain.Question>

[2020-03-09 22:22:38 #14 type] 
Type domain.Apuesta is not enhanced.

[2020-03-09 22:22:38 #15 type.registry] 
New type domain.Usuario

[2020-03-09 22:22:38 #16 type.registry] 
New type domain.Cliente

[2020-03-09 22:22:38 #17 type] 
Type domain.Usuario is not enhanced.

[2020-03-09 22:22:38 #18 type] 
Type domain.Cliente is not enhanced.

[2020-03-09 22:22:38 #19 type.registry] 
New type domain.Admin

[2020-03-09 22:22:38 #20 type] 
Type domain.Admin is not enhanced.

[2020-03-09 22:22:38 #21 type.registry] 
New type java.util.Vector<java.lang.Object>

------------------------------------------------------------------------------------------------------------------------

[2020-03-09 22:26:57 #1 store] 
Database '/Users/ldeniz/git/Bets/resources/bets.temp' is opened by 6599@MacBook-Pro-de-Leroy.local

[2020-03-09 22:26:58 #2 type.registry] 
New type domain.CuentaGlobal

[2020-03-09 22:26:58 #3 type] 
Type domain.CuentaGlobal is not enhanced.

[2020-03-09 22:26:58 #4 type.registry] 
New type domain.Question

[2020-03-09 22:26:58 #5 type] 
Type domain.Question is not enhanced.

[2020-03-09 22:26:58 #6 type.registry] 
New type domain.Answer

[2020-03-09 22:26:58 #7 type.registry] 
New type java.util.Vector<domain.Answer>

[2020-03-09 22:26:58 #8 type.registry] 
New type domain.Event

[2020-03-09 22:26:58 #9 type] 
Type domain.Answer is not enhanced.

[2020-03-09 22:26:58 #10 type.registry] 
New type domain.Apuesta

[2020-03-09 22:26:58 #11 type.registry] 
New type java.util.Vector<domain.Apuesta>

[2020-03-09 22:26:58 #12 type] 
Type domain.Event is not enhanced.

[2020-03-09 22:26:58 #13 type.registry] 
New type java.util.Vector<domain.Question>

[2020-03-09 22:26:58 #14 type] 
Type domain.Apuesta is not enhanced.

[2020-03-09 22:26:58 #15 type.registry] 
New type domain.Usuario

[2020-03-09 22:26:58 #16 type.registry] 
New type domain.Cliente

[2020-03-09 22:26:58 #17 type] 
Type domain.Usuario is not enhanced.

[2020-03-09 22:26:58 #18 type] 
Type domain.Cliente is not enhanced.

[2020-03-09 22:26:58 #19 type.registry] 
New type domain.Admin

[2020-03-09 22:26:58 #20 type] 
Type domain.Admin is not enhanced.

[2020-03-09 22:26:58 #21 type.registry] 
New type java.util.Vector<java.lang.Object>

------------------------------------------------------------------------------------------------------------------------

[2020-03-09 22:29:43 #1 store] 
Database '/Users/ldeniz/git/Bets/resources/bets.temp' is opened by 6620@MacBook-Pro-de-Leroy.local

[2020-03-09 22:29:44 #2 type.registry] 
New type domain.CuentaGlobal

[2020-03-09 22:29:44 #3 type] 
Type domain.CuentaGlobal is not enhanced.

[2020-03-09 22:29:44 #4 type.registry] 
New type domain.Question

[2020-03-09 22:29:44 #5 type] 
Type domain.Question is not enhanced.

[2020-03-09 22:29:44 #6 type.registry] 
New type domain.Answer

[2020-03-09 22:29:44 #7 type.registry] 
New type java.util.Vector<domain.Answer>

[2020-03-09 22:29:44 #8 type.registry] 
New type domain.Event

[2020-03-09 22:29:44 #9 type] 
Type domain.Answer is not enhanced.

[2020-03-09 22:29:44 #10 type.registry] 
New type domain.Apuesta

[2020-03-09 22:29:44 #11 type.registry] 
New type java.util.Vector<domain.Apuesta>

[2020-03-09 22:29:44 #12 type] 
Type domain.Event is not enhanced.

[2020-03-09 22:29:44 #13 type.registry] 
New type java.util.Vector<domain.Question>

[2020-03-09 22:29:44 #14 type] 
Type domain.Apuesta is not enhanced.

[2020-03-09 22:29:44 #15 type.registry] 
New type domain.Usuario

[2020-03-09 22:29:44 #16 type.registry] 
New type domain.Cliente

[2020-03-09 22:29:44 #17 type] 
Type domain.Usuario is not enhanced.

[2020-03-09 22:29:44 #18 type] 
Type domain.Cliente is not enhanced.

[2020-03-09 22:29:44 #19 type.registry] 
New type domain.Admin

[2020-03-09 22:29:44 #20 type] 
Type domain.Admin is not enhanced.

[2020-03-09 22:29:44 #21 type.registry] 
New type java.util.Vector<java.lang.Object>

------------------------------------------------------------------------------------------------------------------------

[2020-03-09 22:30:43 #1 store] 
Database '/Users/ldeniz/git/Bets/resources/bets.temp' is opened by 6629@MacBook-Pro-de-Leroy.local

[2020-03-09 22:30:43 #2 type.registry] 
New type domain.CuentaGlobal

[2020-03-09 22:30:43 #3 type] 
Type domain.CuentaGlobal is not enhanced.

[2020-03-09 22:30:43 #4 type.registry] 
New type domain.Question

[2020-03-09 22:30:43 #5 type] 
Type domain.Question is not enhanced.

[2020-03-09 22:30:43 #6 type.registry] 
New type domain.Answer

[2020-03-09 22:30:43 #7 type.registry] 
New type java.util.Vector<domain.Answer>

[2020-03-09 22:30:43 #8 type.registry] 
New type domain.Event

[2020-03-09 22:30:43 #9 type] 
Type domain.Answer is not enhanced.

[2020-03-09 22:30:43 #10 type.registry] 
New type domain.Apuesta

[2020-03-09 22:30:43 #11 type.registry] 
New type java.util.Vector<domain.Apuesta>

[2020-03-09 22:30:43 #12 type] 
Type domain.Event is not enhanced.

[2020-03-09 22:30:43 #13 type.registry] 
New type java.util.Vector<domain.Question>

[2020-03-09 22:30:43 #14 type] 
Type domain.Apuesta is not enhanced.

[2020-03-09 22:30:43 #15 type.registry] 
New type domain.Usuario

[2020-03-09 22:30:43 #16 type.registry] 
New type domain.Cliente

[2020-03-09 22:30:43 #17 type] 
Type domain.Usuario is not enhanced.

[2020-03-09 22:30:43 #18 type] 
Type domain.Cliente is not enhanced.

[2020-03-09 22:30:43 #19 type.registry] 
New type domain.Admin

[2020-03-09 22:30:43 #20 type] 
Type domain.Admin is not enhanced.

[2020-03-09 22:30:43 #21 type.registry] 
New type java.util.Vector<java.lang.Object>

------------------------------------------------------------------------------------------------------------------------

[2020-03-09 22:31:14 #1 store] 
Database '/Users/ldeniz/git/Bets/resources/bets.temp' is opened by 6634@MacBook-Pro-de-Leroy.local

[2020-03-09 22:31:14 #2 type.registry] 
New type domain.CuentaGlobal

[2020-03-09 22:31:14 #3 type] 
Type domain.CuentaGlobal is not enhanced.

[2020-03-09 22:31:14 #4 type.registry] 
New type domain.Question

[2020-03-09 22:31:14 #5 type] 
Type domain.Question is not enhanced.

[2020-03-09 22:31:14 #6 type.registry] 
New type domain.Answer

[2020-03-09 22:31:14 #7 type.registry] 
New type java.util.Vector<domain.Answer>

[2020-03-09 22:31:14 #8 type.registry] 
New type domain.Event

[2020-03-09 22:31:14 #9 type] 
Type domain.Answer is not enhanced.

[2020-03-09 22:31:14 #10 type.registry] 
New type domain.Apuesta

[2020-03-09 22:31:14 #11 type.registry] 
New type java.util.Vector<domain.Apuesta>

[2020-03-09 22:31:14 #12 type] 
Type domain.Event is not enhanced.

[2020-03-09 22:31:14 #13 type.registry] 
New type java.util.Vector<domain.Question>

[2020-03-09 22:31:14 #14 type] 
Type domain.Apuesta is not enhanced.

[2020-03-09 22:31:14 #15 type.registry] 
New type domain.Usuario

[2020-03-09 22:31:14 #16 type.registry] 
New type domain.Cliente

[2020-03-09 22:31:14 #17 type] 
Type domain.Usuario is not enhanced.

[2020-03-09 22:31:14 #18 type] 
Type domain.Cliente is not enhanced.

[2020-03-09 22:31:15 #19 type.registry] 
New type domain.Admin

[2020-03-09 22:31:15 #20 type] 
Type domain.Admin is not enhanced.

[2020-03-09 22:31:15 #21 type.registry] 
New type java.util.Vector<java.lang.Object>

------------------------------------------------------------------------------------------------------------------------

[2020-03-09 22:31:49 #1 store] 
Database '/Users/ldeniz/git/Bets/resources/bets.temp' is opened by 6641@MacBook-Pro-de-Leroy.local

[2020-03-09 22:31:49 #2 type.registry] 
New type domain.CuentaGlobal

[2020-03-09 22:31:49 #3 type] 
Type domain.CuentaGlobal is not enhanced.

[2020-03-09 22:31:49 #4 type.registry] 
New type domain.Question

[2020-03-09 22:31:49 #5 type] 
Type domain.Question is not enhanced.

[2020-03-09 22:31:49 #6 type.registry] 
New type domain.Answer

[2020-03-09 22:31:49 #7 type.registry] 
New type java.util.Vector<domain.Answer>

[2020-03-09 22:31:49 #8 type.registry] 
New type domain.Event

[2020-03-09 22:31:49 #9 type] 
Type domain.Answer is not enhanced.

[2020-03-09 22:31:49 #10 type.registry] 
New type domain.Apuesta

[2020-03-09 22:31:49 #11 type.registry] 
New type java.util.Vector<domain.Apuesta>

[2020-03-09 22:31:49 #12 type] 
Type domain.Event is not enhanced.

[2020-03-09 22:31:49 #13 type.registry] 
New type java.util.Vector<domain.Question>

[2020-03-09 22:31:49 #14 type] 
Type domain.Apuesta is not enhanced.

[2020-03-09 22:31:49 #15 type.registry] 
New type domain.Usuario

[2020-03-09 22:31:49 #16 type.registry] 
New type domain.Cliente

[2020-03-09 22:31:49 #17 type] 
Type domain.Usuario is not enhanced.

[2020-03-09 22:31:49 #18 type] 
Type domain.Cliente is not enhanced.

[2020-03-09 22:31:49 #19 type.registry] 
New type domain.Admin

[2020-03-09 22:31:49 #20 type] 
Type domain.Admin is not enhanced.

[2020-03-09 22:31:49 #21 type.registry] 
New type java.util.Vector<java.lang.Object>

------------------------------------------------------------------------------------------------------------------------

[2020-03-09 22:48:55 #1 store] 
Database '/Users/ldeniz/git/Bets/resources/bets.temp' is opened by 6788@MacBook-Pro-de-Leroy.local

[2020-03-09 22:48:55 #2 type.registry] 
New type domain.CuentaGlobal

[2020-03-09 22:48:55 #3 type] 
Type domain.CuentaGlobal is not enhanced.

[2020-03-09 22:48:55 #4 type.registry] 
New type domain.Apuesta

[2020-03-09 22:48:55 #5 type.registry] 
New type java.util.Vector<domain.Apuesta>

[2020-03-09 22:48:55 #6 type] 
Type domain.Apuesta is not enhanced.

[2020-03-09 22:48:55 #7 type.registry] 
New type domain.Usuario

[2020-03-09 22:48:55 #8 type.registry] 
New type domain.Cliente

[2020-03-09 22:48:55 #9 type.registry] 
New type domain.Answer

[2020-03-09 22:48:55 #10 type] 
Type domain.Usuario is not enhanced.

[2020-03-09 22:48:55 #11 type] 
Type domain.Cliente is not enhanced.

[2020-03-09 22:48:55 #12 type] 
Type domain.Answer is not enhanced.

[2020-03-09 22:48:55 #13 type.registry] 
New type domain.Question

[2020-03-09 22:48:55 #14 type] 
Type domain.Question is not enhanced.

[2020-03-09 22:48:55 #15 type.registry] 
New type java.util.Vector<domain.Answer>

[2020-03-09 22:48:55 #16 type.registry] 
New type domain.Event

[2020-03-09 22:48:55 #17 type] 
Type domain.Event is not enhanced.

[2020-03-09 22:48:55 #18 type.registry] 
New type java.util.Vector<domain.Question>

[2020-03-09 22:48:55 #19 type.registry] 
New type domain.Admin

[2020-03-09 22:48:55 #20 type] 
Type domain.Admin is not enhanced.

[2020-03-09 22:48:55 #21 type.registry] 
New type java.util.Vector<java.lang.Object>

------------------------------------------------------------------------------------------------------------------------

[2020-03-09 23:06:26 #1 store] 
Database '/Users/ldeniz/git/Bets/resources/bets.temp' is opened by 6972@MacBook-Pro-de-Leroy.local

[2020-03-09 23:06:26 #2 type.registry] 
New type domain.CuentaGlobal

[2020-03-09 23:06:26 #3 type] 
Type domain.CuentaGlobal is not enhanced.

[2020-03-09 23:06:26 #4 type.registry] 
New type domain.Apuesta

[2020-03-09 23:06:26 #5 type.registry] 
New type java.util.Vector<domain.Apuesta>

[2020-03-09 23:06:26 #6 type] 
Type domain.Apuesta is not enhanced.

[2020-03-09 23:06:26 #7 type.registry] 
New type domain.Usuario

[2020-03-09 23:06:26 #8 type.registry] 
New type domain.Cliente

[2020-03-09 23:06:26 #9 type.registry] 
New type domain.Answer

[2020-03-09 23:06:26 #10 type] 
Type domain.Usuario is not enhanced.

[2020-03-09 23:06:26 #11 type] 
Type domain.Cliente is not enhanced.

[2020-03-09 23:06:26 #12 type] 
Type domain.Answer is not enhanced.

[2020-03-09 23:06:26 #13 type.registry] 
New type domain.Question

[2020-03-09 23:06:26 #14 type] 
Type domain.Question is not enhanced.

[2020-03-09 23:06:26 #15 type.registry] 
New type java.util.Vector<domain.Answer>

[2020-03-09 23:06:26 #16 type.registry] 
New type domain.Event

[2020-03-09 23:06:26 #17 type] 
Type domain.Event is not enhanced.

[2020-03-09 23:06:26 #18 type.registry] 
New type java.util.Vector<domain.Question>

[2020-03-09 23:06:26 #19 type.registry] 
New type domain.Admin

[2020-03-09 23:06:26 #20 type] 
Type domain.Admin is not enhanced.

[2020-03-09 23:06:26 #21 type.registry] 
New type java.util.Vector<java.lang.Object>

------------------------------------------------------------------------------------------------------------------------

[2020-03-09 23:11:57 #1 store] 
Database '/Users/ldeniz/git/Bets/resources/bets.temp' is opened by 7183@MacBook-Pro-de-Leroy.local

[2020-03-09 23:11:57 #2 type.registry] 
New type domain.Question

[2020-03-09 23:11:57 #3 type] 
Type domain.Question is not enhanced.

[2020-03-09 23:11:57 #4 type.registry] 
New type domain.Answer

[2020-03-09 23:11:57 #5 type.registry] 
New type java.util.Vector<domain.Answer>

[2020-03-09 23:11:57 #6 type.registry] 
New type domain.Event

[2020-03-09 23:11:57 #7 type] 
Type domain.Answer is not enhanced.

[2020-03-09 23:11:57 #8 type.registry] 
New type domain.Apuesta

[2020-03-09 23:11:57 #9 type.registry] 
New type java.util.Vector<domain.Apuesta>

[2020-03-09 23:11:57 #10 type] 
Type domain.Event is not enhanced.

[2020-03-09 23:11:57 #11 type.registry] 
New type java.util.Vector<domain.Question>

[2020-03-09 23:11:57 #12 type] 
Type domain.Apuesta is not enhanced.

[2020-03-09 23:11:57 #13 type.registry] 
New type domain.Usuario

[2020-03-09 23:11:57 #14 type.registry] 
New type domain.Cliente

[2020-03-09 23:11:57 #15 type] 
Type domain.Usuario is not enhanced.

[2020-03-09 23:11:57 #16 type] 
Type domain.Cliente is not enhanced.

[2020-03-09 23:11:57 #17 type.registry] 
New type domain.Admin

[2020-03-09 23:11:57 #18 type] 
Type domain.Admin is not enhanced.

[2020-03-09 23:11:57 #19 type.registry] 
New type domain.CuentaGlobal

[2020-03-09 23:11:57 #20 type] 
Type domain.CuentaGlobal is not enhanced.

[2020-03-09 23:11:57 #21 type.registry] 
New type java.util.Vector<java.lang.Object>

------------------------------------------------------------------------------------------------------------------------

[2020-03-09 23:20:45 #1 store] 
Database '/Users/ldeniz/git/Bets/resources/bets.temp' is opened by 7282@MacBook-Pro-de-Leroy.local

[2020-03-09 23:20:45 #2 type.registry] 
New type domain.Question

[2020-03-09 23:20:45 #3 type] 
Type domain.Question is not enhanced.

[2020-03-09 23:20:45 #4 type.registry] 
New type domain.Answer

[2020-03-09 23:20:45 #5 type.registry] 
New type java.util.Vector<domain.Answer>

[2020-03-09 23:20:45 #6 type.registry] 
New type domain.Event

[2020-03-09 23:20:45 #7 type] 
Type domain.Answer is not enhanced.

[2020-03-09 23:20:45 #8 type.registry] 
New type domain.Apuesta

[2020-03-09 23:20:45 #9 type.registry] 
New type java.util.Vector<domain.Apuesta>

[2020-03-09 23:20:45 #10 type] 
Type domain.Event is not enhanced.

[2020-03-09 23:20:45 #11 type.registry] 
New type java.util.Vector<domain.Question>

[2020-03-09 23:20:45 #12 type] 
Type domain.Apuesta is not enhanced.

[2020-03-09 23:20:45 #13 type.registry] 
New type domain.Usuario

[2020-03-09 23:20:45 #14 type.registry] 
New type domain.Cliente

[2020-03-09 23:20:45 #15 type] 
Type domain.Usuario is not enhanced.

[2020-03-09 23:20:45 #16 type] 
Type domain.Cliente is not enhanced.

[2020-03-09 23:20:45 #17 type.registry] 
New type domain.Admin

[2020-03-09 23:20:45 #18 type] 
Type domain.Admin is not enhanced.

[2020-03-09 23:20:45 #19 type.registry] 
New type domain.CuentaGlobal

[2020-03-09 23:20:45 #20 type] 
Type domain.CuentaGlobal is not enhanced.

[2020-03-09 23:20:45 #21 type.registry] 
New type java.util.Vector<java.lang.Object>

------------------------------------------------------------------------------------------------------------------------

[2020-03-09 23:21:55 #1 store] 
Database '/Users/ldeniz/git/Bets/resources/bets.temp' is opened by 7292@MacBook-Pro-de-Leroy.local

[2020-03-09 23:21:55 #2 type.registry] 
New type domain.Question

[2020-03-09 23:21:55 #3 type] 
Type domain.Question is not enhanced.

[2020-03-09 23:21:55 #4 type.registry] 
New type domain.Answer

[2020-03-09 23:21:55 #5 type.registry] 
New type java.util.Vector<domain.Answer>

[2020-03-09 23:21:55 #6 type.registry] 
New type domain.Event

[2020-03-09 23:21:55 #7 type] 
Type domain.Answer is not enhanced.

[2020-03-09 23:21:55 #8 type.registry] 
New type domain.Apuesta

[2020-03-09 23:21:55 #9 type.registry] 
New type java.util.Vector<domain.Apuesta>

[2020-03-09 23:21:55 #10 type] 
Type domain.Event is not enhanced.

[2020-03-09 23:21:55 #11 type.registry] 
New type java.util.Vector<domain.Question>

[2020-03-09 23:21:55 #12 type] 
Type domain.Apuesta is not enhanced.

[2020-03-09 23:21:55 #13 type.registry] 
New type domain.Usuario

[2020-03-09 23:21:55 #14 type.registry] 
New type domain.Cliente

[2020-03-09 23:21:55 #15 type] 
Type domain.Usuario is not enhanced.

[2020-03-09 23:21:55 #16 type] 
Type domain.Cliente is not enhanced.

[2020-03-09 23:21:55 #17 type.registry] 
New type domain.Admin

[2020-03-09 23:21:55 #18 type] 
Type domain.Admin is not enhanced.

[2020-03-09 23:21:55 #19 type.registry] 
New type domain.CuentaGlobal

[2020-03-09 23:21:55 #20 type] 
Type domain.CuentaGlobal is not enhanced.

[2020-03-09 23:21:55 #21 type.registry] 
New type java.util.Vector<java.lang.Object>

------------------------------------------------------------------------------------------------------------------------

[2020-03-09 23:25:59 #1 store] 
Database '/Users/ldeniz/git/Bets/resources/bets.temp' is opened by 7323@MacBook-Pro-de-Leroy.local

[2020-03-09 23:25:59 #2 type.registry] 
New type domain.Question

[2020-03-09 23:25:59 #3 type] 
Type domain.Question is not enhanced.

[2020-03-09 23:25:59 #4 type.registry] 
New type domain.Answer

[2020-03-09 23:25:59 #5 type.registry] 
New type java.util.Vector<domain.Answer>

[2020-03-09 23:25:59 #6 type.registry] 
New type domain.Event

[2020-03-09 23:25:59 #7 type] 
Type domain.Answer is not enhanced.

[2020-03-09 23:25:59 #8 type.registry] 
New type domain.Apuesta

[2020-03-09 23:25:59 #9 type.registry] 
New type java.util.Vector<domain.Apuesta>

[2020-03-09 23:25:59 #10 type] 
Type domain.Event is not enhanced.

[2020-03-09 23:25:59 #11 type.registry] 
New type java.util.Vector<domain.Question>

[2020-03-09 23:25:59 #12 type] 
Type domain.Apuesta is not enhanced.

[2020-03-09 23:25:59 #13 type.registry] 
New type domain.Usuario

[2020-03-09 23:25:59 #14 type.registry] 
New type domain.Cliente

[2020-03-09 23:25:59 #15 type] 
Type domain.Usuario is not enhanced.

[2020-03-09 23:25:59 #16 type] 
Type domain.Cliente is not enhanced.

[2020-03-09 23:25:59 #17 type.registry] 
New type domain.Admin

[2020-03-09 23:25:59 #18 type] 
Type domain.Admin is not enhanced.

[2020-03-09 23:25:59 #19 type.registry] 
New type domain.CuentaGlobal

[2020-03-09 23:25:59 #20 type] 
Type domain.CuentaGlobal is not enhanced.

[2020-03-09 23:25:59 #21 type.registry] 
New type java.util.Vector<java.lang.Object>

------------------------------------------------------------------------------------------------------------------------

[2020-03-09 23:30:20 #1 store] 
Database '/Users/ldeniz/git/Bets/resources/bets.temp' is opened by 7372@MacBook-Pro-de-Leroy.local

[2020-03-09 23:30:20 #2 type.registry] 
New type domain.Question

[2020-03-09 23:30:20 #3 type] 
Type domain.Question is not enhanced.

[2020-03-09 23:30:20 #4 type.registry] 
New type domain.Answer

[2020-03-09 23:30:20 #5 type.registry] 
New type java.util.Vector<domain.Answer>

[2020-03-09 23:30:20 #6 type.registry] 
New type domain.Event

[2020-03-09 23:30:20 #7 type] 
Type domain.Answer is not enhanced.

[2020-03-09 23:30:20 #8 type.registry] 
New type domain.Apuesta

[2020-03-09 23:30:20 #9 type.registry] 
New type java.util.Vector<domain.Apuesta>

[2020-03-09 23:30:20 #10 type] 
Type domain.Event is not enhanced.

[2020-03-09 23:30:20 #11 type.registry] 
New type java.util.Vector<domain.Question>

[2020-03-09 23:30:20 #12 type] 
Type domain.Apuesta is not enhanced.

[2020-03-09 23:30:20 #13 type.registry] 
New type domain.Usuario

[2020-03-09 23:30:20 #14 type.registry] 
New type domain.Cliente

[2020-03-09 23:30:20 #15 type] 
Type domain.Usuario is not enhanced.

[2020-03-09 23:30:20 #16 type] 
Type domain.Cliente is not enhanced.

[2020-03-09 23:30:21 #17 type.registry] 
New type domain.Admin

[2020-03-09 23:30:21 #18 type] 
Type domain.Admin is not enhanced.

[2020-03-09 23:30:21 #19 type.registry] 
New type domain.CuentaGlobal

[2020-03-09 23:30:21 #20 type] 
Type domain.CuentaGlobal is not enhanced.

[2020-03-09 23:30:21 #21 type.registry] 
New type java.util.Vector<java.lang.Object>

------------------------------------------------------------------------------------------------------------------------

[2020-03-09 23:31:10 #1 store] 
Database '/Users/ldeniz/git/Bets/resources/bets.temp' is opened by 7383@MacBook-Pro-de-Leroy.local

[2020-03-09 23:31:10 #2 type.registry] 
New type domain.Question

[2020-03-09 23:31:10 #3 type] 
Type domain.Question is not enhanced.

[2020-03-09 23:31:10 #4 type.registry] 
New type domain.Answer

[2020-03-09 23:31:10 #5 type.registry] 
New type java.util.Vector<domain.Answer>

[2020-03-09 23:31:10 #6 type.registry] 
New type domain.Event

[2020-03-09 23:31:10 #7 type] 
Type domain.Answer is not enhanced.

[2020-03-09 23:31:10 #8 type.registry] 
New type domain.Apuesta

[2020-03-09 23:31:10 #9 type.registry] 
New type java.util.Vector<domain.Apuesta>

[2020-03-09 23:31:10 #10 type] 
Type domain.Event is not enhanced.

[2020-03-09 23:31:10 #11 type.registry] 
New type java.util.Vector<domain.Question>

[2020-03-09 23:31:10 #12 type] 
Type domain.Apuesta is not enhanced.

[2020-03-09 23:31:10 #13 type.registry] 
New type domain.Usuario

[2020-03-09 23:31:10 #14 type.registry] 
New type domain.Cliente

[2020-03-09 23:31:10 #15 type] 
Type domain.Usuario is not enhanced.

[2020-03-09 23:31:10 #16 type] 
Type domain.Cliente is not enhanced.

[2020-03-09 23:31:10 #17 type.registry] 
New type domain.Admin

[2020-03-09 23:31:10 #18 type] 
Type domain.Admin is not enhanced.

[2020-03-09 23:31:10 #19 type.registry] 
New type domain.CuentaGlobal

[2020-03-09 23:31:10 #20 type] 
Type domain.CuentaGlobal is not enhanced.

[2020-03-09 23:31:10 #21 type.registry] 
New type java.util.Vector<java.lang.Object>

------------------------------------------------------------------------------------------------------------------------

[2020-03-09 23:31:49 #1 store] 
Database '/Users/ldeniz/git/Bets/resources/bets.temp' is opened by 7389@MacBook-Pro-de-Leroy.local

[2020-03-09 23:31:49 #2 type.registry] 
New type domain.Question

[2020-03-09 23:31:49 #3 type] 
Type domain.Question is not enhanced.

[2020-03-09 23:31:49 #4 type.registry] 
New type domain.Answer

[2020-03-09 23:31:49 #5 type.registry] 
New type java.util.Vector<domain.Answer>

[2020-03-09 23:31:49 #6 type.registry] 
New type domain.Event

[2020-03-09 23:31:49 #7 type] 
Type domain.Answer is not enhanced.

[2020-03-09 23:31:49 #8 type.registry] 
New type domain.Apuesta

[2020-03-09 23:31:49 #9 type.registry] 
New type java.util.Vector<domain.Apuesta>

[2020-03-09 23:31:49 #10 type] 
Type domain.Event is not enhanced.

[2020-03-09 23:31:49 #11 type.registry] 
New type java.util.Vector<domain.Question>

[2020-03-09 23:31:49 #12 type] 
Type domain.Apuesta is not enhanced.

[2020-03-09 23:31:49 #13 type.registry] 
New type domain.Usuario

[2020-03-09 23:31:49 #14 type.registry] 
New type domain.Cliente

[2020-03-09 23:31:49 #15 type] 
Type domain.Usuario is not enhanced.

[2020-03-09 23:31:49 #16 type] 
Type domain.Cliente is not enhanced.

[2020-03-09 23:31:49 #17 type.registry] 
New type domain.Admin

[2020-03-09 23:31:49 #18 type] 
Type domain.Admin is not enhanced.

[2020-03-09 23:31:49 #19 type.registry] 
New type domain.CuentaGlobal

[2020-03-09 23:31:49 #20 type] 
Type domain.CuentaGlobal is not enhanced.

[2020-03-09 23:31:49 #21 type.registry] 
New type java.util.Vector<java.lang.Object>

------------------------------------------------------------------------------------------------------------------------

[2020-03-09 23:33:54 #1 store] 
Database '/Users/ldeniz/git/Bets/resources/bets.temp' is opened by 7410@MacBook-Pro-de-Leroy.local

[2020-03-09 23:33:54 #2 type.registry] 
New type domain.Question

[2020-03-09 23:33:54 #3 type] 
Type domain.Question is not enhanced.

[2020-03-09 23:33:54 #4 type.registry] 
New type domain.Answer

[2020-03-09 23:33:54 #5 type.registry] 
New type java.util.Vector<domain.Answer>

[2020-03-09 23:33:54 #6 type.registry] 
New type domain.Event

[2020-03-09 23:33:54 #7 type] 
Type domain.Answer is not enhanced.

[2020-03-09 23:33:54 #8 type.registry] 
New type domain.Apuesta

[2020-03-09 23:33:54 #9 type.registry] 
New type java.util.Vector<domain.Apuesta>

[2020-03-09 23:33:54 #10 type] 
Type domain.Event is not enhanced.

[2020-03-09 23:33:54 #11 type.registry] 
New type java.util.Vector<domain.Question>

[2020-03-09 23:33:54 #12 type] 
Type domain.Apuesta is not enhanced.

[2020-03-09 23:33:54 #13 type.registry] 
New type domain.Usuario

[2020-03-09 23:33:54 #14 type.registry] 
New type domain.Cliente

[2020-03-09 23:33:54 #15 type] 
Type domain.Usuario is not enhanced.

[2020-03-09 23:33:54 #16 type] 
Type domain.Cliente is not enhanced.

[2020-03-09 23:33:54 #17 type.registry] 
New type domain.Admin

[2020-03-09 23:33:54 #18 type] 
Type domain.Admin is not enhanced.

[2020-03-09 23:33:54 #19 type.registry] 
New type domain.CuentaGlobal

[2020-03-09 23:33:54 #20 type] 
Type domain.CuentaGlobal is not enhanced.

[2020-03-09 23:33:54 #21 type.registry] 
New type java.util.Vector<java.lang.Object>

------------------------------------------------------------------------------------------------------------------------

[2020-03-09 23:34:13 #1 store] 
Database '/Users/ldeniz/git/Bets/resources/bets.temp' is opened by 7414@MacBook-Pro-de-Leroy.local

[2020-03-09 23:34:13 #2 type.registry] 
New type domain.Question

[2020-03-09 23:34:13 #3 type] 
Type domain.Question is not enhanced.

[2020-03-09 23:34:13 #4 type.registry] 
New type domain.Answer

[2020-03-09 23:34:13 #5 type.registry] 
New type java.util.Vector<domain.Answer>

[2020-03-09 23:34:13 #6 type.registry] 
New type domain.Event

[2020-03-09 23:34:13 #7 type] 
Type domain.Answer is not enhanced.

[2020-03-09 23:34:13 #8 type.registry] 
New type domain.Apuesta

[2020-03-09 23:34:13 #9 type.registry] 
New type java.util.Vector<domain.Apuesta>

[2020-03-09 23:34:13 #10 type] 
Type domain.Event is not enhanced.

[2020-03-09 23:34:13 #11 type.registry] 
New type java.util.Vector<domain.Question>

[2020-03-09 23:34:13 #12 type] 
Type domain.Apuesta is not enhanced.

[2020-03-09 23:34:13 #13 type.registry] 
New type domain.Usuario

[2020-03-09 23:34:13 #14 type.registry] 
New type domain.Cliente

[2020-03-09 23:34:13 #15 type] 
Type domain.Usuario is not enhanced.

[2020-03-09 23:34:13 #16 type] 
Type domain.Cliente is not enhanced.

[2020-03-09 23:34:13 #17 type.registry] 
New type domain.Admin

[2020-03-09 23:34:13 #18 type] 
Type domain.Admin is not enhanced.

[2020-03-09 23:34:13 #19 type.registry] 
New type domain.CuentaGlobal

[2020-03-09 23:34:13 #20 type] 
Type domain.CuentaGlobal is not enhanced.

[2020-03-09 23:34:13 #21 type.registry] 
New type java.util.Vector<java.lang.Object>

------------------------------------------------------------------------------------------------------------------------

[2020-03-09 23:34:36 #1 store] 
Database '/Users/ldeniz/git/Bets/resources/bets.temp' is opened by 7418@MacBook-Pro-de-Leroy.local

[2020-03-09 23:34:36 #2 type.registry] 
New type domain.Question

[2020-03-09 23:34:36 #3 type] 
Type domain.Question is not enhanced.

[2020-03-09 23:34:36 #4 type.registry] 
New type domain.Answer

[2020-03-09 23:34:36 #5 type.registry] 
New type java.util.Vector<domain.Answer>

[2020-03-09 23:34:36 #6 type.registry] 
New type domain.Event

[2020-03-09 23:34:36 #7 type] 
Type domain.Answer is not enhanced.

[2020-03-09 23:34:36 #8 type.registry] 
New type domain.Apuesta

[2020-03-09 23:34:36 #9 type.registry] 
New type java.util.Vector<domain.Apuesta>

[2020-03-09 23:34:36 #10 type] 
Type domain.Event is not enhanced.

[2020-03-09 23:34:36 #11 type.registry] 
New type java.util.Vector<domain.Question>

[2020-03-09 23:34:36 #12 type] 
Type domain.Apuesta is not enhanced.

[2020-03-09 23:34:36 #13 type.registry] 
New type domain.Usuario

[2020-03-09 23:34:36 #14 type.registry] 
New type domain.Cliente

[2020-03-09 23:34:36 #15 type] 
Type domain.Usuario is not enhanced.

[2020-03-09 23:34:36 #16 type] 
Type domain.Cliente is not enhanced.

[2020-03-09 23:34:36 #17 type.registry] 
New type domain.Admin

[2020-03-09 23:34:36 #18 type] 
Type domain.Admin is not enhanced.

[2020-03-09 23:34:36 #19 type.registry] 
New type domain.CuentaGlobal

[2020-03-09 23:34:36 #20 type] 
Type domain.CuentaGlobal is not enhanced.

[2020-03-09 23:34:36 #21 type.registry] 
New type java.util.Vector<java.lang.Object>

------------------------------------------------------------------------------------------------------------------------

[2020-03-09 23:34:51 #1 store] 
Database '/Users/ldeniz/git/Bets/resources/bets.temp' is opened by 7422@MacBook-Pro-de-Leroy.local

[2020-03-09 23:34:51 #2 type.registry] 
New type domain.Question

[2020-03-09 23:34:51 #3 type] 
Type domain.Question is not enhanced.

[2020-03-09 23:34:51 #4 type.registry] 
New type domain.Answer

[2020-03-09 23:34:51 #5 type.registry] 
New type java.util.Vector<domain.Answer>

[2020-03-09 23:34:51 #6 type.registry] 
New type domain.Event

[2020-03-09 23:34:51 #7 type] 
Type domain.Answer is not enhanced.

[2020-03-09 23:34:51 #8 type.registry] 
New type domain.Apuesta

[2020-03-09 23:34:51 #9 type.registry] 
New type java.util.Vector<domain.Apuesta>

[2020-03-09 23:34:51 #10 type] 
Type domain.Event is not enhanced.

[2020-03-09 23:34:51 #11 type.registry] 
New type java.util.Vector<domain.Question>

[2020-03-09 23:34:51 #12 type] 
Type domain.Apuesta is not enhanced.

[2020-03-09 23:34:51 #13 type.registry] 
New type domain.Usuario

[2020-03-09 23:34:51 #14 type.registry] 
New type domain.Cliente

[2020-03-09 23:34:51 #15 type] 
Type domain.Usuario is not enhanced.

[2020-03-09 23:34:51 #16 type] 
Type domain.Cliente is not enhanced.

[2020-03-09 23:34:51 #17 type.registry] 
New type domain.Admin

[2020-03-09 23:34:51 #18 type] 
Type domain.Admin is not enhanced.

[2020-03-09 23:34:51 #19 type.registry] 
New type domain.CuentaGlobal

[2020-03-09 23:34:51 #20 type] 
Type domain.CuentaGlobal is not enhanced.

[2020-03-09 23:34:51 #21 type.registry] 
New type java.util.Vector<java.lang.Object>

------------------------------------------------------------------------------------------------------------------------

[2020-03-09 23:36:19 #1 store] 
Database '/Users/ldeniz/git/Bets/resources/bets.temp' is opened by 7440@MacBook-Pro-de-Leroy.local

[2020-03-09 23:36:19 #2 type.registry] 
New type domain.Question

[2020-03-09 23:36:19 #3 type] 
Type domain.Question is not enhanced.

[2020-03-09 23:36:19 #4 type.registry] 
New type domain.Answer

[2020-03-09 23:36:19 #5 type.registry] 
New type java.util.Vector<domain.Answer>

[2020-03-09 23:36:19 #6 type.registry] 
New type domain.Event

[2020-03-09 23:36:19 #7 type] 
Type domain.Answer is not enhanced.

[2020-03-09 23:36:19 #8 type.registry] 
New type domain.Apuesta

[2020-03-09 23:36:19 #9 type.registry] 
New type java.util.Vector<domain.Apuesta>

[2020-03-09 23:36:19 #10 type] 
Type domain.Event is not enhanced.

[2020-03-09 23:36:19 #11 type.registry] 
New type java.util.Vector<domain.Question>

[2020-03-09 23:36:19 #12 type] 
Type domain.Apuesta is not enhanced.

[2020-03-09 23:36:19 #13 type.registry] 
New type domain.Usuario

[2020-03-09 23:36:19 #14 type.registry] 
New type domain.Cliente

[2020-03-09 23:36:19 #15 type] 
Type domain.Usuario is not enhanced.

[2020-03-09 23:36:19 #16 type] 
Type domain.Cliente is not enhanced.

[2020-03-09 23:36:19 #17 type.registry] 
New type domain.Admin

[2020-03-09 23:36:19 #18 type] 
Type domain.Admin is not enhanced.

[2020-03-09 23:36:19 #19 type.registry] 
New type domain.CuentaGlobal

[2020-03-09 23:36:19 #20 type] 
Type domain.CuentaGlobal is not enhanced.

[2020-03-09 23:36:19 #21 type.registry] 
New type java.util.Vector<java.lang.Object>

------------------------------------------------------------------------------------------------------------------------

[2020-03-09 23:37:08 #1 store] 
Database '/Users/ldeniz/git/Bets/resources/bets.temp' is opened by 7446@MacBook-Pro-de-Leroy.local

[2020-03-09 23:37:08 #2 type.registry] 
New type domain.Question

[2020-03-09 23:37:08 #3 type] 
Type domain.Question is not enhanced.

[2020-03-09 23:37:08 #4 type.registry] 
New type domain.Answer

[2020-03-09 23:37:08 #5 type.registry] 
New type java.util.Vector<domain.Answer>

[2020-03-09 23:37:08 #6 type.registry] 
New type domain.Event

[2020-03-09 23:37:08 #7 type] 
Type domain.Answer is not enhanced.

[2020-03-09 23:37:08 #8 type.registry] 
New type domain.Apuesta

[2020-03-09 23:37:08 #9 type.registry] 
New type java.util.Vector<domain.Apuesta>

[2020-03-09 23:37:08 #10 type] 
Type domain.Event is not enhanced.

[2020-03-09 23:37:08 #11 type.registry] 
New type java.util.Vector<domain.Question>

[2020-03-09 23:37:08 #12 type] 
Type domain.Apuesta is not enhanced.

[2020-03-09 23:37:08 #13 type.registry] 
New type domain.Usuario

[2020-03-09 23:37:08 #14 type.registry] 
New type domain.Cliente

[2020-03-09 23:37:08 #15 type] 
Type domain.Usuario is not enhanced.

[2020-03-09 23:37:08 #16 type] 
Type domain.Cliente is not enhanced.

[2020-03-09 23:37:08 #17 type.registry] 
New type domain.Admin

[2020-03-09 23:37:08 #18 type] 
Type domain.Admin is not enhanced.

[2020-03-09 23:37:08 #19 type.registry] 
New type domain.CuentaGlobal

[2020-03-09 23:37:08 #20 type] 
Type domain.CuentaGlobal is not enhanced.

[2020-03-09 23:37:08 #21 type.registry] 
New type java.util.Vector<java.lang.Object>

