------------------------------------------------------------------------------------------------------------------------

[2020-04-14 19:32:32 #1 store] 
Database '/Users/ldeniz/git/Bets/resources/bets.temp' is opened by 43459@MacBook-Pro-de-Leroy.local

[2020-04-14 19:32:32 #2 type.registry] 
New type domain.Deporte

[2020-04-14 19:32:32 #3 type] 
Type domain.Deporte is not enhanced.

[2020-04-14 19:32:32 #4 type.registry] 
New type domain.Event

[2020-04-14 19:32:32 #5 type.registry] 
New type java.util.Vector<domain.Event>

[2020-04-14 19:32:32 #6 type] 
Type domain.Event is not enhanced.

[2020-04-14 19:32:32 #7 type.registry] 
New type domain.Question

[2020-04-14 19:32:32 #8 type.registry] 
New type java.util.Vector<domain.Question>

[2020-04-14 19:32:32 #9 type] 
Type domain.Question is not enhanced.

[2020-04-14 19:32:32 #10 type.registry] 
New type domain.Answer

[2020-04-14 19:32:32 #11 type.registry] 
New type java.util.Vector<domain.Answer>

[2020-04-14 19:32:32 #12 type] 
Type domain.Answer is not enhanced.

[2020-04-14 19:32:32 #13 type.registry] 
New type domain.ApuestaGlobal

[2020-04-14 19:32:32 #14 type.registry] 
New type domain.Apuesta

[2020-04-14 19:32:32 #15 type.registry] 
New type java.util.Vector<domain.Apuesta>

[2020-04-14 19:32:32 #16 type] 
Type domain.ApuestaGlobal is not enhanced.

[2020-04-14 19:32:32 #17 type.registry] 
New type domain.Usuario

[2020-04-14 19:32:32 #18 type.registry] 
New type domain.Cliente

[2020-04-14 19:32:32 #19 type] 
Type domain.Apuesta is not enhanced.

[2020-04-14 19:32:32 #20 type] 
Type domain.Usuario is not enhanced.

[2020-04-14 19:32:32 #21 type] 
Type domain.Cliente is not enhanced.

[2020-04-14 19:32:32 #22 type.registry] 
New type domain.Admin

[2020-04-14 19:32:32 #23 type] 
Type domain.Admin is not enhanced.

[2020-04-14 19:32:32 #24 type.registry] 
New type domain.CuentaGlobal

[2020-04-14 19:32:32 #25 type] 
Type domain.CuentaGlobal is not enhanced.

[2020-04-14 19:32:32 #26 type.registry] 
New type java.util.Vector<java.lang.Object>

------------------------------------------------------------------------------------------------------------------------

[2020-04-14 19:33:11 #1 store] 
Database '/Users/ldeniz/git/Bets/resources/bets.temp' is opened by 43468@MacBook-Pro-de-Leroy.local

[2020-04-14 19:33:11 #2 type.registry] 
New type domain.Deporte

[2020-04-14 19:33:11 #3 type] 
Type domain.Deporte is not enhanced.

[2020-04-14 19:33:11 #4 type.registry] 
New type domain.Event

[2020-04-14 19:33:11 #5 type.registry] 
New type java.util.Vector<domain.Event>

[2020-04-14 19:33:11 #6 type] 
Type domain.Event is not enhanced.

[2020-04-14 19:33:11 #7 type.registry] 
New type domain.Question

[2020-04-14 19:33:11 #8 type.registry] 
New type java.util.Vector<domain.Question>

[2020-04-14 19:33:11 #9 type] 
Type domain.Question is not enhanced.

[2020-04-14 19:33:11 #10 type.registry] 
New type domain.Answer

[2020-04-14 19:33:11 #11 type.registry] 
New type java.util.Vector<domain.Answer>

[2020-04-14 19:33:11 #12 type] 
Type domain.Answer is not enhanced.

[2020-04-14 19:33:11 #13 type.registry] 
New type domain.ApuestaGlobal

[2020-04-14 19:33:11 #14 type.registry] 
New type domain.Apuesta

[2020-04-14 19:33:11 #15 type.registry] 
New type java.util.Vector<domain.Apuesta>

[2020-04-14 19:33:11 #16 type] 
Type domain.ApuestaGlobal is not enhanced.

[2020-04-14 19:33:11 #17 type.registry] 
New type domain.Usuario

[2020-04-14 19:33:11 #18 type.registry] 
New type domain.Cliente

[2020-04-14 19:33:11 #19 type] 
Type domain.Apuesta is not enhanced.

[2020-04-14 19:33:11 #20 type] 
Type domain.Usuario is not enhanced.

[2020-04-14 19:33:11 #21 type] 
Type domain.Cliente is not enhanced.

[2020-04-14 19:33:11 #22 type.registry] 
New type domain.Admin

[2020-04-14 19:33:11 #23 type] 
Type domain.Admin is not enhanced.

[2020-04-14 19:33:11 #24 type.registry] 
New type domain.CuentaGlobal

[2020-04-14 19:33:11 #25 type] 
Type domain.CuentaGlobal is not enhanced.

[2020-04-14 19:33:11 #26 type.registry] 
New type java.util.Vector<java.lang.Object>

------------------------------------------------------------------------------------------------------------------------

[2020-04-14 19:42:02 #1 store] 
Database '/Users/ldeniz/git/Bets/resources/bets.temp' is opened by 43536@MacBook-Pro-de-Leroy.local

[2020-04-14 19:42:02 #2 type.registry] 
New type domain.Deporte

[2020-04-14 19:42:02 #3 type] 
Type domain.Deporte is not enhanced.

[2020-04-14 19:42:02 #4 type.registry] 
New type domain.Event

[2020-04-14 19:42:02 #5 type.registry] 
New type java.util.Vector<domain.Event>

[2020-04-14 19:42:02 #6 type] 
Type domain.Event is not enhanced.

[2020-04-14 19:42:02 #7 type.registry] 
New type domain.Question

[2020-04-14 19:42:02 #8 type.registry] 
New type java.util.Vector<domain.Question>

[2020-04-14 19:42:02 #9 type] 
Type domain.Question is not enhanced.

[2020-04-14 19:42:02 #10 type.registry] 
New type domain.Answer

[2020-04-14 19:42:02 #11 type.registry] 
New type java.util.Vector<domain.Answer>

[2020-04-14 19:42:02 #12 type] 
Type domain.Answer is not enhanced.

[2020-04-14 19:42:02 #13 type.registry] 
New type domain.ApuestaGlobal

[2020-04-14 19:42:02 #14 type.registry] 
New type domain.Apuesta

[2020-04-14 19:42:02 #15 type.registry] 
New type java.util.Vector<domain.Apuesta>

[2020-04-14 19:42:02 #16 type] 
Type domain.ApuestaGlobal is not enhanced.

[2020-04-14 19:42:02 #17 type.registry] 
New type domain.Usuario

[2020-04-14 19:42:02 #18 type.registry] 
New type domain.Cliente

[2020-04-14 19:42:02 #19 type] 
Type domain.Apuesta is not enhanced.

[2020-04-14 19:42:02 #20 type] 
Type domain.Usuario is not enhanced.

[2020-04-14 19:42:02 #21 type] 
Type domain.Cliente is not enhanced.

[2020-04-14 19:42:02 #22 type.registry] 
New type domain.Admin

[2020-04-14 19:42:02 #23 type] 
Type domain.Admin is not enhanced.

[2020-04-14 19:42:02 #24 type.registry] 
New type domain.CuentaGlobal

[2020-04-14 19:42:02 #25 type] 
Type domain.CuentaGlobal is not enhanced.

[2020-04-14 19:42:02 #26 type.registry] 
New type java.util.Vector<java.lang.Object>

------------------------------------------------------------------------------------------------------------------------

[2020-04-14 19:42:58 #1 store] 
Database '/Users/ldeniz/git/Bets/resources/bets.temp' is opened by 43545@MacBook-Pro-de-Leroy.local

[2020-04-14 19:42:58 #2 type.registry] 
New type domain.Deporte

[2020-04-14 19:42:58 #3 type] 
Type domain.Deporte is not enhanced.

[2020-04-14 19:42:58 #4 type.registry] 
New type domain.Event

[2020-04-14 19:42:58 #5 type.registry] 
New type java.util.Vector<domain.Event>

[2020-04-14 19:42:58 #6 type] 
Type domain.Event is not enhanced.

[2020-04-14 19:42:58 #7 type.registry] 
New type domain.Question

[2020-04-14 19:42:58 #8 type.registry] 
New type java.util.Vector<domain.Question>

[2020-04-14 19:42:58 #9 type] 
Type domain.Question is not enhanced.

[2020-04-14 19:42:58 #10 type.registry] 
New type domain.Answer

[2020-04-14 19:42:58 #11 type.registry] 
New type java.util.Vector<domain.Answer>

[2020-04-14 19:42:58 #12 type] 
Type domain.Answer is not enhanced.

[2020-04-14 19:42:58 #13 type.registry] 
New type domain.ApuestaGlobal

[2020-04-14 19:42:58 #14 type.registry] 
New type domain.Apuesta

[2020-04-14 19:42:58 #15 type.registry] 
New type java.util.Vector<domain.Apuesta>

[2020-04-14 19:42:58 #16 type] 
Type domain.ApuestaGlobal is not enhanced.

[2020-04-14 19:42:58 #17 type.registry] 
New type domain.Usuario

[2020-04-14 19:42:58 #18 type.registry] 
New type domain.Cliente

[2020-04-14 19:42:58 #19 type] 
Type domain.Apuesta is not enhanced.

[2020-04-14 19:42:58 #20 type] 
Type domain.Usuario is not enhanced.

[2020-04-14 19:42:58 #21 type] 
Type domain.Cliente is not enhanced.

[2020-04-14 19:42:58 #22 type.registry] 
New type domain.Admin

[2020-04-14 19:42:58 #23 type] 
Type domain.Admin is not enhanced.

[2020-04-14 19:42:58 #24 type.registry] 
New type domain.CuentaGlobal

[2020-04-14 19:42:58 #25 type] 
Type domain.CuentaGlobal is not enhanced.

[2020-04-14 19:42:58 #26 type.registry] 
New type java.util.Vector<java.lang.Object>

------------------------------------------------------------------------------------------------------------------------

[2020-04-14 19:44:01 #1 store] 
Database '/Users/ldeniz/git/Bets/resources/bets.temp' is opened by 43553@MacBook-Pro-de-Leroy.local

[2020-04-14 19:44:01 #2 type.registry] 
New type domain.Deporte

[2020-04-14 19:44:01 #3 type] 
Type domain.Deporte is not enhanced.

[2020-04-14 19:44:01 #4 type.registry] 
New type domain.Event

[2020-04-14 19:44:01 #5 type.registry] 
New type java.util.Vector<domain.Event>

[2020-04-14 19:44:01 #6 type] 
Type domain.Event is not enhanced.

[2020-04-14 19:44:01 #7 type.registry] 
New type domain.Question

[2020-04-14 19:44:01 #8 type.registry] 
New type java.util.Vector<domain.Question>

[2020-04-14 19:44:01 #9 type] 
Type domain.Question is not enhanced.

[2020-04-14 19:44:01 #10 type.registry] 
New type domain.Answer

[2020-04-14 19:44:01 #11 type.registry] 
New type java.util.Vector<domain.Answer>

[2020-04-14 19:44:01 #12 type] 
Type domain.Answer is not enhanced.

[2020-04-14 19:44:01 #13 type.registry] 
New type domain.ApuestaGlobal

[2020-04-14 19:44:01 #14 type.registry] 
New type domain.Apuesta

[2020-04-14 19:44:01 #15 type.registry] 
New type java.util.Vector<domain.Apuesta>

[2020-04-14 19:44:01 #16 type] 
Type domain.ApuestaGlobal is not enhanced.

[2020-04-14 19:44:01 #17 type.registry] 
New type domain.Usuario

[2020-04-14 19:44:01 #18 type.registry] 
New type domain.Cliente

[2020-04-14 19:44:01 #19 type] 
Type domain.Apuesta is not enhanced.

[2020-04-14 19:44:01 #20 type] 
Type domain.Usuario is not enhanced.

[2020-04-14 19:44:01 #21 type] 
Type domain.Cliente is not enhanced.

[2020-04-14 19:44:01 #22 type.registry] 
New type domain.Admin

[2020-04-14 19:44:01 #23 type] 
Type domain.Admin is not enhanced.

[2020-04-14 19:44:01 #24 type.registry] 
New type domain.CuentaGlobal

[2020-04-14 19:44:01 #25 type] 
Type domain.CuentaGlobal is not enhanced.

[2020-04-14 19:44:01 #26 type.registry] 
New type java.util.Vector<java.lang.Object>

------------------------------------------------------------------------------------------------------------------------

[2020-04-14 19:44:49 #1 store] 
Database '/Users/ldeniz/git/Bets/resources/bets.temp' is opened by 43560@MacBook-Pro-de-Leroy.local

[2020-04-14 19:44:49 #2 type.registry] 
New type domain.Deporte

[2020-04-14 19:44:49 #3 type] 
Type domain.Deporte is not enhanced.

[2020-04-14 19:44:49 #4 type.registry] 
New type domain.Event

[2020-04-14 19:44:49 #5 type.registry] 
New type java.util.Vector<domain.Event>

[2020-04-14 19:44:49 #6 type] 
Type domain.Event is not enhanced.

[2020-04-14 19:44:49 #7 type.registry] 
New type domain.Question

[2020-04-14 19:44:49 #8 type.registry] 
New type java.util.Vector<domain.Question>

[2020-04-14 19:44:49 #9 type] 
Type domain.Question is not enhanced.

[2020-04-14 19:44:49 #10 type.registry] 
New type domain.Answer

[2020-04-14 19:44:49 #11 type.registry] 
New type java.util.Vector<domain.Answer>

[2020-04-14 19:44:49 #12 type] 
Type domain.Answer is not enhanced.

[2020-04-14 19:44:49 #13 type.registry] 
New type domain.ApuestaGlobal

[2020-04-14 19:44:49 #14 type.registry] 
New type domain.Apuesta

[2020-04-14 19:44:49 #15 type.registry] 
New type java.util.Vector<domain.Apuesta>

[2020-04-14 19:44:49 #16 type] 
Type domain.ApuestaGlobal is not enhanced.

[2020-04-14 19:44:49 #17 type.registry] 
New type domain.Usuario

[2020-04-14 19:44:49 #18 type.registry] 
New type domain.Cliente

[2020-04-14 19:44:49 #19 type] 
Type domain.Apuesta is not enhanced.

[2020-04-14 19:44:49 #20 type] 
Type domain.Usuario is not enhanced.

[2020-04-14 19:44:49 #21 type] 
Type domain.Cliente is not enhanced.

[2020-04-14 19:44:49 #22 type.registry] 
New type domain.Admin

[2020-04-14 19:44:49 #23 type] 
Type domain.Admin is not enhanced.

[2020-04-14 19:44:49 #24 type.registry] 
New type domain.CuentaGlobal

[2020-04-14 19:44:49 #25 type] 
Type domain.CuentaGlobal is not enhanced.

[2020-04-14 19:44:49 #26 type.registry] 
New type java.util.Vector<java.lang.Object>

------------------------------------------------------------------------------------------------------------------------

[2020-04-14 19:45:31 #1 store] 
Database '/Users/ldeniz/git/Bets/resources/bets.temp' is opened by 43566@MacBook-Pro-de-Leroy.local

[2020-04-14 19:45:31 #2 type.registry] 
New type domain.Deporte

[2020-04-14 19:45:31 #3 type] 
Type domain.Deporte is not enhanced.

[2020-04-14 19:45:31 #4 type.registry] 
New type domain.Event

[2020-04-14 19:45:31 #5 type.registry] 
New type java.util.Vector<domain.Event>

[2020-04-14 19:45:31 #6 type] 
Type domain.Event is not enhanced.

[2020-04-14 19:45:31 #7 type.registry] 
New type domain.Question

[2020-04-14 19:45:31 #8 type.registry] 
New type java.util.Vector<domain.Question>

[2020-04-14 19:45:31 #9 type] 
Type domain.Question is not enhanced.

[2020-04-14 19:45:31 #10 type.registry] 
New type domain.Answer

[2020-04-14 19:45:31 #11 type.registry] 
New type java.util.Vector<domain.Answer>

[2020-04-14 19:45:31 #12 type] 
Type domain.Answer is not enhanced.

[2020-04-14 19:45:31 #13 type.registry] 
New type domain.ApuestaGlobal

[2020-04-14 19:45:31 #14 type.registry] 
New type domain.Apuesta

[2020-04-14 19:45:31 #15 type.registry] 
New type java.util.Vector<domain.Apuesta>

[2020-04-14 19:45:31 #16 type] 
Type domain.ApuestaGlobal is not enhanced.

[2020-04-14 19:45:31 #17 type.registry] 
New type domain.Usuario

[2020-04-14 19:45:31 #18 type.registry] 
New type domain.Cliente

[2020-04-14 19:45:31 #19 type] 
Type domain.Apuesta is not enhanced.

[2020-04-14 19:45:31 #20 type] 
Type domain.Usuario is not enhanced.

[2020-04-14 19:45:31 #21 type] 
Type domain.Cliente is not enhanced.

[2020-04-14 19:45:31 #22 type.registry] 
New type domain.Admin

[2020-04-14 19:45:31 #23 type] 
Type domain.Admin is not enhanced.

[2020-04-14 19:45:31 #24 type.registry] 
New type domain.CuentaGlobal

[2020-04-14 19:45:31 #25 type] 
Type domain.CuentaGlobal is not enhanced.

[2020-04-14 19:45:31 #26 type.registry] 
New type java.util.Vector<java.lang.Object>

------------------------------------------------------------------------------------------------------------------------

[2020-04-14 19:47:01 #1 store] 
Database '/Users/ldeniz/git/Bets/resources/bets.temp' is opened by 43578@MacBook-Pro-de-Leroy.local

[2020-04-14 19:47:01 #2 type.registry] 
New type domain.Deporte

[2020-04-14 19:47:01 #3 type] 
Type domain.Deporte is not enhanced.

[2020-04-14 19:47:01 #4 type.registry] 
New type domain.Event

[2020-04-14 19:47:01 #5 type.registry] 
New type java.util.Vector<domain.Event>

[2020-04-14 19:47:01 #6 type] 
Type domain.Event is not enhanced.

[2020-04-14 19:47:01 #7 type.registry] 
New type domain.Question

[2020-04-14 19:47:01 #8 type.registry] 
New type java.util.Vector<domain.Question>

[2020-04-14 19:47:01 #9 type] 
Type domain.Question is not enhanced.

[2020-04-14 19:47:01 #10 type.registry] 
New type domain.Answer

[2020-04-14 19:47:01 #11 type.registry] 
New type java.util.Vector<domain.Answer>

[2020-04-14 19:47:01 #12 type] 
Type domain.Answer is not enhanced.

[2020-04-14 19:47:01 #13 type.registry] 
New type domain.ApuestaGlobal

[2020-04-14 19:47:01 #14 type.registry] 
New type domain.Apuesta

[2020-04-14 19:47:01 #15 type.registry] 
New type java.util.Vector<domain.Apuesta>

[2020-04-14 19:47:01 #16 type] 
Type domain.ApuestaGlobal is not enhanced.

[2020-04-14 19:47:01 #17 type.registry] 
New type domain.Usuario

[2020-04-14 19:47:01 #18 type.registry] 
New type domain.Cliente

[2020-04-14 19:47:01 #19 type] 
Type domain.Apuesta is not enhanced.

[2020-04-14 19:47:01 #20 type] 
Type domain.Usuario is not enhanced.

[2020-04-14 19:47:01 #21 type] 
Type domain.Cliente is not enhanced.

[2020-04-14 19:47:01 #22 type.registry] 
New type domain.Admin

[2020-04-14 19:47:01 #23 type] 
Type domain.Admin is not enhanced.

[2020-04-14 19:47:01 #24 type.registry] 
New type domain.CuentaGlobal

[2020-04-14 19:47:01 #25 type] 
Type domain.CuentaGlobal is not enhanced.

[2020-04-14 19:47:01 #26 type.registry] 
New type java.util.Vector<java.lang.Object>

------------------------------------------------------------------------------------------------------------------------

[2020-04-14 19:48:46 #1 store] 
Database '/Users/ldeniz/git/Bets/resources/bets.temp' is opened by 43592@MacBook-Pro-de-Leroy.local

[2020-04-14 19:48:47 #2 type.registry] 
New type domain.Deporte

[2020-04-14 19:48:47 #3 type] 
Type domain.Deporte is not enhanced.

[2020-04-14 19:48:47 #4 type.registry] 
New type domain.Event

[2020-04-14 19:48:47 #5 type.registry] 
New type java.util.Vector<domain.Event>

[2020-04-14 19:48:47 #6 type] 
Type domain.Event is not enhanced.

[2020-04-14 19:48:47 #7 type.registry] 
New type domain.Question

[2020-04-14 19:48:47 #8 type.registry] 
New type java.util.Vector<domain.Question>

[2020-04-14 19:48:47 #9 type] 
Type domain.Question is not enhanced.

[2020-04-14 19:48:47 #10 type.registry] 
New type domain.Answer

[2020-04-14 19:48:47 #11 type.registry] 
New type java.util.Vector<domain.Answer>

[2020-04-14 19:48:47 #12 type] 
Type domain.Answer is not enhanced.

[2020-04-14 19:48:47 #13 type.registry] 
New type domain.ApuestaGlobal

[2020-04-14 19:48:47 #14 type.registry] 
New type domain.Apuesta

[2020-04-14 19:48:47 #15 type.registry] 
New type java.util.Vector<domain.Apuesta>

[2020-04-14 19:48:47 #16 type] 
Type domain.ApuestaGlobal is not enhanced.

[2020-04-14 19:48:47 #17 type.registry] 
New type domain.Usuario

[2020-04-14 19:48:47 #18 type.registry] 
New type domain.Cliente

[2020-04-14 19:48:47 #19 type] 
Type domain.Apuesta is not enhanced.

[2020-04-14 19:48:47 #20 type] 
Type domain.Usuario is not enhanced.

[2020-04-14 19:48:47 #21 type] 
Type domain.Cliente is not enhanced.

[2020-04-14 19:48:47 #22 type.registry] 
New type domain.Admin

[2020-04-14 19:48:47 #23 type] 
Type domain.Admin is not enhanced.

[2020-04-14 19:48:47 #24 type.registry] 
New type domain.CuentaGlobal

[2020-04-14 19:48:47 #25 type] 
Type domain.CuentaGlobal is not enhanced.

[2020-04-14 19:48:47 #26 type.registry] 
New type java.util.Vector<java.lang.Object>

------------------------------------------------------------------------------------------------------------------------

[2020-04-14 19:49:31 #1 store] 
Database '/Users/ldeniz/git/Bets/resources/bets.temp' is opened by 43599@MacBook-Pro-de-Leroy.local

[2020-04-14 19:49:31 #2 type.registry] 
New type domain.Deporte

[2020-04-14 19:49:31 #3 type] 
Type domain.Deporte is not enhanced.

[2020-04-14 19:49:31 #4 type.registry] 
New type domain.Event

[2020-04-14 19:49:31 #5 type.registry] 
New type java.util.Vector<domain.Event>

[2020-04-14 19:49:31 #6 type] 
Type domain.Event is not enhanced.

[2020-04-14 19:49:31 #7 type.registry] 
New type domain.Question

[2020-04-14 19:49:31 #8 type.registry] 
New type java.util.Vector<domain.Question>

[2020-04-14 19:49:31 #9 type] 
Type domain.Question is not enhanced.

[2020-04-14 19:49:31 #10 type.registry] 
New type domain.Answer

[2020-04-14 19:49:31 #11 type.registry] 
New type java.util.Vector<domain.Answer>

[2020-04-14 19:49:31 #12 type] 
Type domain.Answer is not enhanced.

[2020-04-14 19:49:31 #13 type.registry] 
New type domain.ApuestaGlobal

[2020-04-14 19:49:31 #14 type.registry] 
New type domain.Apuesta

[2020-04-14 19:49:31 #15 type.registry] 
New type java.util.Vector<domain.Apuesta>

[2020-04-14 19:49:31 #16 type] 
Type domain.ApuestaGlobal is not enhanced.

[2020-04-14 19:49:31 #17 type.registry] 
New type domain.Usuario

[2020-04-14 19:49:31 #18 type.registry] 
New type domain.Cliente

[2020-04-14 19:49:31 #19 type] 
Type domain.Apuesta is not enhanced.

[2020-04-14 19:49:31 #20 type] 
Type domain.Usuario is not enhanced.

[2020-04-14 19:49:31 #21 type] 
Type domain.Cliente is not enhanced.

[2020-04-14 19:49:31 #22 type.registry] 
New type domain.Admin

[2020-04-14 19:49:31 #23 type] 
Type domain.Admin is not enhanced.

[2020-04-14 19:49:31 #24 type.registry] 
New type domain.CuentaGlobal

[2020-04-14 19:49:31 #25 type] 
Type domain.CuentaGlobal is not enhanced.

[2020-04-14 19:49:31 #26 type.registry] 
New type java.util.Vector<java.lang.Object>

------------------------------------------------------------------------------------------------------------------------

[2020-04-14 19:52:27 #1 store] 
Database '/Users/ldeniz/git/Bets/resources/bets.temp' is opened by 43623@MacBook-Pro-de-Leroy.local

[2020-04-14 19:52:27 #2 type.registry] 
New type domain.Deporte

[2020-04-14 19:52:27 #3 type] 
Type domain.Deporte is not enhanced.

[2020-04-14 19:52:27 #4 type.registry] 
New type domain.Event

[2020-04-14 19:52:27 #5 type.registry] 
New type java.util.Vector<domain.Event>

[2020-04-14 19:52:27 #6 type] 
Type domain.Event is not enhanced.

[2020-04-14 19:52:27 #7 type.registry] 
New type domain.Question

[2020-04-14 19:52:27 #8 type.registry] 
New type java.util.Vector<domain.Question>

[2020-04-14 19:52:27 #9 type] 
Type domain.Question is not enhanced.

[2020-04-14 19:52:27 #10 type.registry] 
New type domain.Answer

[2020-04-14 19:52:27 #11 type.registry] 
New type java.util.Vector<domain.Answer>

[2020-04-14 19:52:27 #12 type] 
Type domain.Answer is not enhanced.

[2020-04-14 19:52:27 #13 type.registry] 
New type domain.ApuestaGlobal

[2020-04-14 19:52:27 #14 type.registry] 
New type domain.Apuesta

[2020-04-14 19:52:27 #15 type.registry] 
New type java.util.Vector<domain.Apuesta>

[2020-04-14 19:52:27 #16 type] 
Type domain.ApuestaGlobal is not enhanced.

[2020-04-14 19:52:27 #17 type.registry] 
New type domain.Usuario

[2020-04-14 19:52:27 #18 type.registry] 
New type domain.Cliente

[2020-04-14 19:52:27 #19 type] 
Type domain.Apuesta is not enhanced.

[2020-04-14 19:52:27 #20 type] 
Type domain.Usuario is not enhanced.

[2020-04-14 19:52:27 #21 type] 
Type domain.Cliente is not enhanced.

[2020-04-14 19:52:27 #22 type.registry] 
New type domain.Admin

[2020-04-14 19:52:27 #23 type] 
Type domain.Admin is not enhanced.

[2020-04-14 19:52:27 #24 type.registry] 
New type domain.CuentaGlobal

[2020-04-14 19:52:27 #25 type] 
Type domain.CuentaGlobal is not enhanced.

[2020-04-14 19:52:27 #26 type.registry] 
New type java.util.Vector<java.lang.Object>

------------------------------------------------------------------------------------------------------------------------

[2020-04-14 19:54:49 #1 store] 
Database '/Users/ldeniz/git/Bets/resources/bets.temp' is opened by 43641@MacBook-Pro-de-Leroy.local

[2020-04-14 19:54:49 #2 type.registry] 
New type domain.Deporte

[2020-04-14 19:54:49 #3 type] 
Type domain.Deporte is not enhanced.

[2020-04-14 19:54:49 #4 type.registry] 
New type domain.Event

[2020-04-14 19:54:49 #5 type.registry] 
New type java.util.Vector<domain.Event>

[2020-04-14 19:54:49 #6 type] 
Type domain.Event is not enhanced.

[2020-04-14 19:54:49 #7 type.registry] 
New type domain.Question

[2020-04-14 19:54:49 #8 type.registry] 
New type java.util.Vector<domain.Question>

[2020-04-14 19:54:49 #9 type] 
Type domain.Question is not enhanced.

[2020-04-14 19:54:49 #10 type.registry] 
New type domain.Answer

[2020-04-14 19:54:49 #11 type.registry] 
New type java.util.Vector<domain.Answer>

[2020-04-14 19:54:49 #12 type] 
Type domain.Answer is not enhanced.

[2020-04-14 19:54:49 #13 type.registry] 
New type domain.ApuestaGlobal

[2020-04-14 19:54:49 #14 type.registry] 
New type domain.Apuesta

[2020-04-14 19:54:49 #15 type.registry] 
New type java.util.Vector<domain.Apuesta>

[2020-04-14 19:54:49 #16 type] 
Type domain.ApuestaGlobal is not enhanced.

[2020-04-14 19:54:49 #17 type.registry] 
New type domain.Usuario

[2020-04-14 19:54:49 #18 type.registry] 
New type domain.Cliente

[2020-04-14 19:54:49 #19 type] 
Type domain.Apuesta is not enhanced.

[2020-04-14 19:54:49 #20 type] 
Type domain.Usuario is not enhanced.

[2020-04-14 19:54:49 #21 type] 
Type domain.Cliente is not enhanced.

[2020-04-14 19:54:49 #22 type.registry] 
New type domain.Admin

[2020-04-14 19:54:49 #23 type] 
Type domain.Admin is not enhanced.

[2020-04-14 19:54:49 #24 type.registry] 
New type domain.CuentaGlobal

[2020-04-14 19:54:49 #25 type] 
Type domain.CuentaGlobal is not enhanced.

[2020-04-14 19:54:49 #26 type.registry] 
New type java.util.Vector<java.lang.Object>

------------------------------------------------------------------------------------------------------------------------

[2020-04-14 19:55:17 #1 store] 
Database '/Users/ldeniz/git/Bets/resources/bets.temp' is opened by 43646@MacBook-Pro-de-Leroy.local

[2020-04-14 19:55:17 #2 type.registry] 
New type domain.Deporte

[2020-04-14 19:55:17 #3 type] 
Type domain.Deporte is not enhanced.

[2020-04-14 19:55:17 #4 type.registry] 
New type domain.Event

[2020-04-14 19:55:17 #5 type.registry] 
New type java.util.Vector<domain.Event>

[2020-04-14 19:55:17 #6 type] 
Type domain.Event is not enhanced.

[2020-04-14 19:55:17 #7 type.registry] 
New type domain.Question

[2020-04-14 19:55:17 #8 type.registry] 
New type java.util.Vector<domain.Question>

[2020-04-14 19:55:17 #9 type] 
Type domain.Question is not enhanced.

[2020-04-14 19:55:17 #10 type.registry] 
New type domain.Answer

[2020-04-14 19:55:17 #11 type.registry] 
New type java.util.Vector<domain.Answer>

[2020-04-14 19:55:17 #12 type] 
Type domain.Answer is not enhanced.

[2020-04-14 19:55:17 #13 type.registry] 
New type domain.ApuestaGlobal

[2020-04-14 19:55:17 #14 type.registry] 
New type domain.Apuesta

[2020-04-14 19:55:17 #15 type.registry] 
New type java.util.Vector<domain.Apuesta>

[2020-04-14 19:55:17 #16 type] 
Type domain.ApuestaGlobal is not enhanced.

[2020-04-14 19:55:17 #17 type.registry] 
New type domain.Usuario

[2020-04-14 19:55:17 #18 type.registry] 
New type domain.Cliente

[2020-04-14 19:55:17 #19 type] 
Type domain.Apuesta is not enhanced.

[2020-04-14 19:55:17 #20 type] 
Type domain.Usuario is not enhanced.

[2020-04-14 19:55:17 #21 type] 
Type domain.Cliente is not enhanced.

[2020-04-14 19:55:17 #22 type.registry] 
New type domain.Admin

[2020-04-14 19:55:17 #23 type] 
Type domain.Admin is not enhanced.

[2020-04-14 19:55:17 #24 type.registry] 
New type domain.CuentaGlobal

[2020-04-14 19:55:17 #25 type] 
Type domain.CuentaGlobal is not enhanced.

[2020-04-14 19:55:17 #26 type.registry] 
New type java.util.Vector<java.lang.Object>

------------------------------------------------------------------------------------------------------------------------

[2020-04-14 19:55:55 #1 store] 
Database '/Users/ldeniz/git/Bets/resources/bets.temp' is opened by 43652@MacBook-Pro-de-Leroy.local

[2020-04-14 19:55:56 #2 type.registry] 
New type domain.Deporte

[2020-04-14 19:55:56 #3 type] 
Type domain.Deporte is not enhanced.

[2020-04-14 19:55:56 #4 type.registry] 
New type domain.Event

[2020-04-14 19:55:56 #5 type.registry] 
New type java.util.Vector<domain.Event>

[2020-04-14 19:55:56 #6 type] 
Type domain.Event is not enhanced.

[2020-04-14 19:55:56 #7 type.registry] 
New type domain.Question

[2020-04-14 19:55:56 #8 type.registry] 
New type java.util.Vector<domain.Question>

[2020-04-14 19:55:56 #9 type] 
Type domain.Question is not enhanced.

[2020-04-14 19:55:56 #10 type.registry] 
New type domain.Answer

[2020-04-14 19:55:56 #11 type.registry] 
New type java.util.Vector<domain.Answer>

[2020-04-14 19:55:56 #12 type] 
Type domain.Answer is not enhanced.

[2020-04-14 19:55:56 #13 type.registry] 
New type domain.ApuestaGlobal

[2020-04-14 19:55:56 #14 type.registry] 
New type domain.Apuesta

[2020-04-14 19:55:56 #15 type.registry] 
New type java.util.Vector<domain.Apuesta>

[2020-04-14 19:55:56 #16 type] 
Type domain.ApuestaGlobal is not enhanced.

[2020-04-14 19:55:56 #17 type.registry] 
New type domain.Usuario

[2020-04-14 19:55:56 #18 type.registry] 
New type domain.Cliente

[2020-04-14 19:55:56 #19 type] 
Type domain.Apuesta is not enhanced.

[2020-04-14 19:55:56 #20 type] 
Type domain.Usuario is not enhanced.

[2020-04-14 19:55:56 #21 type] 
Type domain.Cliente is not enhanced.

[2020-04-14 19:55:56 #22 type.registry] 
New type domain.Admin

[2020-04-14 19:55:56 #23 type] 
Type domain.Admin is not enhanced.

[2020-04-14 19:55:56 #24 type.registry] 
New type domain.CuentaGlobal

[2020-04-14 19:55:56 #25 type] 
Type domain.CuentaGlobal is not enhanced.

[2020-04-14 19:55:56 #26 type.registry] 
New type java.util.Vector<java.lang.Object>

------------------------------------------------------------------------------------------------------------------------

[2020-04-14 19:56:46 #1 store] 
Database '/Users/ldeniz/git/Bets/resources/bets.temp' is opened by 43659@MacBook-Pro-de-Leroy.local

[2020-04-14 19:56:46 #2 type.registry] 
New type domain.Deporte

[2020-04-14 19:56:46 #3 type] 
Type domain.Deporte is not enhanced.

[2020-04-14 19:56:46 #4 type.registry] 
New type domain.Event

[2020-04-14 19:56:46 #5 type.registry] 
New type java.util.Vector<domain.Event>

[2020-04-14 19:56:46 #6 type] 
Type domain.Event is not enhanced.

[2020-04-14 19:56:46 #7 type.registry] 
New type domain.Question

[2020-04-14 19:56:46 #8 type.registry] 
New type java.util.Vector<domain.Question>

[2020-04-14 19:56:46 #9 type] 
Type domain.Question is not enhanced.

[2020-04-14 19:56:46 #10 type.registry] 
New type domain.Answer

[2020-04-14 19:56:46 #11 type.registry] 
New type java.util.Vector<domain.Answer>

[2020-04-14 19:56:46 #12 type] 
Type domain.Answer is not enhanced.

[2020-04-14 19:56:46 #13 type.registry] 
New type domain.ApuestaGlobal

[2020-04-14 19:56:46 #14 type.registry] 
New type domain.Apuesta

[2020-04-14 19:56:46 #15 type.registry] 
New type java.util.Vector<domain.Apuesta>

[2020-04-14 19:56:46 #16 type] 
Type domain.ApuestaGlobal is not enhanced.

[2020-04-14 19:56:46 #17 type.registry] 
New type domain.Usuario

[2020-04-14 19:56:46 #18 type.registry] 
New type domain.Cliente

[2020-04-14 19:56:46 #19 type] 
Type domain.Apuesta is not enhanced.

[2020-04-14 19:56:46 #20 type] 
Type domain.Usuario is not enhanced.

[2020-04-14 19:56:46 #21 type] 
Type domain.Cliente is not enhanced.

[2020-04-14 19:56:46 #22 type.registry] 
New type domain.Admin

[2020-04-14 19:56:46 #23 type] 
Type domain.Admin is not enhanced.

[2020-04-14 19:56:46 #24 type.registry] 
New type domain.CuentaGlobal

[2020-04-14 19:56:46 #25 type] 
Type domain.CuentaGlobal is not enhanced.

[2020-04-14 19:56:46 #26 type.registry] 
New type java.util.Vector<java.lang.Object>

------------------------------------------------------------------------------------------------------------------------

[2020-04-14 19:58:16 #1 store] 
Database '/Users/ldeniz/git/Bets/resources/bets.temp' is opened by 43671@MacBook-Pro-de-Leroy.local

[2020-04-14 19:58:16 #2 type.registry] 
New type domain.Deporte

[2020-04-14 19:58:16 #3 type] 
Type domain.Deporte is not enhanced.

[2020-04-14 19:58:16 #4 type.registry] 
New type domain.Event

[2020-04-14 19:58:16 #5 type.registry] 
New type java.util.Vector<domain.Event>

[2020-04-14 19:58:16 #6 type] 
Type domain.Event is not enhanced.

[2020-04-14 19:58:16 #7 type.registry] 
New type domain.Question

[2020-04-14 19:58:16 #8 type.registry] 
New type java.util.Vector<domain.Question>

[2020-04-14 19:58:16 #9 type] 
Type domain.Question is not enhanced.

[2020-04-14 19:58:16 #10 type.registry] 
New type domain.Answer

[2020-04-14 19:58:16 #11 type.registry] 
New type java.util.Vector<domain.Answer>

[2020-04-14 19:58:16 #12 type] 
Type domain.Answer is not enhanced.

[2020-04-14 19:58:16 #13 type.registry] 
New type domain.ApuestaGlobal

[2020-04-14 19:58:16 #14 type.registry] 
New type domain.Apuesta

[2020-04-14 19:58:16 #15 type.registry] 
New type java.util.Vector<domain.Apuesta>

[2020-04-14 19:58:16 #16 type] 
Type domain.ApuestaGlobal is not enhanced.

[2020-04-14 19:58:16 #17 type.registry] 
New type domain.Usuario

[2020-04-14 19:58:16 #18 type.registry] 
New type domain.Cliente

[2020-04-14 19:58:16 #19 type] 
Type domain.Apuesta is not enhanced.

[2020-04-14 19:58:16 #20 type] 
Type domain.Usuario is not enhanced.

[2020-04-14 19:58:16 #21 type] 
Type domain.Cliente is not enhanced.

[2020-04-14 19:58:16 #22 type.registry] 
New type domain.Admin

[2020-04-14 19:58:16 #23 type] 
Type domain.Admin is not enhanced.

[2020-04-14 19:58:16 #24 type.registry] 
New type domain.CuentaGlobal

[2020-04-14 19:58:16 #25 type] 
Type domain.CuentaGlobal is not enhanced.

[2020-04-14 19:58:16 #26 type.registry] 
New type java.util.Vector<java.lang.Object>

------------------------------------------------------------------------------------------------------------------------

[2020-04-14 20:13:52 #1 store] 
Database '/Users/ldeniz/git/Bets/resources/bets.temp' is opened by 43796@MacBook-Pro-de-Leroy.local

[2020-04-14 20:13:52 #2 type.registry] 
New type domain.Deporte

[2020-04-14 20:13:52 #3 type] 
Type domain.Deporte is not enhanced.

[2020-04-14 20:13:52 #4 type.registry] 
New type domain.Event

[2020-04-14 20:13:52 #5 type.registry] 
New type java.util.Vector<domain.Event>

[2020-04-14 20:13:52 #6 type] 
Type domain.Event is not enhanced.

[2020-04-14 20:13:52 #7 type.registry] 
New type domain.Question

[2020-04-14 20:13:52 #8 type.registry] 
New type java.util.Vector<domain.Question>

[2020-04-14 20:13:52 #9 type] 
Type domain.Question is not enhanced.

[2020-04-14 20:13:52 #10 type.registry] 
New type domain.Answer

[2020-04-14 20:13:52 #11 type.registry] 
New type java.util.Vector<domain.Answer>

[2020-04-14 20:13:52 #12 type] 
Type domain.Answer is not enhanced.

[2020-04-14 20:13:52 #13 type.registry] 
New type domain.ApuestaGlobal

[2020-04-14 20:13:52 #14 type.registry] 
New type domain.Apuesta

[2020-04-14 20:13:52 #15 type.registry] 
New type java.util.Vector<domain.Apuesta>

[2020-04-14 20:13:52 #16 type] 
Type domain.ApuestaGlobal is not enhanced.

[2020-04-14 20:13:52 #17 type.registry] 
New type domain.Usuario

[2020-04-14 20:13:52 #18 type.registry] 
New type domain.Cliente

[2020-04-14 20:13:52 #19 type] 
Type domain.Apuesta is not enhanced.

[2020-04-14 20:13:52 #20 type] 
Type domain.Usuario is not enhanced.

[2020-04-14 20:13:52 #21 type] 
Type domain.Cliente is not enhanced.

[2020-04-14 20:13:52 #22 type.registry] 
New type domain.Admin

[2020-04-14 20:13:52 #23 type] 
Type domain.Admin is not enhanced.

[2020-04-14 20:13:52 #24 type.registry] 
New type domain.CuentaGlobal

[2020-04-14 20:13:52 #25 type] 
Type domain.CuentaGlobal is not enhanced.

[2020-04-14 20:13:52 #26 type.registry] 
New type java.util.Vector<java.lang.Object>

------------------------------------------------------------------------------------------------------------------------

[2020-04-14 20:15:19 #1 store] 
Database '/Users/ldeniz/git/Bets/resources/bets.temp' is opened by 43807@MacBook-Pro-de-Leroy.local

[2020-04-14 20:15:19 #2 type.registry] 
New type domain.Deporte

[2020-04-14 20:15:19 #3 type] 
Type domain.Deporte is not enhanced.

[2020-04-14 20:15:19 #4 type.registry] 
New type domain.Event

[2020-04-14 20:15:19 #5 type.registry] 
New type java.util.Vector<domain.Event>

[2020-04-14 20:15:19 #6 type] 
Type domain.Event is not enhanced.

[2020-04-14 20:15:19 #7 type.registry] 
New type domain.Question

[2020-04-14 20:15:19 #8 type.registry] 
New type java.util.Vector<domain.Question>

[2020-04-14 20:15:19 #9 type] 
Type domain.Question is not enhanced.

[2020-04-14 20:15:19 #10 type.registry] 
New type domain.Answer

[2020-04-14 20:15:19 #11 type.registry] 
New type java.util.Vector<domain.Answer>

[2020-04-14 20:15:19 #12 type] 
Type domain.Answer is not enhanced.

[2020-04-14 20:15:19 #13 type.registry] 
New type domain.ApuestaGlobal

[2020-04-14 20:15:19 #14 type.registry] 
New type domain.Apuesta

[2020-04-14 20:15:19 #15 type.registry] 
New type java.util.Vector<domain.Apuesta>

[2020-04-14 20:15:19 #16 type] 
Type domain.ApuestaGlobal is not enhanced.

[2020-04-14 20:15:19 #17 type.registry] 
New type domain.Usuario

[2020-04-14 20:15:19 #18 type.registry] 
New type domain.Cliente

[2020-04-14 20:15:19 #19 type] 
Type domain.Apuesta is not enhanced.

[2020-04-14 20:15:19 #20 type] 
Type domain.Usuario is not enhanced.

[2020-04-14 20:15:19 #21 type] 
Type domain.Cliente is not enhanced.

[2020-04-14 20:15:19 #22 type.registry] 
New type domain.Admin

[2020-04-14 20:15:19 #23 type] 
Type domain.Admin is not enhanced.

[2020-04-14 20:15:19 #24 type.registry] 
New type domain.CuentaGlobal

[2020-04-14 20:15:19 #25 type] 
Type domain.CuentaGlobal is not enhanced.

[2020-04-14 20:15:19 #26 type.registry] 
New type java.util.Vector<java.lang.Object>

------------------------------------------------------------------------------------------------------------------------

[2020-04-14 20:16:15 #1 store] 
Database '/Users/ldeniz/git/Bets/resources/bets.temp' is opened by 43814@MacBook-Pro-de-Leroy.local

[2020-04-14 20:16:15 #2 type.registry] 
New type domain.Deporte

[2020-04-14 20:16:15 #3 type] 
Type domain.Deporte is not enhanced.

[2020-04-14 20:16:15 #4 type.registry] 
New type domain.Event

[2020-04-14 20:16:15 #5 type.registry] 
New type java.util.Vector<domain.Event>

[2020-04-14 20:16:15 #6 type] 
Type domain.Event is not enhanced.

[2020-04-14 20:16:15 #7 type.registry] 
New type domain.Question

[2020-04-14 20:16:15 #8 type.registry] 
New type java.util.Vector<domain.Question>

[2020-04-14 20:16:15 #9 type] 
Type domain.Question is not enhanced.

[2020-04-14 20:16:15 #10 type.registry] 
New type domain.Answer

[2020-04-14 20:16:15 #11 type.registry] 
New type java.util.Vector<domain.Answer>

[2020-04-14 20:16:15 #12 type] 
Type domain.Answer is not enhanced.

[2020-04-14 20:16:15 #13 type.registry] 
New type domain.ApuestaGlobal

[2020-04-14 20:16:15 #14 type.registry] 
New type domain.Apuesta

[2020-04-14 20:16:15 #15 type.registry] 
New type java.util.Vector<domain.Apuesta>

[2020-04-14 20:16:15 #16 type] 
Type domain.ApuestaGlobal is not enhanced.

[2020-04-14 20:16:15 #17 type.registry] 
New type domain.Usuario

[2020-04-14 20:16:15 #18 type.registry] 
New type domain.Cliente

[2020-04-14 20:16:15 #19 type] 
Type domain.Apuesta is not enhanced.

[2020-04-14 20:16:15 #20 type] 
Type domain.Usuario is not enhanced.

[2020-04-14 20:16:15 #21 type] 
Type domain.Cliente is not enhanced.

[2020-04-14 20:16:15 #22 type.registry] 
New type domain.Admin

[2020-04-14 20:16:15 #23 type] 
Type domain.Admin is not enhanced.

[2020-04-14 20:16:15 #24 type.registry] 
New type domain.CuentaGlobal

[2020-04-14 20:16:15 #25 type] 
Type domain.CuentaGlobal is not enhanced.

[2020-04-14 20:16:15 #26 type.registry] 
New type java.util.Vector<java.lang.Object>

------------------------------------------------------------------------------------------------------------------------

[2020-04-14 20:16:40 #1 store] 
Database '/Users/ldeniz/git/Bets/resources/bets.temp' is opened by 43819@MacBook-Pro-de-Leroy.local

[2020-04-14 20:16:40 #2 type.registry] 
New type domain.Deporte

[2020-04-14 20:16:40 #3 type] 
Type domain.Deporte is not enhanced.

[2020-04-14 20:16:40 #4 type.registry] 
New type domain.Event

[2020-04-14 20:16:40 #5 type.registry] 
New type java.util.Vector<domain.Event>

[2020-04-14 20:16:40 #6 type] 
Type domain.Event is not enhanced.

[2020-04-14 20:16:40 #7 type.registry] 
New type domain.Question

[2020-04-14 20:16:40 #8 type.registry] 
New type java.util.Vector<domain.Question>

[2020-04-14 20:16:40 #9 type] 
Type domain.Question is not enhanced.

[2020-04-14 20:16:40 #10 type.registry] 
New type domain.Answer

[2020-04-14 20:16:40 #11 type.registry] 
New type java.util.Vector<domain.Answer>

[2020-04-14 20:16:40 #12 type] 
Type domain.Answer is not enhanced.

[2020-04-14 20:16:40 #13 type.registry] 
New type domain.ApuestaGlobal

[2020-04-14 20:16:40 #14 type.registry] 
New type domain.Apuesta

[2020-04-14 20:16:40 #15 type.registry] 
New type java.util.Vector<domain.Apuesta>

[2020-04-14 20:16:40 #16 type] 
Type domain.ApuestaGlobal is not enhanced.

[2020-04-14 20:16:40 #17 type.registry] 
New type domain.Usuario

[2020-04-14 20:16:40 #18 type.registry] 
New type domain.Cliente

[2020-04-14 20:16:40 #19 type] 
Type domain.Apuesta is not enhanced.

[2020-04-14 20:16:40 #20 type] 
Type domain.Usuario is not enhanced.

[2020-04-14 20:16:40 #21 type] 
Type domain.Cliente is not enhanced.

[2020-04-14 20:16:40 #22 type.registry] 
New type domain.Admin

[2020-04-14 20:16:40 #23 type] 
Type domain.Admin is not enhanced.

[2020-04-14 20:16:40 #24 type.registry] 
New type domain.CuentaGlobal

[2020-04-14 20:16:40 #25 type] 
Type domain.CuentaGlobal is not enhanced.

[2020-04-14 20:16:40 #26 type.registry] 
New type java.util.Vector<java.lang.Object>

------------------------------------------------------------------------------------------------------------------------

[2020-04-14 20:17:00 #1 store] 
Database '/Users/ldeniz/git/Bets/resources/bets.temp' is opened by 43823@MacBook-Pro-de-Leroy.local

[2020-04-14 20:17:01 #2 type.registry] 
New type domain.Deporte

[2020-04-14 20:17:01 #3 type] 
Type domain.Deporte is not enhanced.

[2020-04-14 20:17:01 #4 type.registry] 
New type domain.Event

[2020-04-14 20:17:01 #5 type.registry] 
New type java.util.Vector<domain.Event>

[2020-04-14 20:17:01 #6 type] 
Type domain.Event is not enhanced.

[2020-04-14 20:17:01 #7 type.registry] 
New type domain.Question

[2020-04-14 20:17:01 #8 type.registry] 
New type java.util.Vector<domain.Question>

[2020-04-14 20:17:01 #9 type] 
Type domain.Question is not enhanced.

[2020-04-14 20:17:01 #10 type.registry] 
New type domain.Answer

[2020-04-14 20:17:01 #11 type.registry] 
New type java.util.Vector<domain.Answer>

[2020-04-14 20:17:01 #12 type] 
Type domain.Answer is not enhanced.

[2020-04-14 20:17:01 #13 type.registry] 
New type domain.ApuestaGlobal

[2020-04-14 20:17:01 #14 type.registry] 
New type domain.Apuesta

[2020-04-14 20:17:01 #15 type.registry] 
New type java.util.Vector<domain.Apuesta>

[2020-04-14 20:17:01 #16 type] 
Type domain.ApuestaGlobal is not enhanced.

[2020-04-14 20:17:01 #17 type.registry] 
New type domain.Usuario

[2020-04-14 20:17:01 #18 type.registry] 
New type domain.Cliente

[2020-04-14 20:17:01 #19 type] 
Type domain.Apuesta is not enhanced.

[2020-04-14 20:17:01 #20 type] 
Type domain.Usuario is not enhanced.

[2020-04-14 20:17:01 #21 type] 
Type domain.Cliente is not enhanced.

[2020-04-14 20:17:01 #22 type.registry] 
New type domain.Admin

[2020-04-14 20:17:01 #23 type] 
Type domain.Admin is not enhanced.

[2020-04-14 20:17:01 #24 type.registry] 
New type domain.CuentaGlobal

[2020-04-14 20:17:01 #25 type] 
Type domain.CuentaGlobal is not enhanced.

[2020-04-14 20:17:01 #26 type.registry] 
New type java.util.Vector<java.lang.Object>

------------------------------------------------------------------------------------------------------------------------

[2020-04-14 20:18:24 #1 store] 
Database '/Users/ldeniz/git/Bets/resources/bets.temp' is opened by 43833@MacBook-Pro-de-Leroy.local

[2020-04-14 20:18:24 #2 type.registry] 
New type domain.Deporte

[2020-04-14 20:18:24 #3 type] 
Type domain.Deporte is not enhanced.

[2020-04-14 20:18:24 #4 type.registry] 
New type domain.Event

[2020-04-14 20:18:24 #5 type.registry] 
New type java.util.Vector<domain.Event>

[2020-04-14 20:18:24 #6 type] 
Type domain.Event is not enhanced.

[2020-04-14 20:18:24 #7 type.registry] 
New type domain.Question

[2020-04-14 20:18:24 #8 type.registry] 
New type java.util.Vector<domain.Question>

[2020-04-14 20:18:24 #9 type] 
Type domain.Question is not enhanced.

[2020-04-14 20:18:24 #10 type.registry] 
New type domain.Answer

[2020-04-14 20:18:24 #11 type.registry] 
New type java.util.Vector<domain.Answer>

[2020-04-14 20:18:24 #12 type] 
Type domain.Answer is not enhanced.

[2020-04-14 20:18:24 #13 type.registry] 
New type domain.ApuestaGlobal

[2020-04-14 20:18:24 #14 type.registry] 
New type domain.Apuesta

[2020-04-14 20:18:24 #15 type.registry] 
New type java.util.Vector<domain.Apuesta>

[2020-04-14 20:18:24 #16 type] 
Type domain.ApuestaGlobal is not enhanced.

[2020-04-14 20:18:24 #17 type.registry] 
New type domain.Usuario

[2020-04-14 20:18:24 #18 type.registry] 
New type domain.Cliente

[2020-04-14 20:18:24 #19 type] 
Type domain.Apuesta is not enhanced.

[2020-04-14 20:18:24 #20 type] 
Type domain.Usuario is not enhanced.

[2020-04-14 20:18:24 #21 type] 
Type domain.Cliente is not enhanced.

[2020-04-14 20:18:24 #22 type.registry] 
New type domain.Admin

[2020-04-14 20:18:24 #23 type] 
Type domain.Admin is not enhanced.

[2020-04-14 20:18:24 #24 type.registry] 
New type domain.CuentaGlobal

[2020-04-14 20:18:24 #25 type] 
Type domain.CuentaGlobal is not enhanced.

[2020-04-14 20:18:24 #26 type.registry] 
New type java.util.Vector<java.lang.Object>

------------------------------------------------------------------------------------------------------------------------

[2020-04-14 20:34:54 #1 store] 
Database '/Users/ldeniz/git/Bets/resources/bets.temp' is opened by 43998@MacBook-Pro-de-Leroy.local

[2020-04-14 20:34:54 #2 type.registry] 
New type domain.Deporte

[2020-04-14 20:34:54 #3 type] 
Type domain.Deporte is not enhanced.

[2020-04-14 20:34:54 #4 type.registry] 
New type domain.Event

[2020-04-14 20:34:54 #5 type.registry] 
New type java.util.Vector<domain.Event>

[2020-04-14 20:34:54 #6 type] 
Type domain.Event is not enhanced.

[2020-04-14 20:34:54 #7 type.registry] 
New type domain.Question

[2020-04-14 20:34:54 #8 type.registry] 
New type java.util.Vector<domain.Question>

[2020-04-14 20:34:54 #9 type] 
Type domain.Question is not enhanced.

[2020-04-14 20:34:54 #10 type.registry] 
New type domain.Answer

[2020-04-14 20:34:54 #11 type.registry] 
New type java.util.Vector<domain.Answer>

[2020-04-14 20:34:54 #12 type] 
Type domain.Answer is not enhanced.

[2020-04-14 20:34:54 #13 type.registry] 
New type domain.ApuestaGlobal

[2020-04-14 20:34:54 #14 type.registry] 
New type domain.Apuesta

[2020-04-14 20:34:54 #15 type.registry] 
New type java.util.Vector<domain.Apuesta>

[2020-04-14 20:34:54 #16 type] 
Type domain.ApuestaGlobal is not enhanced.

[2020-04-14 20:34:54 #17 type.registry] 
New type domain.Usuario

[2020-04-14 20:34:54 #18 type.registry] 
New type domain.Cliente

[2020-04-14 20:34:54 #19 type] 
Type domain.Apuesta is not enhanced.

[2020-04-14 20:34:54 #20 type] 
Type domain.Usuario is not enhanced.

[2020-04-14 20:34:54 #21 type] 
Type domain.Cliente is not enhanced.

[2020-04-14 20:34:54 #22 type.registry] 
New type domain.Admin

[2020-04-14 20:34:54 #23 type] 
Type domain.Admin is not enhanced.

[2020-04-14 20:34:54 #24 type.registry] 
New type domain.CuentaGlobal

[2020-04-14 20:34:54 #25 type] 
Type domain.CuentaGlobal is not enhanced.

[2020-04-14 20:34:54 #26 type.registry] 
New type java.util.Vector<java.lang.Object>

------------------------------------------------------------------------------------------------------------------------

[2020-04-14 20:37:43 #1 store] 
Database '/Users/ldeniz/git/Bets/resources/bets.temp' is opened by 44036@MacBook-Pro-de-Leroy.local

[2020-04-14 20:37:43 #2 type.registry] 
New type domain.Deporte

[2020-04-14 20:37:43 #3 type] 
Type domain.Deporte is not enhanced.

[2020-04-14 20:37:43 #4 type.registry] 
New type domain.Event

[2020-04-14 20:37:43 #5 type.registry] 
New type java.util.Vector<domain.Event>

[2020-04-14 20:37:43 #6 type] 
Type domain.Event is not enhanced.

[2020-04-14 20:37:43 #7 type.registry] 
New type domain.Question

[2020-04-14 20:37:43 #8 type.registry] 
New type java.util.Vector<domain.Question>

[2020-04-14 20:37:43 #9 type] 
Type domain.Question is not enhanced.

[2020-04-14 20:37:43 #10 type.registry] 
New type domain.Answer

[2020-04-14 20:37:43 #11 type.registry] 
New type java.util.Vector<domain.Answer>

[2020-04-14 20:37:43 #12 type] 
Type domain.Answer is not enhanced.

[2020-04-14 20:37:43 #13 type.registry] 
New type domain.ApuestaGlobal

[2020-04-14 20:37:43 #14 type.registry] 
New type domain.Apuesta

[2020-04-14 20:37:43 #15 type.registry] 
New type java.util.Vector<domain.Apuesta>

[2020-04-14 20:37:43 #16 type] 
Type domain.ApuestaGlobal is not enhanced.

[2020-04-14 20:37:43 #17 type.registry] 
New type domain.Usuario

[2020-04-14 20:37:43 #18 type.registry] 
New type domain.Cliente

[2020-04-14 20:37:43 #19 type] 
Type domain.Apuesta is not enhanced.

[2020-04-14 20:37:43 #20 type] 
Type domain.Usuario is not enhanced.

[2020-04-14 20:37:43 #21 type] 
Type domain.Cliente is not enhanced.

[2020-04-14 20:37:43 #22 type.registry] 
New type domain.Admin

[2020-04-14 20:37:43 #23 type] 
Type domain.Admin is not enhanced.

[2020-04-14 20:37:43 #24 type.registry] 
New type domain.CuentaGlobal

[2020-04-14 20:37:43 #25 type] 
Type domain.CuentaGlobal is not enhanced.

[2020-04-14 20:37:43 #26 type.registry] 
New type java.util.Vector<java.lang.Object>

