------------------------------------------------------------------------------------------------------------------------

[2020-03-05 11:26:32 #1 store] 
Database '/Users/ldeniz/git/BadCoders/Bets/resources/bets.temp' is opened by 2311@MacBook-Pro-de-Leroy.local

[2020-03-05 11:26:32 #2 type] 
Type domain.Question is not enhanced.

[2020-03-05 11:26:32 #3 type] 
Type domain.Answer is not enhanced.

[2020-03-05 11:26:32 #4 type] 
Type domain.Event is not enhanced.

[2020-03-05 11:26:32 #5 type] 
Type domain.Apuesta is not enhanced.

[2020-03-05 11:26:32 #6 type] 
Type domain.Usuario is not enhanced.

[2020-03-05 11:26:32 #7 type] 
Type domain.Cliente is not enhanced.

[2020-03-05 11:26:32 #8 type] 
Type domain.Admin is not enhanced.

------------------------------------------------------------------------------------------------------------------------

[2020-03-05 11:32:59 #1 store] 
Database '/Users/ldeniz/git/BadCoders/Bets/resources/bets.temp' is opened by 2411@MacBook-Pro-de-Leroy.local

[2020-03-05 11:32:59 #2 type] 
Type domain.Question is not enhanced.

[2020-03-05 11:32:59 #3 type] 
Type domain.Answer is not enhanced.

[2020-03-05 11:32:59 #4 type] 
Type domain.Event is not enhanced.

[2020-03-05 11:32:59 #5 type] 
Type domain.Apuesta is not enhanced.

[2020-03-05 11:32:59 #6 type] 
Type domain.Usuario is not enhanced.

[2020-03-05 11:32:59 #7 type] 
Type domain.Cliente is not enhanced.

[2020-03-05 11:32:59 #8 type] 
Type domain.Admin is not enhanced.

------------------------------------------------------------------------------------------------------------------------

[2020-03-05 11:36:06 #1 store] 
Database '/Users/ldeniz/git/BadCoders/Bets/resources/bets.temp' is opened by 2433@MacBook-Pro-de-Leroy.local

[2020-03-05 11:36:06 #2 type] 
Type domain.Question is not enhanced.

[2020-03-05 11:36:06 #3 type] 
Type domain.Answer is not enhanced.

[2020-03-05 11:36:06 #4 type] 
Type domain.Event is not enhanced.

[2020-03-05 11:36:06 #5 type] 
Type domain.Apuesta is not enhanced.

[2020-03-05 11:36:06 #6 type] 
Type domain.Usuario is not enhanced.

[2020-03-05 11:36:06 #7 type] 
Type domain.Cliente is not enhanced.

[2020-03-05 11:36:06 #8 type] 
Type domain.Admin is not enhanced.

------------------------------------------------------------------------------------------------------------------------

[2020-03-05 11:36:36 #1 store] 
Database '/Users/ldeniz/git/BadCoders/Bets/resources/bets.temp' is opened by 2439@MacBook-Pro-de-Leroy.local

[2020-03-05 11:36:36 #2 type] 
Type domain.Question is not enhanced.

[2020-03-05 11:36:36 #3 type] 
Type domain.Answer is not enhanced.

[2020-03-05 11:36:36 #4 type] 
Type domain.Event is not enhanced.

[2020-03-05 11:36:36 #5 type] 
Type domain.Apuesta is not enhanced.

[2020-03-05 11:36:36 #6 type] 
Type domain.Usuario is not enhanced.

[2020-03-05 11:36:36 #7 type] 
Type domain.Cliente is not enhanced.

[2020-03-05 11:36:36 #8 type] 
Type domain.Admin is not enhanced.

------------------------------------------------------------------------------------------------------------------------

[2020-03-05 11:37:24 #1 store] 
Database '/Users/ldeniz/git/BadCoders/Bets/resources/bets.temp' is opened by 2446@MacBook-Pro-de-Leroy.local

[2020-03-05 11:37:24 #2 type] 
Type domain.Question is not enhanced.

[2020-03-05 11:37:24 #3 type] 
Type domain.Answer is not enhanced.

[2020-03-05 11:37:24 #4 type] 
Type domain.Event is not enhanced.

[2020-03-05 11:37:24 #5 type] 
Type domain.Apuesta is not enhanced.

[2020-03-05 11:37:24 #6 type] 
Type domain.Usuario is not enhanced.

[2020-03-05 11:37:24 #7 type] 
Type domain.Cliente is not enhanced.

[2020-03-05 11:37:24 #8 type] 
Type domain.Admin is not enhanced.

------------------------------------------------------------------------------------------------------------------------

[2020-03-05 11:38:30 #1 store] 
Database '/Users/ldeniz/git/BadCoders/Bets/resources/bets.temp' is opened by 2455@MacBook-Pro-de-Leroy.local

[2020-03-05 11:38:31 #2 type] 
Type domain.Question is not enhanced.

[2020-03-05 11:38:31 #3 type] 
Type domain.Answer is not enhanced.

[2020-03-05 11:38:31 #4 type] 
Type domain.Event is not enhanced.

[2020-03-05 11:38:31 #5 type] 
Type domain.Apuesta is not enhanced.

[2020-03-05 11:38:31 #6 type] 
Type domain.Usuario is not enhanced.

[2020-03-05 11:38:31 #7 type] 
Type domain.Cliente is not enhanced.

[2020-03-05 11:38:31 #8 type] 
Type domain.Admin is not enhanced.

------------------------------------------------------------------------------------------------------------------------

[2020-03-05 11:45:19 #1 store] 
Database '/Users/ldeniz/git/BadCoders/Bets/resources/bets.temp' is opened by 2510@MacBook-Pro-de-Leroy.local

[2020-03-05 11:45:19 #2 type] 
Type domain.Question is not enhanced.

[2020-03-05 11:45:19 #3 type] 
Type domain.Answer is not enhanced.

[2020-03-05 11:45:19 #4 type] 
Type domain.Event is not enhanced.

[2020-03-05 11:45:19 #5 type] 
Type domain.Apuesta is not enhanced.

[2020-03-05 11:45:19 #6 type] 
Type domain.Usuario is not enhanced.

[2020-03-05 11:45:19 #7 type] 
Type domain.Cliente is not enhanced.

[2020-03-05 11:45:19 #8 type] 
Type domain.Admin is not enhanced.

------------------------------------------------------------------------------------------------------------------------

[2020-03-05 11:57:01 #1 store] 
Database '/Users/ldeniz/git/BadCoders/Bets/resources/bets.temp' is opened by 2594@MacBook-Pro-de-Leroy.local

[2020-03-05 11:57:01 #2 type] 
Type domain.Question is not enhanced.

[2020-03-05 11:57:01 #3 type] 
Type domain.Answer is not enhanced.

[2020-03-05 11:57:01 #4 type] 
Type domain.Event is not enhanced.

[2020-03-05 11:57:01 #5 type] 
Type domain.Apuesta is not enhanced.

[2020-03-05 11:57:01 #6 type] 
Type domain.Usuario is not enhanced.

[2020-03-05 11:57:01 #7 type] 
Type domain.Cliente is not enhanced.

[2020-03-05 11:57:01 #8 type] 
Type domain.Admin is not enhanced.

------------------------------------------------------------------------------------------------------------------------

[2020-03-05 11:59:47 #1 store] 
Database '/Users/ldeniz/git/BadCoders/Bets/resources/bets.temp' is opened by 2618@MacBook-Pro-de-Leroy.local

[2020-03-05 11:59:48 #2 type] 
Type domain.Question is not enhanced.

[2020-03-05 11:59:48 #3 type] 
Type domain.Answer is not enhanced.

[2020-03-05 11:59:48 #4 type] 
Type domain.Event is not enhanced.

[2020-03-05 11:59:48 #5 type] 
Type domain.Apuesta is not enhanced.

[2020-03-05 11:59:48 #6 type] 
Type domain.Usuario is not enhanced.

[2020-03-05 11:59:48 #7 type] 
Type domain.Cliente is not enhanced.

[2020-03-05 11:59:48 #8 type] 
Type domain.Admin is not enhanced.

------------------------------------------------------------------------------------------------------------------------

[2020-03-05 12:02:26 #1 store] 
Database '/Users/ldeniz/git/BadCoders/Bets/resources/bets.temp' is opened by 2640@MacBook-Pro-de-Leroy.local

[2020-03-05 12:02:26 #2 type] 
Type domain.Question is not enhanced.

[2020-03-05 12:02:26 #3 type] 
Type domain.Answer is not enhanced.

[2020-03-05 12:02:26 #4 type] 
Type domain.Event is not enhanced.

[2020-03-05 12:02:26 #5 type] 
Type domain.Apuesta is not enhanced.

[2020-03-05 12:02:26 #6 type] 
Type domain.Usuario is not enhanced.

[2020-03-05 12:02:26 #7 type] 
Type domain.Cliente is not enhanced.

[2020-03-05 12:02:26 #8 type] 
Type domain.Admin is not enhanced.

------------------------------------------------------------------------------------------------------------------------

[2020-03-05 12:03:40 #1 store] 
Database '/Users/ldeniz/git/BadCoders/Bets/resources/bets.temp' is opened by 2661@MacBook-Pro-de-Leroy.local

[2020-03-05 12:03:40 #2 type] 
Type domain.Question is not enhanced.

[2020-03-05 12:03:40 #3 type] 
Type domain.Answer is not enhanced.

[2020-03-05 12:03:40 #4 type] 
Type domain.Event is not enhanced.

[2020-03-05 12:03:40 #5 type] 
Type domain.Apuesta is not enhanced.

[2020-03-05 12:03:40 #6 type] 
Type domain.Usuario is not enhanced.

[2020-03-05 12:03:40 #7 type] 
Type domain.Cliente is not enhanced.

[2020-03-05 12:03:40 #8 type] 
Type domain.Admin is not enhanced.

------------------------------------------------------------------------------------------------------------------------

[2020-03-05 12:05:53 #1 store] 
Database '/Users/ldeniz/git/BadCoders/Bets/resources/bets.temp' is opened by 2677@MacBook-Pro-de-Leroy.local

[2020-03-05 12:05:53 #2 type] 
Type domain.Question is not enhanced.

[2020-03-05 12:05:53 #3 type] 
Type domain.Answer is not enhanced.

[2020-03-05 12:05:53 #4 type] 
Type domain.Event is not enhanced.

[2020-03-05 12:05:53 #5 type] 
Type domain.Apuesta is not enhanced.

[2020-03-05 12:05:53 #6 type] 
Type domain.Usuario is not enhanced.

[2020-03-05 12:05:53 #7 type] 
Type domain.Cliente is not enhanced.

[2020-03-05 12:05:53 #8 type] 
Type domain.Admin is not enhanced.

------------------------------------------------------------------------------------------------------------------------

[2020-03-05 12:07:19 #1 store] 
Database '/Users/ldeniz/git/BadCoders/Bets/resources/bets.temp' is opened by 2687@MacBook-Pro-de-Leroy.local

[2020-03-05 12:07:19 #2 type] 
Type domain.Question is not enhanced.

[2020-03-05 12:07:19 #3 type] 
Type domain.Answer is not enhanced.

[2020-03-05 12:07:19 #4 type] 
Type domain.Event is not enhanced.

[2020-03-05 12:07:19 #5 type] 
Type domain.Apuesta is not enhanced.

[2020-03-05 12:07:19 #6 type] 
Type domain.Usuario is not enhanced.

[2020-03-05 12:07:19 #7 type] 
Type domain.Cliente is not enhanced.

[2020-03-05 12:07:19 #8 type] 
Type domain.Admin is not enhanced.

------------------------------------------------------------------------------------------------------------------------

[2020-03-05 12:14:37 #1 store] 
Database '/Users/ldeniz/git/BadCoders/Bets/resources/bets.temp' is opened by 2737@MacBook-Pro-de-Leroy.local

[2020-03-05 12:14:38 #2 type] 
Type domain.Question is not enhanced.

[2020-03-05 12:14:38 #3 type] 
Type domain.Answer is not enhanced.

[2020-03-05 12:14:38 #4 type] 
Type domain.Event is not enhanced.

[2020-03-05 12:14:38 #5 type] 
Type domain.Apuesta is not enhanced.

[2020-03-05 12:14:38 #6 type] 
Type domain.Usuario is not enhanced.

[2020-03-05 12:14:38 #7 type] 
Type domain.Cliente is not enhanced.

[2020-03-05 12:14:38 #8 type] 
Type domain.Admin is not enhanced.

------------------------------------------------------------------------------------------------------------------------

[2020-03-05 12:15:20 #1 store] 
Database '/Users/ldeniz/git/BadCoders/Bets/resources/bets.temp' is opened by 2744@MacBook-Pro-de-Leroy.local

[2020-03-05 12:15:20 #2 type] 
Type domain.Question is not enhanced.

[2020-03-05 12:15:20 #3 type] 
Type domain.Answer is not enhanced.

[2020-03-05 12:15:20 #4 type] 
Type domain.Event is not enhanced.

[2020-03-05 12:15:20 #5 type] 
Type domain.Apuesta is not enhanced.

[2020-03-05 12:15:20 #6 type] 
Type domain.Usuario is not enhanced.

[2020-03-05 12:15:20 #7 type] 
Type domain.Cliente is not enhanced.

[2020-03-05 12:15:20 #8 type] 
Type domain.Admin is not enhanced.

------------------------------------------------------------------------------------------------------------------------

[2020-03-05 12:33:07 #1 store] 
Database '/Users/ldeniz/git/BadCoders/Bets/resources/bets.temp' is opened by 2822@MacBook-Pro-de-Leroy.local

[2020-03-05 12:33:07 #2 type] 
Type domain.Question is not enhanced.

[2020-03-05 12:33:07 #3 type] 
Type domain.Answer is not enhanced.

[2020-03-05 12:33:07 #4 type] 
Type domain.Event is not enhanced.

[2020-03-05 12:33:07 #5 type] 
Type domain.Apuesta is not enhanced.

[2020-03-05 12:33:07 #6 type] 
Type domain.Usuario is not enhanced.

[2020-03-05 12:33:07 #7 type] 
Type domain.Cliente is not enhanced.

[2020-03-05 12:33:07 #8 type] 
Type domain.Admin is not enhanced.

------------------------------------------------------------------------------------------------------------------------

[2020-03-05 12:34:26 #1 store] 
Database '/Users/ldeniz/git/BadCoders/Bets/resources/bets.temp' is opened by 2833@MacBook-Pro-de-Leroy.local

[2020-03-05 12:34:26 #2 type] 
Type domain.Question is not enhanced.

[2020-03-05 12:34:26 #3 type] 
Type domain.Answer is not enhanced.

[2020-03-05 12:34:26 #4 type] 
Type domain.Event is not enhanced.

[2020-03-05 12:34:26 #5 type] 
Type domain.Apuesta is not enhanced.

[2020-03-05 12:34:26 #6 type] 
Type domain.Usuario is not enhanced.

[2020-03-05 12:34:26 #7 type] 
Type domain.Cliente is not enhanced.

[2020-03-05 12:34:26 #8 type] 
Type domain.Admin is not enhanced.

------------------------------------------------------------------------------------------------------------------------

[2020-03-05 16:53:46 #1 store] 
Database '/Users/ldeniz/git/BadCoders/Bets/resources/bets.temp' is opened by 4486@MacBook-Pro-de-Leroy.local

[2020-03-05 16:53:46 #2 type] 
Type domain.Question is not enhanced.

[2020-03-05 16:53:46 #3 type] 
Type domain.Answer is not enhanced.

[2020-03-05 16:53:46 #4 type] 
Type domain.Event is not enhanced.

[2020-03-05 16:53:46 #5 type] 
Type domain.Apuesta is not enhanced.

[2020-03-05 16:53:46 #6 type] 
Type domain.Usuario is not enhanced.

[2020-03-05 16:53:46 #7 type] 
Type domain.Cliente is not enhanced.

[2020-03-05 16:53:46 #8 type] 
Type domain.Admin is not enhanced.

------------------------------------------------------------------------------------------------------------------------

[2020-03-05 16:56:23 #1 store] 
Database '/Users/ldeniz/git/BadCoders/Bets/resources/bets.temp' is opened by 4514@MacBook-Pro-de-Leroy.local

[2020-03-05 16:56:23 #2 type] 
Type domain.Question is not enhanced.

[2020-03-05 16:56:23 #3 type] 
Type domain.Answer is not enhanced.

[2020-03-05 16:56:23 #4 type] 
Type domain.Event is not enhanced.

[2020-03-05 16:56:23 #5 type] 
Type domain.Apuesta is not enhanced.

[2020-03-05 16:56:23 #6 type] 
Type domain.Usuario is not enhanced.

[2020-03-05 16:56:23 #7 type] 
Type domain.Cliente is not enhanced.

[2020-03-05 16:56:23 #8 type] 
Type domain.Admin is not enhanced.

------------------------------------------------------------------------------------------------------------------------

[2020-03-05 16:59:39 #1 store] 
Database '/Users/ldeniz/git/BadCoders/Bets/resources/bets.temp' is opened by 4554@MacBook-Pro-de-Leroy.local

[2020-03-05 16:59:40 #2 type] 
Type domain.Question is not enhanced.

[2020-03-05 16:59:40 #3 type] 
Type domain.Answer is not enhanced.

[2020-03-05 16:59:40 #4 type] 
Type domain.Event is not enhanced.

[2020-03-05 16:59:40 #5 type] 
Type domain.Apuesta is not enhanced.

[2020-03-05 16:59:40 #6 type] 
Type domain.Usuario is not enhanced.

[2020-03-05 16:59:40 #7 type] 
Type domain.Cliente is not enhanced.

[2020-03-05 16:59:40 #8 type] 
Type domain.Admin is not enhanced.

------------------------------------------------------------------------------------------------------------------------

[2020-03-05 17:01:07 #1 store] 
Database '/Users/ldeniz/git/BadCoders/Bets/resources/bets.temp' is opened by 4569@MacBook-Pro-de-Leroy.local

[2020-03-05 17:01:07 #2 type] 
Type domain.Question is not enhanced.

[2020-03-05 17:01:07 #3 type] 
Type domain.Answer is not enhanced.

[2020-03-05 17:01:07 #4 type] 
Type domain.Event is not enhanced.

[2020-03-05 17:01:07 #5 type] 
Type domain.Apuesta is not enhanced.

[2020-03-05 17:01:07 #6 type] 
Type domain.Usuario is not enhanced.

[2020-03-05 17:01:07 #7 type] 
Type domain.Cliente is not enhanced.

[2020-03-05 17:01:07 #8 type] 
Type domain.Admin is not enhanced.

------------------------------------------------------------------------------------------------------------------------

[2020-03-05 17:21:33 #1 store] 
Database '/Users/ldeniz/git/BadCoders/Bets/resources/bets.temp' is opened by 4693@MacBook-Pro-de-Leroy.local

[2020-03-05 17:21:33 #2 type] 
Type domain.Question is not enhanced.

[2020-03-05 17:21:33 #3 type] 
Type domain.Answer is not enhanced.

[2020-03-05 17:21:33 #4 type] 
Type domain.Event is not enhanced.

[2020-03-05 17:21:33 #5 type] 
Type domain.Apuesta is not enhanced.

[2020-03-05 17:21:33 #6 type] 
Type domain.Usuario is not enhanced.

[2020-03-05 17:21:33 #7 type] 
Type domain.Cliente is not enhanced.

[2020-03-05 17:21:33 #8 type] 
Type domain.Admin is not enhanced.

------------------------------------------------------------------------------------------------------------------------

[2020-03-05 17:30:34 #1 store] 
Database '/Users/ldeniz/git/BadCoders/Bets/resources/bets.temp' has been recovered (tr. 14-15)

[2020-03-05 17:30:34 #2 store] 
Database '/Users/ldeniz/git/BadCoders/Bets/resources/bets.temp' is opened by 4760@MacBook-Pro-de-Leroy.local

[2020-03-05 17:30:34 #3 type] 
Type domain.Question is not enhanced.

[2020-03-05 17:30:34 #4 type] 
Type domain.Answer is not enhanced.

[2020-03-05 17:30:34 #5 type] 
Type domain.Event is not enhanced.

[2020-03-05 17:30:34 #6 type] 
Type domain.Apuesta is not enhanced.

[2020-03-05 17:30:34 #7 type] 
Type domain.Usuario is not enhanced.

[2020-03-05 17:30:34 #8 type] 
Type domain.Cliente is not enhanced.

[2020-03-05 17:30:34 #9 type] 
Type domain.Admin is not enhanced.

------------------------------------------------------------------------------------------------------------------------

[2020-03-05 17:37:30 #1 store] 
Database '/Users/ldeniz/git/BadCoders/Bets/resources/bets.temp' is opened by 4826@MacBook-Pro-de-Leroy.local

[2020-03-05 17:37:30 #2 type] 
Type domain.Question is not enhanced.

[2020-03-05 17:37:30 #3 type] 
Type domain.Answer is not enhanced.

[2020-03-05 17:37:30 #4 type] 
Type domain.Event is not enhanced.

[2020-03-05 17:37:30 #5 type] 
Type domain.Apuesta is not enhanced.

[2020-03-05 17:37:30 #6 type] 
Type domain.Usuario is not enhanced.

[2020-03-05 17:37:30 #7 type] 
Type domain.Cliente is not enhanced.

[2020-03-05 17:37:30 #8 type] 
Type domain.Admin is not enhanced.

------------------------------------------------------------------------------------------------------------------------

[2020-03-05 18:03:29 #1 store] 
Database '/Users/ldeniz/git/BadCoders/Bets/resources/bets.temp' is opened by 5201@MacBook-Pro-de-Leroy.local

[2020-03-05 18:03:29 #2 type] 
Type domain.Question is not enhanced.

[2020-03-05 18:03:29 #3 type] 
Type domain.Answer is not enhanced.

[2020-03-05 18:03:29 #4 type] 
Type domain.Event is not enhanced.

[2020-03-05 18:03:29 #5 type] 
Type domain.Apuesta is not enhanced.

[2020-03-05 18:03:29 #6 type] 
Type domain.Usuario is not enhanced.

[2020-03-05 18:03:29 #7 type] 
Type domain.Cliente is not enhanced.

[2020-03-05 18:03:29 #8 type] 
Type domain.Admin is not enhanced.

------------------------------------------------------------------------------------------------------------------------

[2020-03-05 18:05:10 #1 store] 
Database '/Users/ldeniz/git/BadCoders/Bets/resources/bets.temp' is opened by 5223@MacBook-Pro-de-Leroy.local

[2020-03-05 18:05:10 #2 type] 
Type domain.Question is not enhanced.

[2020-03-05 18:05:10 #3 type] 
Type domain.Answer is not enhanced.

[2020-03-05 18:05:10 #4 type] 
Type domain.Event is not enhanced.

[2020-03-05 18:05:10 #5 type] 
Type domain.Apuesta is not enhanced.

[2020-03-05 18:05:10 #6 type] 
Type domain.Usuario is not enhanced.

[2020-03-05 18:05:10 #7 type] 
Type domain.Cliente is not enhanced.

[2020-03-05 18:05:10 #8 type] 
Type domain.Admin is not enhanced.

------------------------------------------------------------------------------------------------------------------------

[2020-03-05 18:08:00 #1 store] 
Database '/Users/ldeniz/git/BadCoders/Bets/resources/bets.temp' is opened by 5247@MacBook-Pro-de-Leroy.local

[2020-03-05 18:08:00 #2 type] 
Type domain.Question is not enhanced.

[2020-03-05 18:08:00 #3 type] 
Type domain.Answer is not enhanced.

[2020-03-05 18:08:00 #4 type] 
Type domain.Event is not enhanced.

[2020-03-05 18:08:00 #5 type] 
Type domain.Apuesta is not enhanced.

[2020-03-05 18:08:00 #6 type] 
Type domain.Usuario is not enhanced.

[2020-03-05 18:08:00 #7 type] 
Type domain.Cliente is not enhanced.

[2020-03-05 18:08:00 #8 type] 
Type domain.Admin is not enhanced.

------------------------------------------------------------------------------------------------------------------------

[2020-03-05 18:09:41 #1 store] 
Database '/Users/ldeniz/git/BadCoders/Bets/resources/bets.temp' is opened by 5266@MacBook-Pro-de-Leroy.local

[2020-03-05 18:09:41 #2 type.registry] 
New type domain.Question

[2020-03-05 18:09:41 #3 type] 
Type domain.Question is not enhanced.

[2020-03-05 18:09:41 #4 type.registry] 
New type domain.Answer

[2020-03-05 18:09:41 #5 type.registry] 
New type java.util.Vector<domain.Answer>

[2020-03-05 18:09:41 #6 type.registry] 
New type domain.Event

[2020-03-05 18:09:41 #7 type] 
Type domain.Answer is not enhanced.

[2020-03-05 18:09:41 #8 type.registry] 
New type domain.Apuesta

[2020-03-05 18:09:41 #9 type.registry] 
New type java.util.Vector<domain.Apuesta>

[2020-03-05 18:09:41 #10 type] 
Type domain.Event is not enhanced.

[2020-03-05 18:09:41 #11 type.registry] 
New type java.util.Vector<domain.Question>

[2020-03-05 18:09:41 #12 type] 
Type domain.Apuesta is not enhanced.

[2020-03-05 18:09:41 #13 type.registry] 
New type domain.Usuario

[2020-03-05 18:09:41 #14 type.registry] 
New type domain.Cliente

[2020-03-05 18:09:41 #15 type] 
Type domain.Usuario is not enhanced.

[2020-03-05 18:09:41 #16 type] 
Type domain.Cliente is not enhanced.

[2020-03-05 18:09:41 #17 type.registry] 
New type domain.Admin

[2020-03-05 18:09:41 #18 type] 
Type domain.Admin is not enhanced.

[2020-03-05 18:09:41 #19 type.registry] 
New type java.util.Vector<java.lang.Object>

------------------------------------------------------------------------------------------------------------------------

[2020-03-05 18:11:06 #1 store] 
Database '/Users/ldeniz/git/BadCoders/Bets/resources/bets.temp' is opened by 5279@MacBook-Pro-de-Leroy.local

[2020-03-05 18:11:06 #2 type.registry] 
New type domain.Question

[2020-03-05 18:11:06 #3 type] 
Type domain.Question is not enhanced.

[2020-03-05 18:11:06 #4 type.registry] 
New type domain.Answer

[2020-03-05 18:11:06 #5 type.registry] 
New type java.util.Vector<domain.Answer>

[2020-03-05 18:11:06 #6 type.registry] 
New type domain.Event

[2020-03-05 18:11:06 #7 type] 
Type domain.Answer is not enhanced.

[2020-03-05 18:11:06 #8 type.registry] 
New type domain.Apuesta

[2020-03-05 18:11:06 #9 type.registry] 
New type java.util.Vector<domain.Apuesta>

[2020-03-05 18:11:06 #10 type] 
Type domain.Event is not enhanced.

[2020-03-05 18:11:06 #11 type.registry] 
New type java.util.Vector<domain.Question>

[2020-03-05 18:11:06 #12 type] 
Type domain.Apuesta is not enhanced.

[2020-03-05 18:11:06 #13 type.registry] 
New type domain.Usuario

[2020-03-05 18:11:06 #14 type.registry] 
New type domain.Cliente

[2020-03-05 18:11:06 #15 type] 
Type domain.Usuario is not enhanced.

[2020-03-05 18:11:06 #16 type] 
Type domain.Cliente is not enhanced.

[2020-03-05 18:11:06 #17 type.registry] 
New type domain.Admin

[2020-03-05 18:11:06 #18 type] 
Type domain.Admin is not enhanced.

[2020-03-05 18:11:06 #19 type.registry] 
New type java.util.Vector<java.lang.Object>

------------------------------------------------------------------------------------------------------------------------

[2020-03-05 18:25:09 #1 store] 
Database '/Users/ldeniz/git/BadCoders/Bets/resources/bets.temp' is opened by 5382@MacBook-Pro-de-Leroy.local

[2020-03-05 18:25:09 #2 type.registry] 
New type domain.Question

[2020-03-05 18:25:09 #3 type] 
Type domain.Question is not enhanced.

[2020-03-05 18:25:09 #4 type.registry] 
New type domain.Answer

[2020-03-05 18:25:09 #5 type.registry] 
New type java.util.Vector<domain.Answer>

[2020-03-05 18:25:09 #6 type.registry] 
New type domain.Event

[2020-03-05 18:25:09 #7 type] 
Type domain.Answer is not enhanced.

[2020-03-05 18:25:09 #8 type.registry] 
New type domain.Apuesta

[2020-03-05 18:25:09 #9 type.registry] 
New type java.util.Vector<domain.Apuesta>

[2020-03-05 18:25:09 #10 type] 
Type domain.Event is not enhanced.

[2020-03-05 18:25:09 #11 type.registry] 
New type java.util.Vector<domain.Question>

[2020-03-05 18:25:09 #12 type] 
Type domain.Apuesta is not enhanced.

[2020-03-05 18:25:09 #13 type.registry] 
New type domain.Usuario

[2020-03-05 18:25:09 #14 type.registry] 
New type domain.Cliente

[2020-03-05 18:25:09 #15 type] 
Type domain.Usuario is not enhanced.

[2020-03-05 18:25:09 #16 type] 
Type domain.Cliente is not enhanced.

[2020-03-05 18:25:09 #17 type.registry] 
New type domain.Admin

[2020-03-05 18:25:09 #18 type] 
Type domain.Admin is not enhanced.

[2020-03-05 18:25:09 #19 type.registry] 
New type java.util.Vector<java.lang.Object>

------------------------------------------------------------------------------------------------------------------------

[2020-03-05 18:25:57 #1 store] 
Database '/Users/ldeniz/git/BadCoders/Bets/resources/bets.temp' is opened by 5408@MacBook-Pro-de-Leroy.local

[2020-03-05 18:25:58 #2 type.registry] 
New type domain.Question

[2020-03-05 18:25:58 #3 type] 
Type domain.Question is not enhanced.

[2020-03-05 18:25:58 #4 type.registry] 
New type domain.Answer

[2020-03-05 18:25:58 #5 type.registry] 
New type java.util.Vector<domain.Answer>

[2020-03-05 18:25:58 #6 type.registry] 
New type domain.Event

[2020-03-05 18:25:58 #7 type] 
Type domain.Answer is not enhanced.

[2020-03-05 18:25:58 #8 type.registry] 
New type domain.Apuesta

[2020-03-05 18:25:58 #9 type.registry] 
New type java.util.Vector<domain.Apuesta>

[2020-03-05 18:25:58 #10 type] 
Type domain.Event is not enhanced.

[2020-03-05 18:25:58 #11 type.registry] 
New type java.util.Vector<domain.Question>

[2020-03-05 18:25:58 #12 type] 
Type domain.Apuesta is not enhanced.

[2020-03-05 18:25:58 #13 type.registry] 
New type domain.Usuario

[2020-03-05 18:25:58 #14 type.registry] 
New type domain.Cliente

[2020-03-05 18:25:58 #15 type] 
Type domain.Usuario is not enhanced.

[2020-03-05 18:25:58 #16 type] 
Type domain.Cliente is not enhanced.

[2020-03-05 18:25:58 #17 type.registry] 
New type domain.Admin

[2020-03-05 18:25:58 #18 type] 
Type domain.Admin is not enhanced.

[2020-03-05 18:25:58 #19 type.registry] 
New type java.util.Vector<java.lang.Object>

------------------------------------------------------------------------------------------------------------------------

[2020-03-05 19:11:33 #1 store] 
Database '/Users/ldeniz/eclipse-workspace/Bets/resources/bets.temp' is opened by 6157@MacBook-Pro-de-Leroy.local

[2020-03-05 19:11:33 #2 type.registry] 
New type domain.Question

[2020-03-05 19:11:33 #3 type] 
Type domain.Question is not enhanced.

[2020-03-05 19:11:33 #4 type.registry] 
New type domain.Answer

[2020-03-05 19:11:33 #5 type.registry] 
New type java.util.Vector<domain.Answer>

[2020-03-05 19:11:33 #6 type.registry] 
New type domain.Event

[2020-03-05 19:11:33 #7 type] 
Type domain.Answer is not enhanced.

[2020-03-05 19:11:33 #8 type.registry] 
New type domain.Apuesta

[2020-03-05 19:11:33 #9 type.registry] 
New type java.util.Vector<domain.Apuesta>

[2020-03-05 19:11:33 #10 type] 
Type domain.Event is not enhanced.

[2020-03-05 19:11:33 #11 type.registry] 
New type java.util.Vector<domain.Question>

[2020-03-05 19:11:33 #12 type] 
Type domain.Apuesta is not enhanced.

[2020-03-05 19:11:33 #13 type.registry] 
New type domain.Usuario

[2020-03-05 19:11:33 #14 type.registry] 
New type domain.Cliente

[2020-03-05 19:11:33 #15 type] 
Type domain.Usuario is not enhanced.

[2020-03-05 19:11:33 #16 type] 
Type domain.Cliente is not enhanced.

[2020-03-05 19:11:33 #17 type.registry] 
New type domain.Admin

[2020-03-05 19:11:33 #18 type] 
Type domain.Admin is not enhanced.

[2020-03-05 19:11:33 #19 type.registry] 
New type java.util.Vector<java.lang.Object>

------------------------------------------------------------------------------------------------------------------------

[2020-03-05 19:16:19 #1 store] 
Database '/Users/ldeniz/eclipse-workspace/Bets/resources/bets.temp' is opened by 6254@MacBook-Pro-de-Leroy.local

[2020-03-05 19:16:20 #2 type.registry] 
New type domain.Question

[2020-03-05 19:16:20 #3 type] 
Type domain.Question is not enhanced.

[2020-03-05 19:16:20 #4 type.registry] 
New type domain.Answer

[2020-03-05 19:16:20 #5 type.registry] 
New type java.util.Vector<domain.Answer>

[2020-03-05 19:16:20 #6 type.registry] 
New type domain.Event

[2020-03-05 19:16:20 #7 type] 
Type domain.Answer is not enhanced.

[2020-03-05 19:16:20 #8 type.registry] 
New type domain.Apuesta

[2020-03-05 19:16:20 #9 type.registry] 
New type java.util.Vector<domain.Apuesta>

[2020-03-05 19:16:20 #10 type] 
Type domain.Event is not enhanced.

[2020-03-05 19:16:20 #11 type.registry] 
New type java.util.Vector<domain.Question>

[2020-03-05 19:16:20 #12 type] 
Type domain.Apuesta is not enhanced.

[2020-03-05 19:16:20 #13 type.registry] 
New type domain.Usuario

[2020-03-05 19:16:20 #14 type.registry] 
New type domain.Cliente

[2020-03-05 19:16:20 #15 type] 
Type domain.Usuario is not enhanced.

[2020-03-05 19:16:20 #16 type] 
Type domain.Cliente is not enhanced.

[2020-03-05 19:16:20 #17 type.registry] 
New type domain.Admin

[2020-03-05 19:16:20 #18 type] 
Type domain.Admin is not enhanced.

[2020-03-05 19:16:20 #19 type.registry] 
New type java.util.Vector<java.lang.Object>

------------------------------------------------------------------------------------------------------------------------

[2020-03-05 19:26:57 #1 store] 
Database '/Users/ldeniz/eclipse-workspace/Bets/resources/bets.temp' is opened by 6401@MacBook-Pro-de-Leroy.local

[2020-03-05 19:26:57 #2 type.registry] 
New type domain.Question

[2020-03-05 19:26:57 #3 type] 
Type domain.Question is not enhanced.

[2020-03-05 19:26:57 #4 type.registry] 
New type domain.Answer

[2020-03-05 19:26:57 #5 type.registry] 
New type java.util.Vector<domain.Answer>

[2020-03-05 19:26:57 #6 type.registry] 
New type domain.Event

[2020-03-05 19:26:57 #7 type] 
Type domain.Answer is not enhanced.

[2020-03-05 19:26:57 #8 type.registry] 
New type domain.Apuesta

[2020-03-05 19:26:57 #9 type.registry] 
New type java.util.Vector<domain.Apuesta>

[2020-03-05 19:26:57 #10 type] 
Type domain.Event is not enhanced.

[2020-03-05 19:26:57 #11 type.registry] 
New type java.util.Vector<domain.Question>

[2020-03-05 19:26:57 #12 type] 
Type domain.Apuesta is not enhanced.

[2020-03-05 19:26:57 #13 type.registry] 
New type domain.Usuario

[2020-03-05 19:26:57 #14 type.registry] 
New type domain.Cliente

[2020-03-05 19:26:57 #15 type] 
Type domain.Usuario is not enhanced.

[2020-03-05 19:26:57 #16 type] 
Type domain.Cliente is not enhanced.

[2020-03-05 19:26:57 #17 type.registry] 
New type domain.Admin

[2020-03-05 19:26:57 #18 type] 
Type domain.Admin is not enhanced.

[2020-03-05 19:26:57 #19 type.registry] 
New type java.util.Vector<java.lang.Object>

------------------------------------------------------------------------------------------------------------------------

[2020-03-05 21:27:26 #1 store] 
Database '/Users/ldeniz/git/Bets/resources/bets.temp' is opened by 7071@MacBook-Pro-de-Leroy.local

[2020-03-05 21:27:27 #2 type.registry] 
New type domain.Question

[2020-03-05 21:27:27 #3 type] 
Type domain.Question is not enhanced.

[2020-03-05 21:27:27 #4 type.registry] 
New type domain.Answer

[2020-03-05 21:27:27 #5 type.registry] 
New type java.util.Vector<domain.Answer>

[2020-03-05 21:27:27 #6 type.registry] 
New type domain.Event

[2020-03-05 21:27:27 #7 type] 
Type domain.Answer is not enhanced.

[2020-03-05 21:27:27 #8 type.registry] 
New type domain.Apuesta

[2020-03-05 21:27:27 #9 type.registry] 
New type java.util.Vector<domain.Apuesta>

[2020-03-05 21:27:27 #10 type] 
Type domain.Event is not enhanced.

[2020-03-05 21:27:27 #11 type.registry] 
New type java.util.Vector<domain.Question>

[2020-03-05 21:27:27 #12 type] 
Type domain.Apuesta is not enhanced.

[2020-03-05 21:27:27 #13 type.registry] 
New type domain.Usuario

[2020-03-05 21:27:27 #14 type.registry] 
New type domain.Cliente

[2020-03-05 21:27:27 #15 type] 
Type domain.Usuario is not enhanced.

[2020-03-05 21:27:27 #16 type] 
Type domain.Cliente is not enhanced.

[2020-03-05 21:27:27 #17 type.registry] 
New type domain.Admin

[2020-03-05 21:27:27 #18 type] 
Type domain.Admin is not enhanced.

[2020-03-05 21:27:27 #19 type.registry] 
New type java.util.Vector<java.lang.Object>

------------------------------------------------------------------------------------------------------------------------

[2020-03-05 21:30:03 #1 store] 
Database '/Users/ldeniz/git/Bets/resources/bets.temp' is opened by 7092@MacBook-Pro-de-Leroy.local

[2020-03-05 21:30:04 #2 type.registry] 
New type domain.Question

[2020-03-05 21:30:04 #3 type] 
Type domain.Question is not enhanced.

[2020-03-05 21:30:04 #4 type.registry] 
New type domain.Answer

[2020-03-05 21:30:04 #5 type.registry] 
New type java.util.Vector<domain.Answer>

[2020-03-05 21:30:04 #6 type.registry] 
New type domain.Event

[2020-03-05 21:30:04 #7 type] 
Type domain.Answer is not enhanced.

[2020-03-05 21:30:04 #8 type.registry] 
New type domain.Apuesta

[2020-03-05 21:30:04 #9 type.registry] 
New type java.util.Vector<domain.Apuesta>

[2020-03-05 21:30:04 #10 type] 
Type domain.Event is not enhanced.

[2020-03-05 21:30:04 #11 type.registry] 
New type java.util.Vector<domain.Question>

[2020-03-05 21:30:04 #12 type] 
Type domain.Apuesta is not enhanced.

[2020-03-05 21:30:04 #13 type.registry] 
New type domain.Usuario

[2020-03-05 21:30:04 #14 type.registry] 
New type domain.Cliente

[2020-03-05 21:30:04 #15 type] 
Type domain.Usuario is not enhanced.

[2020-03-05 21:30:04 #16 type] 
Type domain.Cliente is not enhanced.

[2020-03-05 21:30:04 #17 type.registry] 
New type domain.Admin

[2020-03-05 21:30:04 #18 type] 
Type domain.Admin is not enhanced.

[2020-03-05 21:30:04 #19 type.registry] 
New type java.util.Vector<java.lang.Object>

------------------------------------------------------------------------------------------------------------------------

[2020-03-05 21:30:45 #1 store] 
Database '/Users/ldeniz/git/Bets/resources/bets.temp' is opened by 7098@MacBook-Pro-de-Leroy.local

[2020-03-05 21:30:45 #2 type.registry] 
New type domain.Question

[2020-03-05 21:30:45 #3 type] 
Type domain.Question is not enhanced.

[2020-03-05 21:30:45 #4 type.registry] 
New type domain.Answer

[2020-03-05 21:30:45 #5 type.registry] 
New type java.util.Vector<domain.Answer>

[2020-03-05 21:30:45 #6 type.registry] 
New type domain.Event

[2020-03-05 21:30:45 #7 type] 
Type domain.Answer is not enhanced.

[2020-03-05 21:30:45 #8 type.registry] 
New type domain.Apuesta

[2020-03-05 21:30:45 #9 type.registry] 
New type java.util.Vector<domain.Apuesta>

[2020-03-05 21:30:45 #10 type] 
Type domain.Event is not enhanced.

[2020-03-05 21:30:45 #11 type.registry] 
New type java.util.Vector<domain.Question>

[2020-03-05 21:30:45 #12 type] 
Type domain.Apuesta is not enhanced.

[2020-03-05 21:30:45 #13 type.registry] 
New type domain.Usuario

[2020-03-05 21:30:45 #14 type.registry] 
New type domain.Cliente

[2020-03-05 21:30:45 #15 type] 
Type domain.Usuario is not enhanced.

[2020-03-05 21:30:45 #16 type] 
Type domain.Cliente is not enhanced.

[2020-03-05 21:30:45 #17 type.registry] 
New type domain.Admin

[2020-03-05 21:30:45 #18 type] 
Type domain.Admin is not enhanced.

[2020-03-05 21:30:45 #19 type.registry] 
New type java.util.Vector<java.lang.Object>

------------------------------------------------------------------------------------------------------------------------

[2020-03-05 21:32:19 #1 store] 
Database '/Users/ldeniz/git/Bets/resources/bets.temp' is opened by 7111@MacBook-Pro-de-Leroy.local

[2020-03-05 21:32:20 #2 type.registry] 
New type domain.Question

[2020-03-05 21:32:20 #3 type] 
Type domain.Question is not enhanced.

[2020-03-05 21:32:20 #4 type.registry] 
New type domain.Answer

[2020-03-05 21:32:20 #5 type.registry] 
New type java.util.Vector<domain.Answer>

[2020-03-05 21:32:20 #6 type.registry] 
New type domain.Event

[2020-03-05 21:32:20 #7 type] 
Type domain.Answer is not enhanced.

[2020-03-05 21:32:20 #8 type.registry] 
New type domain.Apuesta

[2020-03-05 21:32:20 #9 type.registry] 
New type java.util.Vector<domain.Apuesta>

[2020-03-05 21:32:20 #10 type] 
Type domain.Event is not enhanced.

[2020-03-05 21:32:20 #11 type.registry] 
New type java.util.Vector<domain.Question>

[2020-03-05 21:32:20 #12 type] 
Type domain.Apuesta is not enhanced.

[2020-03-05 21:32:20 #13 type.registry] 
New type domain.Usuario

[2020-03-05 21:32:20 #14 type.registry] 
New type domain.Cliente

[2020-03-05 21:32:20 #15 type] 
Type domain.Usuario is not enhanced.

[2020-03-05 21:32:20 #16 type] 
Type domain.Cliente is not enhanced.

[2020-03-05 21:32:20 #17 type.registry] 
New type domain.Admin

[2020-03-05 21:32:20 #18 type] 
Type domain.Admin is not enhanced.

[2020-03-05 21:32:20 #19 type.registry] 
New type java.util.Vector<java.lang.Object>

------------------------------------------------------------------------------------------------------------------------

[2020-03-05 21:33:23 #1 store] 
Database '/Users/ldeniz/git/Bets/resources/bets.temp' is opened by 7119@MacBook-Pro-de-Leroy.local

[2020-03-05 21:33:23 #2 type.registry] 
New type domain.Question

[2020-03-05 21:33:23 #3 type] 
Type domain.Question is not enhanced.

[2020-03-05 21:33:23 #4 type.registry] 
New type domain.Answer

[2020-03-05 21:33:23 #5 type.registry] 
New type java.util.Vector<domain.Answer>

[2020-03-05 21:33:23 #6 type.registry] 
New type domain.Event

[2020-03-05 21:33:23 #7 type] 
Type domain.Answer is not enhanced.

[2020-03-05 21:33:23 #8 type.registry] 
New type domain.Apuesta

[2020-03-05 21:33:23 #9 type.registry] 
New type java.util.Vector<domain.Apuesta>

[2020-03-05 21:33:23 #10 type] 
Type domain.Event is not enhanced.

[2020-03-05 21:33:23 #11 type.registry] 
New type java.util.Vector<domain.Question>

[2020-03-05 21:33:23 #12 type] 
Type domain.Apuesta is not enhanced.

[2020-03-05 21:33:23 #13 type.registry] 
New type domain.Usuario

[2020-03-05 21:33:23 #14 type.registry] 
New type domain.Cliente

[2020-03-05 21:33:23 #15 type] 
Type domain.Usuario is not enhanced.

[2020-03-05 21:33:23 #16 type] 
Type domain.Cliente is not enhanced.

[2020-03-05 21:33:23 #17 type.registry] 
New type domain.Admin

[2020-03-05 21:33:23 #18 type] 
Type domain.Admin is not enhanced.

[2020-03-05 21:33:23 #19 type.registry] 
New type java.util.Vector<java.lang.Object>

------------------------------------------------------------------------------------------------------------------------

[2020-03-05 21:35:14 #1 store] 
Database '/Users/ldeniz/git/Bets/resources/bets.temp' is opened by 7132@MacBook-Pro-de-Leroy.local

[2020-03-05 21:35:14 #2 type.registry] 
New type domain.Question

[2020-03-05 21:35:14 #3 type] 
Type domain.Question is not enhanced.

[2020-03-05 21:35:14 #4 type.registry] 
New type domain.Answer

[2020-03-05 21:35:14 #5 type.registry] 
New type java.util.Vector<domain.Answer>

[2020-03-05 21:35:14 #6 type.registry] 
New type domain.Event

[2020-03-05 21:35:14 #7 type] 
Type domain.Answer is not enhanced.

[2020-03-05 21:35:14 #8 type.registry] 
New type domain.Apuesta

[2020-03-05 21:35:14 #9 type.registry] 
New type java.util.Vector<domain.Apuesta>

[2020-03-05 21:35:14 #10 type] 
Type domain.Event is not enhanced.

[2020-03-05 21:35:14 #11 type.registry] 
New type java.util.Vector<domain.Question>

[2020-03-05 21:35:14 #12 type] 
Type domain.Apuesta is not enhanced.

[2020-03-05 21:35:14 #13 type.registry] 
New type domain.Usuario

[2020-03-05 21:35:14 #14 type.registry] 
New type domain.Cliente

[2020-03-05 21:35:14 #15 type] 
Type domain.Usuario is not enhanced.

[2020-03-05 21:35:14 #16 type] 
Type domain.Cliente is not enhanced.

[2020-03-05 21:35:14 #17 type.registry] 
New type domain.Admin

[2020-03-05 21:35:14 #18 type] 
Type domain.Admin is not enhanced.

[2020-03-05 21:35:14 #19 type.registry] 
New type java.util.Vector<java.lang.Object>

------------------------------------------------------------------------------------------------------------------------

[2020-03-05 21:38:11 #1 store] 
Database '/Users/ldeniz/git/Bets/resources/bets.temp' is opened by 7152@MacBook-Pro-de-Leroy.local

[2020-03-05 21:38:11 #2 type.registry] 
New type domain.Question

[2020-03-05 21:38:11 #3 type] 
Type domain.Question is not enhanced.

[2020-03-05 21:38:11 #4 type.registry] 
New type domain.Answer

[2020-03-05 21:38:11 #5 type.registry] 
New type java.util.Vector<domain.Answer>

[2020-03-05 21:38:11 #6 type.registry] 
New type domain.Event

[2020-03-05 21:38:11 #7 type] 
Type domain.Answer is not enhanced.

[2020-03-05 21:38:11 #8 type.registry] 
New type domain.Apuesta

[2020-03-05 21:38:11 #9 type.registry] 
New type java.util.Vector<domain.Apuesta>

[2020-03-05 21:38:11 #10 type] 
Type domain.Event is not enhanced.

[2020-03-05 21:38:11 #11 type.registry] 
New type java.util.Vector<domain.Question>

[2020-03-05 21:38:11 #12 type] 
Type domain.Apuesta is not enhanced.

[2020-03-05 21:38:11 #13 type.registry] 
New type domain.Usuario

[2020-03-05 21:38:11 #14 type.registry] 
New type domain.Cliente

[2020-03-05 21:38:11 #15 type] 
Type domain.Usuario is not enhanced.

[2020-03-05 21:38:11 #16 type] 
Type domain.Cliente is not enhanced.

[2020-03-05 21:38:11 #17 type.registry] 
New type domain.Admin

[2020-03-05 21:38:11 #18 type] 
Type domain.Admin is not enhanced.

[2020-03-05 21:38:11 #19 type.registry] 
New type java.util.Vector<java.lang.Object>

------------------------------------------------------------------------------------------------------------------------

[2020-03-05 21:54:40 #1 store] 
Database '/Users/ldeniz/git/Bets/resources/bets.temp' is opened by 7347@MacBook-Pro-de-Leroy.local

[2020-03-05 21:54:40 #2 type.registry] 
New type domain.Question

[2020-03-05 21:54:40 #3 type] 
Type domain.Question is not enhanced.

[2020-03-05 21:54:40 #4 type.registry] 
New type domain.Answer

[2020-03-05 21:54:40 #5 type.registry] 
New type java.util.Vector<domain.Answer>

[2020-03-05 21:54:40 #6 type.registry] 
New type domain.Event

[2020-03-05 21:54:40 #7 type] 
Type domain.Answer is not enhanced.

[2020-03-05 21:54:40 #8 type.registry] 
New type domain.Apuesta

[2020-03-05 21:54:40 #9 type.registry] 
New type java.util.Vector<domain.Apuesta>

[2020-03-05 21:54:40 #10 type] 
Type domain.Event is not enhanced.

[2020-03-05 21:54:40 #11 type.registry] 
New type java.util.Vector<domain.Question>

[2020-03-05 21:54:40 #12 type] 
Type domain.Apuesta is not enhanced.

[2020-03-05 21:54:40 #13 type.registry] 
New type domain.Usuario

[2020-03-05 21:54:40 #14 type.registry] 
New type domain.Cliente

[2020-03-05 21:54:40 #15 type] 
Type domain.Usuario is not enhanced.

[2020-03-05 21:54:40 #16 type] 
Type domain.Cliente is not enhanced.

[2020-03-05 21:54:40 #17 type.registry] 
New type domain.Admin

[2020-03-05 21:54:40 #18 type] 
Type domain.Admin is not enhanced.

[2020-03-05 21:54:40 #19 type.registry] 
New type java.util.Vector<java.lang.Object>

------------------------------------------------------------------------------------------------------------------------

[2020-03-05 22:25:38 #1 store] 
Database '/Users/ldeniz/git/Bets/resources/bets.temp' is opened by 7617@MacBook-Pro-de-Leroy.local

[2020-03-05 22:25:38 #2 type.registry] 
New type domain.Question

[2020-03-05 22:25:38 #3 type] 
Type domain.Question is not enhanced.

[2020-03-05 22:25:38 #4 type.registry] 
New type domain.Answer

[2020-03-05 22:25:38 #5 type.registry] 
New type java.util.Vector<domain.Answer>

[2020-03-05 22:25:38 #6 type.registry] 
New type domain.Event

[2020-03-05 22:25:38 #7 type] 
Type domain.Answer is not enhanced.

[2020-03-05 22:25:38 #8 type.registry] 
New type domain.Apuesta

[2020-03-05 22:25:38 #9 type.registry] 
New type java.util.Vector<domain.Apuesta>

[2020-03-05 22:25:38 #10 type] 
Type domain.Event is not enhanced.

[2020-03-05 22:25:38 #11 type.registry] 
New type java.util.Vector<domain.Question>

[2020-03-05 22:25:38 #12 type] 
Type domain.Apuesta is not enhanced.

[2020-03-05 22:25:38 #13 type.registry] 
New type domain.Usuario

[2020-03-05 22:25:38 #14 type.registry] 
New type domain.Cliente

[2020-03-05 22:25:38 #15 type] 
Type domain.Usuario is not enhanced.

[2020-03-05 22:25:38 #16 type] 
Type domain.Cliente is not enhanced.

[2020-03-05 22:25:38 #17 type.registry] 
New type domain.Admin

[2020-03-05 22:25:38 #18 type] 
Type domain.Admin is not enhanced.

[2020-03-05 22:25:38 #19 type.registry] 
New type java.util.Vector<java.lang.Object>

------------------------------------------------------------------------------------------------------------------------

[2020-03-05 22:27:46 #1 store] 
Database '/Users/ldeniz/git/Bets/resources/bets.temp' is opened by 7656@MacBook-Pro-de-Leroy.local

[2020-03-05 22:27:47 #2 type.registry] 
New type domain.Question

[2020-03-05 22:27:47 #3 type] 
Type domain.Question is not enhanced.

[2020-03-05 22:27:47 #4 type.registry] 
New type domain.Answer

[2020-03-05 22:27:47 #5 type.registry] 
New type java.util.Vector<domain.Answer>

[2020-03-05 22:27:47 #6 type.registry] 
New type domain.Event

[2020-03-05 22:27:47 #7 type] 
Type domain.Answer is not enhanced.

[2020-03-05 22:27:47 #8 type.registry] 
New type domain.Apuesta

[2020-03-05 22:27:47 #9 type.registry] 
New type java.util.Vector<domain.Apuesta>

[2020-03-05 22:27:47 #10 type] 
Type domain.Event is not enhanced.

[2020-03-05 22:27:47 #11 type.registry] 
New type java.util.Vector<domain.Question>

[2020-03-05 22:27:47 #12 type] 
Type domain.Apuesta is not enhanced.

[2020-03-05 22:27:47 #13 type.registry] 
New type domain.Usuario

[2020-03-05 22:27:47 #14 type.registry] 
New type domain.Cliente

[2020-03-05 22:27:47 #15 type] 
Type domain.Usuario is not enhanced.

[2020-03-05 22:27:47 #16 type] 
Type domain.Cliente is not enhanced.

[2020-03-05 22:27:47 #17 type.registry] 
New type domain.Admin

[2020-03-05 22:27:47 #18 type] 
Type domain.Admin is not enhanced.

[2020-03-05 22:27:47 #19 type.registry] 
New type java.util.Vector<java.lang.Object>

------------------------------------------------------------------------------------------------------------------------

[2020-03-05 22:28:22 #1 store] 
Database '/Users/ldeniz/git/Bets/resources/bets.temp' is opened by 7681@MacBook-Pro-de-Leroy.local

[2020-03-05 22:28:22 #2 type.registry] 
New type domain.Question

[2020-03-05 22:28:22 #3 type] 
Type domain.Question is not enhanced.

[2020-03-05 22:28:22 #4 type.registry] 
New type domain.Answer

[2020-03-05 22:28:22 #5 type.registry] 
New type java.util.Vector<domain.Answer>

[2020-03-05 22:28:22 #6 type.registry] 
New type domain.Event

[2020-03-05 22:28:22 #7 type] 
Type domain.Answer is not enhanced.

[2020-03-05 22:28:22 #8 type.registry] 
New type domain.Apuesta

[2020-03-05 22:28:22 #9 type.registry] 
New type java.util.Vector<domain.Apuesta>

[2020-03-05 22:28:22 #10 type] 
Type domain.Event is not enhanced.

[2020-03-05 22:28:22 #11 type.registry] 
New type java.util.Vector<domain.Question>

[2020-03-05 22:28:22 #12 type] 
Type domain.Apuesta is not enhanced.

[2020-03-05 22:28:22 #13 type.registry] 
New type domain.Usuario

[2020-03-05 22:28:22 #14 type.registry] 
New type domain.Cliente

[2020-03-05 22:28:22 #15 type] 
Type domain.Usuario is not enhanced.

[2020-03-05 22:28:22 #16 type] 
Type domain.Cliente is not enhanced.

[2020-03-05 22:28:22 #17 type.registry] 
New type domain.Admin

[2020-03-05 22:28:22 #18 type] 
Type domain.Admin is not enhanced.

[2020-03-05 22:28:22 #19 type.registry] 
New type java.util.Vector<java.lang.Object>

------------------------------------------------------------------------------------------------------------------------

[2020-03-05 22:30:51 #1 store] 
Database '/Users/ldeniz/git/Bets/resources/bets.temp' is opened by 7742@MacBook-Pro-de-Leroy.local

[2020-03-05 22:30:51 #2 type.registry] 
New type domain.Question

[2020-03-05 22:30:51 #3 type] 
Type domain.Question is not enhanced.

[2020-03-05 22:30:51 #4 type.registry] 
New type domain.Answer

[2020-03-05 22:30:51 #5 type.registry] 
New type java.util.Vector<domain.Answer>

[2020-03-05 22:30:51 #6 type.registry] 
New type domain.Event

[2020-03-05 22:30:51 #7 type] 
Type domain.Answer is not enhanced.

[2020-03-05 22:30:51 #8 type.registry] 
New type domain.Apuesta

[2020-03-05 22:30:51 #9 type.registry] 
New type java.util.Vector<domain.Apuesta>

[2020-03-05 22:30:51 #10 type] 
Type domain.Event is not enhanced.

[2020-03-05 22:30:51 #11 type.registry] 
New type java.util.Vector<domain.Question>

[2020-03-05 22:30:51 #12 type] 
Type domain.Apuesta is not enhanced.

[2020-03-05 22:30:51 #13 type.registry] 
New type domain.Usuario

[2020-03-05 22:30:51 #14 type.registry] 
New type domain.Cliente

[2020-03-05 22:30:51 #15 type] 
Type domain.Usuario is not enhanced.

[2020-03-05 22:30:51 #16 type] 
Type domain.Cliente is not enhanced.

[2020-03-05 22:30:51 #17 type.registry] 
New type domain.Admin

[2020-03-05 22:30:51 #18 type] 
Type domain.Admin is not enhanced.

[2020-03-05 22:30:51 #19 type.registry] 
New type java.util.Vector<java.lang.Object>

------------------------------------------------------------------------------------------------------------------------

[2020-03-05 22:33:02 #1 store] 
Database '/Users/ldeniz/git/Bets/resources/bets.temp' is opened by 7798@MacBook-Pro-de-Leroy.local

[2020-03-05 22:33:02 #2 type.registry] 
New type domain.Question

[2020-03-05 22:33:02 #3 type] 
Type domain.Question is not enhanced.

[2020-03-05 22:33:02 #4 type.registry] 
New type domain.Answer

[2020-03-05 22:33:02 #5 type.registry] 
New type java.util.Vector<domain.Answer>

[2020-03-05 22:33:02 #6 type.registry] 
New type domain.Event

[2020-03-05 22:33:02 #7 type] 
Type domain.Answer is not enhanced.

[2020-03-05 22:33:02 #8 type.registry] 
New type domain.Apuesta

[2020-03-05 22:33:02 #9 type.registry] 
New type java.util.Vector<domain.Apuesta>

[2020-03-05 22:33:02 #10 type] 
Type domain.Event is not enhanced.

[2020-03-05 22:33:02 #11 type.registry] 
New type java.util.Vector<domain.Question>

[2020-03-05 22:33:02 #12 type] 
Type domain.Apuesta is not enhanced.

[2020-03-05 22:33:02 #13 type.registry] 
New type domain.Usuario

[2020-03-05 22:33:02 #14 type.registry] 
New type domain.Cliente

[2020-03-05 22:33:02 #15 type] 
Type domain.Usuario is not enhanced.

[2020-03-05 22:33:02 #16 type] 
Type domain.Cliente is not enhanced.

[2020-03-05 22:33:02 #17 type.registry] 
New type domain.Admin

[2020-03-05 22:33:02 #18 type] 
Type domain.Admin is not enhanced.

[2020-03-05 22:33:02 #19 type.registry] 
New type java.util.Vector<java.lang.Object>

------------------------------------------------------------------------------------------------------------------------

[2020-03-05 22:36:33 #1 store] 
Database '/Users/ldeniz/git/Bets/resources/bets.temp' is opened by 7825@MacBook-Pro-de-Leroy.local

[2020-03-05 22:36:33 #2 type.registry] 
New type domain.Question

[2020-03-05 22:36:33 #3 type] 
Type domain.Question is not enhanced.

[2020-03-05 22:36:33 #4 type.registry] 
New type domain.Answer

[2020-03-05 22:36:33 #5 type.registry] 
New type java.util.Vector<domain.Answer>

[2020-03-05 22:36:33 #6 type.registry] 
New type domain.Event

[2020-03-05 22:36:33 #7 type] 
Type domain.Answer is not enhanced.

[2020-03-05 22:36:33 #8 type.registry] 
New type domain.Apuesta

[2020-03-05 22:36:33 #9 type.registry] 
New type java.util.Vector<domain.Apuesta>

[2020-03-05 22:36:33 #10 type] 
Type domain.Event is not enhanced.

[2020-03-05 22:36:33 #11 type.registry] 
New type java.util.Vector<domain.Question>

[2020-03-05 22:36:33 #12 type] 
Type domain.Apuesta is not enhanced.

[2020-03-05 22:36:33 #13 type.registry] 
New type domain.Usuario

[2020-03-05 22:36:33 #14 type.registry] 
New type domain.Cliente

[2020-03-05 22:36:33 #15 type] 
Type domain.Usuario is not enhanced.

[2020-03-05 22:36:33 #16 type] 
Type domain.Cliente is not enhanced.

[2020-03-05 22:36:33 #17 type.registry] 
New type domain.Admin

[2020-03-05 22:36:33 #18 type] 
Type domain.Admin is not enhanced.

[2020-03-05 22:36:33 #19 type.registry] 
New type java.util.Vector<java.lang.Object>

------------------------------------------------------------------------------------------------------------------------

[2020-03-05 22:40:40 #1 store] 
Database '/Users/ldeniz/git/Bets/resources/bets.temp' is opened by 7859@MacBook-Pro-de-Leroy.local

[2020-03-05 22:40:41 #2 type.registry] 
New type domain.Question

[2020-03-05 22:40:41 #3 type] 
Type domain.Question is not enhanced.

[2020-03-05 22:40:41 #4 type.registry] 
New type domain.Answer

[2020-03-05 22:40:41 #5 type.registry] 
New type java.util.Vector<domain.Answer>

[2020-03-05 22:40:41 #6 type.registry] 
New type domain.Event

[2020-03-05 22:40:41 #7 type] 
Type domain.Answer is not enhanced.

[2020-03-05 22:40:41 #8 type.registry] 
New type domain.Apuesta

[2020-03-05 22:40:41 #9 type.registry] 
New type java.util.Vector<domain.Apuesta>

[2020-03-05 22:40:41 #10 type] 
Type domain.Event is not enhanced.

[2020-03-05 22:40:41 #11 type.registry] 
New type java.util.Vector<domain.Question>

[2020-03-05 22:40:41 #12 type] 
Type domain.Apuesta is not enhanced.

[2020-03-05 22:40:41 #13 type.registry] 
New type domain.Usuario

[2020-03-05 22:40:41 #14 type.registry] 
New type domain.Cliente

[2020-03-05 22:40:41 #15 type] 
Type domain.Usuario is not enhanced.

[2020-03-05 22:40:41 #16 type] 
Type domain.Cliente is not enhanced.

[2020-03-05 22:40:41 #17 type.registry] 
New type domain.Admin

[2020-03-05 22:40:41 #18 type] 
Type domain.Admin is not enhanced.

[2020-03-05 22:40:41 #19 type.registry] 
New type java.util.Vector<java.lang.Object>

------------------------------------------------------------------------------------------------------------------------

[2020-03-05 22:41:27 #1 store] 
Database '/Users/ldeniz/git/Bets/resources/bets.temp' is opened by 7865@MacBook-Pro-de-Leroy.local

[2020-03-05 22:41:27 #2 type.registry] 
New type domain.Question

[2020-03-05 22:41:27 #3 type] 
Type domain.Question is not enhanced.

[2020-03-05 22:41:27 #4 type.registry] 
New type domain.Answer

[2020-03-05 22:41:27 #5 type.registry] 
New type java.util.Vector<domain.Answer>

[2020-03-05 22:41:27 #6 type.registry] 
New type domain.Event

[2020-03-05 22:41:27 #7 type] 
Type domain.Answer is not enhanced.

[2020-03-05 22:41:27 #8 type.registry] 
New type domain.Apuesta

[2020-03-05 22:41:27 #9 type.registry] 
New type java.util.Vector<domain.Apuesta>

[2020-03-05 22:41:27 #10 type] 
Type domain.Event is not enhanced.

[2020-03-05 22:41:27 #11 type.registry] 
New type java.util.Vector<domain.Question>

[2020-03-05 22:41:27 #12 type] 
Type domain.Apuesta is not enhanced.

[2020-03-05 22:41:27 #13 type.registry] 
New type domain.Usuario

[2020-03-05 22:41:27 #14 type.registry] 
New type domain.Cliente

[2020-03-05 22:41:27 #15 type] 
Type domain.Usuario is not enhanced.

[2020-03-05 22:41:27 #16 type] 
Type domain.Cliente is not enhanced.

[2020-03-05 22:41:27 #17 type.registry] 
New type domain.Admin

[2020-03-05 22:41:27 #18 type] 
Type domain.Admin is not enhanced.

[2020-03-05 22:41:27 #19 type.registry] 
New type java.util.Vector<java.lang.Object>

------------------------------------------------------------------------------------------------------------------------

[2020-03-05 22:42:09 #1 store] 
Database '/Users/ldeniz/git/Bets/resources/bets.temp' is opened by 7871@MacBook-Pro-de-Leroy.local

[2020-03-05 22:42:09 #2 type.registry] 
New type domain.Question

[2020-03-05 22:42:09 #3 type] 
Type domain.Question is not enhanced.

[2020-03-05 22:42:09 #4 type.registry] 
New type domain.Answer

[2020-03-05 22:42:09 #5 type.registry] 
New type java.util.Vector<domain.Answer>

[2020-03-05 22:42:09 #6 type.registry] 
New type domain.Event

[2020-03-05 22:42:09 #7 type] 
Type domain.Answer is not enhanced.

[2020-03-05 22:42:09 #8 type.registry] 
New type domain.Apuesta

[2020-03-05 22:42:09 #9 type.registry] 
New type java.util.Vector<domain.Apuesta>

[2020-03-05 22:42:09 #10 type] 
Type domain.Event is not enhanced.

[2020-03-05 22:42:09 #11 type.registry] 
New type java.util.Vector<domain.Question>

[2020-03-05 22:42:09 #12 type] 
Type domain.Apuesta is not enhanced.

[2020-03-05 22:42:09 #13 type.registry] 
New type domain.Usuario

[2020-03-05 22:42:09 #14 type.registry] 
New type domain.Cliente

[2020-03-05 22:42:09 #15 type] 
Type domain.Usuario is not enhanced.

[2020-03-05 22:42:09 #16 type] 
Type domain.Cliente is not enhanced.

[2020-03-05 22:42:09 #17 type.registry] 
New type domain.Admin

[2020-03-05 22:42:09 #18 type] 
Type domain.Admin is not enhanced.

[2020-03-05 22:42:09 #19 type.registry] 
New type java.util.Vector<java.lang.Object>

------------------------------------------------------------------------------------------------------------------------

[2020-03-05 22:57:59 #1 store] 
Database '/Users/ldeniz/git/Bets/resources/bets.temp' is opened by 7987@MacBook-Pro-de-Leroy.local

[2020-03-05 22:57:59 #2 type.registry] 
New type domain.Question

[2020-03-05 22:57:59 #3 type] 
Type domain.Question is not enhanced.

[2020-03-05 22:57:59 #4 type.registry] 
New type domain.Answer

[2020-03-05 22:57:59 #5 type.registry] 
New type java.util.Vector<domain.Answer>

[2020-03-05 22:57:59 #6 type.registry] 
New type domain.Event

[2020-03-05 22:57:59 #7 type] 
Type domain.Answer is not enhanced.

[2020-03-05 22:57:59 #8 type.registry] 
New type domain.Apuesta

[2020-03-05 22:57:59 #9 type.registry] 
New type java.util.Vector<domain.Apuesta>

[2020-03-05 22:57:59 #10 type] 
Type domain.Event is not enhanced.

[2020-03-05 22:57:59 #11 type.registry] 
New type java.util.Vector<domain.Question>

[2020-03-05 22:57:59 #12 type] 
Type domain.Apuesta is not enhanced.

[2020-03-05 22:57:59 #13 type.registry] 
New type domain.Usuario

[2020-03-05 22:57:59 #14 type.registry] 
New type domain.Cliente

[2020-03-05 22:57:59 #15 type] 
Type domain.Usuario is not enhanced.

[2020-03-05 22:57:59 #16 type] 
Type domain.Cliente is not enhanced.

[2020-03-05 22:57:59 #17 type.registry] 
New type domain.Admin

[2020-03-05 22:57:59 #18 type] 
Type domain.Admin is not enhanced.

[2020-03-05 22:57:59 #19 type.registry] 
New type java.util.Vector<java.lang.Object>

------------------------------------------------------------------------------------------------------------------------

[2020-03-05 23:05:17 #1 store] 
Database '/Users/ldeniz/git/Bets/resources/bets.temp' is opened by 8045@MacBook-Pro-de-Leroy.local

[2020-03-05 23:05:18 #2 type.registry] 
New type domain.Question

[2020-03-05 23:05:18 #3 type] 
Type domain.Question is not enhanced.

[2020-03-05 23:05:18 #4 type.registry] 
New type domain.Answer

[2020-03-05 23:05:18 #5 type.registry] 
New type java.util.Vector<domain.Answer>

[2020-03-05 23:05:18 #6 type.registry] 
New type domain.Event

[2020-03-05 23:05:18 #7 type] 
Type domain.Answer is not enhanced.

[2020-03-05 23:05:18 #8 type.registry] 
New type domain.Apuesta

[2020-03-05 23:05:18 #9 type.registry] 
New type java.util.Vector<domain.Apuesta>

[2020-03-05 23:05:18 #10 type] 
Type domain.Event is not enhanced.

[2020-03-05 23:05:18 #11 type.registry] 
New type java.util.Vector<domain.Question>

[2020-03-05 23:05:18 #12 type] 
Type domain.Apuesta is not enhanced.

[2020-03-05 23:05:18 #13 type.registry] 
New type domain.Usuario

[2020-03-05 23:05:18 #14 type.registry] 
New type domain.Cliente

[2020-03-05 23:05:18 #15 type] 
Type domain.Usuario is not enhanced.

[2020-03-05 23:05:18 #16 type] 
Type domain.Cliente is not enhanced.

[2020-03-05 23:05:18 #17 type.registry] 
New type domain.Admin

[2020-03-05 23:05:18 #18 type] 
Type domain.Admin is not enhanced.

[2020-03-05 23:05:18 #19 type.registry] 
New type java.util.Vector<java.lang.Object>

------------------------------------------------------------------------------------------------------------------------

[2020-03-05 23:09:58 #1 store] 
Database '/Users/ldeniz/git/Bets/resources/bets.temp' is opened by 8083@MacBook-Pro-de-Leroy.local

[2020-03-05 23:09:58 #2 type.registry] 
New type domain.Question

[2020-03-05 23:09:58 #3 type] 
Type domain.Question is not enhanced.

[2020-03-05 23:09:58 #4 type.registry] 
New type domain.Answer

[2020-03-05 23:09:58 #5 type.registry] 
New type java.util.Vector<domain.Answer>

[2020-03-05 23:09:58 #6 type.registry] 
New type domain.Event

[2020-03-05 23:09:58 #7 type] 
Type domain.Answer is not enhanced.

[2020-03-05 23:09:58 #8 type.registry] 
New type domain.Apuesta

[2020-03-05 23:09:58 #9 type.registry] 
New type java.util.Vector<domain.Apuesta>

[2020-03-05 23:09:58 #10 type] 
Type domain.Event is not enhanced.

[2020-03-05 23:09:58 #11 type.registry] 
New type java.util.Vector<domain.Question>

[2020-03-05 23:09:58 #12 type] 
Type domain.Apuesta is not enhanced.

[2020-03-05 23:09:58 #13 type.registry] 
New type domain.Usuario

[2020-03-05 23:09:58 #14 type.registry] 
New type domain.Cliente

[2020-03-05 23:09:58 #15 type] 
Type domain.Usuario is not enhanced.

[2020-03-05 23:09:58 #16 type] 
Type domain.Cliente is not enhanced.

[2020-03-05 23:09:58 #17 type.registry] 
New type domain.Admin

[2020-03-05 23:09:58 #18 type] 
Type domain.Admin is not enhanced.

[2020-03-05 23:09:58 #19 type.registry] 
New type java.util.Vector<java.lang.Object>

------------------------------------------------------------------------------------------------------------------------

[2020-03-05 23:15:50 #1 store] 
Database '/Users/ldeniz/git/Bets/resources/bets.temp' is opened by 8172@MacBook-Pro-de-Leroy.local

[2020-03-05 23:15:50 #2 type.registry] 
New type domain.Question

[2020-03-05 23:15:50 #3 type] 
Type domain.Question is not enhanced.

[2020-03-05 23:15:50 #4 type.registry] 
New type domain.Answer

[2020-03-05 23:15:50 #5 type.registry] 
New type java.util.Vector<domain.Answer>

[2020-03-05 23:15:50 #6 type.registry] 
New type domain.Event

[2020-03-05 23:15:50 #7 type] 
Type domain.Answer is not enhanced.

[2020-03-05 23:15:50 #8 type.registry] 
New type domain.Apuesta

[2020-03-05 23:15:50 #9 type.registry] 
New type java.util.Vector<domain.Apuesta>

[2020-03-05 23:15:50 #10 type] 
Type domain.Event is not enhanced.

[2020-03-05 23:15:50 #11 type.registry] 
New type java.util.Vector<domain.Question>

[2020-03-05 23:15:50 #12 type] 
Type domain.Apuesta is not enhanced.

[2020-03-05 23:15:50 #13 type.registry] 
New type domain.Usuario

[2020-03-05 23:15:50 #14 type.registry] 
New type domain.Cliente

[2020-03-05 23:15:50 #15 type] 
Type domain.Usuario is not enhanced.

[2020-03-05 23:15:50 #16 type] 
Type domain.Cliente is not enhanced.

[2020-03-05 23:15:50 #17 type.registry] 
New type domain.Admin

[2020-03-05 23:15:50 #18 type] 
Type domain.Admin is not enhanced.

[2020-03-05 23:15:50 #19 type.registry] 
New type java.util.Vector<java.lang.Object>

------------------------------------------------------------------------------------------------------------------------

[2020-03-05 23:17:48 #1 store] 
Database '/Users/ldeniz/git/Bets/resources/bets.temp' is opened by 8192@MacBook-Pro-de-Leroy.local

[2020-03-05 23:17:48 #2 type.registry] 
New type domain.Question

[2020-03-05 23:17:48 #3 type] 
Type domain.Question is not enhanced.

[2020-03-05 23:17:48 #4 type.registry] 
New type domain.Answer

[2020-03-05 23:17:48 #5 type.registry] 
New type java.util.Vector<domain.Answer>

[2020-03-05 23:17:48 #6 type.registry] 
New type domain.Event

[2020-03-05 23:17:48 #7 type] 
Type domain.Answer is not enhanced.

[2020-03-05 23:17:48 #8 type.registry] 
New type domain.Apuesta

[2020-03-05 23:17:48 #9 type.registry] 
New type java.util.Vector<domain.Apuesta>

[2020-03-05 23:17:48 #10 type] 
Type domain.Event is not enhanced.

[2020-03-05 23:17:48 #11 type.registry] 
New type java.util.Vector<domain.Question>

[2020-03-05 23:17:48 #12 type] 
Type domain.Apuesta is not enhanced.

[2020-03-05 23:17:48 #13 type.registry] 
New type domain.Usuario

[2020-03-05 23:17:48 #14 type.registry] 
New type domain.Cliente

[2020-03-05 23:17:48 #15 type] 
Type domain.Usuario is not enhanced.

[2020-03-05 23:17:48 #16 type] 
Type domain.Cliente is not enhanced.

[2020-03-05 23:17:48 #17 type.registry] 
New type domain.Admin

[2020-03-05 23:17:48 #18 type] 
Type domain.Admin is not enhanced.

[2020-03-05 23:17:48 #19 type.registry] 
New type java.util.Vector<java.lang.Object>

