------------------------------------------------------------------------------------------------------------------------

[2020-03-21 01:04:18 #1 store] 
Database '/Users/ldeniz/git/Bets/resources/bets.temp' is opened by 74453@MacBook-Pro-de-Leroy.local

[2020-03-21 01:04:18 #2 type.registry] 
New type domain.Question

[2020-03-21 01:04:18 #3 type] 
Type domain.Question is not enhanced.

[2020-03-21 01:04:18 #4 type.registry] 
New type domain.Answer

[2020-03-21 01:04:18 #5 type.registry] 
New type java.util.Vector<domain.Answer>

[2020-03-21 01:04:18 #6 type.registry] 
New type domain.Event

[2020-03-21 01:04:18 #7 type] 
Type domain.Answer is not enhanced.

[2020-03-21 01:04:18 #8 type.registry] 
New type domain.ApuestaGlobal

[2020-03-21 01:04:18 #9 type.registry] 
New type domain.Apuesta

[2020-03-21 01:04:18 #10 type.registry] 
New type java.util.Vector<domain.Apuesta>

[2020-03-21 01:04:18 #11 type] 
Type domain.Event is not enhanced.

[2020-03-21 01:04:18 #12 type.registry] 
New type java.util.Vector<domain.Question>

[2020-03-21 01:04:18 #13 type] 
Type domain.ApuestaGlobal is not enhanced.

[2020-03-21 01:04:18 #14 type.registry] 
New type domain.Usuario

[2020-03-21 01:04:18 #15 type.registry] 
New type domain.Cliente

[2020-03-21 01:04:18 #16 type] 
Type domain.Apuesta is not enhanced.

[2020-03-21 01:04:18 #17 type] 
Type domain.Usuario is not enhanced.

[2020-03-21 01:04:18 #18 type] 
Type domain.Cliente is not enhanced.

[2020-03-21 01:04:18 #19 type.registry] 
New type domain.Admin

[2020-03-21 01:04:18 #20 type] 
Type domain.Admin is not enhanced.

[2020-03-21 01:04:18 #21 type.registry] 
New type domain.CuentaGlobal

[2020-03-21 01:04:18 #22 type] 
Type domain.CuentaGlobal is not enhanced.

[2020-03-21 01:04:18 #23 type.registry] 
New type java.util.Vector<java.lang.Object>

------------------------------------------------------------------------------------------------------------------------

[2020-03-21 01:35:48 #1 store] 
Database '/Users/ldeniz/git/Bets/resources/bets.temp' is opened by 74681@MacBook-Pro-de-Leroy.local

[2020-03-21 01:35:48 #2 type.registry] 
New type domain.Question

[2020-03-21 01:35:48 #3 type] 
Type domain.Question is not enhanced.

[2020-03-21 01:35:48 #4 type.registry] 
New type domain.Answer

[2020-03-21 01:35:48 #5 type.registry] 
New type java.util.Vector<domain.Answer>

[2020-03-21 01:35:48 #6 type.registry] 
New type domain.Event

[2020-03-21 01:35:48 #7 type] 
Type domain.Answer is not enhanced.

[2020-03-21 01:35:48 #8 type.registry] 
New type domain.ApuestaGlobal

[2020-03-21 01:35:48 #9 type.registry] 
New type domain.Apuesta

[2020-03-21 01:35:48 #10 type.registry] 
New type java.util.Vector<domain.Apuesta>

[2020-03-21 01:35:48 #11 type] 
Type domain.Event is not enhanced.

[2020-03-21 01:35:48 #12 type.registry] 
New type java.util.Vector<domain.Question>

[2020-03-21 01:35:48 #13 type] 
Type domain.ApuestaGlobal is not enhanced.

[2020-03-21 01:35:48 #14 type.registry] 
New type domain.Usuario

[2020-03-21 01:35:48 #15 type.registry] 
New type domain.Cliente

[2020-03-21 01:35:48 #16 type] 
Type domain.Apuesta is not enhanced.

[2020-03-21 01:35:48 #17 type] 
Type domain.Usuario is not enhanced.

[2020-03-21 01:35:48 #18 type] 
Type domain.Cliente is not enhanced.

[2020-03-21 01:35:48 #19 type.registry] 
New type domain.Admin

[2020-03-21 01:35:48 #20 type] 
Type domain.Admin is not enhanced.

[2020-03-21 01:35:48 #21 type.registry] 
New type domain.CuentaGlobal

[2020-03-21 01:35:48 #22 type] 
Type domain.CuentaGlobal is not enhanced.

[2020-03-21 01:35:48 #23 type.registry] 
New type java.util.Vector<java.lang.Object>

------------------------------------------------------------------------------------------------------------------------

[2020-03-21 02:29:58 #1 store] 
Database '/Users/ldeniz/git/Bets/resources/bets.temp' is opened by 75138@MacBook-Pro-de-Leroy.local

[2020-03-21 02:29:58 #2 type.registry] 
New type domain.Question

[2020-03-21 02:29:58 #3 type] 
Type domain.Question is not enhanced.

[2020-03-21 02:29:58 #4 type.registry] 
New type domain.Answer

[2020-03-21 02:29:58 #5 type.registry] 
New type java.util.Vector<domain.Answer>

[2020-03-21 02:29:58 #6 type.registry] 
New type domain.Event

[2020-03-21 02:29:58 #7 type] 
Type domain.Answer is not enhanced.

[2020-03-21 02:29:58 #8 type.registry] 
New type domain.ApuestaGlobal

[2020-03-21 02:29:58 #9 type.registry] 
New type domain.Apuesta

[2020-03-21 02:29:58 #10 type.registry] 
New type java.util.Vector<domain.Apuesta>

[2020-03-21 02:29:58 #11 type] 
Type domain.Event is not enhanced.

[2020-03-21 02:29:58 #12 type.registry] 
New type java.util.Vector<domain.Question>

[2020-03-21 02:29:58 #13 type] 
Type domain.ApuestaGlobal is not enhanced.

[2020-03-21 02:29:58 #14 type.registry] 
New type domain.Usuario

[2020-03-21 02:29:58 #15 type.registry] 
New type domain.Cliente

[2020-03-21 02:29:58 #16 type] 
Type domain.Apuesta is not enhanced.

[2020-03-21 02:29:58 #17 type] 
Type domain.Usuario is not enhanced.

[2020-03-21 02:29:58 #18 type] 
Type domain.Cliente is not enhanced.

[2020-03-21 02:29:58 #19 type.registry] 
New type domain.Admin

[2020-03-21 02:29:58 #20 type] 
Type domain.Admin is not enhanced.

[2020-03-21 02:29:58 #21 type.registry] 
New type domain.CuentaGlobal

[2020-03-21 02:29:58 #22 type] 
Type domain.CuentaGlobal is not enhanced.

[2020-03-21 02:29:58 #23 type.registry] 
New type java.util.Vector<java.lang.Object>

------------------------------------------------------------------------------------------------------------------------

[2020-03-21 02:43:13 #1 store] 
Database '/Users/ldeniz/git/Bets/resources/bets.temp' is opened by 75252@MacBook-Pro-de-Leroy.local

[2020-03-21 02:43:13 #2 type.registry] 
New type domain.Question

[2020-03-21 02:43:13 #3 type] 
Type domain.Question is not enhanced.

[2020-03-21 02:43:13 #4 type.registry] 
New type domain.Answer

[2020-03-21 02:43:13 #5 type.registry] 
New type java.util.Vector<domain.Answer>

[2020-03-21 02:43:13 #6 type.registry] 
New type domain.Event

[2020-03-21 02:43:13 #7 type] 
Type domain.Answer is not enhanced.

[2020-03-21 02:43:13 #8 type.registry] 
New type domain.ApuestaGlobal

[2020-03-21 02:43:13 #9 type.registry] 
New type domain.Apuesta

[2020-03-21 02:43:13 #10 type.registry] 
New type java.util.Vector<domain.Apuesta>

[2020-03-21 02:43:13 #11 type] 
Type domain.Event is not enhanced.

[2020-03-21 02:43:13 #12 type.registry] 
New type java.util.Vector<domain.Question>

[2020-03-21 02:43:13 #13 type] 
Type domain.ApuestaGlobal is not enhanced.

[2020-03-21 02:43:13 #14 type.registry] 
New type domain.Usuario

[2020-03-21 02:43:13 #15 type.registry] 
New type domain.Cliente

[2020-03-21 02:43:13 #16 type] 
Type domain.Apuesta is not enhanced.

[2020-03-21 02:43:13 #17 type] 
Type domain.Usuario is not enhanced.

[2020-03-21 02:43:13 #18 type] 
Type domain.Cliente is not enhanced.

[2020-03-21 02:43:13 #19 type.registry] 
New type domain.Admin

[2020-03-21 02:43:13 #20 type] 
Type domain.Admin is not enhanced.

[2020-03-21 02:43:13 #21 type.registry] 
New type domain.CuentaGlobal

[2020-03-21 02:43:13 #22 type] 
Type domain.CuentaGlobal is not enhanced.

[2020-03-21 02:43:13 #23 type.registry] 
New type java.util.Vector<java.lang.Object>

------------------------------------------------------------------------------------------------------------------------

[2020-03-21 03:18:51 #1 store] 
Database '/Users/ldeniz/git/Bets/resources/bets.temp' is opened by 75610@MacBook-Pro-de-Leroy.local

[2020-03-21 03:18:51 #2 type.registry] 
New type domain.Question

[2020-03-21 03:18:51 #3 type] 
Type domain.Question is not enhanced.

[2020-03-21 03:18:51 #4 type.registry] 
New type domain.Answer

[2020-03-21 03:18:51 #5 type.registry] 
New type java.util.Vector<domain.Answer>

[2020-03-21 03:18:52 #6 type.registry] 
New type domain.Event

[2020-03-21 03:18:52 #7 type] 
Type domain.Answer is not enhanced.

[2020-03-21 03:18:52 #8 type.registry] 
New type domain.ApuestaGlobal

[2020-03-21 03:18:52 #9 type.registry] 
New type domain.Apuesta

[2020-03-21 03:18:52 #10 type.registry] 
New type java.util.Vector<domain.Apuesta>

[2020-03-21 03:18:52 #11 type] 
Type domain.Event is not enhanced.

[2020-03-21 03:18:52 #12 type.registry] 
New type java.util.Vector<domain.Question>

[2020-03-21 03:18:52 #13 type] 
Type domain.ApuestaGlobal is not enhanced.

[2020-03-21 03:18:52 #14 type.registry] 
New type domain.Usuario

[2020-03-21 03:18:52 #15 type.registry] 
New type domain.Cliente

[2020-03-21 03:18:52 #16 type] 
Type domain.Apuesta is not enhanced.

[2020-03-21 03:18:52 #17 type] 
Type domain.Usuario is not enhanced.

[2020-03-21 03:18:52 #18 type] 
Type domain.Cliente is not enhanced.

[2020-03-21 03:18:52 #19 type.registry] 
New type domain.Admin

[2020-03-21 03:18:52 #20 type] 
Type domain.Admin is not enhanced.

[2020-03-21 03:18:52 #21 type.registry] 
New type domain.CuentaGlobal

[2020-03-21 03:18:52 #22 type] 
Type domain.CuentaGlobal is not enhanced.

[2020-03-21 03:18:52 #23 type.registry] 
New type java.util.Vector<java.lang.Object>

------------------------------------------------------------------------------------------------------------------------

[2020-03-21 13:01:46 #1 store] 
Database '/Users/ldeniz/git/Bets/resources/bets.temp' is opened by 78007@MacBook-Pro-de-Leroy.local

[2020-03-21 13:01:46 #2 type.registry] 
New type domain.Question

[2020-03-21 13:01:46 #3 type] 
Type domain.Question is not enhanced.

[2020-03-21 13:01:46 #4 type.registry] 
New type domain.Answer

[2020-03-21 13:01:46 #5 type.registry] 
New type java.util.Vector<domain.Answer>

[2020-03-21 13:01:46 #6 type.registry] 
New type domain.Event

[2020-03-21 13:01:46 #7 type] 
Type domain.Answer is not enhanced.

[2020-03-21 13:01:46 #8 type.registry] 
New type domain.ApuestaGlobal

[2020-03-21 13:01:46 #9 type.registry] 
New type domain.Apuesta

[2020-03-21 13:01:46 #10 type.registry] 
New type java.util.Vector<domain.Apuesta>

[2020-03-21 13:01:46 #11 type] 
Type domain.Event is not enhanced.

[2020-03-21 13:01:46 #12 type.registry] 
New type java.util.Vector<domain.Question>

[2020-03-21 13:01:46 #13 type] 
Type domain.ApuestaGlobal is not enhanced.

[2020-03-21 13:01:46 #14 type.registry] 
New type domain.Usuario

[2020-03-21 13:01:46 #15 type.registry] 
New type domain.Cliente

[2020-03-21 13:01:46 #16 type] 
Type domain.Apuesta is not enhanced.

[2020-03-21 13:01:46 #17 type] 
Type domain.Usuario is not enhanced.

[2020-03-21 13:01:46 #18 type] 
Type domain.Cliente is not enhanced.

[2020-03-21 13:01:46 #19 type.registry] 
New type domain.Admin

[2020-03-21 13:01:46 #20 type] 
Type domain.Admin is not enhanced.

[2020-03-21 13:01:46 #21 type.registry] 
New type domain.CuentaGlobal

[2020-03-21 13:01:46 #22 type] 
Type domain.CuentaGlobal is not enhanced.

[2020-03-21 13:01:46 #23 type.registry] 
New type java.util.Vector<java.lang.Object>

------------------------------------------------------------------------------------------------------------------------

[2020-03-21 13:56:12 #1 store] 
Database '/Users/ldeniz/git/Bets/resources/bets.temp' is opened by 78529@MacBook-Pro-de-Leroy.local

[2020-03-21 13:56:12 #2 type.registry] 
New type domain.Question

[2020-03-21 13:56:12 #3 type] 
Type domain.Question is not enhanced.

[2020-03-21 13:56:12 #4 type.registry] 
New type domain.Answer

[2020-03-21 13:56:12 #5 type.registry] 
New type java.util.Vector<domain.Answer>

[2020-03-21 13:56:12 #6 type.registry] 
New type domain.Event

[2020-03-21 13:56:12 #7 type] 
Type domain.Answer is not enhanced.

[2020-03-21 13:56:12 #8 type.registry] 
New type domain.ApuestaGlobal

[2020-03-21 13:56:12 #9 type.registry] 
New type domain.Apuesta

[2020-03-21 13:56:12 #10 type.registry] 
New type java.util.Vector<domain.Apuesta>

[2020-03-21 13:56:12 #11 type] 
Type domain.Event is not enhanced.

[2020-03-21 13:56:12 #12 type.registry] 
New type java.util.Vector<domain.Question>

[2020-03-21 13:56:12 #13 type] 
Type domain.ApuestaGlobal is not enhanced.

[2020-03-21 13:56:12 #14 type.registry] 
New type domain.Usuario

[2020-03-21 13:56:12 #15 type.registry] 
New type domain.Cliente

[2020-03-21 13:56:12 #16 type] 
Type domain.Apuesta is not enhanced.

[2020-03-21 13:56:12 #17 type] 
Type domain.Usuario is not enhanced.

[2020-03-21 13:56:12 #18 type] 
Type domain.Cliente is not enhanced.

[2020-03-21 13:56:12 #19 type.registry] 
New type domain.Admin

[2020-03-21 13:56:12 #20 type] 
Type domain.Admin is not enhanced.

[2020-03-21 13:56:12 #21 type.registry] 
New type domain.CuentaGlobal

[2020-03-21 13:56:12 #22 type] 
Type domain.CuentaGlobal is not enhanced.

[2020-03-21 13:56:12 #23 type.registry] 
New type java.util.Vector<java.lang.Object>

------------------------------------------------------------------------------------------------------------------------

[2020-03-21 14:42:04 #1 store] 
Database '/Users/ldeniz/git/Bets/resources/bets.temp' is opened by 79057@MacBook-Pro-de-Leroy.local

[2020-03-21 14:42:04 #2 type.registry] 
New type domain.Question

[2020-03-21 14:42:04 #3 type] 
Type domain.Question is not enhanced.

[2020-03-21 14:42:04 #4 type.registry] 
New type domain.Answer

[2020-03-21 14:42:04 #5 type.registry] 
New type java.util.Vector<domain.Answer>

[2020-03-21 14:42:04 #6 type.registry] 
New type domain.Event

[2020-03-21 14:42:04 #7 type] 
Type domain.Answer is not enhanced.

[2020-03-21 14:42:04 #8 type.registry] 
New type domain.ApuestaGlobal

[2020-03-21 14:42:04 #9 type.registry] 
New type domain.Apuesta

[2020-03-21 14:42:04 #10 type.registry] 
New type java.util.Vector<domain.Apuesta>

[2020-03-21 14:42:04 #11 type] 
Type domain.Event is not enhanced.

[2020-03-21 14:42:04 #12 type.registry] 
New type java.util.Vector<domain.Question>

[2020-03-21 14:42:04 #13 type] 
Type domain.ApuestaGlobal is not enhanced.

[2020-03-21 14:42:04 #14 type.registry] 
New type domain.Usuario

[2020-03-21 14:42:04 #15 type.registry] 
New type domain.Cliente

[2020-03-21 14:42:04 #16 type] 
Type domain.Apuesta is not enhanced.

[2020-03-21 14:42:04 #17 type] 
Type domain.Usuario is not enhanced.

[2020-03-21 14:42:04 #18 type] 
Type domain.Cliente is not enhanced.

[2020-03-21 14:42:04 #19 type.registry] 
New type domain.Admin

[2020-03-21 14:42:04 #20 type] 
Type domain.Admin is not enhanced.

[2020-03-21 14:42:04 #21 type.registry] 
New type domain.CuentaGlobal

[2020-03-21 14:42:04 #22 type] 
Type domain.CuentaGlobal is not enhanced.

[2020-03-21 14:42:04 #23 type.registry] 
New type java.util.Vector<java.lang.Object>

------------------------------------------------------------------------------------------------------------------------

[2020-03-21 16:55:27 #1 store] 
Database '/Users/ldeniz/git/Bets/resources/bets.temp' is opened by 80443@MacBook-Pro-de-Leroy.local

[2020-03-21 16:55:27 #2 type.registry] 
New type domain.Question

[2020-03-21 16:55:27 #3 type] 
Type domain.Question is not enhanced.

[2020-03-21 16:55:27 #4 type.registry] 
New type domain.Answer

[2020-03-21 16:55:27 #5 type.registry] 
New type java.util.Vector<domain.Answer>

[2020-03-21 16:55:27 #6 type.registry] 
New type domain.Event

[2020-03-21 16:55:27 #7 type] 
Type domain.Answer is not enhanced.

[2020-03-21 16:55:27 #8 type.registry] 
New type domain.ApuestaGlobal

[2020-03-21 16:55:27 #9 type.registry] 
New type domain.Apuesta

[2020-03-21 16:55:27 #10 type.registry] 
New type java.util.Vector<domain.Apuesta>

[2020-03-21 16:55:27 #11 type] 
Type domain.Event is not enhanced.

[2020-03-21 16:55:27 #12 type.registry] 
New type java.util.Vector<domain.Question>

[2020-03-21 16:55:27 #13 type] 
Type domain.ApuestaGlobal is not enhanced.

[2020-03-21 16:55:27 #14 type.registry] 
New type domain.Usuario

[2020-03-21 16:55:27 #15 type.registry] 
New type domain.Cliente

[2020-03-21 16:55:27 #16 type] 
Type domain.Apuesta is not enhanced.

[2020-03-21 16:55:27 #17 type] 
Type domain.Usuario is not enhanced.

[2020-03-21 16:55:27 #18 type] 
Type domain.Cliente is not enhanced.

[2020-03-21 16:55:27 #19 type.registry] 
New type domain.Admin

[2020-03-21 16:55:27 #20 type] 
Type domain.Admin is not enhanced.

[2020-03-21 16:55:27 #21 type.registry] 
New type domain.CuentaGlobal

[2020-03-21 16:55:27 #22 type] 
Type domain.CuentaGlobal is not enhanced.

[2020-03-21 16:55:27 #23 type.registry] 
New type java.util.Vector<java.lang.Object>

------------------------------------------------------------------------------------------------------------------------

[2020-03-21 17:00:34 #1 store] 
Database '/Users/ldeniz/git/Bets/resources/bets.temp' is opened by 80496@MacBook-Pro-de-Leroy.local

[2020-03-21 17:00:34 #2 type.registry] 
New type domain.Question

[2020-03-21 17:00:34 #3 type] 
Type domain.Question is not enhanced.

[2020-03-21 17:00:34 #4 type.registry] 
New type domain.Answer

[2020-03-21 17:00:34 #5 type.registry] 
New type java.util.Vector<domain.Answer>

[2020-03-21 17:00:34 #6 type.registry] 
New type domain.Event

[2020-03-21 17:00:34 #7 type] 
Type domain.Answer is not enhanced.

[2020-03-21 17:00:34 #8 type.registry] 
New type domain.ApuestaGlobal

[2020-03-21 17:00:34 #9 type.registry] 
New type domain.Apuesta

[2020-03-21 17:00:34 #10 type.registry] 
New type java.util.Vector<domain.Apuesta>

[2020-03-21 17:00:34 #11 type] 
Type domain.Event is not enhanced.

[2020-03-21 17:00:34 #12 type.registry] 
New type java.util.Vector<domain.Question>

[2020-03-21 17:00:34 #13 type] 
Type domain.ApuestaGlobal is not enhanced.

[2020-03-21 17:00:34 #14 type.registry] 
New type domain.Usuario

[2020-03-21 17:00:34 #15 type.registry] 
New type domain.Cliente

[2020-03-21 17:00:34 #16 type] 
Type domain.Apuesta is not enhanced.

[2020-03-21 17:00:34 #17 type] 
Type domain.Usuario is not enhanced.

[2020-03-21 17:00:34 #18 type] 
Type domain.Cliente is not enhanced.

[2020-03-21 17:00:34 #19 type.registry] 
New type domain.Admin

[2020-03-21 17:00:34 #20 type] 
Type domain.Admin is not enhanced.

[2020-03-21 17:00:34 #21 type.registry] 
New type domain.CuentaGlobal

[2020-03-21 17:00:34 #22 type] 
Type domain.CuentaGlobal is not enhanced.

[2020-03-21 17:00:34 #23 type.registry] 
New type java.util.Vector<java.lang.Object>

------------------------------------------------------------------------------------------------------------------------

[2020-03-21 17:02:46 #1 store] 
Database '/Users/ldeniz/git/Bets/resources/bets.temp' is opened by 80514@MacBook-Pro-de-Leroy.local

[2020-03-21 17:02:47 #2 type.registry] 
New type domain.Question

[2020-03-21 17:02:47 #3 type] 
Type domain.Question is not enhanced.

[2020-03-21 17:02:47 #4 type.registry] 
New type domain.Answer

[2020-03-21 17:02:47 #5 type.registry] 
New type java.util.Vector<domain.Answer>

[2020-03-21 17:02:47 #6 type.registry] 
New type domain.Event

[2020-03-21 17:02:47 #7 type] 
Type domain.Answer is not enhanced.

[2020-03-21 17:02:47 #8 type.registry] 
New type domain.ApuestaGlobal

[2020-03-21 17:02:47 #9 type.registry] 
New type domain.Apuesta

[2020-03-21 17:02:47 #10 type.registry] 
New type java.util.Vector<domain.Apuesta>

[2020-03-21 17:02:47 #11 type] 
Type domain.Event is not enhanced.

[2020-03-21 17:02:47 #12 type.registry] 
New type java.util.Vector<domain.Question>

[2020-03-21 17:02:47 #13 type] 
Type domain.ApuestaGlobal is not enhanced.

[2020-03-21 17:02:47 #14 type.registry] 
New type domain.Usuario

[2020-03-21 17:02:47 #15 type.registry] 
New type domain.Cliente

[2020-03-21 17:02:47 #16 type] 
Type domain.Apuesta is not enhanced.

[2020-03-21 17:02:47 #17 type] 
Type domain.Usuario is not enhanced.

[2020-03-21 17:02:47 #18 type] 
Type domain.Cliente is not enhanced.

[2020-03-21 17:02:47 #19 type.registry] 
New type domain.Admin

[2020-03-21 17:02:47 #20 type] 
Type domain.Admin is not enhanced.

[2020-03-21 17:02:47 #21 type.registry] 
New type domain.CuentaGlobal

[2020-03-21 17:02:47 #22 type] 
Type domain.CuentaGlobal is not enhanced.

[2020-03-21 17:02:47 #23 type.registry] 
New type java.util.Vector<java.lang.Object>

------------------------------------------------------------------------------------------------------------------------

[2020-03-21 17:03:19 #1 store] 
Database '/Users/ldeniz/git/Bets/resources/bets.temp' is opened by 80520@MacBook-Pro-de-Leroy.local

[2020-03-21 17:03:19 #2 type.registry] 
New type domain.Question

[2020-03-21 17:03:19 #3 type] 
Type domain.Question is not enhanced.

[2020-03-21 17:03:19 #4 type.registry] 
New type domain.Answer

[2020-03-21 17:03:19 #5 type.registry] 
New type java.util.Vector<domain.Answer>

[2020-03-21 17:03:19 #6 type.registry] 
New type domain.Event

[2020-03-21 17:03:19 #7 type] 
Type domain.Answer is not enhanced.

[2020-03-21 17:03:19 #8 type.registry] 
New type domain.ApuestaGlobal

[2020-03-21 17:03:19 #9 type.registry] 
New type domain.Apuesta

[2020-03-21 17:03:19 #10 type.registry] 
New type java.util.Vector<domain.Apuesta>

[2020-03-21 17:03:19 #11 type] 
Type domain.Event is not enhanced.

[2020-03-21 17:03:19 #12 type.registry] 
New type java.util.Vector<domain.Question>

[2020-03-21 17:03:19 #13 type] 
Type domain.ApuestaGlobal is not enhanced.

[2020-03-21 17:03:19 #14 type.registry] 
New type domain.Usuario

[2020-03-21 17:03:19 #15 type.registry] 
New type domain.Cliente

[2020-03-21 17:03:19 #16 type] 
Type domain.Apuesta is not enhanced.

[2020-03-21 17:03:19 #17 type] 
Type domain.Usuario is not enhanced.

[2020-03-21 17:03:19 #18 type] 
Type domain.Cliente is not enhanced.

[2020-03-21 17:03:19 #19 type.registry] 
New type domain.Admin

[2020-03-21 17:03:19 #20 type] 
Type domain.Admin is not enhanced.

[2020-03-21 17:03:19 #21 type.registry] 
New type domain.CuentaGlobal

[2020-03-21 17:03:19 #22 type] 
Type domain.CuentaGlobal is not enhanced.

[2020-03-21 17:03:19 #23 type.registry] 
New type java.util.Vector<java.lang.Object>

------------------------------------------------------------------------------------------------------------------------

[2020-03-21 17:19:53 #1 store] 
Database '/Users/ldeniz/git/Bets/resources/bets.temp' is opened by 80649@MacBook-Pro-de-Leroy.local

[2020-03-21 17:19:53 #2 type.registry] 
New type domain.Question

[2020-03-21 17:19:53 #3 type] 
Type domain.Question is not enhanced.

[2020-03-21 17:19:53 #4 type.registry] 
New type domain.Answer

[2020-03-21 17:19:53 #5 type.registry] 
New type java.util.Vector<domain.Answer>

[2020-03-21 17:19:53 #6 type.registry] 
New type domain.Event

[2020-03-21 17:19:53 #7 type] 
Type domain.Answer is not enhanced.

[2020-03-21 17:19:53 #8 type.registry] 
New type domain.ApuestaGlobal

[2020-03-21 17:19:53 #9 type.registry] 
New type domain.Apuesta

[2020-03-21 17:19:53 #10 type.registry] 
New type java.util.Vector<domain.Apuesta>

[2020-03-21 17:19:53 #11 type] 
Type domain.Event is not enhanced.

[2020-03-21 17:19:53 #12 type.registry] 
New type java.util.Vector<domain.Question>

[2020-03-21 17:19:53 #13 type] 
Type domain.ApuestaGlobal is not enhanced.

[2020-03-21 17:19:53 #14 type.registry] 
New type domain.Usuario

[2020-03-21 17:19:53 #15 type.registry] 
New type domain.Cliente

[2020-03-21 17:19:53 #16 type] 
Type domain.Apuesta is not enhanced.

[2020-03-21 17:19:53 #17 type] 
Type domain.Usuario is not enhanced.

[2020-03-21 17:19:53 #18 type] 
Type domain.Cliente is not enhanced.

[2020-03-21 17:19:53 #19 type.registry] 
New type domain.Admin

[2020-03-21 17:19:53 #20 type] 
Type domain.Admin is not enhanced.

[2020-03-21 17:19:53 #21 type.registry] 
New type domain.CuentaGlobal

[2020-03-21 17:19:53 #22 type] 
Type domain.CuentaGlobal is not enhanced.

[2020-03-21 17:19:53 #23 type.registry] 
New type java.util.Vector<java.lang.Object>

------------------------------------------------------------------------------------------------------------------------

[2020-03-21 17:23:24 #1 store] 
Database '/Users/ldeniz/git/Bets/resources/bets.temp' is opened by 80673@MacBook-Pro-de-Leroy.local

[2020-03-21 17:23:24 #2 type.registry] 
New type domain.Question

[2020-03-21 17:23:24 #3 type] 
Type domain.Question is not enhanced.

[2020-03-21 17:23:24 #4 type.registry] 
New type domain.Answer

[2020-03-21 17:23:24 #5 type.registry] 
New type java.util.Vector<domain.Answer>

[2020-03-21 17:23:24 #6 type.registry] 
New type domain.Event

[2020-03-21 17:23:24 #7 type] 
Type domain.Answer is not enhanced.

[2020-03-21 17:23:24 #8 type.registry] 
New type domain.ApuestaGlobal

[2020-03-21 17:23:24 #9 type.registry] 
New type domain.Apuesta

[2020-03-21 17:23:24 #10 type.registry] 
New type java.util.Vector<domain.Apuesta>

[2020-03-21 17:23:24 #11 type] 
Type domain.Event is not enhanced.

[2020-03-21 17:23:24 #12 type.registry] 
New type java.util.Vector<domain.Question>

[2020-03-21 17:23:24 #13 type] 
Type domain.ApuestaGlobal is not enhanced.

[2020-03-21 17:23:24 #14 type.registry] 
New type domain.Usuario

[2020-03-21 17:23:24 #15 type.registry] 
New type domain.Cliente

[2020-03-21 17:23:24 #16 type] 
Type domain.Apuesta is not enhanced.

[2020-03-21 17:23:24 #17 type] 
Type domain.Usuario is not enhanced.

[2020-03-21 17:23:24 #18 type] 
Type domain.Cliente is not enhanced.

[2020-03-21 17:23:24 #19 type.registry] 
New type domain.Admin

[2020-03-21 17:23:24 #20 type] 
Type domain.Admin is not enhanced.

[2020-03-21 17:23:24 #21 type.registry] 
New type domain.CuentaGlobal

[2020-03-21 17:23:24 #22 type] 
Type domain.CuentaGlobal is not enhanced.

[2020-03-21 17:23:24 #23 type.registry] 
New type java.util.Vector<java.lang.Object>

------------------------------------------------------------------------------------------------------------------------

[2020-03-21 17:23:55 #1 store] 
Database '/Users/ldeniz/git/Bets/resources/bets.temp' is opened by 80678@MacBook-Pro-de-Leroy.local

[2020-03-21 17:23:55 #2 type.registry] 
New type domain.Question

[2020-03-21 17:23:55 #3 type] 
Type domain.Question is not enhanced.

[2020-03-21 17:23:55 #4 type.registry] 
New type domain.Answer

[2020-03-21 17:23:55 #5 type.registry] 
New type java.util.Vector<domain.Answer>

[2020-03-21 17:23:55 #6 type.registry] 
New type domain.Event

[2020-03-21 17:23:55 #7 type] 
Type domain.Answer is not enhanced.

[2020-03-21 17:23:55 #8 type.registry] 
New type domain.ApuestaGlobal

[2020-03-21 17:23:55 #9 type.registry] 
New type domain.Apuesta

[2020-03-21 17:23:55 #10 type.registry] 
New type java.util.Vector<domain.Apuesta>

[2020-03-21 17:23:55 #11 type] 
Type domain.Event is not enhanced.

[2020-03-21 17:23:55 #12 type.registry] 
New type java.util.Vector<domain.Question>

[2020-03-21 17:23:55 #13 type] 
Type domain.ApuestaGlobal is not enhanced.

[2020-03-21 17:23:55 #14 type.registry] 
New type domain.Usuario

[2020-03-21 17:23:55 #15 type.registry] 
New type domain.Cliente

[2020-03-21 17:23:55 #16 type] 
Type domain.Apuesta is not enhanced.

[2020-03-21 17:23:55 #17 type] 
Type domain.Usuario is not enhanced.

[2020-03-21 17:23:55 #18 type] 
Type domain.Cliente is not enhanced.

[2020-03-21 17:23:55 #19 type.registry] 
New type domain.Admin

[2020-03-21 17:23:55 #20 type] 
Type domain.Admin is not enhanced.

[2020-03-21 17:23:55 #21 type.registry] 
New type domain.CuentaGlobal

[2020-03-21 17:23:55 #22 type] 
Type domain.CuentaGlobal is not enhanced.

[2020-03-21 17:23:56 #23 type.registry] 
New type java.util.Vector<java.lang.Object>

------------------------------------------------------------------------------------------------------------------------

[2020-03-21 17:24:40 #1 store] 
Database '/Users/ldeniz/git/Bets/resources/bets.temp' is opened by 80685@MacBook-Pro-de-Leroy.local

[2020-03-21 17:24:40 #2 type.registry] 
New type domain.Question

[2020-03-21 17:24:40 #3 type] 
Type domain.Question is not enhanced.

[2020-03-21 17:24:40 #4 type.registry] 
New type domain.Answer

[2020-03-21 17:24:40 #5 type.registry] 
New type java.util.Vector<domain.Answer>

[2020-03-21 17:24:40 #6 type.registry] 
New type domain.Event

[2020-03-21 17:24:40 #7 type] 
Type domain.Answer is not enhanced.

[2020-03-21 17:24:40 #8 type.registry] 
New type domain.ApuestaGlobal

[2020-03-21 17:24:40 #9 type.registry] 
New type domain.Apuesta

[2020-03-21 17:24:40 #10 type.registry] 
New type java.util.Vector<domain.Apuesta>

[2020-03-21 17:24:40 #11 type] 
Type domain.Event is not enhanced.

[2020-03-21 17:24:40 #12 type.registry] 
New type java.util.Vector<domain.Question>

[2020-03-21 17:24:40 #13 type] 
Type domain.ApuestaGlobal is not enhanced.

[2020-03-21 17:24:40 #14 type.registry] 
New type domain.Usuario

[2020-03-21 17:24:40 #15 type.registry] 
New type domain.Cliente

[2020-03-21 17:24:40 #16 type] 
Type domain.Apuesta is not enhanced.

[2020-03-21 17:24:40 #17 type] 
Type domain.Usuario is not enhanced.

[2020-03-21 17:24:40 #18 type] 
Type domain.Cliente is not enhanced.

[2020-03-21 17:24:40 #19 type.registry] 
New type domain.Admin

[2020-03-21 17:24:40 #20 type] 
Type domain.Admin is not enhanced.

[2020-03-21 17:24:40 #21 type.registry] 
New type domain.CuentaGlobal

[2020-03-21 17:24:40 #22 type] 
Type domain.CuentaGlobal is not enhanced.

[2020-03-21 17:24:40 #23 type.registry] 
New type java.util.Vector<java.lang.Object>

------------------------------------------------------------------------------------------------------------------------

[2020-03-21 17:25:20 #1 store] 
Database '/Users/ldeniz/git/Bets/resources/bets.temp' is opened by 80694@MacBook-Pro-de-Leroy.local

[2020-03-21 17:25:20 #2 type.registry] 
New type domain.Question

[2020-03-21 17:25:20 #3 type] 
Type domain.Question is not enhanced.

[2020-03-21 17:25:20 #4 type.registry] 
New type domain.Answer

[2020-03-21 17:25:20 #5 type.registry] 
New type java.util.Vector<domain.Answer>

[2020-03-21 17:25:20 #6 type.registry] 
New type domain.Event

[2020-03-21 17:25:20 #7 type] 
Type domain.Answer is not enhanced.

[2020-03-21 17:25:20 #8 type.registry] 
New type domain.ApuestaGlobal

[2020-03-21 17:25:20 #9 type.registry] 
New type domain.Apuesta

[2020-03-21 17:25:20 #10 type.registry] 
New type java.util.Vector<domain.Apuesta>

[2020-03-21 17:25:20 #11 type] 
Type domain.Event is not enhanced.

[2020-03-21 17:25:20 #12 type.registry] 
New type java.util.Vector<domain.Question>

[2020-03-21 17:25:20 #13 type] 
Type domain.ApuestaGlobal is not enhanced.

[2020-03-21 17:25:20 #14 type.registry] 
New type domain.Usuario

[2020-03-21 17:25:20 #15 type.registry] 
New type domain.Cliente

[2020-03-21 17:25:20 #16 type] 
Type domain.Apuesta is not enhanced.

[2020-03-21 17:25:20 #17 type] 
Type domain.Usuario is not enhanced.

[2020-03-21 17:25:20 #18 type] 
Type domain.Cliente is not enhanced.

[2020-03-21 17:25:20 #19 type.registry] 
New type domain.Admin

[2020-03-21 17:25:20 #20 type] 
Type domain.Admin is not enhanced.

[2020-03-21 17:25:20 #21 type.registry] 
New type domain.CuentaGlobal

[2020-03-21 17:25:20 #22 type] 
Type domain.CuentaGlobal is not enhanced.

[2020-03-21 17:25:20 #23 type.registry] 
New type java.util.Vector<java.lang.Object>

------------------------------------------------------------------------------------------------------------------------

[2020-03-21 17:25:50 #1 store] 
Database '/Users/ldeniz/git/Bets/resources/bets.temp' is opened by 80698@MacBook-Pro-de-Leroy.local

[2020-03-21 17:25:51 #2 type.registry] 
New type domain.Question

[2020-03-21 17:25:51 #3 type] 
Type domain.Question is not enhanced.

[2020-03-21 17:25:51 #4 type.registry] 
New type domain.Answer

[2020-03-21 17:25:51 #5 type.registry] 
New type java.util.Vector<domain.Answer>

[2020-03-21 17:25:51 #6 type.registry] 
New type domain.Event

[2020-03-21 17:25:51 #7 type] 
Type domain.Answer is not enhanced.

[2020-03-21 17:25:51 #8 type.registry] 
New type domain.ApuestaGlobal

[2020-03-21 17:25:51 #9 type.registry] 
New type domain.Apuesta

[2020-03-21 17:25:51 #10 type.registry] 
New type java.util.Vector<domain.Apuesta>

[2020-03-21 17:25:51 #11 type] 
Type domain.Event is not enhanced.

[2020-03-21 17:25:51 #12 type.registry] 
New type java.util.Vector<domain.Question>

[2020-03-21 17:25:51 #13 type] 
Type domain.ApuestaGlobal is not enhanced.

[2020-03-21 17:25:51 #14 type.registry] 
New type domain.Usuario

[2020-03-21 17:25:51 #15 type.registry] 
New type domain.Cliente

[2020-03-21 17:25:51 #16 type] 
Type domain.Apuesta is not enhanced.

[2020-03-21 17:25:51 #17 type] 
Type domain.Usuario is not enhanced.

[2020-03-21 17:25:51 #18 type] 
Type domain.Cliente is not enhanced.

[2020-03-21 17:25:51 #19 type.registry] 
New type domain.Admin

[2020-03-21 17:25:51 #20 type] 
Type domain.Admin is not enhanced.

[2020-03-21 17:25:51 #21 type.registry] 
New type domain.CuentaGlobal

[2020-03-21 17:25:51 #22 type] 
Type domain.CuentaGlobal is not enhanced.

[2020-03-21 17:25:51 #23 type.registry] 
New type java.util.Vector<java.lang.Object>

------------------------------------------------------------------------------------------------------------------------

[2020-03-21 17:27:26 #1 store] 
Database '/Users/ldeniz/git/Bets/resources/bets.temp' is opened by 80709@MacBook-Pro-de-Leroy.local

[2020-03-21 17:27:26 #2 type.registry] 
New type domain.Question

[2020-03-21 17:27:26 #3 type] 
Type domain.Question is not enhanced.

[2020-03-21 17:27:26 #4 type.registry] 
New type domain.Answer

[2020-03-21 17:27:26 #5 type.registry] 
New type java.util.Vector<domain.Answer>

[2020-03-21 17:27:26 #6 type.registry] 
New type domain.Event

[2020-03-21 17:27:26 #7 type] 
Type domain.Answer is not enhanced.

[2020-03-21 17:27:26 #8 type.registry] 
New type domain.ApuestaGlobal

[2020-03-21 17:27:26 #9 type.registry] 
New type domain.Apuesta

[2020-03-21 17:27:26 #10 type.registry] 
New type java.util.Vector<domain.Apuesta>

[2020-03-21 17:27:26 #11 type] 
Type domain.Event is not enhanced.

[2020-03-21 17:27:26 #12 type.registry] 
New type java.util.Vector<domain.Question>

[2020-03-21 17:27:26 #13 type] 
Type domain.ApuestaGlobal is not enhanced.

[2020-03-21 17:27:26 #14 type.registry] 
New type domain.Usuario

[2020-03-21 17:27:26 #15 type.registry] 
New type domain.Cliente

[2020-03-21 17:27:26 #16 type] 
Type domain.Apuesta is not enhanced.

[2020-03-21 17:27:26 #17 type] 
Type domain.Usuario is not enhanced.

[2020-03-21 17:27:26 #18 type] 
Type domain.Cliente is not enhanced.

[2020-03-21 17:27:26 #19 type.registry] 
New type domain.Admin

[2020-03-21 17:27:26 #20 type] 
Type domain.Admin is not enhanced.

[2020-03-21 17:27:26 #21 type.registry] 
New type domain.CuentaGlobal

[2020-03-21 17:27:26 #22 type] 
Type domain.CuentaGlobal is not enhanced.

[2020-03-21 17:27:27 #23 type.registry] 
New type java.util.Vector<java.lang.Object>

------------------------------------------------------------------------------------------------------------------------

[2020-03-21 17:29:17 #1 store] 
Database '/Users/ldeniz/git/Bets/resources/bets.temp' is opened by 80740@MacBook-Pro-de-Leroy.local

[2020-03-21 17:29:18 #2 type.registry] 
New type domain.Question

[2020-03-21 17:29:18 #3 type] 
Type domain.Question is not enhanced.

[2020-03-21 17:29:18 #4 type.registry] 
New type domain.Answer

[2020-03-21 17:29:18 #5 type.registry] 
New type java.util.Vector<domain.Answer>

[2020-03-21 17:29:18 #6 type.registry] 
New type domain.Event

[2020-03-21 17:29:18 #7 type] 
Type domain.Answer is not enhanced.

[2020-03-21 17:29:18 #8 type.registry] 
New type domain.ApuestaGlobal

[2020-03-21 17:29:18 #9 type.registry] 
New type domain.Apuesta

[2020-03-21 17:29:18 #10 type.registry] 
New type java.util.Vector<domain.Apuesta>

[2020-03-21 17:29:18 #11 type] 
Type domain.Event is not enhanced.

[2020-03-21 17:29:18 #12 type.registry] 
New type java.util.Vector<domain.Question>

[2020-03-21 17:29:18 #13 type] 
Type domain.ApuestaGlobal is not enhanced.

[2020-03-21 17:29:18 #14 type.registry] 
New type domain.Usuario

[2020-03-21 17:29:18 #15 type.registry] 
New type domain.Cliente

[2020-03-21 17:29:18 #16 type] 
Type domain.Apuesta is not enhanced.

[2020-03-21 17:29:18 #17 type] 
Type domain.Usuario is not enhanced.

[2020-03-21 17:29:18 #18 type] 
Type domain.Cliente is not enhanced.

[2020-03-21 17:29:18 #19 type.registry] 
New type domain.Admin

[2020-03-21 17:29:18 #20 type] 
Type domain.Admin is not enhanced.

[2020-03-21 17:29:18 #21 type.registry] 
New type domain.CuentaGlobal

[2020-03-21 17:29:18 #22 type] 
Type domain.CuentaGlobal is not enhanced.

[2020-03-21 17:29:18 #23 type.registry] 
New type java.util.Vector<java.lang.Object>

------------------------------------------------------------------------------------------------------------------------

[2020-03-21 20:00:06 #1 store] 
Database '/Users/ldeniz/git/Bets/resources/bets.temp' is opened by 82198@MacBook-Pro-de-Leroy.local

[2020-03-21 20:00:06 #2 type.registry] 
New type domain.Question

[2020-03-21 20:00:06 #3 type] 
Type domain.Question is not enhanced.

[2020-03-21 20:00:06 #4 type.registry] 
New type domain.Answer

[2020-03-21 20:00:06 #5 type.registry] 
New type java.util.Vector<domain.Answer>

[2020-03-21 20:00:06 #6 type.registry] 
New type domain.Event

[2020-03-21 20:00:06 #7 type] 
Type domain.Answer is not enhanced.

[2020-03-21 20:00:06 #8 type.registry] 
New type domain.ApuestaGlobal

[2020-03-21 20:00:06 #9 type.registry] 
New type domain.Apuesta

[2020-03-21 20:00:06 #10 type.registry] 
New type java.util.Vector<domain.Apuesta>

[2020-03-21 20:00:06 #11 type] 
Type domain.Event is not enhanced.

[2020-03-21 20:00:06 #12 type.registry] 
New type java.util.Vector<domain.Question>

[2020-03-21 20:00:06 #13 type] 
Type domain.ApuestaGlobal is not enhanced.

[2020-03-21 20:00:06 #14 type.registry] 
New type domain.Usuario

[2020-03-21 20:00:06 #15 type.registry] 
New type domain.Cliente

[2020-03-21 20:00:06 #16 type] 
Type domain.Apuesta is not enhanced.

[2020-03-21 20:00:06 #17 type] 
Type domain.Usuario is not enhanced.

[2020-03-21 20:00:06 #18 type] 
Type domain.Cliente is not enhanced.

[2020-03-21 20:00:06 #19 type.registry] 
New type domain.Admin

[2020-03-21 20:00:06 #20 type] 
Type domain.Admin is not enhanced.

[2020-03-21 20:00:06 #21 type.registry] 
New type domain.CuentaGlobal

[2020-03-21 20:00:06 #22 type] 
Type domain.CuentaGlobal is not enhanced.

[2020-03-21 20:00:06 #23 type.registry] 
New type java.util.Vector<java.lang.Object>

------------------------------------------------------------------------------------------------------------------------

[2020-03-21 20:17:23 #1 store] 
Database '/Users/ldeniz/git/Bets/resources/bets.temp' is opened by 82378@MacBook-Pro-de-Leroy.local

[2020-03-21 20:17:23 #2 type.registry] 
New type domain.Question

[2020-03-21 20:17:23 #3 type] 
Type domain.Question is not enhanced.

[2020-03-21 20:17:23 #4 type.registry] 
New type domain.Answer

[2020-03-21 20:17:23 #5 type.registry] 
New type java.util.Vector<domain.Answer>

[2020-03-21 20:17:23 #6 type.registry] 
New type domain.Event

[2020-03-21 20:17:23 #7 type] 
Type domain.Answer is not enhanced.

[2020-03-21 20:17:23 #8 type.registry] 
New type domain.ApuestaGlobal

[2020-03-21 20:17:23 #9 type.registry] 
New type domain.Apuesta

[2020-03-21 20:17:23 #10 type.registry] 
New type java.util.Vector<domain.Apuesta>

[2020-03-21 20:17:23 #11 type] 
Type domain.Event is not enhanced.

[2020-03-21 20:17:23 #12 type.registry] 
New type java.util.Vector<domain.Question>

[2020-03-21 20:17:23 #13 type] 
Type domain.ApuestaGlobal is not enhanced.

[2020-03-21 20:17:23 #14 type.registry] 
New type domain.Usuario

[2020-03-21 20:17:23 #15 type.registry] 
New type domain.Cliente

[2020-03-21 20:17:23 #16 type] 
Type domain.Apuesta is not enhanced.

[2020-03-21 20:17:23 #17 type] 
Type domain.Usuario is not enhanced.

[2020-03-21 20:17:23 #18 type] 
Type domain.Cliente is not enhanced.

[2020-03-21 20:17:23 #19 type.registry] 
New type domain.Admin

[2020-03-21 20:17:23 #20 type] 
Type domain.Admin is not enhanced.

[2020-03-21 20:17:23 #21 type.registry] 
New type domain.CuentaGlobal

[2020-03-21 20:17:23 #22 type] 
Type domain.CuentaGlobal is not enhanced.

[2020-03-21 20:17:23 #23 type.registry] 
New type java.util.Vector<java.lang.Object>

------------------------------------------------------------------------------------------------------------------------

[2020-03-21 20:20:34 #1 store] 
Database '/Users/ldeniz/git/Bets/resources/bets.temp' is opened by 82402@MacBook-Pro-de-Leroy.local

[2020-03-21 20:20:34 #2 type.registry] 
New type domain.Question

[2020-03-21 20:20:34 #3 type] 
Type domain.Question is not enhanced.

[2020-03-21 20:20:34 #4 type.registry] 
New type domain.Answer

[2020-03-21 20:20:34 #5 type.registry] 
New type java.util.Vector<domain.Answer>

[2020-03-21 20:20:34 #6 type.registry] 
New type domain.Event

[2020-03-21 20:20:34 #7 type] 
Type domain.Answer is not enhanced.

[2020-03-21 20:20:34 #8 type.registry] 
New type domain.ApuestaGlobal

[2020-03-21 20:20:34 #9 type.registry] 
New type domain.Apuesta

[2020-03-21 20:20:34 #10 type.registry] 
New type java.util.Vector<domain.Apuesta>

[2020-03-21 20:20:34 #11 type] 
Type domain.Event is not enhanced.

[2020-03-21 20:20:34 #12 type.registry] 
New type java.util.Vector<domain.Question>

[2020-03-21 20:20:34 #13 type] 
Type domain.ApuestaGlobal is not enhanced.

[2020-03-21 20:20:34 #14 type.registry] 
New type domain.Usuario

[2020-03-21 20:20:34 #15 type.registry] 
New type domain.Cliente

[2020-03-21 20:20:34 #16 type] 
Type domain.Apuesta is not enhanced.

[2020-03-21 20:20:34 #17 type] 
Type domain.Usuario is not enhanced.

[2020-03-21 20:20:34 #18 type] 
Type domain.Cliente is not enhanced.

[2020-03-21 20:20:34 #19 type.registry] 
New type domain.Admin

[2020-03-21 20:20:34 #20 type] 
Type domain.Admin is not enhanced.

[2020-03-21 20:20:34 #21 type.registry] 
New type domain.CuentaGlobal

[2020-03-21 20:20:34 #22 type] 
Type domain.CuentaGlobal is not enhanced.

[2020-03-21 20:20:34 #23 type.registry] 
New type java.util.Vector<java.lang.Object>

------------------------------------------------------------------------------------------------------------------------

[2020-03-21 20:25:09 #1 store] 
Database '/Users/ldeniz/git/Bets/resources/bets.temp' is opened by 82433@MacBook-Pro-de-Leroy.local

[2020-03-21 20:25:09 #2 type.registry] 
New type domain.Question

[2020-03-21 20:25:09 #3 type] 
Type domain.Question is not enhanced.

[2020-03-21 20:25:09 #4 type.registry] 
New type domain.Answer

[2020-03-21 20:25:09 #5 type.registry] 
New type java.util.Vector<domain.Answer>

[2020-03-21 20:25:09 #6 type.registry] 
New type domain.Event

[2020-03-21 20:25:09 #7 type] 
Type domain.Answer is not enhanced.

[2020-03-21 20:25:09 #8 type.registry] 
New type domain.ApuestaGlobal

[2020-03-21 20:25:09 #9 type.registry] 
New type domain.Apuesta

[2020-03-21 20:25:09 #10 type.registry] 
New type java.util.Vector<domain.Apuesta>

[2020-03-21 20:25:09 #11 type] 
Type domain.Event is not enhanced.

[2020-03-21 20:25:09 #12 type.registry] 
New type java.util.Vector<domain.Question>

[2020-03-21 20:25:09 #13 type] 
Type domain.ApuestaGlobal is not enhanced.

[2020-03-21 20:25:09 #14 type.registry] 
New type domain.Usuario

[2020-03-21 20:25:09 #15 type.registry] 
New type domain.Cliente

[2020-03-21 20:25:09 #16 type] 
Type domain.Apuesta is not enhanced.

[2020-03-21 20:25:09 #17 type] 
Type domain.Usuario is not enhanced.

[2020-03-21 20:25:09 #18 type] 
Type domain.Cliente is not enhanced.

[2020-03-21 20:25:09 #19 type.registry] 
New type domain.Admin

[2020-03-21 20:25:09 #20 type] 
Type domain.Admin is not enhanced.

[2020-03-21 20:25:09 #21 type.registry] 
New type domain.CuentaGlobal

[2020-03-21 20:25:09 #22 type] 
Type domain.CuentaGlobal is not enhanced.

[2020-03-21 20:25:09 #23 type.registry] 
New type java.util.Vector<java.lang.Object>

------------------------------------------------------------------------------------------------------------------------

[2020-03-21 20:43:26 #1 store] 
Database '/Users/ldeniz/git/Bets/resources/bets.temp' is opened by 82575@MacBook-Pro-de-Leroy.local

[2020-03-21 20:43:26 #2 type.registry] 
New type domain.Question

[2020-03-21 20:43:26 #3 type] 
Type domain.Question is not enhanced.

[2020-03-21 20:43:26 #4 type.registry] 
New type domain.Answer

[2020-03-21 20:43:27 #5 type.registry] 
New type java.util.Vector<domain.Answer>

[2020-03-21 20:43:27 #6 type.registry] 
New type domain.Event

[2020-03-21 20:43:27 #7 type] 
Type domain.Answer is not enhanced.

[2020-03-21 20:43:27 #8 type.registry] 
New type domain.ApuestaGlobal

[2020-03-21 20:43:27 #9 type.registry] 
New type domain.Apuesta

[2020-03-21 20:43:27 #10 type.registry] 
New type java.util.Vector<domain.Apuesta>

[2020-03-21 20:43:27 #11 type] 
Type domain.Event is not enhanced.

[2020-03-21 20:43:27 #12 type.registry] 
New type java.util.Vector<domain.Question>

[2020-03-21 20:43:27 #13 type] 
Type domain.ApuestaGlobal is not enhanced.

[2020-03-21 20:43:27 #14 type.registry] 
New type domain.Usuario

[2020-03-21 20:43:27 #15 type.registry] 
New type domain.Cliente

[2020-03-21 20:43:27 #16 type] 
Type domain.Apuesta is not enhanced.

[2020-03-21 20:43:27 #17 type] 
Type domain.Usuario is not enhanced.

[2020-03-21 20:43:27 #18 type] 
Type domain.Cliente is not enhanced.

[2020-03-21 20:43:27 #19 type.registry] 
New type domain.Admin

[2020-03-21 20:43:27 #20 type] 
Type domain.Admin is not enhanced.

[2020-03-21 20:43:27 #21 type.registry] 
New type domain.CuentaGlobal

[2020-03-21 20:43:27 #22 type] 
Type domain.CuentaGlobal is not enhanced.

[2020-03-21 20:43:27 #23 type.registry] 
New type java.util.Vector<java.lang.Object>

------------------------------------------------------------------------------------------------------------------------

[2020-03-21 21:02:26 #1 store] 
Database '/Users/ldeniz/git/Bets/resources/bets.temp' is opened by 82764@MacBook-Pro-de-Leroy.local

[2020-03-21 21:02:26 #2 type.registry] 
New type domain.Question

[2020-03-21 21:02:26 #3 type] 
Type domain.Question is not enhanced.

[2020-03-21 21:02:26 #4 type.registry] 
New type domain.Answer

[2020-03-21 21:02:26 #5 type.registry] 
New type java.util.Vector<domain.Answer>

[2020-03-21 21:02:26 #6 type.registry] 
New type domain.Event

[2020-03-21 21:02:26 #7 type] 
Type domain.Answer is not enhanced.

[2020-03-21 21:02:26 #8 type.registry] 
New type domain.ApuestaGlobal

[2020-03-21 21:02:26 #9 type.registry] 
New type domain.Apuesta

[2020-03-21 21:02:26 #10 type.registry] 
New type java.util.Vector<domain.Apuesta>

[2020-03-21 21:02:26 #11 type] 
Type domain.Event is not enhanced.

[2020-03-21 21:02:26 #12 type.registry] 
New type java.util.Vector<domain.Question>

[2020-03-21 21:02:26 #13 type] 
Type domain.ApuestaGlobal is not enhanced.

[2020-03-21 21:02:26 #14 type.registry] 
New type domain.Usuario

[2020-03-21 21:02:26 #15 type.registry] 
New type domain.Cliente

[2020-03-21 21:02:26 #16 type] 
Type domain.Apuesta is not enhanced.

[2020-03-21 21:02:26 #17 type] 
Type domain.Usuario is not enhanced.

[2020-03-21 21:02:26 #18 type] 
Type domain.Cliente is not enhanced.

[2020-03-21 21:02:26 #19 type.registry] 
New type domain.Admin

[2020-03-21 21:02:26 #20 type] 
Type domain.Admin is not enhanced.

[2020-03-21 21:02:26 #21 type.registry] 
New type domain.CuentaGlobal

[2020-03-21 21:02:26 #22 type] 
Type domain.CuentaGlobal is not enhanced.

[2020-03-21 21:02:26 #23 type.registry] 
New type java.util.Vector<java.lang.Object>

