------------------------------------------------------------------------------------------------------------------------

[2020-04-13 00:16:29 #1 store] 
Database '/Users/ldeniz/git/Bets/resources/bets.temp' is opened by 31921@MacBook-Pro-de-Leroy.local

[2020-04-13 00:16:29 #2 type.registry] 
New type domain.Deporte

[2020-04-13 00:16:29 #3 type] 
Type domain.Deporte is not enhanced.

[2020-04-13 00:16:29 #4 type.registry] 
New type domain.Event

[2020-04-13 00:16:29 #5 type.registry] 
New type java.util.Vector<domain.Event>

[2020-04-13 00:16:29 #6 type] 
Type domain.Event is not enhanced.

[2020-04-13 00:16:29 #7 type.registry] 
New type domain.Question

[2020-04-13 00:16:29 #8 type.registry] 
New type java.util.Vector<domain.Question>

[2020-04-13 00:16:29 #9 type] 
Type domain.Question is not enhanced.

[2020-04-13 00:16:29 #10 type.registry] 
New type domain.Answer

[2020-04-13 00:16:29 #11 type.registry] 
New type java.util.Vector<domain.Answer>

[2020-04-13 00:16:29 #12 type] 
Type domain.Answer is not enhanced.

[2020-04-13 00:16:29 #13 type.registry] 
New type domain.ApuestaGlobal

[2020-04-13 00:16:29 #14 type.registry] 
New type domain.Apuesta

[2020-04-13 00:16:29 #15 type.registry] 
New type java.util.Vector<domain.Apuesta>

[2020-04-13 00:16:29 #16 type] 
Type domain.ApuestaGlobal is not enhanced.

[2020-04-13 00:16:29 #17 type.registry] 
New type domain.Usuario

[2020-04-13 00:16:29 #18 type.registry] 
New type domain.Cliente

[2020-04-13 00:16:29 #19 type] 
Type domain.Apuesta is not enhanced.

[2020-04-13 00:16:29 #20 type] 
Type domain.Usuario is not enhanced.

[2020-04-13 00:16:29 #21 type] 
Type domain.Cliente is not enhanced.

[2020-04-13 00:16:29 #22 type.registry] 
New type domain.Admin

[2020-04-13 00:16:29 #23 type] 
Type domain.Admin is not enhanced.

[2020-04-13 00:16:29 #24 type.registry] 
New type domain.CuentaGlobal

[2020-04-13 00:16:29 #25 type] 
Type domain.CuentaGlobal is not enhanced.

[2020-04-13 00:16:29 #26 type.registry] 
New type java.util.Vector<java.lang.Object>

------------------------------------------------------------------------------------------------------------------------

[2020-04-13 00:26:31 #1 store] 
Database '/Users/ldeniz/git/Bets/resources/bets.temp' is opened by 32002@MacBook-Pro-de-Leroy.local

[2020-04-13 00:26:31 #2 type.registry] 
New type domain.Deporte

[2020-04-13 00:26:31 #3 type] 
Type domain.Deporte is not enhanced.

[2020-04-13 00:26:31 #4 type.registry] 
New type domain.Event

[2020-04-13 00:26:31 #5 type.registry] 
New type java.util.Vector<domain.Event>

[2020-04-13 00:26:31 #6 type] 
Type domain.Event is not enhanced.

[2020-04-13 00:26:31 #7 type.registry] 
New type domain.Question

[2020-04-13 00:26:31 #8 type.registry] 
New type java.util.Vector<domain.Question>

[2020-04-13 00:26:31 #9 type] 
Type domain.Question is not enhanced.

[2020-04-13 00:26:31 #10 type.registry] 
New type domain.Answer

[2020-04-13 00:26:31 #11 type.registry] 
New type java.util.Vector<domain.Answer>

[2020-04-13 00:26:31 #12 type] 
Type domain.Answer is not enhanced.

[2020-04-13 00:26:31 #13 type.registry] 
New type domain.ApuestaGlobal

[2020-04-13 00:26:31 #14 type.registry] 
New type domain.Apuesta

[2020-04-13 00:26:31 #15 type.registry] 
New type java.util.Vector<domain.Apuesta>

[2020-04-13 00:26:31 #16 type] 
Type domain.ApuestaGlobal is not enhanced.

[2020-04-13 00:26:31 #17 type.registry] 
New type domain.Usuario

[2020-04-13 00:26:31 #18 type.registry] 
New type domain.Cliente

[2020-04-13 00:26:31 #19 type] 
Type domain.Apuesta is not enhanced.

[2020-04-13 00:26:31 #20 type] 
Type domain.Usuario is not enhanced.

[2020-04-13 00:26:31 #21 type] 
Type domain.Cliente is not enhanced.

[2020-04-13 00:26:31 #22 type.registry] 
New type domain.Admin

[2020-04-13 00:26:31 #23 type] 
Type domain.Admin is not enhanced.

[2020-04-13 00:26:31 #24 type.registry] 
New type domain.CuentaGlobal

[2020-04-13 00:26:31 #25 type] 
Type domain.CuentaGlobal is not enhanced.

[2020-04-13 00:26:31 #26 type.registry] 
New type java.util.Vector<java.lang.Object>

------------------------------------------------------------------------------------------------------------------------

[2020-04-13 00:28:28 #1 store] 
Database '/Users/ldeniz/git/Bets/resources/bets.temp' is opened by 32027@MacBook-Pro-de-Leroy.local

[2020-04-13 00:28:29 #2 type.registry] 
New type domain.Deporte

[2020-04-13 00:28:29 #3 type] 
Type domain.Deporte is not enhanced.

[2020-04-13 00:28:29 #4 type.registry] 
New type domain.Event

[2020-04-13 00:28:29 #5 type.registry] 
New type java.util.Vector<domain.Event>

[2020-04-13 00:28:29 #6 type] 
Type domain.Event is not enhanced.

[2020-04-13 00:28:29 #7 type.registry] 
New type domain.Question

[2020-04-13 00:28:29 #8 type.registry] 
New type java.util.Vector<domain.Question>

[2020-04-13 00:28:29 #9 type] 
Type domain.Question is not enhanced.

[2020-04-13 00:28:29 #10 type.registry] 
New type domain.Answer

[2020-04-13 00:28:29 #11 type.registry] 
New type java.util.Vector<domain.Answer>

[2020-04-13 00:28:29 #12 type] 
Type domain.Answer is not enhanced.

[2020-04-13 00:28:29 #13 type.registry] 
New type domain.ApuestaGlobal

[2020-04-13 00:28:29 #14 type.registry] 
New type domain.Apuesta

[2020-04-13 00:28:29 #15 type.registry] 
New type java.util.Vector<domain.Apuesta>

[2020-04-13 00:28:29 #16 type] 
Type domain.ApuestaGlobal is not enhanced.

[2020-04-13 00:28:29 #17 type.registry] 
New type domain.Usuario

[2020-04-13 00:28:29 #18 type.registry] 
New type domain.Cliente

[2020-04-13 00:28:29 #19 type] 
Type domain.Apuesta is not enhanced.

[2020-04-13 00:28:29 #20 type] 
Type domain.Usuario is not enhanced.

[2020-04-13 00:28:29 #21 type] 
Type domain.Cliente is not enhanced.

[2020-04-13 00:28:29 #22 type.registry] 
New type domain.Admin

[2020-04-13 00:28:29 #23 type] 
Type domain.Admin is not enhanced.

[2020-04-13 00:28:29 #24 type.registry] 
New type domain.CuentaGlobal

[2020-04-13 00:28:29 #25 type] 
Type domain.CuentaGlobal is not enhanced.

[2020-04-13 00:28:29 #26 type.registry] 
New type java.util.Vector<java.lang.Object>

------------------------------------------------------------------------------------------------------------------------

[2020-04-13 00:29:29 #1 store] 
Database '/Users/ldeniz/git/Bets/resources/bets.temp' is opened by 32053@MacBook-Pro-de-Leroy.local

[2020-04-13 00:29:29 #2 type.registry] 
New type domain.Deporte

[2020-04-13 00:29:29 #3 type] 
Type domain.Deporte is not enhanced.

[2020-04-13 00:29:29 #4 type.registry] 
New type domain.Event

[2020-04-13 00:29:29 #5 type.registry] 
New type java.util.Vector<domain.Event>

[2020-04-13 00:29:29 #6 type] 
Type domain.Event is not enhanced.

[2020-04-13 00:29:29 #7 type.registry] 
New type domain.Question

[2020-04-13 00:29:29 #8 type.registry] 
New type java.util.Vector<domain.Question>

[2020-04-13 00:29:29 #9 type] 
Type domain.Question is not enhanced.

[2020-04-13 00:29:29 #10 type.registry] 
New type domain.Answer

[2020-04-13 00:29:29 #11 type.registry] 
New type java.util.Vector<domain.Answer>

[2020-04-13 00:29:29 #12 type] 
Type domain.Answer is not enhanced.

[2020-04-13 00:29:29 #13 type.registry] 
New type domain.ApuestaGlobal

[2020-04-13 00:29:29 #14 type.registry] 
New type domain.Apuesta

[2020-04-13 00:29:29 #15 type.registry] 
New type java.util.Vector<domain.Apuesta>

[2020-04-13 00:29:29 #16 type] 
Type domain.ApuestaGlobal is not enhanced.

[2020-04-13 00:29:29 #17 type.registry] 
New type domain.Usuario

[2020-04-13 00:29:29 #18 type.registry] 
New type domain.Cliente

[2020-04-13 00:29:29 #19 type] 
Type domain.Apuesta is not enhanced.

[2020-04-13 00:29:29 #20 type] 
Type domain.Usuario is not enhanced.

[2020-04-13 00:29:29 #21 type] 
Type domain.Cliente is not enhanced.

[2020-04-13 00:29:29 #22 type.registry] 
New type domain.Admin

[2020-04-13 00:29:29 #23 type] 
Type domain.Admin is not enhanced.

[2020-04-13 00:29:29 #24 type.registry] 
New type domain.CuentaGlobal

[2020-04-13 00:29:29 #25 type] 
Type domain.CuentaGlobal is not enhanced.

[2020-04-13 00:29:29 #26 type.registry] 
New type java.util.Vector<java.lang.Object>

------------------------------------------------------------------------------------------------------------------------

[2020-04-13 00:30:11 #1 store] 
Database '/Users/ldeniz/git/Bets/resources/bets.temp' is opened by 32067@MacBook-Pro-de-Leroy.local

[2020-04-13 00:30:11 #2 type.registry] 
New type domain.Deporte

[2020-04-13 00:30:11 #3 type] 
Type domain.Deporte is not enhanced.

[2020-04-13 00:30:11 #4 type.registry] 
New type domain.Event

[2020-04-13 00:30:11 #5 type.registry] 
New type java.util.Vector<domain.Event>

[2020-04-13 00:30:11 #6 type] 
Type domain.Event is not enhanced.

[2020-04-13 00:30:11 #7 type.registry] 
New type domain.Question

[2020-04-13 00:30:11 #8 type.registry] 
New type java.util.Vector<domain.Question>

[2020-04-13 00:30:11 #9 type] 
Type domain.Question is not enhanced.

[2020-04-13 00:30:11 #10 type.registry] 
New type domain.Answer

[2020-04-13 00:30:11 #11 type.registry] 
New type java.util.Vector<domain.Answer>

[2020-04-13 00:30:11 #12 type] 
Type domain.Answer is not enhanced.

[2020-04-13 00:30:11 #13 type.registry] 
New type domain.ApuestaGlobal

[2020-04-13 00:30:11 #14 type.registry] 
New type domain.Apuesta

[2020-04-13 00:30:11 #15 type.registry] 
New type java.util.Vector<domain.Apuesta>

[2020-04-13 00:30:11 #16 type] 
Type domain.ApuestaGlobal is not enhanced.

[2020-04-13 00:30:11 #17 type.registry] 
New type domain.Usuario

[2020-04-13 00:30:11 #18 type.registry] 
New type domain.Cliente

[2020-04-13 00:30:11 #19 type] 
Type domain.Apuesta is not enhanced.

[2020-04-13 00:30:11 #20 type] 
Type domain.Usuario is not enhanced.

[2020-04-13 00:30:11 #21 type] 
Type domain.Cliente is not enhanced.

[2020-04-13 00:30:11 #22 type.registry] 
New type domain.Admin

[2020-04-13 00:30:11 #23 type] 
Type domain.Admin is not enhanced.

[2020-04-13 00:30:11 #24 type.registry] 
New type domain.CuentaGlobal

[2020-04-13 00:30:11 #25 type] 
Type domain.CuentaGlobal is not enhanced.

[2020-04-13 00:30:11 #26 type.registry] 
New type java.util.Vector<java.lang.Object>

------------------------------------------------------------------------------------------------------------------------

[2020-04-13 00:30:51 #1 store] 
Database '/Users/ldeniz/git/Bets/resources/bets.temp' is opened by 32076@MacBook-Pro-de-Leroy.local

[2020-04-13 00:30:51 #2 type.registry] 
New type domain.Deporte

[2020-04-13 00:30:51 #3 type] 
Type domain.Deporte is not enhanced.

[2020-04-13 00:30:51 #4 type.registry] 
New type domain.Event

[2020-04-13 00:30:51 #5 type.registry] 
New type java.util.Vector<domain.Event>

[2020-04-13 00:30:51 #6 type] 
Type domain.Event is not enhanced.

[2020-04-13 00:30:51 #7 type.registry] 
New type domain.Question

[2020-04-13 00:30:51 #8 type.registry] 
New type java.util.Vector<domain.Question>

[2020-04-13 00:30:51 #9 type] 
Type domain.Question is not enhanced.

[2020-04-13 00:30:51 #10 type.registry] 
New type domain.Answer

[2020-04-13 00:30:51 #11 type.registry] 
New type java.util.Vector<domain.Answer>

[2020-04-13 00:30:51 #12 type] 
Type domain.Answer is not enhanced.

[2020-04-13 00:30:51 #13 type.registry] 
New type domain.ApuestaGlobal

[2020-04-13 00:30:51 #14 type.registry] 
New type domain.Apuesta

[2020-04-13 00:30:51 #15 type.registry] 
New type java.util.Vector<domain.Apuesta>

[2020-04-13 00:30:51 #16 type] 
Type domain.ApuestaGlobal is not enhanced.

[2020-04-13 00:30:51 #17 type.registry] 
New type domain.Usuario

[2020-04-13 00:30:51 #18 type.registry] 
New type domain.Cliente

[2020-04-13 00:30:51 #19 type] 
Type domain.Apuesta is not enhanced.

[2020-04-13 00:30:51 #20 type] 
Type domain.Usuario is not enhanced.

[2020-04-13 00:30:51 #21 type] 
Type domain.Cliente is not enhanced.

[2020-04-13 00:30:51 #22 type.registry] 
New type domain.Admin

[2020-04-13 00:30:51 #23 type] 
Type domain.Admin is not enhanced.

[2020-04-13 00:30:51 #24 type.registry] 
New type domain.CuentaGlobal

[2020-04-13 00:30:51 #25 type] 
Type domain.CuentaGlobal is not enhanced.

[2020-04-13 00:30:51 #26 type.registry] 
New type java.util.Vector<java.lang.Object>

------------------------------------------------------------------------------------------------------------------------

[2020-04-13 00:56:29 #1 store] 
Database '/Users/ldeniz/git/Bets/resources/bets.temp' is opened by 32336@MacBook-Pro-de-Leroy.local

[2020-04-13 00:56:29 #2 type.registry] 
New type domain.Deporte

[2020-04-13 00:56:29 #3 type] 
Type domain.Deporte is not enhanced.

[2020-04-13 00:56:29 #4 type.registry] 
New type domain.Event

[2020-04-13 00:56:29 #5 type.registry] 
New type java.util.Vector<domain.Event>

[2020-04-13 00:56:29 #6 type] 
Type domain.Event is not enhanced.

[2020-04-13 00:56:29 #7 type.registry] 
New type domain.Question

[2020-04-13 00:56:29 #8 type.registry] 
New type java.util.Vector<domain.Question>

[2020-04-13 00:56:29 #9 type] 
Type domain.Question is not enhanced.

[2020-04-13 00:56:29 #10 type.registry] 
New type domain.Answer

[2020-04-13 00:56:29 #11 type.registry] 
New type java.util.Vector<domain.Answer>

[2020-04-13 00:56:29 #12 type] 
Type domain.Answer is not enhanced.

[2020-04-13 00:56:29 #13 type.registry] 
New type domain.ApuestaGlobal

[2020-04-13 00:56:29 #14 type.registry] 
New type domain.Apuesta

[2020-04-13 00:56:29 #15 type.registry] 
New type java.util.Vector<domain.Apuesta>

[2020-04-13 00:56:29 #16 type] 
Type domain.ApuestaGlobal is not enhanced.

[2020-04-13 00:56:29 #17 type.registry] 
New type domain.Usuario

[2020-04-13 00:56:29 #18 type.registry] 
New type domain.Cliente

[2020-04-13 00:56:29 #19 type] 
Type domain.Apuesta is not enhanced.

[2020-04-13 00:56:29 #20 type] 
Type domain.Usuario is not enhanced.

[2020-04-13 00:56:29 #21 type] 
Type domain.Cliente is not enhanced.

[2020-04-13 00:56:29 #22 type.registry] 
New type domain.Admin

[2020-04-13 00:56:29 #23 type] 
Type domain.Admin is not enhanced.

[2020-04-13 00:56:29 #24 type.registry] 
New type domain.CuentaGlobal

[2020-04-13 00:56:29 #25 type] 
Type domain.CuentaGlobal is not enhanced.

[2020-04-13 00:56:29 #26 type.registry] 
New type java.util.Vector<java.lang.Object>

------------------------------------------------------------------------------------------------------------------------

[2020-04-13 00:57:27 #1 store] 
Database '/Users/ldeniz/git/Bets/resources/bets.temp' is opened by 32350@MacBook-Pro-de-Leroy.local

[2020-04-13 00:57:28 #2 type.registry] 
New type domain.Deporte

[2020-04-13 00:57:28 #3 type] 
Type domain.Deporte is not enhanced.

[2020-04-13 00:57:28 #4 type.registry] 
New type domain.Event

[2020-04-13 00:57:28 #5 type.registry] 
New type java.util.Vector<domain.Event>

[2020-04-13 00:57:28 #6 type] 
Type domain.Event is not enhanced.

[2020-04-13 00:57:28 #7 type.registry] 
New type domain.Question

[2020-04-13 00:57:28 #8 type.registry] 
New type java.util.Vector<domain.Question>

[2020-04-13 00:57:28 #9 type] 
Type domain.Question is not enhanced.

[2020-04-13 00:57:28 #10 type.registry] 
New type domain.Answer

[2020-04-13 00:57:28 #11 type.registry] 
New type java.util.Vector<domain.Answer>

[2020-04-13 00:57:28 #12 type] 
Type domain.Answer is not enhanced.

[2020-04-13 00:57:28 #13 type.registry] 
New type domain.ApuestaGlobal

[2020-04-13 00:57:28 #14 type.registry] 
New type domain.Apuesta

[2020-04-13 00:57:28 #15 type.registry] 
New type java.util.Vector<domain.Apuesta>

[2020-04-13 00:57:28 #16 type] 
Type domain.ApuestaGlobal is not enhanced.

[2020-04-13 00:57:28 #17 type.registry] 
New type domain.Usuario

[2020-04-13 00:57:28 #18 type.registry] 
New type domain.Cliente

[2020-04-13 00:57:28 #19 type] 
Type domain.Apuesta is not enhanced.

[2020-04-13 00:57:28 #20 type] 
Type domain.Usuario is not enhanced.

[2020-04-13 00:57:28 #21 type] 
Type domain.Cliente is not enhanced.

[2020-04-13 00:57:28 #22 type.registry] 
New type domain.Admin

[2020-04-13 00:57:28 #23 type] 
Type domain.Admin is not enhanced.

[2020-04-13 00:57:28 #24 type.registry] 
New type domain.CuentaGlobal

[2020-04-13 00:57:28 #25 type] 
Type domain.CuentaGlobal is not enhanced.

[2020-04-13 00:57:28 #26 type.registry] 
New type java.util.Vector<java.lang.Object>

------------------------------------------------------------------------------------------------------------------------

[2020-04-13 00:58:47 #1 store] 
Database '/Users/ldeniz/git/Bets/resources/bets.temp' is opened by 32360@MacBook-Pro-de-Leroy.local

[2020-04-13 00:58:47 #2 type.registry] 
New type domain.Deporte

[2020-04-13 00:58:47 #3 type] 
Type domain.Deporte is not enhanced.

[2020-04-13 00:58:47 #4 type.registry] 
New type domain.Event

[2020-04-13 00:58:47 #5 type.registry] 
New type java.util.Vector<domain.Event>

[2020-04-13 00:58:47 #6 type] 
Type domain.Event is not enhanced.

[2020-04-13 00:58:47 #7 type.registry] 
New type domain.Question

[2020-04-13 00:58:47 #8 type.registry] 
New type java.util.Vector<domain.Question>

[2020-04-13 00:58:47 #9 type] 
Type domain.Question is not enhanced.

[2020-04-13 00:58:47 #10 type.registry] 
New type domain.Answer

[2020-04-13 00:58:47 #11 type.registry] 
New type java.util.Vector<domain.Answer>

[2020-04-13 00:58:47 #12 type] 
Type domain.Answer is not enhanced.

[2020-04-13 00:58:47 #13 type.registry] 
New type domain.ApuestaGlobal

[2020-04-13 00:58:47 #14 type.registry] 
New type domain.Apuesta

[2020-04-13 00:58:47 #15 type.registry] 
New type java.util.Vector<domain.Apuesta>

[2020-04-13 00:58:47 #16 type] 
Type domain.ApuestaGlobal is not enhanced.

[2020-04-13 00:58:47 #17 type.registry] 
New type domain.Usuario

[2020-04-13 00:58:47 #18 type.registry] 
New type domain.Cliente

[2020-04-13 00:58:47 #19 type] 
Type domain.Apuesta is not enhanced.

[2020-04-13 00:58:47 #20 type] 
Type domain.Usuario is not enhanced.

[2020-04-13 00:58:47 #21 type] 
Type domain.Cliente is not enhanced.

[2020-04-13 00:58:47 #22 type.registry] 
New type domain.Admin

[2020-04-13 00:58:47 #23 type] 
Type domain.Admin is not enhanced.

[2020-04-13 00:58:47 #24 type.registry] 
New type domain.CuentaGlobal

[2020-04-13 00:58:47 #25 type] 
Type domain.CuentaGlobal is not enhanced.

[2020-04-13 00:58:47 #26 type.registry] 
New type java.util.Vector<java.lang.Object>

------------------------------------------------------------------------------------------------------------------------

[2020-04-13 01:05:52 #1 store] 
Database '/Users/ldeniz/git/Bets/resources/bets.temp' is opened by 32414@MacBook-Pro-de-Leroy.local

[2020-04-13 01:05:52 #2 type.registry] 
New type domain.Deporte

[2020-04-13 01:05:52 #3 type] 
Type domain.Deporte is not enhanced.

[2020-04-13 01:05:52 #4 type.registry] 
New type domain.Event

[2020-04-13 01:05:52 #5 type.registry] 
New type java.util.Vector<domain.Event>

[2020-04-13 01:05:52 #6 type] 
Type domain.Event is not enhanced.

[2020-04-13 01:05:52 #7 type.registry] 
New type domain.Question

[2020-04-13 01:05:52 #8 type.registry] 
New type java.util.Vector<domain.Question>

[2020-04-13 01:05:52 #9 type] 
Type domain.Question is not enhanced.

[2020-04-13 01:05:52 #10 type.registry] 
New type domain.Answer

[2020-04-13 01:05:52 #11 type.registry] 
New type java.util.Vector<domain.Answer>

[2020-04-13 01:05:52 #12 type] 
Type domain.Answer is not enhanced.

[2020-04-13 01:05:52 #13 type.registry] 
New type domain.ApuestaGlobal

[2020-04-13 01:05:52 #14 type.registry] 
New type domain.Apuesta

[2020-04-13 01:05:52 #15 type.registry] 
New type java.util.Vector<domain.Apuesta>

[2020-04-13 01:05:52 #16 type] 
Type domain.ApuestaGlobal is not enhanced.

[2020-04-13 01:05:52 #17 type.registry] 
New type domain.Usuario

[2020-04-13 01:05:52 #18 type.registry] 
New type domain.Cliente

[2020-04-13 01:05:52 #19 type] 
Type domain.Apuesta is not enhanced.

[2020-04-13 01:05:52 #20 type] 
Type domain.Usuario is not enhanced.

[2020-04-13 01:05:52 #21 type] 
Type domain.Cliente is not enhanced.

[2020-04-13 01:05:52 #22 type.registry] 
New type domain.Admin

[2020-04-13 01:05:52 #23 type] 
Type domain.Admin is not enhanced.

[2020-04-13 01:05:52 #24 type.registry] 
New type domain.CuentaGlobal

[2020-04-13 01:05:52 #25 type] 
Type domain.CuentaGlobal is not enhanced.

[2020-04-13 01:05:52 #26 type.registry] 
New type java.util.Vector<java.lang.Object>

------------------------------------------------------------------------------------------------------------------------

[2020-04-13 01:06:29 #1 store] 
Database '/Users/ldeniz/git/Bets/resources/bets.temp' is opened by 32423@MacBook-Pro-de-Leroy.local

[2020-04-13 01:06:30 #2 type.registry] 
New type domain.Deporte

[2020-04-13 01:06:30 #3 type] 
Type domain.Deporte is not enhanced.

[2020-04-13 01:06:30 #4 type.registry] 
New type domain.Event

[2020-04-13 01:06:30 #5 type.registry] 
New type java.util.Vector<domain.Event>

[2020-04-13 01:06:30 #6 type] 
Type domain.Event is not enhanced.

[2020-04-13 01:06:30 #7 type.registry] 
New type domain.Question

[2020-04-13 01:06:30 #8 type.registry] 
New type java.util.Vector<domain.Question>

[2020-04-13 01:06:30 #9 type] 
Type domain.Question is not enhanced.

[2020-04-13 01:06:30 #10 type.registry] 
New type domain.Answer

[2020-04-13 01:06:30 #11 type.registry] 
New type java.util.Vector<domain.Answer>

[2020-04-13 01:06:30 #12 type] 
Type domain.Answer is not enhanced.

[2020-04-13 01:06:30 #13 type.registry] 
New type domain.ApuestaGlobal

[2020-04-13 01:06:30 #14 type.registry] 
New type domain.Apuesta

[2020-04-13 01:06:30 #15 type.registry] 
New type java.util.Vector<domain.Apuesta>

[2020-04-13 01:06:30 #16 type] 
Type domain.ApuestaGlobal is not enhanced.

[2020-04-13 01:06:30 #17 type.registry] 
New type domain.Usuario

[2020-04-13 01:06:30 #18 type.registry] 
New type domain.Cliente

[2020-04-13 01:06:30 #19 type] 
Type domain.Apuesta is not enhanced.

[2020-04-13 01:06:30 #20 type] 
Type domain.Usuario is not enhanced.

[2020-04-13 01:06:30 #21 type] 
Type domain.Cliente is not enhanced.

[2020-04-13 01:06:30 #22 type.registry] 
New type domain.Admin

[2020-04-13 01:06:30 #23 type] 
Type domain.Admin is not enhanced.

[2020-04-13 01:06:30 #24 type.registry] 
New type domain.CuentaGlobal

[2020-04-13 01:06:30 #25 type] 
Type domain.CuentaGlobal is not enhanced.

[2020-04-13 01:06:30 #26 type.registry] 
New type java.util.Vector<java.lang.Object>

------------------------------------------------------------------------------------------------------------------------

[2020-04-13 01:07:23 #1 store] 
Database '/Users/ldeniz/git/Bets/resources/bets.temp' is opened by 32438@MacBook-Pro-de-Leroy.local

[2020-04-13 01:07:23 #2 type.registry] 
New type domain.Deporte

[2020-04-13 01:07:23 #3 type] 
Type domain.Deporte is not enhanced.

[2020-04-13 01:07:23 #4 type.registry] 
New type domain.Event

[2020-04-13 01:07:23 #5 type.registry] 
New type java.util.Vector<domain.Event>

[2020-04-13 01:07:23 #6 type] 
Type domain.Event is not enhanced.

[2020-04-13 01:07:23 #7 type.registry] 
New type domain.Question

[2020-04-13 01:07:23 #8 type.registry] 
New type java.util.Vector<domain.Question>

[2020-04-13 01:07:23 #9 type] 
Type domain.Question is not enhanced.

[2020-04-13 01:07:23 #10 type.registry] 
New type domain.Answer

[2020-04-13 01:07:23 #11 type.registry] 
New type java.util.Vector<domain.Answer>

[2020-04-13 01:07:23 #12 type] 
Type domain.Answer is not enhanced.

[2020-04-13 01:07:23 #13 type.registry] 
New type domain.ApuestaGlobal

[2020-04-13 01:07:23 #14 type.registry] 
New type domain.Apuesta

[2020-04-13 01:07:23 #15 type.registry] 
New type java.util.Vector<domain.Apuesta>

[2020-04-13 01:07:23 #16 type] 
Type domain.ApuestaGlobal is not enhanced.

[2020-04-13 01:07:23 #17 type.registry] 
New type domain.Usuario

[2020-04-13 01:07:23 #18 type.registry] 
New type domain.Cliente

[2020-04-13 01:07:23 #19 type] 
Type domain.Apuesta is not enhanced.

[2020-04-13 01:07:23 #20 type] 
Type domain.Usuario is not enhanced.

[2020-04-13 01:07:23 #21 type] 
Type domain.Cliente is not enhanced.

[2020-04-13 01:07:23 #22 type.registry] 
New type domain.Admin

[2020-04-13 01:07:23 #23 type] 
Type domain.Admin is not enhanced.

[2020-04-13 01:07:23 #24 type.registry] 
New type domain.CuentaGlobal

[2020-04-13 01:07:23 #25 type] 
Type domain.CuentaGlobal is not enhanced.

[2020-04-13 01:07:23 #26 type.registry] 
New type java.util.Vector<java.lang.Object>

------------------------------------------------------------------------------------------------------------------------

[2020-04-13 01:07:54 #1 store] 
Database '/Users/ldeniz/git/Bets/resources/bets.temp' is opened by 32453@MacBook-Pro-de-Leroy.local

[2020-04-13 01:07:55 #2 type.registry] 
New type domain.Deporte

[2020-04-13 01:07:55 #3 type] 
Type domain.Deporte is not enhanced.

[2020-04-13 01:07:55 #4 type.registry] 
New type domain.Event

[2020-04-13 01:07:55 #5 type.registry] 
New type java.util.Vector<domain.Event>

[2020-04-13 01:07:55 #6 type] 
Type domain.Event is not enhanced.

[2020-04-13 01:07:55 #7 type.registry] 
New type domain.Question

[2020-04-13 01:07:55 #8 type.registry] 
New type java.util.Vector<domain.Question>

[2020-04-13 01:07:55 #9 type] 
Type domain.Question is not enhanced.

[2020-04-13 01:07:55 #10 type.registry] 
New type domain.Answer

[2020-04-13 01:07:55 #11 type.registry] 
New type java.util.Vector<domain.Answer>

[2020-04-13 01:07:55 #12 type] 
Type domain.Answer is not enhanced.

[2020-04-13 01:07:55 #13 type.registry] 
New type domain.ApuestaGlobal

[2020-04-13 01:07:55 #14 type.registry] 
New type domain.Apuesta

[2020-04-13 01:07:55 #15 type.registry] 
New type java.util.Vector<domain.Apuesta>

[2020-04-13 01:07:55 #16 type] 
Type domain.ApuestaGlobal is not enhanced.

[2020-04-13 01:07:55 #17 type.registry] 
New type domain.Usuario

[2020-04-13 01:07:55 #18 type.registry] 
New type domain.Cliente

[2020-04-13 01:07:55 #19 type] 
Type domain.Apuesta is not enhanced.

[2020-04-13 01:07:55 #20 type] 
Type domain.Usuario is not enhanced.

[2020-04-13 01:07:55 #21 type] 
Type domain.Cliente is not enhanced.

[2020-04-13 01:07:55 #22 type.registry] 
New type domain.Admin

[2020-04-13 01:07:55 #23 type] 
Type domain.Admin is not enhanced.

[2020-04-13 01:07:55 #24 type.registry] 
New type domain.CuentaGlobal

[2020-04-13 01:07:55 #25 type] 
Type domain.CuentaGlobal is not enhanced.

[2020-04-13 01:07:55 #26 type.registry] 
New type java.util.Vector<java.lang.Object>

------------------------------------------------------------------------------------------------------------------------

[2020-04-13 01:08:50 #1 store] 
Database '/Users/ldeniz/git/Bets/resources/bets.temp' is opened by 32464@MacBook-Pro-de-Leroy.local

[2020-04-13 01:08:50 #2 type.registry] 
New type domain.Deporte

[2020-04-13 01:08:50 #3 type] 
Type domain.Deporte is not enhanced.

[2020-04-13 01:08:50 #4 type.registry] 
New type domain.Event

[2020-04-13 01:08:50 #5 type.registry] 
New type java.util.Vector<domain.Event>

[2020-04-13 01:08:50 #6 type] 
Type domain.Event is not enhanced.

[2020-04-13 01:08:50 #7 type.registry] 
New type domain.Question

[2020-04-13 01:08:50 #8 type.registry] 
New type java.util.Vector<domain.Question>

[2020-04-13 01:08:50 #9 type] 
Type domain.Question is not enhanced.

[2020-04-13 01:08:50 #10 type.registry] 
New type domain.Answer

[2020-04-13 01:08:50 #11 type.registry] 
New type java.util.Vector<domain.Answer>

[2020-04-13 01:08:50 #12 type] 
Type domain.Answer is not enhanced.

[2020-04-13 01:08:50 #13 type.registry] 
New type domain.ApuestaGlobal

[2020-04-13 01:08:50 #14 type.registry] 
New type domain.Apuesta

[2020-04-13 01:08:50 #15 type.registry] 
New type java.util.Vector<domain.Apuesta>

[2020-04-13 01:08:50 #16 type] 
Type domain.ApuestaGlobal is not enhanced.

[2020-04-13 01:08:50 #17 type.registry] 
New type domain.Usuario

[2020-04-13 01:08:50 #18 type.registry] 
New type domain.Cliente

[2020-04-13 01:08:50 #19 type] 
Type domain.Apuesta is not enhanced.

[2020-04-13 01:08:50 #20 type] 
Type domain.Usuario is not enhanced.

[2020-04-13 01:08:50 #21 type] 
Type domain.Cliente is not enhanced.

[2020-04-13 01:08:50 #22 type.registry] 
New type domain.Admin

[2020-04-13 01:08:50 #23 type] 
Type domain.Admin is not enhanced.

[2020-04-13 01:08:50 #24 type.registry] 
New type domain.CuentaGlobal

[2020-04-13 01:08:50 #25 type] 
Type domain.CuentaGlobal is not enhanced.

[2020-04-13 01:08:50 #26 type.registry] 
New type java.util.Vector<java.lang.Object>

------------------------------------------------------------------------------------------------------------------------

[2020-04-13 01:09:30 #1 store] 
Database '/Users/ldeniz/git/Bets/resources/bets.temp' is opened by 32470@MacBook-Pro-de-Leroy.local

[2020-04-13 01:09:30 #2 type.registry] 
New type domain.Deporte

[2020-04-13 01:09:30 #3 type] 
Type domain.Deporte is not enhanced.

[2020-04-13 01:09:30 #4 type.registry] 
New type domain.Event

[2020-04-13 01:09:30 #5 type.registry] 
New type java.util.Vector<domain.Event>

[2020-04-13 01:09:30 #6 type] 
Type domain.Event is not enhanced.

[2020-04-13 01:09:30 #7 type.registry] 
New type domain.Question

[2020-04-13 01:09:30 #8 type.registry] 
New type java.util.Vector<domain.Question>

[2020-04-13 01:09:30 #9 type] 
Type domain.Question is not enhanced.

[2020-04-13 01:09:30 #10 type.registry] 
New type domain.Answer

[2020-04-13 01:09:30 #11 type.registry] 
New type java.util.Vector<domain.Answer>

[2020-04-13 01:09:30 #12 type] 
Type domain.Answer is not enhanced.

[2020-04-13 01:09:30 #13 type.registry] 
New type domain.ApuestaGlobal

[2020-04-13 01:09:30 #14 type.registry] 
New type domain.Apuesta

[2020-04-13 01:09:30 #15 type.registry] 
New type java.util.Vector<domain.Apuesta>

[2020-04-13 01:09:30 #16 type] 
Type domain.ApuestaGlobal is not enhanced.

[2020-04-13 01:09:30 #17 type.registry] 
New type domain.Usuario

[2020-04-13 01:09:30 #18 type.registry] 
New type domain.Cliente

[2020-04-13 01:09:30 #19 type] 
Type domain.Apuesta is not enhanced.

[2020-04-13 01:09:30 #20 type] 
Type domain.Usuario is not enhanced.

[2020-04-13 01:09:30 #21 type] 
Type domain.Cliente is not enhanced.

[2020-04-13 01:09:30 #22 type.registry] 
New type domain.Admin

[2020-04-13 01:09:30 #23 type] 
Type domain.Admin is not enhanced.

[2020-04-13 01:09:30 #24 type.registry] 
New type domain.CuentaGlobal

[2020-04-13 01:09:30 #25 type] 
Type domain.CuentaGlobal is not enhanced.

[2020-04-13 01:09:30 #26 type.registry] 
New type java.util.Vector<java.lang.Object>

------------------------------------------------------------------------------------------------------------------------

[2020-04-13 01:10:11 #1 store] 
Database '/Users/ldeniz/git/Bets/resources/bets.temp' is opened by 32490@MacBook-Pro-de-Leroy.local

[2020-04-13 01:10:11 #2 type.registry] 
New type domain.Deporte

[2020-04-13 01:10:11 #3 type] 
Type domain.Deporte is not enhanced.

[2020-04-13 01:10:11 #4 type.registry] 
New type domain.Event

[2020-04-13 01:10:11 #5 type.registry] 
New type java.util.Vector<domain.Event>

[2020-04-13 01:10:11 #6 type] 
Type domain.Event is not enhanced.

[2020-04-13 01:10:11 #7 type.registry] 
New type domain.Question

[2020-04-13 01:10:11 #8 type.registry] 
New type java.util.Vector<domain.Question>

[2020-04-13 01:10:11 #9 type] 
Type domain.Question is not enhanced.

[2020-04-13 01:10:11 #10 type.registry] 
New type domain.Answer

[2020-04-13 01:10:11 #11 type.registry] 
New type java.util.Vector<domain.Answer>

[2020-04-13 01:10:11 #12 type] 
Type domain.Answer is not enhanced.

[2020-04-13 01:10:11 #13 type.registry] 
New type domain.ApuestaGlobal

[2020-04-13 01:10:11 #14 type.registry] 
New type domain.Apuesta

[2020-04-13 01:10:11 #15 type.registry] 
New type java.util.Vector<domain.Apuesta>

[2020-04-13 01:10:11 #16 type] 
Type domain.ApuestaGlobal is not enhanced.

[2020-04-13 01:10:11 #17 type.registry] 
New type domain.Usuario

[2020-04-13 01:10:11 #18 type.registry] 
New type domain.Cliente

[2020-04-13 01:10:11 #19 type] 
Type domain.Apuesta is not enhanced.

[2020-04-13 01:10:11 #20 type] 
Type domain.Usuario is not enhanced.

[2020-04-13 01:10:11 #21 type] 
Type domain.Cliente is not enhanced.

[2020-04-13 01:10:11 #22 type.registry] 
New type domain.Admin

[2020-04-13 01:10:11 #23 type] 
Type domain.Admin is not enhanced.

[2020-04-13 01:10:11 #24 type.registry] 
New type domain.CuentaGlobal

[2020-04-13 01:10:11 #25 type] 
Type domain.CuentaGlobal is not enhanced.

[2020-04-13 01:10:11 #26 type.registry] 
New type java.util.Vector<java.lang.Object>

------------------------------------------------------------------------------------------------------------------------

[2020-04-13 01:10:52 #1 store] 
Database '/Users/ldeniz/git/Bets/resources/bets.temp' is opened by 32496@MacBook-Pro-de-Leroy.local

[2020-04-13 01:10:52 #2 type.registry] 
New type domain.Deporte

[2020-04-13 01:10:52 #3 type] 
Type domain.Deporte is not enhanced.

[2020-04-13 01:10:52 #4 type.registry] 
New type domain.Event

[2020-04-13 01:10:52 #5 type.registry] 
New type java.util.Vector<domain.Event>

[2020-04-13 01:10:52 #6 type] 
Type domain.Event is not enhanced.

[2020-04-13 01:10:52 #7 type.registry] 
New type domain.Question

[2020-04-13 01:10:52 #8 type.registry] 
New type java.util.Vector<domain.Question>

[2020-04-13 01:10:52 #9 type] 
Type domain.Question is not enhanced.

[2020-04-13 01:10:52 #10 type.registry] 
New type domain.Answer

[2020-04-13 01:10:52 #11 type.registry] 
New type java.util.Vector<domain.Answer>

[2020-04-13 01:10:52 #12 type] 
Type domain.Answer is not enhanced.

[2020-04-13 01:10:52 #13 type.registry] 
New type domain.ApuestaGlobal

[2020-04-13 01:10:52 #14 type.registry] 
New type domain.Apuesta

[2020-04-13 01:10:52 #15 type.registry] 
New type java.util.Vector<domain.Apuesta>

[2020-04-13 01:10:52 #16 type] 
Type domain.ApuestaGlobal is not enhanced.

[2020-04-13 01:10:52 #17 type.registry] 
New type domain.Usuario

[2020-04-13 01:10:52 #18 type.registry] 
New type domain.Cliente

[2020-04-13 01:10:52 #19 type] 
Type domain.Apuesta is not enhanced.

[2020-04-13 01:10:52 #20 type] 
Type domain.Usuario is not enhanced.

[2020-04-13 01:10:52 #21 type] 
Type domain.Cliente is not enhanced.

[2020-04-13 01:10:52 #22 type.registry] 
New type domain.Admin

[2020-04-13 01:10:52 #23 type] 
Type domain.Admin is not enhanced.

[2020-04-13 01:10:52 #24 type.registry] 
New type domain.CuentaGlobal

[2020-04-13 01:10:52 #25 type] 
Type domain.CuentaGlobal is not enhanced.

[2020-04-13 01:10:52 #26 type.registry] 
New type java.util.Vector<java.lang.Object>

------------------------------------------------------------------------------------------------------------------------

[2020-04-13 01:20:38 #1 store] 
Database '/Users/ldeniz/git/Bets/resources/bets.temp' is opened by 32587@MacBook-Pro-de-Leroy.local

[2020-04-13 01:20:38 #2 type.registry] 
New type domain.Deporte

[2020-04-13 01:20:38 #3 type] 
Type domain.Deporte is not enhanced.

[2020-04-13 01:20:38 #4 type.registry] 
New type domain.Event

[2020-04-13 01:20:38 #5 type.registry] 
New type java.util.Vector<domain.Event>

[2020-04-13 01:20:38 #6 type] 
Type domain.Event is not enhanced.

[2020-04-13 01:20:38 #7 type.registry] 
New type domain.Question

[2020-04-13 01:20:38 #8 type.registry] 
New type java.util.Vector<domain.Question>

[2020-04-13 01:20:38 #9 type] 
Type domain.Question is not enhanced.

[2020-04-13 01:20:38 #10 type.registry] 
New type domain.Answer

[2020-04-13 01:20:38 #11 type.registry] 
New type java.util.Vector<domain.Answer>

[2020-04-13 01:20:38 #12 type] 
Type domain.Answer is not enhanced.

[2020-04-13 01:20:38 #13 type.registry] 
New type domain.ApuestaGlobal

[2020-04-13 01:20:38 #14 type.registry] 
New type domain.Apuesta

[2020-04-13 01:20:38 #15 type.registry] 
New type java.util.Vector<domain.Apuesta>

[2020-04-13 01:20:38 #16 type] 
Type domain.ApuestaGlobal is not enhanced.

[2020-04-13 01:20:38 #17 type.registry] 
New type domain.Usuario

[2020-04-13 01:20:38 #18 type.registry] 
New type domain.Cliente

[2020-04-13 01:20:38 #19 type] 
Type domain.Apuesta is not enhanced.

[2020-04-13 01:20:38 #20 type] 
Type domain.Usuario is not enhanced.

[2020-04-13 01:20:38 #21 type] 
Type domain.Cliente is not enhanced.

[2020-04-13 01:20:38 #22 type.registry] 
New type domain.Admin

[2020-04-13 01:20:38 #23 type] 
Type domain.Admin is not enhanced.

[2020-04-13 01:20:38 #24 type.registry] 
New type domain.CuentaGlobal

[2020-04-13 01:20:38 #25 type] 
Type domain.CuentaGlobal is not enhanced.

[2020-04-13 01:20:38 #26 type.registry] 
New type java.util.Vector<java.lang.Object>

------------------------------------------------------------------------------------------------------------------------

[2020-04-13 01:24:52 #1 store] 
Database '/Users/ldeniz/git/Bets/resources/bets.temp' is opened by 32618@MacBook-Pro-de-Leroy.local

[2020-04-13 01:24:52 #2 type.registry] 
New type domain.Deporte

[2020-04-13 01:24:52 #3 type] 
Type domain.Deporte is not enhanced.

[2020-04-13 01:24:52 #4 type.registry] 
New type domain.Event

[2020-04-13 01:24:52 #5 type.registry] 
New type java.util.Vector<domain.Event>

[2020-04-13 01:24:52 #6 type] 
Type domain.Event is not enhanced.

[2020-04-13 01:24:52 #7 type.registry] 
New type domain.Question

[2020-04-13 01:24:52 #8 type.registry] 
New type java.util.Vector<domain.Question>

[2020-04-13 01:24:52 #9 type] 
Type domain.Question is not enhanced.

[2020-04-13 01:24:52 #10 type.registry] 
New type domain.Answer

[2020-04-13 01:24:52 #11 type.registry] 
New type java.util.Vector<domain.Answer>

[2020-04-13 01:24:52 #12 type] 
Type domain.Answer is not enhanced.

[2020-04-13 01:24:52 #13 type.registry] 
New type domain.ApuestaGlobal

[2020-04-13 01:24:52 #14 type.registry] 
New type domain.Apuesta

[2020-04-13 01:24:52 #15 type.registry] 
New type java.util.Vector<domain.Apuesta>

[2020-04-13 01:24:52 #16 type] 
Type domain.ApuestaGlobal is not enhanced.

[2020-04-13 01:24:52 #17 type.registry] 
New type domain.Usuario

[2020-04-13 01:24:52 #18 type.registry] 
New type domain.Cliente

[2020-04-13 01:24:52 #19 type] 
Type domain.Apuesta is not enhanced.

[2020-04-13 01:24:52 #20 type] 
Type domain.Usuario is not enhanced.

[2020-04-13 01:24:52 #21 type] 
Type domain.Cliente is not enhanced.

[2020-04-13 01:24:52 #22 type.registry] 
New type domain.Admin

[2020-04-13 01:24:52 #23 type] 
Type domain.Admin is not enhanced.

[2020-04-13 01:24:52 #24 type.registry] 
New type domain.CuentaGlobal

[2020-04-13 01:24:52 #25 type] 
Type domain.CuentaGlobal is not enhanced.

[2020-04-13 01:24:52 #26 type.registry] 
New type java.util.Vector<java.lang.Object>

------------------------------------------------------------------------------------------------------------------------

[2020-04-13 01:26:04 #1 store] 
Database '/Users/ldeniz/git/Bets/resources/bets.temp' is opened by 32629@MacBook-Pro-de-Leroy.local

[2020-04-13 01:26:04 #2 type.registry] 
New type domain.Deporte

[2020-04-13 01:26:04 #3 type] 
Type domain.Deporte is not enhanced.

[2020-04-13 01:26:04 #4 type.registry] 
New type domain.Event

[2020-04-13 01:26:04 #5 type.registry] 
New type java.util.Vector<domain.Event>

[2020-04-13 01:26:04 #6 type] 
Type domain.Event is not enhanced.

[2020-04-13 01:26:04 #7 type.registry] 
New type domain.Question

[2020-04-13 01:26:04 #8 type.registry] 
New type java.util.Vector<domain.Question>

[2020-04-13 01:26:04 #9 type] 
Type domain.Question is not enhanced.

[2020-04-13 01:26:04 #10 type.registry] 
New type domain.Answer

[2020-04-13 01:26:04 #11 type.registry] 
New type java.util.Vector<domain.Answer>

[2020-04-13 01:26:04 #12 type] 
Type domain.Answer is not enhanced.

[2020-04-13 01:26:04 #13 type.registry] 
New type domain.ApuestaGlobal

[2020-04-13 01:26:04 #14 type.registry] 
New type domain.Apuesta

[2020-04-13 01:26:04 #15 type.registry] 
New type java.util.Vector<domain.Apuesta>

[2020-04-13 01:26:04 #16 type] 
Type domain.ApuestaGlobal is not enhanced.

[2020-04-13 01:26:04 #17 type.registry] 
New type domain.Usuario

[2020-04-13 01:26:04 #18 type.registry] 
New type domain.Cliente

[2020-04-13 01:26:04 #19 type] 
Type domain.Apuesta is not enhanced.

[2020-04-13 01:26:04 #20 type] 
Type domain.Usuario is not enhanced.

[2020-04-13 01:26:04 #21 type] 
Type domain.Cliente is not enhanced.

[2020-04-13 01:26:04 #22 type.registry] 
New type domain.Admin

[2020-04-13 01:26:04 #23 type] 
Type domain.Admin is not enhanced.

[2020-04-13 01:26:04 #24 type.registry] 
New type domain.CuentaGlobal

[2020-04-13 01:26:04 #25 type] 
Type domain.CuentaGlobal is not enhanced.

[2020-04-13 01:26:04 #26 type.registry] 
New type java.util.Vector<java.lang.Object>

------------------------------------------------------------------------------------------------------------------------

[2020-04-13 01:27:57 #1 store] 
Database '/Users/ldeniz/git/Bets/resources/bets.temp' is opened by 32642@MacBook-Pro-de-Leroy.local

[2020-04-13 01:27:57 #2 type.registry] 
New type domain.Deporte

[2020-04-13 01:27:57 #3 type] 
Type domain.Deporte is not enhanced.

[2020-04-13 01:27:57 #4 type.registry] 
New type domain.Event

[2020-04-13 01:27:57 #5 type.registry] 
New type java.util.Vector<domain.Event>

[2020-04-13 01:27:57 #6 type] 
Type domain.Event is not enhanced.

[2020-04-13 01:27:57 #7 type.registry] 
New type domain.Question

[2020-04-13 01:27:57 #8 type.registry] 
New type java.util.Vector<domain.Question>

[2020-04-13 01:27:57 #9 type] 
Type domain.Question is not enhanced.

[2020-04-13 01:27:57 #10 type.registry] 
New type domain.Answer

[2020-04-13 01:27:57 #11 type.registry] 
New type java.util.Vector<domain.Answer>

[2020-04-13 01:27:57 #12 type] 
Type domain.Answer is not enhanced.

[2020-04-13 01:27:57 #13 type.registry] 
New type domain.ApuestaGlobal

[2020-04-13 01:27:57 #14 type.registry] 
New type domain.Apuesta

[2020-04-13 01:27:57 #15 type.registry] 
New type java.util.Vector<domain.Apuesta>

[2020-04-13 01:27:57 #16 type] 
Type domain.ApuestaGlobal is not enhanced.

[2020-04-13 01:27:57 #17 type.registry] 
New type domain.Usuario

[2020-04-13 01:27:57 #18 type.registry] 
New type domain.Cliente

[2020-04-13 01:27:57 #19 type] 
Type domain.Apuesta is not enhanced.

[2020-04-13 01:27:57 #20 type] 
Type domain.Usuario is not enhanced.

[2020-04-13 01:27:57 #21 type] 
Type domain.Cliente is not enhanced.

[2020-04-13 01:27:57 #22 type.registry] 
New type domain.Admin

[2020-04-13 01:27:57 #23 type] 
Type domain.Admin is not enhanced.

[2020-04-13 01:27:57 #24 type.registry] 
New type domain.CuentaGlobal

[2020-04-13 01:27:57 #25 type] 
Type domain.CuentaGlobal is not enhanced.

[2020-04-13 01:27:57 #26 type.registry] 
New type java.util.Vector<java.lang.Object>

------------------------------------------------------------------------------------------------------------------------

[2020-04-13 01:28:18 #1 store] 
Database '/Users/ldeniz/git/Bets/resources/bets.temp' is opened by 32651@MacBook-Pro-de-Leroy.local

[2020-04-13 01:28:18 #2 type.registry] 
New type domain.Deporte

[2020-04-13 01:28:18 #3 type] 
Type domain.Deporte is not enhanced.

[2020-04-13 01:28:18 #4 type.registry] 
New type domain.Event

[2020-04-13 01:28:18 #5 type.registry] 
New type java.util.Vector<domain.Event>

[2020-04-13 01:28:18 #6 type] 
Type domain.Event is not enhanced.

[2020-04-13 01:28:18 #7 type.registry] 
New type domain.Question

[2020-04-13 01:28:18 #8 type.registry] 
New type java.util.Vector<domain.Question>

[2020-04-13 01:28:18 #9 type] 
Type domain.Question is not enhanced.

[2020-04-13 01:28:18 #10 type.registry] 
New type domain.Answer

[2020-04-13 01:28:18 #11 type.registry] 
New type java.util.Vector<domain.Answer>

[2020-04-13 01:28:18 #12 type] 
Type domain.Answer is not enhanced.

[2020-04-13 01:28:18 #13 type.registry] 
New type domain.ApuestaGlobal

[2020-04-13 01:28:18 #14 type.registry] 
New type domain.Apuesta

[2020-04-13 01:28:18 #15 type.registry] 
New type java.util.Vector<domain.Apuesta>

[2020-04-13 01:28:18 #16 type] 
Type domain.ApuestaGlobal is not enhanced.

[2020-04-13 01:28:18 #17 type.registry] 
New type domain.Usuario

[2020-04-13 01:28:18 #18 type.registry] 
New type domain.Cliente

[2020-04-13 01:28:18 #19 type] 
Type domain.Apuesta is not enhanced.

[2020-04-13 01:28:18 #20 type] 
Type domain.Usuario is not enhanced.

[2020-04-13 01:28:18 #21 type] 
Type domain.Cliente is not enhanced.

[2020-04-13 01:28:18 #22 type.registry] 
New type domain.Admin

[2020-04-13 01:28:18 #23 type] 
Type domain.Admin is not enhanced.

[2020-04-13 01:28:19 #24 type.registry] 
New type domain.CuentaGlobal

[2020-04-13 01:28:19 #25 type] 
Type domain.CuentaGlobal is not enhanced.

[2020-04-13 01:28:19 #26 type.registry] 
New type java.util.Vector<java.lang.Object>

------------------------------------------------------------------------------------------------------------------------

[2020-04-13 01:29:12 #1 store] 
Database '/Users/ldeniz/git/Bets/resources/bets.temp' is opened by 32660@MacBook-Pro-de-Leroy.local

[2020-04-13 01:29:12 #2 type.registry] 
New type domain.Deporte

[2020-04-13 01:29:12 #3 type] 
Type domain.Deporte is not enhanced.

[2020-04-13 01:29:12 #4 type.registry] 
New type domain.Event

[2020-04-13 01:29:12 #5 type.registry] 
New type java.util.Vector<domain.Event>

[2020-04-13 01:29:12 #6 type] 
Type domain.Event is not enhanced.

[2020-04-13 01:29:12 #7 type.registry] 
New type domain.Question

[2020-04-13 01:29:12 #8 type.registry] 
New type java.util.Vector<domain.Question>

[2020-04-13 01:29:12 #9 type] 
Type domain.Question is not enhanced.

[2020-04-13 01:29:12 #10 type.registry] 
New type domain.Answer

[2020-04-13 01:29:12 #11 type.registry] 
New type java.util.Vector<domain.Answer>

[2020-04-13 01:29:12 #12 type] 
Type domain.Answer is not enhanced.

[2020-04-13 01:29:12 #13 type.registry] 
New type domain.ApuestaGlobal

[2020-04-13 01:29:12 #14 type.registry] 
New type domain.Apuesta

[2020-04-13 01:29:12 #15 type.registry] 
New type java.util.Vector<domain.Apuesta>

[2020-04-13 01:29:12 #16 type] 
Type domain.ApuestaGlobal is not enhanced.

[2020-04-13 01:29:12 #17 type.registry] 
New type domain.Usuario

[2020-04-13 01:29:12 #18 type.registry] 
New type domain.Cliente

[2020-04-13 01:29:12 #19 type] 
Type domain.Apuesta is not enhanced.

[2020-04-13 01:29:12 #20 type] 
Type domain.Usuario is not enhanced.

[2020-04-13 01:29:12 #21 type] 
Type domain.Cliente is not enhanced.

[2020-04-13 01:29:12 #22 type.registry] 
New type domain.Admin

[2020-04-13 01:29:12 #23 type] 
Type domain.Admin is not enhanced.

[2020-04-13 01:29:12 #24 type.registry] 
New type domain.CuentaGlobal

[2020-04-13 01:29:12 #25 type] 
Type domain.CuentaGlobal is not enhanced.

[2020-04-13 01:29:12 #26 type.registry] 
New type java.util.Vector<java.lang.Object>

------------------------------------------------------------------------------------------------------------------------

[2020-04-13 01:30:10 #1 store] 
Database '/Users/ldeniz/git/Bets/resources/bets.temp' is opened by 32670@MacBook-Pro-de-Leroy.local

[2020-04-13 01:30:10 #2 type.registry] 
New type domain.Deporte

[2020-04-13 01:30:10 #3 type] 
Type domain.Deporte is not enhanced.

[2020-04-13 01:30:10 #4 type.registry] 
New type domain.Event

[2020-04-13 01:30:10 #5 type.registry] 
New type java.util.Vector<domain.Event>

[2020-04-13 01:30:10 #6 type] 
Type domain.Event is not enhanced.

[2020-04-13 01:30:10 #7 type.registry] 
New type domain.Question

[2020-04-13 01:30:10 #8 type.registry] 
New type java.util.Vector<domain.Question>

[2020-04-13 01:30:10 #9 type] 
Type domain.Question is not enhanced.

[2020-04-13 01:30:10 #10 type.registry] 
New type domain.Answer

[2020-04-13 01:30:10 #11 type.registry] 
New type java.util.Vector<domain.Answer>

[2020-04-13 01:30:10 #12 type] 
Type domain.Answer is not enhanced.

[2020-04-13 01:30:10 #13 type.registry] 
New type domain.ApuestaGlobal

[2020-04-13 01:30:10 #14 type.registry] 
New type domain.Apuesta

[2020-04-13 01:30:10 #15 type.registry] 
New type java.util.Vector<domain.Apuesta>

[2020-04-13 01:30:10 #16 type] 
Type domain.ApuestaGlobal is not enhanced.

[2020-04-13 01:30:10 #17 type.registry] 
New type domain.Usuario

[2020-04-13 01:30:10 #18 type.registry] 
New type domain.Cliente

[2020-04-13 01:30:10 #19 type] 
Type domain.Apuesta is not enhanced.

[2020-04-13 01:30:10 #20 type] 
Type domain.Usuario is not enhanced.

[2020-04-13 01:30:10 #21 type] 
Type domain.Cliente is not enhanced.

[2020-04-13 01:30:10 #22 type.registry] 
New type domain.Admin

[2020-04-13 01:30:10 #23 type] 
Type domain.Admin is not enhanced.

[2020-04-13 01:30:10 #24 type.registry] 
New type domain.CuentaGlobal

[2020-04-13 01:30:10 #25 type] 
Type domain.CuentaGlobal is not enhanced.

[2020-04-13 01:30:10 #26 type.registry] 
New type java.util.Vector<java.lang.Object>

------------------------------------------------------------------------------------------------------------------------

[2020-04-13 01:30:56 #1 store] 
Database '/Users/ldeniz/git/Bets/resources/bets.temp' is opened by 32681@MacBook-Pro-de-Leroy.local

[2020-04-13 01:30:56 #2 type.registry] 
New type domain.Deporte

[2020-04-13 01:30:56 #3 type] 
Type domain.Deporte is not enhanced.

[2020-04-13 01:30:56 #4 type.registry] 
New type domain.Event

[2020-04-13 01:30:56 #5 type.registry] 
New type java.util.Vector<domain.Event>

[2020-04-13 01:30:56 #6 type] 
Type domain.Event is not enhanced.

[2020-04-13 01:30:56 #7 type.registry] 
New type domain.Question

[2020-04-13 01:30:56 #8 type.registry] 
New type java.util.Vector<domain.Question>

[2020-04-13 01:30:56 #9 type] 
Type domain.Question is not enhanced.

[2020-04-13 01:30:56 #10 type.registry] 
New type domain.Answer

[2020-04-13 01:30:56 #11 type.registry] 
New type java.util.Vector<domain.Answer>

[2020-04-13 01:30:56 #12 type] 
Type domain.Answer is not enhanced.

[2020-04-13 01:30:56 #13 type.registry] 
New type domain.ApuestaGlobal

[2020-04-13 01:30:56 #14 type.registry] 
New type domain.Apuesta

[2020-04-13 01:30:56 #15 type.registry] 
New type java.util.Vector<domain.Apuesta>

[2020-04-13 01:30:56 #16 type] 
Type domain.ApuestaGlobal is not enhanced.

[2020-04-13 01:30:56 #17 type.registry] 
New type domain.Usuario

[2020-04-13 01:30:56 #18 type.registry] 
New type domain.Cliente

[2020-04-13 01:30:56 #19 type] 
Type domain.Apuesta is not enhanced.

[2020-04-13 01:30:56 #20 type] 
Type domain.Usuario is not enhanced.

[2020-04-13 01:30:56 #21 type] 
Type domain.Cliente is not enhanced.

[2020-04-13 01:30:56 #22 type.registry] 
New type domain.Admin

[2020-04-13 01:30:56 #23 type] 
Type domain.Admin is not enhanced.

[2020-04-13 01:30:56 #24 type.registry] 
New type domain.CuentaGlobal

[2020-04-13 01:30:56 #25 type] 
Type domain.CuentaGlobal is not enhanced.

[2020-04-13 01:30:56 #26 type.registry] 
New type java.util.Vector<java.lang.Object>

------------------------------------------------------------------------------------------------------------------------

[2020-04-13 01:51:31 #1 store] 
Database '/Users/ldeniz/git/Bets/resources/bets.temp' is opened by 32842@MacBook-Pro-de-Leroy.local

[2020-04-13 01:51:31 #2 type.registry] 
New type domain.Deporte

[2020-04-13 01:51:31 #3 type] 
Type domain.Deporte is not enhanced.

[2020-04-13 01:51:31 #4 type.registry] 
New type domain.Event

[2020-04-13 01:51:31 #5 type.registry] 
New type java.util.Vector<domain.Event>

[2020-04-13 01:51:31 #6 type] 
Type domain.Event is not enhanced.

[2020-04-13 01:51:31 #7 type.registry] 
New type domain.Question

[2020-04-13 01:51:31 #8 type.registry] 
New type java.util.Vector<domain.Question>

[2020-04-13 01:51:31 #9 type] 
Type domain.Question is not enhanced.

[2020-04-13 01:51:31 #10 type.registry] 
New type domain.Answer

[2020-04-13 01:51:31 #11 type.registry] 
New type java.util.Vector<domain.Answer>

[2020-04-13 01:51:31 #12 type] 
Type domain.Answer is not enhanced.

[2020-04-13 01:51:31 #13 type.registry] 
New type domain.ApuestaGlobal

[2020-04-13 01:51:31 #14 type.registry] 
New type domain.Apuesta

[2020-04-13 01:51:31 #15 type.registry] 
New type java.util.Vector<domain.Apuesta>

[2020-04-13 01:51:31 #16 type] 
Type domain.ApuestaGlobal is not enhanced.

[2020-04-13 01:51:31 #17 type.registry] 
New type domain.Usuario

[2020-04-13 01:51:31 #18 type.registry] 
New type domain.Cliente

[2020-04-13 01:51:31 #19 type] 
Type domain.Apuesta is not enhanced.

[2020-04-13 01:51:31 #20 type] 
Type domain.Usuario is not enhanced.

[2020-04-13 01:51:31 #21 type] 
Type domain.Cliente is not enhanced.

[2020-04-13 01:51:31 #22 type.registry] 
New type domain.Admin

[2020-04-13 01:51:31 #23 type] 
Type domain.Admin is not enhanced.

[2020-04-13 01:51:31 #24 type.registry] 
New type domain.CuentaGlobal

[2020-04-13 01:51:31 #25 type] 
Type domain.CuentaGlobal is not enhanced.

[2020-04-13 01:51:31 #26 type.registry] 
New type java.util.Vector<java.lang.Object>

------------------------------------------------------------------------------------------------------------------------

[2020-04-13 01:51:49 #1 store] 
Database '/Users/ldeniz/git/Bets/resources/bets.temp' is opened by 32846@MacBook-Pro-de-Leroy.local

[2020-04-13 01:51:49 #2 type.registry] 
New type domain.Deporte

[2020-04-13 01:51:49 #3 type] 
Type domain.Deporte is not enhanced.

[2020-04-13 01:51:49 #4 type.registry] 
New type domain.Event

[2020-04-13 01:51:49 #5 type.registry] 
New type java.util.Vector<domain.Event>

[2020-04-13 01:51:49 #6 type] 
Type domain.Event is not enhanced.

[2020-04-13 01:51:49 #7 type.registry] 
New type domain.Question

[2020-04-13 01:51:49 #8 type.registry] 
New type java.util.Vector<domain.Question>

[2020-04-13 01:51:49 #9 type] 
Type domain.Question is not enhanced.

[2020-04-13 01:51:49 #10 type.registry] 
New type domain.Answer

[2020-04-13 01:51:49 #11 type.registry] 
New type java.util.Vector<domain.Answer>

[2020-04-13 01:51:49 #12 type] 
Type domain.Answer is not enhanced.

[2020-04-13 01:51:49 #13 type.registry] 
New type domain.ApuestaGlobal

[2020-04-13 01:51:49 #14 type.registry] 
New type domain.Apuesta

[2020-04-13 01:51:49 #15 type.registry] 
New type java.util.Vector<domain.Apuesta>

[2020-04-13 01:51:49 #16 type] 
Type domain.ApuestaGlobal is not enhanced.

[2020-04-13 01:51:49 #17 type.registry] 
New type domain.Usuario

[2020-04-13 01:51:49 #18 type.registry] 
New type domain.Cliente

[2020-04-13 01:51:49 #19 type] 
Type domain.Apuesta is not enhanced.

[2020-04-13 01:51:49 #20 type] 
Type domain.Usuario is not enhanced.

[2020-04-13 01:51:49 #21 type] 
Type domain.Cliente is not enhanced.

[2020-04-13 01:51:49 #22 type.registry] 
New type domain.Admin

[2020-04-13 01:51:49 #23 type] 
Type domain.Admin is not enhanced.

[2020-04-13 01:51:49 #24 type.registry] 
New type domain.CuentaGlobal

[2020-04-13 01:51:49 #25 type] 
Type domain.CuentaGlobal is not enhanced.

[2020-04-13 01:51:49 #26 type.registry] 
New type java.util.Vector<java.lang.Object>

