------------------------------------------------------------------------------------------------------------------------

[2020-04-26 13:42:22 #1 store] 
Database '/Users/ldeniz/git/Bets/resources/bets.temp' is opened by 18188@MacBook-Pro-de-Leroy.local

[2020-04-26 13:42:22 #2 type.registry] 
New type domain.Deporte

[2020-04-26 13:42:22 #3 type] 
Type domain.Deporte is not enhanced.

[2020-04-26 13:42:22 #4 type.registry] 
New type domain.Event

[2020-04-26 13:42:22 #5 type.registry] 
New type java.util.Vector<domain.Event>

[2020-04-26 13:42:22 #6 type] 
Type domain.Event is not enhanced.

[2020-04-26 13:42:22 #7 type.registry] 
New type domain.Question

[2020-04-26 13:42:22 #8 type.registry] 
New type java.util.Vector<domain.Question>

[2020-04-26 13:42:22 #9 type] 
Type domain.Question is not enhanced.

[2020-04-26 13:42:22 #10 type.registry] 
New type domain.Answer

[2020-04-26 13:42:22 #11 type.registry] 
New type java.util.Vector<domain.Answer>

[2020-04-26 13:42:22 #12 type] 
Type domain.Answer is not enhanced.

[2020-04-26 13:42:22 #13 type.registry] 
New type domain.ApuestaGlobal

[2020-04-26 13:42:22 #14 type.registry] 
New type domain.Apuesta

[2020-04-26 13:42:22 #15 type.registry] 
New type java.util.Vector<domain.Apuesta>

[2020-04-26 13:42:22 #16 type] 
Type domain.ApuestaGlobal is not enhanced.

[2020-04-26 13:42:22 #17 type.registry] 
New type domain.Usuario

[2020-04-26 13:42:22 #18 type.registry] 
New type domain.Cliente

[2020-04-26 13:42:22 #19 type] 
Type domain.Apuesta is not enhanced.

[2020-04-26 13:42:22 #20 type] 
Type domain.Usuario is not enhanced.

[2020-04-26 13:42:22 #21 type] 
Type domain.Cliente is not enhanced.

[2020-04-26 13:42:22 #22 type.registry] 
New type domain.Admin

[2020-04-26 13:42:22 #23 type] 
Type domain.Admin is not enhanced.

[2020-04-26 13:42:22 #24 type.registry] 
New type domain.CuentaGlobal

[2020-04-26 13:42:22 #25 type] 
Type domain.CuentaGlobal is not enhanced.

[2020-04-26 13:42:22 #26 type.registry] 
New type java.util.Vector<java.lang.Object>

------------------------------------------------------------------------------------------------------------------------

[2020-04-26 13:44:00 #1 store] 
Database '/Users/ldeniz/git/Bets/resources/bets.temp' is opened by 18269@MacBook-Pro-de-Leroy.local

[2020-04-26 13:44:00 #2 type.registry] 
New type domain.Deporte

[2020-04-26 13:44:00 #3 type] 
Type domain.Deporte is not enhanced.

[2020-04-26 13:44:00 #4 type.registry] 
New type domain.Event

[2020-04-26 13:44:00 #5 type.registry] 
New type java.util.Vector<domain.Event>

[2020-04-26 13:44:00 #6 type] 
Type domain.Event is not enhanced.

[2020-04-26 13:44:00 #7 type.registry] 
New type domain.Question

[2020-04-26 13:44:00 #8 type.registry] 
New type java.util.Vector<domain.Question>

[2020-04-26 13:44:00 #9 type] 
Type domain.Question is not enhanced.

[2020-04-26 13:44:00 #10 type.registry] 
New type domain.Answer

[2020-04-26 13:44:00 #11 type.registry] 
New type java.util.Vector<domain.Answer>

[2020-04-26 13:44:00 #12 type] 
Type domain.Answer is not enhanced.

[2020-04-26 13:44:00 #13 type.registry] 
New type domain.ApuestaGlobal

[2020-04-26 13:44:00 #14 type.registry] 
New type domain.Apuesta

[2020-04-26 13:44:00 #15 type.registry] 
New type java.util.Vector<domain.Apuesta>

[2020-04-26 13:44:00 #16 type] 
Type domain.ApuestaGlobal is not enhanced.

[2020-04-26 13:44:00 #17 type.registry] 
New type domain.Usuario

[2020-04-26 13:44:00 #18 type.registry] 
New type domain.Cliente

[2020-04-26 13:44:00 #19 type] 
Type domain.Apuesta is not enhanced.

[2020-04-26 13:44:00 #20 type] 
Type domain.Usuario is not enhanced.

[2020-04-26 13:44:00 #21 type] 
Type domain.Cliente is not enhanced.

[2020-04-26 13:44:00 #22 type.registry] 
New type domain.Admin

[2020-04-26 13:44:00 #23 type] 
Type domain.Admin is not enhanced.

[2020-04-26 13:44:00 #24 type.registry] 
New type domain.CuentaGlobal

[2020-04-26 13:44:00 #25 type] 
Type domain.CuentaGlobal is not enhanced.

[2020-04-26 13:44:00 #26 type.registry] 
New type java.util.Vector<java.lang.Object>

------------------------------------------------------------------------------------------------------------------------

[2020-04-26 13:46:00 #1 store] 
Database '/Users/ldeniz/git/Bets/resources/bets.temp' is opened by 18345@MacBook-Pro-de-Leroy.local

[2020-04-26 13:46:00 #2 type.registry] 
New type domain.Deporte

[2020-04-26 13:46:00 #3 type] 
Type domain.Deporte is not enhanced.

[2020-04-26 13:46:00 #4 type.registry] 
New type domain.Event

[2020-04-26 13:46:00 #5 type.registry] 
New type java.util.Vector<domain.Event>

[2020-04-26 13:46:00 #6 type] 
Type domain.Event is not enhanced.

[2020-04-26 13:46:00 #7 type.registry] 
New type domain.Question

[2020-04-26 13:46:00 #8 type.registry] 
New type java.util.Vector<domain.Question>

[2020-04-26 13:46:00 #9 type] 
Type domain.Question is not enhanced.

[2020-04-26 13:46:00 #10 type.registry] 
New type domain.Answer

[2020-04-26 13:46:00 #11 type.registry] 
New type java.util.Vector<domain.Answer>

[2020-04-26 13:46:00 #12 type] 
Type domain.Answer is not enhanced.

[2020-04-26 13:46:00 #13 type.registry] 
New type domain.ApuestaGlobal

[2020-04-26 13:46:00 #14 type.registry] 
New type domain.Apuesta

[2020-04-26 13:46:00 #15 type.registry] 
New type java.util.Vector<domain.Apuesta>

[2020-04-26 13:46:00 #16 type] 
Type domain.ApuestaGlobal is not enhanced.

[2020-04-26 13:46:00 #17 type.registry] 
New type domain.Usuario

[2020-04-26 13:46:00 #18 type.registry] 
New type domain.Cliente

[2020-04-26 13:46:00 #19 type] 
Type domain.Apuesta is not enhanced.

[2020-04-26 13:46:00 #20 type] 
Type domain.Usuario is not enhanced.

[2020-04-26 13:46:00 #21 type] 
Type domain.Cliente is not enhanced.

[2020-04-26 13:46:00 #22 type.registry] 
New type domain.Admin

[2020-04-26 13:46:00 #23 type] 
Type domain.Admin is not enhanced.

[2020-04-26 13:46:00 #24 type.registry] 
New type domain.CuentaGlobal

[2020-04-26 13:46:00 #25 type] 
Type domain.CuentaGlobal is not enhanced.

[2020-04-26 13:46:00 #26 type.registry] 
New type java.util.Vector<java.lang.Object>

------------------------------------------------------------------------------------------------------------------------

[2020-04-26 13:46:43 #1 store] 
Database '/Users/ldeniz/git/Bets/resources/bets.temp' is opened by 18379@MacBook-Pro-de-Leroy.local

[2020-04-26 13:46:43 #2 type.registry] 
New type domain.Deporte

[2020-04-26 13:46:43 #3 type] 
Type domain.Deporte is not enhanced.

[2020-04-26 13:46:43 #4 type.registry] 
New type domain.Event

[2020-04-26 13:46:43 #5 type.registry] 
New type java.util.Vector<domain.Event>

[2020-04-26 13:46:43 #6 type] 
Type domain.Event is not enhanced.

[2020-04-26 13:46:43 #7 type.registry] 
New type domain.Question

[2020-04-26 13:46:43 #8 type.registry] 
New type java.util.Vector<domain.Question>

[2020-04-26 13:46:43 #9 type] 
Type domain.Question is not enhanced.

[2020-04-26 13:46:43 #10 type.registry] 
New type domain.Answer

[2020-04-26 13:46:43 #11 type.registry] 
New type java.util.Vector<domain.Answer>

[2020-04-26 13:46:43 #12 type] 
Type domain.Answer is not enhanced.

[2020-04-26 13:46:43 #13 type.registry] 
New type domain.ApuestaGlobal

[2020-04-26 13:46:43 #14 type.registry] 
New type domain.Apuesta

[2020-04-26 13:46:43 #15 type.registry] 
New type java.util.Vector<domain.Apuesta>

[2020-04-26 13:46:43 #16 type] 
Type domain.ApuestaGlobal is not enhanced.

[2020-04-26 13:46:43 #17 type.registry] 
New type domain.Usuario

[2020-04-26 13:46:43 #18 type.registry] 
New type domain.Cliente

[2020-04-26 13:46:43 #19 type] 
Type domain.Apuesta is not enhanced.

[2020-04-26 13:46:43 #20 type] 
Type domain.Usuario is not enhanced.

[2020-04-26 13:46:43 #21 type] 
Type domain.Cliente is not enhanced.

[2020-04-26 13:46:43 #22 type.registry] 
New type domain.Admin

[2020-04-26 13:46:43 #23 type] 
Type domain.Admin is not enhanced.

[2020-04-26 13:46:43 #24 type.registry] 
New type domain.CuentaGlobal

[2020-04-26 13:46:43 #25 type] 
Type domain.CuentaGlobal is not enhanced.

[2020-04-26 13:46:43 #26 type.registry] 
New type java.util.Vector<java.lang.Object>

------------------------------------------------------------------------------------------------------------------------

[2020-04-26 13:49:16 #1 store] 
Database '/Users/ldeniz/git/Bets/resources/bets.temp' is opened by 18492@MacBook-Pro-de-Leroy.local

[2020-04-26 13:49:16 #2 type.registry] 
New type domain.Deporte

[2020-04-26 13:49:16 #3 type] 
Type domain.Deporte is not enhanced.

[2020-04-26 13:49:16 #4 type.registry] 
New type domain.Event

[2020-04-26 13:49:16 #5 type.registry] 
New type java.util.Vector<domain.Event>

[2020-04-26 13:49:16 #6 type] 
Type domain.Event is not enhanced.

[2020-04-26 13:49:16 #7 type.registry] 
New type domain.Question

[2020-04-26 13:49:16 #8 type.registry] 
New type java.util.Vector<domain.Question>

[2020-04-26 13:49:16 #9 type] 
Type domain.Question is not enhanced.

[2020-04-26 13:49:16 #10 type.registry] 
New type domain.Answer

[2020-04-26 13:49:16 #11 type.registry] 
New type java.util.Vector<domain.Answer>

[2020-04-26 13:49:16 #12 type] 
Type domain.Answer is not enhanced.

[2020-04-26 13:49:16 #13 type.registry] 
New type domain.ApuestaGlobal

[2020-04-26 13:49:16 #14 type.registry] 
New type domain.Apuesta

[2020-04-26 13:49:16 #15 type.registry] 
New type java.util.Vector<domain.Apuesta>

[2020-04-26 13:49:16 #16 type] 
Type domain.ApuestaGlobal is not enhanced.

[2020-04-26 13:49:16 #17 type.registry] 
New type domain.Usuario

[2020-04-26 13:49:16 #18 type.registry] 
New type domain.Cliente

[2020-04-26 13:49:16 #19 type] 
Type domain.Apuesta is not enhanced.

[2020-04-26 13:49:16 #20 type] 
Type domain.Usuario is not enhanced.

[2020-04-26 13:49:16 #21 type] 
Type domain.Cliente is not enhanced.

[2020-04-26 13:49:16 #22 type.registry] 
New type domain.Admin

[2020-04-26 13:49:16 #23 type] 
Type domain.Admin is not enhanced.

[2020-04-26 13:49:16 #24 type.registry] 
New type domain.CuentaGlobal

[2020-04-26 13:49:16 #25 type] 
Type domain.CuentaGlobal is not enhanced.

[2020-04-26 13:49:16 #26 type.registry] 
New type java.util.Vector<java.lang.Object>

------------------------------------------------------------------------------------------------------------------------

[2020-04-26 13:49:37 #1 store] 
Database '/Users/ldeniz/git/Bets/resources/bets.temp' is opened by 18508@MacBook-Pro-de-Leroy.local

[2020-04-26 13:49:37 #2 type.registry] 
New type domain.Deporte

[2020-04-26 13:49:37 #3 type] 
Type domain.Deporte is not enhanced.

[2020-04-26 13:49:37 #4 type.registry] 
New type domain.Event

[2020-04-26 13:49:38 #5 type.registry] 
New type java.util.Vector<domain.Event>

[2020-04-26 13:49:38 #6 type] 
Type domain.Event is not enhanced.

[2020-04-26 13:49:38 #7 type.registry] 
New type domain.Question

[2020-04-26 13:49:38 #8 type.registry] 
New type java.util.Vector<domain.Question>

[2020-04-26 13:49:38 #9 type] 
Type domain.Question is not enhanced.

[2020-04-26 13:49:38 #10 type.registry] 
New type domain.Answer

[2020-04-26 13:49:38 #11 type.registry] 
New type java.util.Vector<domain.Answer>

[2020-04-26 13:49:38 #12 type] 
Type domain.Answer is not enhanced.

[2020-04-26 13:49:38 #13 type.registry] 
New type domain.ApuestaGlobal

[2020-04-26 13:49:38 #14 type.registry] 
New type domain.Apuesta

[2020-04-26 13:49:38 #15 type.registry] 
New type java.util.Vector<domain.Apuesta>

[2020-04-26 13:49:38 #16 type] 
Type domain.ApuestaGlobal is not enhanced.

[2020-04-26 13:49:38 #17 type.registry] 
New type domain.Usuario

[2020-04-26 13:49:38 #18 type.registry] 
New type domain.Cliente

[2020-04-26 13:49:38 #19 type] 
Type domain.Apuesta is not enhanced.

[2020-04-26 13:49:38 #20 type] 
Type domain.Usuario is not enhanced.

[2020-04-26 13:49:38 #21 type] 
Type domain.Cliente is not enhanced.

[2020-04-26 13:49:38 #22 type.registry] 
New type domain.Admin

[2020-04-26 13:49:38 #23 type] 
Type domain.Admin is not enhanced.

[2020-04-26 13:49:38 #24 type.registry] 
New type domain.CuentaGlobal

[2020-04-26 13:49:38 #25 type] 
Type domain.CuentaGlobal is not enhanced.

[2020-04-26 13:49:38 #26 type.registry] 
New type java.util.Vector<java.lang.Object>

------------------------------------------------------------------------------------------------------------------------

[2020-04-26 13:50:14 #1 store] 
Database '/Users/ldeniz/git/Bets/resources/bets.temp' is opened by 18536@MacBook-Pro-de-Leroy.local

[2020-04-26 13:50:14 #2 type.registry] 
New type domain.Deporte

[2020-04-26 13:50:14 #3 type] 
Type domain.Deporte is not enhanced.

[2020-04-26 13:50:14 #4 type.registry] 
New type domain.Event

[2020-04-26 13:50:14 #5 type.registry] 
New type java.util.Vector<domain.Event>

[2020-04-26 13:50:14 #6 type] 
Type domain.Event is not enhanced.

[2020-04-26 13:50:14 #7 type.registry] 
New type domain.Question

[2020-04-26 13:50:14 #8 type.registry] 
New type java.util.Vector<domain.Question>

[2020-04-26 13:50:14 #9 type] 
Type domain.Question is not enhanced.

[2020-04-26 13:50:14 #10 type.registry] 
New type domain.Answer

[2020-04-26 13:50:14 #11 type.registry] 
New type java.util.Vector<domain.Answer>

[2020-04-26 13:50:14 #12 type] 
Type domain.Answer is not enhanced.

[2020-04-26 13:50:14 #13 type.registry] 
New type domain.ApuestaGlobal

[2020-04-26 13:50:14 #14 type.registry] 
New type domain.Apuesta

[2020-04-26 13:50:14 #15 type.registry] 
New type java.util.Vector<domain.Apuesta>

[2020-04-26 13:50:14 #16 type] 
Type domain.ApuestaGlobal is not enhanced.

[2020-04-26 13:50:14 #17 type.registry] 
New type domain.Usuario

[2020-04-26 13:50:14 #18 type.registry] 
New type domain.Cliente

[2020-04-26 13:50:14 #19 type] 
Type domain.Apuesta is not enhanced.

[2020-04-26 13:50:14 #20 type] 
Type domain.Usuario is not enhanced.

[2020-04-26 13:50:14 #21 type] 
Type domain.Cliente is not enhanced.

[2020-04-26 13:50:14 #22 type.registry] 
New type domain.Admin

[2020-04-26 13:50:14 #23 type] 
Type domain.Admin is not enhanced.

[2020-04-26 13:50:14 #24 type.registry] 
New type domain.CuentaGlobal

[2020-04-26 13:50:14 #25 type] 
Type domain.CuentaGlobal is not enhanced.

[2020-04-26 13:50:14 #26 type.registry] 
New type java.util.Vector<java.lang.Object>

------------------------------------------------------------------------------------------------------------------------

[2020-04-26 13:50:23 #1 store] 
Database '/Users/ldeniz/git/Bets/resources/bets.temp' is opened by 18543@MacBook-Pro-de-Leroy.local

[2020-04-26 13:50:23 #2 type.registry] 
New type domain.Deporte

[2020-04-26 13:50:23 #3 type] 
Type domain.Deporte is not enhanced.

[2020-04-26 13:50:23 #4 type.registry] 
New type domain.Event

[2020-04-26 13:50:23 #5 type.registry] 
New type java.util.Vector<domain.Event>

[2020-04-26 13:50:23 #6 type] 
Type domain.Event is not enhanced.

[2020-04-26 13:50:23 #7 type.registry] 
New type domain.Question

[2020-04-26 13:50:23 #8 type.registry] 
New type java.util.Vector<domain.Question>

[2020-04-26 13:50:23 #9 type] 
Type domain.Question is not enhanced.

[2020-04-26 13:50:23 #10 type.registry] 
New type domain.Answer

[2020-04-26 13:50:23 #11 type.registry] 
New type java.util.Vector<domain.Answer>

[2020-04-26 13:50:23 #12 type] 
Type domain.Answer is not enhanced.

[2020-04-26 13:50:23 #13 type.registry] 
New type domain.ApuestaGlobal

[2020-04-26 13:50:23 #14 type.registry] 
New type domain.Apuesta

[2020-04-26 13:50:23 #15 type.registry] 
New type java.util.Vector<domain.Apuesta>

[2020-04-26 13:50:23 #16 type] 
Type domain.ApuestaGlobal is not enhanced.

[2020-04-26 13:50:23 #17 type.registry] 
New type domain.Usuario

[2020-04-26 13:50:23 #18 type.registry] 
New type domain.Cliente

[2020-04-26 13:50:23 #19 type] 
Type domain.Apuesta is not enhanced.

[2020-04-26 13:50:23 #20 type] 
Type domain.Usuario is not enhanced.

[2020-04-26 13:50:23 #21 type] 
Type domain.Cliente is not enhanced.

[2020-04-26 13:50:23 #22 type.registry] 
New type domain.Admin

[2020-04-26 13:50:23 #23 type] 
Type domain.Admin is not enhanced.

[2020-04-26 13:50:23 #24 type.registry] 
New type domain.CuentaGlobal

[2020-04-26 13:50:23 #25 type] 
Type domain.CuentaGlobal is not enhanced.

[2020-04-26 13:50:23 #26 type.registry] 
New type java.util.Vector<java.lang.Object>

------------------------------------------------------------------------------------------------------------------------

[2020-04-26 14:28:18 #1 store] 
Database '/Users/ldeniz/git/Bets/resources/bets.temp' is opened by 19965@MacBook-Pro-de-Leroy.local

[2020-04-26 14:28:18 #2 type.registry] 
New type domain.Deporte

[2020-04-26 14:28:18 #3 type] 
Type domain.Deporte is not enhanced.

[2020-04-26 14:28:18 #4 type.registry] 
New type domain.Event

[2020-04-26 14:28:18 #5 type.registry] 
New type java.util.Vector<domain.Event>

[2020-04-26 14:28:18 #6 type] 
Type domain.Event is not enhanced.

[2020-04-26 14:28:18 #7 type.registry] 
New type domain.Question

[2020-04-26 14:28:18 #8 type.registry] 
New type java.util.Vector<domain.Question>

[2020-04-26 14:28:18 #9 type] 
Type domain.Question is not enhanced.

[2020-04-26 14:28:18 #10 type.registry] 
New type domain.Answer

[2020-04-26 14:28:18 #11 type.registry] 
New type java.util.Vector<domain.Answer>

[2020-04-26 14:28:18 #12 type] 
Type domain.Answer is not enhanced.

[2020-04-26 14:28:18 #13 type.registry] 
New type domain.ApuestaGlobal

[2020-04-26 14:28:18 #14 type.registry] 
New type domain.Apuesta

[2020-04-26 14:28:18 #15 type.registry] 
New type java.util.Vector<domain.Apuesta>

[2020-04-26 14:28:18 #16 type] 
Type domain.ApuestaGlobal is not enhanced.

[2020-04-26 14:28:18 #17 type.registry] 
New type domain.Usuario

[2020-04-26 14:28:18 #18 type.registry] 
New type domain.Cliente

[2020-04-26 14:28:18 #19 type] 
Type domain.Apuesta is not enhanced.

[2020-04-26 14:28:18 #20 type] 
Type domain.Usuario is not enhanced.

[2020-04-26 14:28:18 #21 type] 
Type domain.Cliente is not enhanced.

[2020-04-26 14:28:18 #22 type.registry] 
New type domain.Admin

[2020-04-26 14:28:18 #23 type] 
Type domain.Admin is not enhanced.

[2020-04-26 14:28:18 #24 type.registry] 
New type domain.CuentaGlobal

[2020-04-26 14:28:18 #25 type] 
Type domain.CuentaGlobal is not enhanced.

[2020-04-26 14:28:18 #26 type.registry] 
New type java.util.Vector<java.lang.Object>

------------------------------------------------------------------------------------------------------------------------

[2020-04-26 14:30:20 #1 store] 
Database '/Users/ldeniz/git/Bets/resources/bets.temp' is opened by 20043@MacBook-Pro-de-Leroy.local

[2020-04-26 14:30:21 #2 type.registry] 
New type domain.Deporte

[2020-04-26 14:30:21 #3 type] 
Type domain.Deporte is not enhanced.

[2020-04-26 14:30:21 #4 type.registry] 
New type domain.Event

[2020-04-26 14:30:21 #5 type.registry] 
New type java.util.Vector<domain.Event>

[2020-04-26 14:30:21 #6 type] 
Type domain.Event is not enhanced.

[2020-04-26 14:30:21 #7 type.registry] 
New type domain.Question

[2020-04-26 14:30:21 #8 type.registry] 
New type java.util.Vector<domain.Question>

[2020-04-26 14:30:21 #9 type] 
Type domain.Question is not enhanced.

[2020-04-26 14:30:21 #10 type.registry] 
New type domain.Answer

[2020-04-26 14:30:21 #11 type.registry] 
New type java.util.Vector<domain.Answer>

[2020-04-26 14:30:21 #12 type] 
Type domain.Answer is not enhanced.

[2020-04-26 14:30:21 #13 type.registry] 
New type domain.ApuestaGlobal

[2020-04-26 14:30:21 #14 type.registry] 
New type domain.Apuesta

[2020-04-26 14:30:21 #15 type.registry] 
New type java.util.Vector<domain.Apuesta>

[2020-04-26 14:30:21 #16 type] 
Type domain.ApuestaGlobal is not enhanced.

[2020-04-26 14:30:21 #17 type.registry] 
New type domain.Usuario

[2020-04-26 14:30:21 #18 type.registry] 
New type domain.Cliente

[2020-04-26 14:30:21 #19 type] 
Type domain.Apuesta is not enhanced.

[2020-04-26 14:30:21 #20 type] 
Type domain.Usuario is not enhanced.

[2020-04-26 14:30:21 #21 type] 
Type domain.Cliente is not enhanced.

[2020-04-26 14:30:21 #22 type.registry] 
New type domain.Admin

[2020-04-26 14:30:21 #23 type] 
Type domain.Admin is not enhanced.

[2020-04-26 14:30:21 #24 type.registry] 
New type domain.CuentaGlobal

[2020-04-26 14:30:21 #25 type] 
Type domain.CuentaGlobal is not enhanced.

[2020-04-26 14:30:21 #26 type.registry] 
New type java.util.Vector<java.lang.Object>

------------------------------------------------------------------------------------------------------------------------

[2020-04-26 14:44:22 #1 store] 
Database '/Users/ldeniz/git/Bets/resources/bets.temp' is opened by 20597@MacBook-Pro-de-Leroy.local

[2020-04-26 14:44:22 #2 type.registry] 
New type domain.Deporte

[2020-04-26 14:44:22 #3 type] 
Type domain.Deporte is not enhanced.

[2020-04-26 14:44:22 #4 type.registry] 
New type domain.Event

[2020-04-26 14:44:22 #5 type.registry] 
New type java.util.Vector<domain.Event>

[2020-04-26 14:44:22 #6 type] 
Type domain.Event is not enhanced.

[2020-04-26 14:44:22 #7 type.registry] 
New type domain.Question

[2020-04-26 14:44:22 #8 type.registry] 
New type java.util.Vector<domain.Question>

[2020-04-26 14:44:22 #9 type] 
Type domain.Question is not enhanced.

[2020-04-26 14:44:22 #10 type.registry] 
New type domain.Answer

[2020-04-26 14:44:22 #11 type.registry] 
New type java.util.Vector<domain.Answer>

[2020-04-26 14:44:22 #12 type] 
Type domain.Answer is not enhanced.

[2020-04-26 14:44:22 #13 type.registry] 
New type domain.ApuestaGlobal

[2020-04-26 14:44:22 #14 type.registry] 
New type domain.Apuesta

[2020-04-26 14:44:22 #15 type.registry] 
New type java.util.Vector<domain.Apuesta>

[2020-04-26 14:44:22 #16 type] 
Type domain.ApuestaGlobal is not enhanced.

[2020-04-26 14:44:22 #17 type.registry] 
New type domain.Usuario

[2020-04-26 14:44:22 #18 type.registry] 
New type domain.Cliente

[2020-04-26 14:44:22 #19 type] 
Type domain.Apuesta is not enhanced.

[2020-04-26 14:44:22 #20 type] 
Type domain.Usuario is not enhanced.

[2020-04-26 14:44:22 #21 type] 
Type domain.Cliente is not enhanced.

[2020-04-26 14:44:22 #22 type.registry] 
New type domain.Admin

[2020-04-26 14:44:22 #23 type] 
Type domain.Admin is not enhanced.

[2020-04-26 14:44:22 #24 type.registry] 
New type domain.CuentaGlobal

[2020-04-26 14:44:22 #25 type] 
Type domain.CuentaGlobal is not enhanced.

[2020-04-26 14:44:22 #26 type.registry] 
New type java.util.Vector<java.lang.Object>

------------------------------------------------------------------------------------------------------------------------

[2020-04-26 14:50:49 #1 store] 
Database '/Users/ldeniz/git/Bets/resources/bets.temp' is opened by 20838@MacBook-Pro-de-Leroy.local

[2020-04-26 14:50:49 #2 type.registry] 
New type domain.Deporte

[2020-04-26 14:50:49 #3 type] 
Type domain.Deporte is not enhanced.

[2020-04-26 14:50:49 #4 type.registry] 
New type domain.Event

[2020-04-26 14:50:49 #5 type.registry] 
New type java.util.Vector<domain.Event>

[2020-04-26 14:50:49 #6 type] 
Type domain.Event is not enhanced.

[2020-04-26 14:50:49 #7 type.registry] 
New type domain.Question

[2020-04-26 14:50:49 #8 type.registry] 
New type java.util.Vector<domain.Question>

[2020-04-26 14:50:49 #9 type] 
Type domain.Question is not enhanced.

[2020-04-26 14:50:49 #10 type.registry] 
New type domain.Answer

[2020-04-26 14:50:49 #11 type.registry] 
New type java.util.Vector<domain.Answer>

[2020-04-26 14:50:49 #12 type] 
Type domain.Answer is not enhanced.

[2020-04-26 14:50:49 #13 type.registry] 
New type domain.ApuestaGlobal

[2020-04-26 14:50:49 #14 type.registry] 
New type domain.Apuesta

[2020-04-26 14:50:49 #15 type.registry] 
New type java.util.Vector<domain.Apuesta>

[2020-04-26 14:50:49 #16 type] 
Type domain.ApuestaGlobal is not enhanced.

[2020-04-26 14:50:49 #17 type.registry] 
New type domain.Usuario

[2020-04-26 14:50:49 #18 type.registry] 
New type domain.Cliente

[2020-04-26 14:50:49 #19 type] 
Type domain.Apuesta is not enhanced.

[2020-04-26 14:50:49 #20 type] 
Type domain.Usuario is not enhanced.

[2020-04-26 14:50:49 #21 type] 
Type domain.Cliente is not enhanced.

[2020-04-26 14:50:49 #22 type.registry] 
New type domain.Admin

[2020-04-26 14:50:49 #23 type] 
Type domain.Admin is not enhanced.

[2020-04-26 14:50:49 #24 type.registry] 
New type domain.CuentaGlobal

[2020-04-26 14:50:49 #25 type] 
Type domain.CuentaGlobal is not enhanced.

[2020-04-26 14:50:49 #26 type.registry] 
New type java.util.Vector<java.lang.Object>

------------------------------------------------------------------------------------------------------------------------

[2020-04-26 14:55:21 #1 store] 
Database '/Users/ldeniz/git/Bets/resources/bets.temp' is opened by 21010@MacBook-Pro-de-Leroy.local

[2020-04-26 14:55:21 #2 type.registry] 
New type domain.Deporte

[2020-04-26 14:55:21 #3 type] 
Type domain.Deporte is not enhanced.

[2020-04-26 14:55:21 #4 type.registry] 
New type domain.Event

[2020-04-26 14:55:21 #5 type.registry] 
New type java.util.Vector<domain.Event>

[2020-04-26 14:55:21 #6 type] 
Type domain.Event is not enhanced.

[2020-04-26 14:55:21 #7 type.registry] 
New type domain.Question

[2020-04-26 14:55:21 #8 type.registry] 
New type java.util.Vector<domain.Question>

[2020-04-26 14:55:21 #9 type] 
Type domain.Question is not enhanced.

[2020-04-26 14:55:21 #10 type.registry] 
New type domain.Answer

[2020-04-26 14:55:21 #11 type.registry] 
New type java.util.Vector<domain.Answer>

[2020-04-26 14:55:21 #12 type] 
Type domain.Answer is not enhanced.

[2020-04-26 14:55:21 #13 type.registry] 
New type domain.ApuestaGlobal

[2020-04-26 14:55:21 #14 type.registry] 
New type domain.Apuesta

[2020-04-26 14:55:21 #15 type.registry] 
New type java.util.Vector<domain.Apuesta>

[2020-04-26 14:55:21 #16 type] 
Type domain.ApuestaGlobal is not enhanced.

[2020-04-26 14:55:21 #17 type.registry] 
New type domain.Usuario

[2020-04-26 14:55:21 #18 type.registry] 
New type domain.Cliente

[2020-04-26 14:55:21 #19 type] 
Type domain.Apuesta is not enhanced.

[2020-04-26 14:55:21 #20 type] 
Type domain.Usuario is not enhanced.

[2020-04-26 14:55:21 #21 type] 
Type domain.Cliente is not enhanced.

[2020-04-26 14:55:21 #22 type.registry] 
New type domain.Admin

[2020-04-26 14:55:21 #23 type] 
Type domain.Admin is not enhanced.

[2020-04-26 14:55:21 #24 type.registry] 
New type domain.CuentaGlobal

[2020-04-26 14:55:21 #25 type] 
Type domain.CuentaGlobal is not enhanced.

[2020-04-26 14:55:21 #26 type.registry] 
New type java.util.Vector<java.lang.Object>

------------------------------------------------------------------------------------------------------------------------

[2020-04-26 14:56:16 #1 store] 
Database '/Users/ldeniz/git/Bets/resources/bets.temp' is opened by 21045@MacBook-Pro-de-Leroy.local

[2020-04-26 14:56:16 #2 type.registry] 
New type domain.Deporte

[2020-04-26 14:56:16 #3 type] 
Type domain.Deporte is not enhanced.

[2020-04-26 14:56:16 #4 type.registry] 
New type domain.Event

[2020-04-26 14:56:16 #5 type.registry] 
New type java.util.Vector<domain.Event>

[2020-04-26 14:56:16 #6 type] 
Type domain.Event is not enhanced.

[2020-04-26 14:56:16 #7 type.registry] 
New type domain.Question

[2020-04-26 14:56:16 #8 type.registry] 
New type java.util.Vector<domain.Question>

[2020-04-26 14:56:16 #9 type] 
Type domain.Question is not enhanced.

[2020-04-26 14:56:16 #10 type.registry] 
New type domain.Answer

[2020-04-26 14:56:16 #11 type.registry] 
New type java.util.Vector<domain.Answer>

[2020-04-26 14:56:16 #12 type] 
Type domain.Answer is not enhanced.

[2020-04-26 14:56:16 #13 type.registry] 
New type domain.ApuestaGlobal

[2020-04-26 14:56:16 #14 type.registry] 
New type domain.Apuesta

[2020-04-26 14:56:16 #15 type.registry] 
New type java.util.Vector<domain.Apuesta>

[2020-04-26 14:56:16 #16 type] 
Type domain.ApuestaGlobal is not enhanced.

[2020-04-26 14:56:16 #17 type.registry] 
New type domain.Usuario

[2020-04-26 14:56:16 #18 type.registry] 
New type domain.Cliente

[2020-04-26 14:56:16 #19 type] 
Type domain.Apuesta is not enhanced.

[2020-04-26 14:56:16 #20 type] 
Type domain.Usuario is not enhanced.

[2020-04-26 14:56:16 #21 type] 
Type domain.Cliente is not enhanced.

[2020-04-26 14:56:16 #22 type.registry] 
New type domain.Admin

[2020-04-26 14:56:16 #23 type] 
Type domain.Admin is not enhanced.

[2020-04-26 14:56:16 #24 type.registry] 
New type domain.CuentaGlobal

[2020-04-26 14:56:16 #25 type] 
Type domain.CuentaGlobal is not enhanced.

[2020-04-26 14:56:16 #26 type.registry] 
New type java.util.Vector<java.lang.Object>

------------------------------------------------------------------------------------------------------------------------

[2020-04-26 14:58:13 #1 store] 
Database '/Users/ldeniz/git/Bets/resources/bets.temp' is opened by 21121@MacBook-Pro-de-Leroy.local

[2020-04-26 14:58:13 #2 type.registry] 
New type domain.Deporte

[2020-04-26 14:58:13 #3 type] 
Type domain.Deporte is not enhanced.

[2020-04-26 14:58:13 #4 type.registry] 
New type domain.Event

[2020-04-26 14:58:13 #5 type.registry] 
New type java.util.Vector<domain.Event>

[2020-04-26 14:58:13 #6 type] 
Type domain.Event is not enhanced.

[2020-04-26 14:58:13 #7 type.registry] 
New type domain.Question

[2020-04-26 14:58:13 #8 type.registry] 
New type java.util.Vector<domain.Question>

[2020-04-26 14:58:13 #9 type] 
Type domain.Question is not enhanced.

[2020-04-26 14:58:13 #10 type.registry] 
New type domain.Answer

[2020-04-26 14:58:13 #11 type.registry] 
New type java.util.Vector<domain.Answer>

[2020-04-26 14:58:13 #12 type] 
Type domain.Answer is not enhanced.

[2020-04-26 14:58:13 #13 type.registry] 
New type domain.ApuestaGlobal

[2020-04-26 14:58:13 #14 type.registry] 
New type domain.Apuesta

[2020-04-26 14:58:13 #15 type.registry] 
New type java.util.Vector<domain.Apuesta>

[2020-04-26 14:58:13 #16 type] 
Type domain.ApuestaGlobal is not enhanced.

[2020-04-26 14:58:13 #17 type.registry] 
New type domain.Usuario

[2020-04-26 14:58:13 #18 type.registry] 
New type domain.Cliente

[2020-04-26 14:58:13 #19 type] 
Type domain.Apuesta is not enhanced.

[2020-04-26 14:58:13 #20 type] 
Type domain.Usuario is not enhanced.

[2020-04-26 14:58:13 #21 type] 
Type domain.Cliente is not enhanced.

[2020-04-26 14:58:13 #22 type.registry] 
New type domain.Admin

[2020-04-26 14:58:13 #23 type] 
Type domain.Admin is not enhanced.

[2020-04-26 14:58:13 #24 type.registry] 
New type domain.CuentaGlobal

[2020-04-26 14:58:13 #25 type] 
Type domain.CuentaGlobal is not enhanced.

[2020-04-26 14:58:13 #26 type.registry] 
New type java.util.Vector<java.lang.Object>

------------------------------------------------------------------------------------------------------------------------

[2020-04-26 15:00:22 #1 store] 
Database '/Users/ldeniz/git/Bets/resources/bets.temp' is opened by 21215@MacBook-Pro-de-Leroy.local

[2020-04-26 15:00:22 #2 type.registry] 
New type domain.Deporte

[2020-04-26 15:00:22 #3 type] 
Type domain.Deporte is not enhanced.

[2020-04-26 15:00:22 #4 type.registry] 
New type domain.Event

[2020-04-26 15:00:22 #5 type.registry] 
New type java.util.Vector<domain.Event>

[2020-04-26 15:00:22 #6 type] 
Type domain.Event is not enhanced.

[2020-04-26 15:00:22 #7 type.registry] 
New type domain.Question

[2020-04-26 15:00:22 #8 type.registry] 
New type java.util.Vector<domain.Question>

[2020-04-26 15:00:22 #9 type] 
Type domain.Question is not enhanced.

[2020-04-26 15:00:22 #10 type.registry] 
New type domain.Answer

[2020-04-26 15:00:22 #11 type.registry] 
New type java.util.Vector<domain.Answer>

[2020-04-26 15:00:22 #12 type] 
Type domain.Answer is not enhanced.

[2020-04-26 15:00:22 #13 type.registry] 
New type domain.ApuestaGlobal

[2020-04-26 15:00:22 #14 type.registry] 
New type domain.Apuesta

[2020-04-26 15:00:22 #15 type.registry] 
New type java.util.Vector<domain.Apuesta>

[2020-04-26 15:00:22 #16 type] 
Type domain.ApuestaGlobal is not enhanced.

[2020-04-26 15:00:22 #17 type.registry] 
New type domain.Usuario

[2020-04-26 15:00:22 #18 type.registry] 
New type domain.Cliente

[2020-04-26 15:00:22 #19 type] 
Type domain.Apuesta is not enhanced.

[2020-04-26 15:00:22 #20 type] 
Type domain.Usuario is not enhanced.

[2020-04-26 15:00:22 #21 type] 
Type domain.Cliente is not enhanced.

[2020-04-26 15:00:22 #22 type.registry] 
New type domain.Admin

[2020-04-26 15:00:22 #23 type] 
Type domain.Admin is not enhanced.

[2020-04-26 15:00:22 #24 type.registry] 
New type domain.CuentaGlobal

[2020-04-26 15:00:22 #25 type] 
Type domain.CuentaGlobal is not enhanced.

[2020-04-26 15:00:22 #26 type.registry] 
New type java.util.Vector<java.lang.Object>

------------------------------------------------------------------------------------------------------------------------

[2020-04-26 15:00:46 #1 store] 
Database '/Users/ldeniz/git/Bets/resources/bets.temp' is opened by 21231@MacBook-Pro-de-Leroy.local

[2020-04-26 15:00:46 #2 type.registry] 
New type domain.Deporte

[2020-04-26 15:00:46 #3 type] 
Type domain.Deporte is not enhanced.

[2020-04-26 15:00:46 #4 type.registry] 
New type domain.Event

[2020-04-26 15:00:46 #5 type.registry] 
New type java.util.Vector<domain.Event>

[2020-04-26 15:00:46 #6 type] 
Type domain.Event is not enhanced.

[2020-04-26 15:00:46 #7 type.registry] 
New type domain.Question

[2020-04-26 15:00:46 #8 type.registry] 
New type java.util.Vector<domain.Question>

[2020-04-26 15:00:46 #9 type] 
Type domain.Question is not enhanced.

[2020-04-26 15:00:46 #10 type.registry] 
New type domain.Answer

[2020-04-26 15:00:46 #11 type.registry] 
New type java.util.Vector<domain.Answer>

[2020-04-26 15:00:46 #12 type] 
Type domain.Answer is not enhanced.

[2020-04-26 15:00:46 #13 type.registry] 
New type domain.ApuestaGlobal

[2020-04-26 15:00:46 #14 type.registry] 
New type domain.Apuesta

[2020-04-26 15:00:46 #15 type.registry] 
New type java.util.Vector<domain.Apuesta>

[2020-04-26 15:00:46 #16 type] 
Type domain.ApuestaGlobal is not enhanced.

[2020-04-26 15:00:46 #17 type.registry] 
New type domain.Usuario

[2020-04-26 15:00:46 #18 type.registry] 
New type domain.Cliente

[2020-04-26 15:00:46 #19 type] 
Type domain.Apuesta is not enhanced.

[2020-04-26 15:00:46 #20 type] 
Type domain.Usuario is not enhanced.

[2020-04-26 15:00:46 #21 type] 
Type domain.Cliente is not enhanced.

[2020-04-26 15:00:46 #22 type.registry] 
New type domain.Admin

[2020-04-26 15:00:46 #23 type] 
Type domain.Admin is not enhanced.

[2020-04-26 15:00:46 #24 type.registry] 
New type domain.CuentaGlobal

[2020-04-26 15:00:46 #25 type] 
Type domain.CuentaGlobal is not enhanced.

[2020-04-26 15:00:46 #26 type.registry] 
New type java.util.Vector<java.lang.Object>

------------------------------------------------------------------------------------------------------------------------

[2020-04-26 15:01:48 #1 store] 
Database '/Users/ldeniz/git/Bets/resources/bets.temp' is opened by 21270@MacBook-Pro-de-Leroy.local

[2020-04-26 15:01:48 #2 type.registry] 
New type domain.Deporte

[2020-04-26 15:01:48 #3 type] 
Type domain.Deporte is not enhanced.

[2020-04-26 15:01:48 #4 type.registry] 
New type domain.Event

[2020-04-26 15:01:48 #5 type.registry] 
New type java.util.Vector<domain.Event>

[2020-04-26 15:01:48 #6 type] 
Type domain.Event is not enhanced.

[2020-04-26 15:01:48 #7 type.registry] 
New type domain.Question

[2020-04-26 15:01:48 #8 type.registry] 
New type java.util.Vector<domain.Question>

[2020-04-26 15:01:48 #9 type] 
Type domain.Question is not enhanced.

[2020-04-26 15:01:48 #10 type.registry] 
New type domain.Answer

[2020-04-26 15:01:48 #11 type.registry] 
New type java.util.Vector<domain.Answer>

[2020-04-26 15:01:48 #12 type] 
Type domain.Answer is not enhanced.

[2020-04-26 15:01:48 #13 type.registry] 
New type domain.ApuestaGlobal

[2020-04-26 15:01:48 #14 type.registry] 
New type domain.Apuesta

[2020-04-26 15:01:48 #15 type.registry] 
New type java.util.Vector<domain.Apuesta>

[2020-04-26 15:01:48 #16 type] 
Type domain.ApuestaGlobal is not enhanced.

[2020-04-26 15:01:48 #17 type.registry] 
New type domain.Usuario

[2020-04-26 15:01:48 #18 type.registry] 
New type domain.Cliente

[2020-04-26 15:01:48 #19 type] 
Type domain.Apuesta is not enhanced.

[2020-04-26 15:01:48 #20 type] 
Type domain.Usuario is not enhanced.

[2020-04-26 15:01:48 #21 type] 
Type domain.Cliente is not enhanced.

[2020-04-26 15:01:48 #22 type.registry] 
New type domain.Admin

[2020-04-26 15:01:48 #23 type] 
Type domain.Admin is not enhanced.

[2020-04-26 15:01:48 #24 type.registry] 
New type domain.CuentaGlobal

[2020-04-26 15:01:48 #25 type] 
Type domain.CuentaGlobal is not enhanced.

[2020-04-26 15:01:48 #26 type.registry] 
New type java.util.Vector<java.lang.Object>

------------------------------------------------------------------------------------------------------------------------

[2020-04-26 15:04:35 #1 store] 
Database '/Users/ldeniz/git/Bets/resources/bets.temp' is opened by 21373@MacBook-Pro-de-Leroy.local

[2020-04-26 15:04:35 #2 type.registry] 
New type domain.Deporte

[2020-04-26 15:04:35 #3 type] 
Type domain.Deporte is not enhanced.

[2020-04-26 15:04:35 #4 type.registry] 
New type domain.Event

[2020-04-26 15:04:35 #5 type.registry] 
New type java.util.Vector<domain.Event>

[2020-04-26 15:04:35 #6 type] 
Type domain.Event is not enhanced.

[2020-04-26 15:04:35 #7 type.registry] 
New type domain.Question

[2020-04-26 15:04:35 #8 type.registry] 
New type java.util.Vector<domain.Question>

[2020-04-26 15:04:35 #9 type] 
Type domain.Question is not enhanced.

[2020-04-26 15:04:35 #10 type.registry] 
New type domain.Answer

[2020-04-26 15:04:35 #11 type.registry] 
New type java.util.Vector<domain.Answer>

[2020-04-26 15:04:35 #12 type] 
Type domain.Answer is not enhanced.

[2020-04-26 15:04:35 #13 type.registry] 
New type domain.ApuestaGlobal

[2020-04-26 15:04:35 #14 type.registry] 
New type domain.Apuesta

[2020-04-26 15:04:35 #15 type.registry] 
New type java.util.Vector<domain.Apuesta>

[2020-04-26 15:04:35 #16 type] 
Type domain.ApuestaGlobal is not enhanced.

[2020-04-26 15:04:35 #17 type.registry] 
New type domain.Usuario

[2020-04-26 15:04:35 #18 type.registry] 
New type domain.Cliente

[2020-04-26 15:04:35 #19 type] 
Type domain.Apuesta is not enhanced.

[2020-04-26 15:04:35 #20 type] 
Type domain.Usuario is not enhanced.

[2020-04-26 15:04:35 #21 type] 
Type domain.Cliente is not enhanced.

[2020-04-26 15:04:35 #22 type.registry] 
New type domain.Admin

[2020-04-26 15:04:35 #23 type] 
Type domain.Admin is not enhanced.

[2020-04-26 15:04:35 #24 type.registry] 
New type domain.CuentaGlobal

[2020-04-26 15:04:35 #25 type] 
Type domain.CuentaGlobal is not enhanced.

[2020-04-26 15:04:35 #26 type.registry] 
New type java.util.Vector<java.lang.Object>

------------------------------------------------------------------------------------------------------------------------

[2020-04-26 15:11:21 #1 store] 
Database '/Users/ldeniz/git/Bets/resources/bets.temp' is opened by 21627@MacBook-Pro-de-Leroy.local

[2020-04-26 15:11:22 #2 type.registry] 
New type domain.Deporte

[2020-04-26 15:11:22 #3 type] 
Type domain.Deporte is not enhanced.

[2020-04-26 15:11:22 #4 type.registry] 
New type domain.Event

[2020-04-26 15:11:22 #5 type.registry] 
New type java.util.Vector<domain.Event>

[2020-04-26 15:11:22 #6 type] 
Type domain.Event is not enhanced.

[2020-04-26 15:11:22 #7 type.registry] 
New type domain.Question

[2020-04-26 15:11:22 #8 type.registry] 
New type java.util.Vector<domain.Question>

[2020-04-26 15:11:22 #9 type] 
Type domain.Question is not enhanced.

[2020-04-26 15:11:22 #10 type.registry] 
New type domain.Answer

[2020-04-26 15:11:22 #11 type.registry] 
New type java.util.Vector<domain.Answer>

[2020-04-26 15:11:22 #12 type] 
Type domain.Answer is not enhanced.

[2020-04-26 15:11:22 #13 type.registry] 
New type domain.ApuestaGlobal

[2020-04-26 15:11:22 #14 type.registry] 
New type domain.Apuesta

[2020-04-26 15:11:22 #15 type.registry] 
New type java.util.Vector<domain.Apuesta>

[2020-04-26 15:11:22 #16 type] 
Type domain.ApuestaGlobal is not enhanced.

[2020-04-26 15:11:22 #17 type.registry] 
New type domain.Usuario

[2020-04-26 15:11:22 #18 type.registry] 
New type domain.Cliente

[2020-04-26 15:11:22 #19 type] 
Type domain.Apuesta is not enhanced.

[2020-04-26 15:11:22 #20 type] 
Type domain.Usuario is not enhanced.

[2020-04-26 15:11:22 #21 type] 
Type domain.Cliente is not enhanced.

[2020-04-26 15:11:22 #22 type.registry] 
New type domain.Admin

[2020-04-26 15:11:22 #23 type] 
Type domain.Admin is not enhanced.

[2020-04-26 15:11:22 #24 type.registry] 
New type domain.CuentaGlobal

[2020-04-26 15:11:22 #25 type] 
Type domain.CuentaGlobal is not enhanced.

[2020-04-26 15:11:22 #26 type.registry] 
New type java.util.Vector<java.lang.Object>

