------------------------------------------------------------------------------------------------------------------------

[2020-04-04 22:11:47 #1 store] 
Database '/Users/ldeniz/git/Bets/resources/bets.temp' is opened by 1159@MacBook-Pro-de-Leroy.local

[2020-04-04 22:11:47 #2 type.registry] 
New type domain.Question

[2020-04-04 22:11:47 #3 type] 
Type domain.Question is not enhanced.

[2020-04-04 22:11:47 #4 type.registry] 
New type domain.Answer

[2020-04-04 22:11:47 #5 type.registry] 
New type java.util.Vector<domain.Answer>

[2020-04-04 22:11:47 #6 type.registry] 
New type domain.Event

[2020-04-04 22:11:47 #7 type] 
Type domain.Answer is not enhanced.

[2020-04-04 22:11:47 #8 type.registry] 
New type domain.ApuestaGlobal

[2020-04-04 22:11:47 #9 type.registry] 
New type domain.Apuesta

[2020-04-04 22:11:47 #10 type.registry] 
New type java.util.Vector<domain.Apuesta>

[2020-04-04 22:11:47 #11 type] 
Type domain.Event is not enhanced.

[2020-04-04 22:11:47 #12 type.registry] 
New type java.util.Vector<domain.Question>

[2020-04-04 22:11:47 #13 type] 
Type domain.ApuestaGlobal is not enhanced.

[2020-04-04 22:11:47 #14 type.registry] 
New type domain.Usuario

[2020-04-04 22:11:47 #15 type.registry] 
New type domain.Cliente

[2020-04-04 22:11:47 #16 type] 
Type domain.Apuesta is not enhanced.

[2020-04-04 22:11:47 #17 type] 
Type domain.Usuario is not enhanced.

[2020-04-04 22:11:47 #18 type] 
Type domain.Cliente is not enhanced.

[2020-04-04 22:11:47 #19 type.registry] 
New type domain.Admin

[2020-04-04 22:11:47 #20 type] 
Type domain.Admin is not enhanced.

[2020-04-04 22:11:47 #21 type.registry] 
New type domain.CuentaGlobal

[2020-04-04 22:11:47 #22 type] 
Type domain.CuentaGlobal is not enhanced.

[2020-04-04 22:11:47 #23 type.registry] 
New type java.util.Vector<java.lang.Object>

------------------------------------------------------------------------------------------------------------------------

[2020-04-04 22:20:28 #1 store] 
Database '/Users/ldeniz/git/Bets/resources/bets.temp' is opened by 1243@MacBook-Pro-de-Leroy.local

[2020-04-04 22:20:28 #2 type.registry] 
New type domain.Question

[2020-04-04 22:20:28 #3 type] 
Type domain.Question is not enhanced.

[2020-04-04 22:20:28 #4 type.registry] 
New type domain.Answer

[2020-04-04 22:20:28 #5 type.registry] 
New type java.util.Vector<domain.Answer>

[2020-04-04 22:20:28 #6 type.registry] 
New type domain.Event

[2020-04-04 22:20:28 #7 type] 
Type domain.Answer is not enhanced.

[2020-04-04 22:20:28 #8 type.registry] 
New type domain.ApuestaGlobal

[2020-04-04 22:20:28 #9 type.registry] 
New type domain.Apuesta

[2020-04-04 22:20:28 #10 type.registry] 
New type java.util.Vector<domain.Apuesta>

[2020-04-04 22:20:28 #11 type] 
Type domain.Event is not enhanced.

[2020-04-04 22:20:28 #12 type.registry] 
New type java.util.Vector<domain.Question>

[2020-04-04 22:20:28 #13 type] 
Type domain.ApuestaGlobal is not enhanced.

[2020-04-04 22:20:28 #14 type.registry] 
New type domain.Usuario

[2020-04-04 22:20:28 #15 type.registry] 
New type domain.Cliente

[2020-04-04 22:20:28 #16 type] 
Type domain.Apuesta is not enhanced.

[2020-04-04 22:20:28 #17 type] 
Type domain.Usuario is not enhanced.

[2020-04-04 22:20:28 #18 type] 
Type domain.Cliente is not enhanced.

[2020-04-04 22:20:28 #19 type.registry] 
New type domain.Admin

[2020-04-04 22:20:28 #20 type] 
Type domain.Admin is not enhanced.

[2020-04-04 22:20:28 #21 type.registry] 
New type domain.CuentaGlobal

[2020-04-04 22:20:28 #22 type] 
Type domain.CuentaGlobal is not enhanced.

[2020-04-04 22:20:28 #23 type.registry] 
New type java.util.Vector<java.lang.Object>

------------------------------------------------------------------------------------------------------------------------

[2020-04-04 22:30:05 #1 store] 
Database '/Users/ldeniz/git/Bets/resources/bets.temp' is opened by 1326@MacBook-Pro-de-Leroy.local

[2020-04-04 22:30:05 #2 type.registry] 
New type domain.Question

[2020-04-04 22:30:05 #3 type] 
Type domain.Question is not enhanced.

[2020-04-04 22:30:05 #4 type.registry] 
New type domain.Answer

[2020-04-04 22:30:05 #5 type.registry] 
New type java.util.Vector<domain.Answer>

[2020-04-04 22:30:05 #6 type.registry] 
New type domain.Event

[2020-04-04 22:30:05 #7 type] 
Type domain.Answer is not enhanced.

[2020-04-04 22:30:05 #8 type.registry] 
New type domain.ApuestaGlobal

[2020-04-04 22:30:05 #9 type.registry] 
New type domain.Apuesta

[2020-04-04 22:30:05 #10 type.registry] 
New type java.util.Vector<domain.Apuesta>

[2020-04-04 22:30:05 #11 type] 
Type domain.Event is not enhanced.

[2020-04-04 22:30:05 #12 type.registry] 
New type java.util.Vector<domain.Question>

[2020-04-04 22:30:05 #13 type] 
Type domain.ApuestaGlobal is not enhanced.

[2020-04-04 22:30:05 #14 type.registry] 
New type domain.Usuario

[2020-04-04 22:30:05 #15 type.registry] 
New type domain.Cliente

[2020-04-04 22:30:05 #16 type] 
Type domain.Apuesta is not enhanced.

[2020-04-04 22:30:05 #17 type] 
Type domain.Usuario is not enhanced.

[2020-04-04 22:30:05 #18 type] 
Type domain.Cliente is not enhanced.

[2020-04-04 22:30:05 #19 type.registry] 
New type domain.Admin

[2020-04-04 22:30:05 #20 type] 
Type domain.Admin is not enhanced.

[2020-04-04 22:30:05 #21 type.registry] 
New type domain.CuentaGlobal

[2020-04-04 22:30:05 #22 type] 
Type domain.CuentaGlobal is not enhanced.

[2020-04-04 22:30:05 #23 type.registry] 
New type java.util.Vector<java.lang.Object>

------------------------------------------------------------------------------------------------------------------------

[2020-04-04 22:37:51 #1 store] 
Database '/Users/ldeniz/git/Bets/resources/bets.temp' is opened by 1391@MacBook-Pro-de-Leroy.local

[2020-04-04 22:37:51 #2 type.registry] 
New type domain.Question

[2020-04-04 22:37:51 #3 type] 
Type domain.Question is not enhanced.

[2020-04-04 22:37:51 #4 type.registry] 
New type domain.Answer

[2020-04-04 22:37:51 #5 type.registry] 
New type java.util.Vector<domain.Answer>

[2020-04-04 22:37:51 #6 type.registry] 
New type domain.Event

[2020-04-04 22:37:51 #7 type] 
Type domain.Answer is not enhanced.

[2020-04-04 22:37:51 #8 type.registry] 
New type domain.ApuestaGlobal

[2020-04-04 22:37:51 #9 type.registry] 
New type domain.Apuesta

[2020-04-04 22:37:51 #10 type.registry] 
New type java.util.Vector<domain.Apuesta>

[2020-04-04 22:37:51 #11 type] 
Type domain.Event is not enhanced.

[2020-04-04 22:37:51 #12 type.registry] 
New type java.util.Vector<domain.Question>

[2020-04-04 22:37:51 #13 type] 
Type domain.ApuestaGlobal is not enhanced.

[2020-04-04 22:37:51 #14 type.registry] 
New type domain.Usuario

[2020-04-04 22:37:51 #15 type.registry] 
New type domain.Cliente

[2020-04-04 22:37:51 #16 type] 
Type domain.Apuesta is not enhanced.

[2020-04-04 22:37:51 #17 type] 
Type domain.Usuario is not enhanced.

[2020-04-04 22:37:51 #18 type] 
Type domain.Cliente is not enhanced.

[2020-04-04 22:37:51 #19 type.registry] 
New type domain.Admin

[2020-04-04 22:37:51 #20 type] 
Type domain.Admin is not enhanced.

[2020-04-04 22:37:51 #21 type.registry] 
New type domain.CuentaGlobal

[2020-04-04 22:37:51 #22 type] 
Type domain.CuentaGlobal is not enhanced.

[2020-04-04 22:37:51 #23 type.registry] 
New type java.util.Vector<java.lang.Object>

------------------------------------------------------------------------------------------------------------------------

[2020-04-04 23:03:49 #1 store] 
Database '/Users/ldeniz/git/Bets/resources/bets.temp' is opened by 1590@MacBook-Pro-de-Leroy.local

[2020-04-04 23:03:50 #2 type.registry] 
New type domain.Question

[2020-04-04 23:03:50 #3 type] 
Type domain.Question is not enhanced.

[2020-04-04 23:03:50 #4 type.registry] 
New type domain.Answer

[2020-04-04 23:03:50 #5 type.registry] 
New type java.util.Vector<domain.Answer>

[2020-04-04 23:03:50 #6 type.registry] 
New type domain.Event

[2020-04-04 23:03:50 #7 type] 
Type domain.Answer is not enhanced.

[2020-04-04 23:03:50 #8 type.registry] 
New type domain.ApuestaGlobal

[2020-04-04 23:03:50 #9 type.registry] 
New type domain.Apuesta

[2020-04-04 23:03:50 #10 type.registry] 
New type java.util.Vector<domain.Apuesta>

[2020-04-04 23:03:50 #11 type] 
Type domain.Event is not enhanced.

[2020-04-04 23:03:50 #12 type.registry] 
New type java.util.Vector<domain.Question>

[2020-04-04 23:03:50 #13 type] 
Type domain.ApuestaGlobal is not enhanced.

[2020-04-04 23:03:50 #14 type.registry] 
New type domain.Usuario

[2020-04-04 23:03:50 #15 type.registry] 
New type domain.Cliente

[2020-04-04 23:03:50 #16 type] 
Type domain.Apuesta is not enhanced.

[2020-04-04 23:03:50 #17 type] 
Type domain.Usuario is not enhanced.

[2020-04-04 23:03:50 #18 type] 
Type domain.Cliente is not enhanced.

[2020-04-04 23:03:50 #19 type.registry] 
New type domain.Admin

[2020-04-04 23:03:50 #20 type] 
Type domain.Admin is not enhanced.

[2020-04-04 23:03:50 #21 type.registry] 
New type domain.CuentaGlobal

[2020-04-04 23:03:50 #22 type] 
Type domain.CuentaGlobal is not enhanced.

[2020-04-04 23:03:50 #23 type.registry] 
New type java.util.Vector<java.lang.Object>

------------------------------------------------------------------------------------------------------------------------

[2020-04-04 23:16:26 #1 store] 
Database '/Users/ldeniz/git/Bets/resources/bets.temp' is opened by 1688@MacBook-Pro-de-Leroy.local

[2020-04-04 23:16:26 #2 type.registry] 
New type domain.Question

[2020-04-04 23:16:26 #3 type] 
Type domain.Question is not enhanced.

[2020-04-04 23:16:26 #4 type.registry] 
New type domain.Answer

[2020-04-04 23:16:26 #5 type.registry] 
New type java.util.Vector<domain.Answer>

[2020-04-04 23:16:26 #6 type.registry] 
New type domain.Event

[2020-04-04 23:16:26 #7 type] 
Type domain.Answer is not enhanced.

[2020-04-04 23:16:26 #8 type.registry] 
New type domain.ApuestaGlobal

[2020-04-04 23:16:26 #9 type.registry] 
New type domain.Apuesta

[2020-04-04 23:16:26 #10 type.registry] 
New type java.util.Vector<domain.Apuesta>

[2020-04-04 23:16:26 #11 type] 
Type domain.Event is not enhanced.

[2020-04-04 23:16:26 #12 type.registry] 
New type java.util.Vector<domain.Question>

[2020-04-04 23:16:26 #13 type] 
Type domain.ApuestaGlobal is not enhanced.

[2020-04-04 23:16:26 #14 type.registry] 
New type domain.Usuario

[2020-04-04 23:16:26 #15 type.registry] 
New type domain.Cliente

[2020-04-04 23:16:26 #16 type] 
Type domain.Apuesta is not enhanced.

[2020-04-04 23:16:26 #17 type] 
Type domain.Usuario is not enhanced.

[2020-04-04 23:16:26 #18 type] 
Type domain.Cliente is not enhanced.

------------------------------------------------------------------------------------------------------------------------

[2020-04-04 23:17:38 #1 store] 
Database '/Users/ldeniz/git/Bets/resources/bets.temp' is opened by 1697@MacBook-Pro-de-Leroy.local

[2020-04-04 23:17:39 #2 type.registry] 
New type domain.Question

[2020-04-04 23:17:39 #3 type] 
Type domain.Question is not enhanced.

[2020-04-04 23:17:39 #4 type.registry] 
New type domain.Answer

[2020-04-04 23:17:39 #5 type.registry] 
New type java.util.Vector<domain.Answer>

[2020-04-04 23:17:39 #6 type.registry] 
New type domain.Event

[2020-04-04 23:17:39 #7 type] 
Type domain.Answer is not enhanced.

[2020-04-04 23:17:39 #8 type.registry] 
New type domain.ApuestaGlobal

[2020-04-04 23:17:39 #9 type.registry] 
New type domain.Apuesta

[2020-04-04 23:17:39 #10 type.registry] 
New type java.util.Vector<domain.Apuesta>

[2020-04-04 23:17:39 #11 type] 
Type domain.Event is not enhanced.

[2020-04-04 23:17:39 #12 type.registry] 
New type java.util.Vector<domain.Question>

[2020-04-04 23:17:39 #13 type] 
Type domain.ApuestaGlobal is not enhanced.

[2020-04-04 23:17:39 #14 type.registry] 
New type domain.Usuario

[2020-04-04 23:17:39 #15 type.registry] 
New type domain.Cliente

[2020-04-04 23:17:39 #16 type] 
Type domain.Apuesta is not enhanced.

[2020-04-04 23:17:39 #17 type] 
Type domain.Usuario is not enhanced.

[2020-04-04 23:17:39 #18 type] 
Type domain.Cliente is not enhanced.

[2020-04-04 23:17:39 #19 type.registry] 
New type domain.Admin

[2020-04-04 23:17:39 #20 type] 
Type domain.Admin is not enhanced.

[2020-04-04 23:17:39 #21 type.registry] 
New type domain.CuentaGlobal

[2020-04-04 23:17:39 #22 type] 
Type domain.CuentaGlobal is not enhanced.

[2020-04-04 23:17:39 #23 type.registry] 
New type java.util.Vector<java.lang.Object>

------------------------------------------------------------------------------------------------------------------------

[2020-04-04 23:18:35 #1 store] 
Database '/Users/ldeniz/git/Bets/resources/bets.temp' is opened by 1705@MacBook-Pro-de-Leroy.local

[2020-04-04 23:18:35 #2 type.registry] 
New type domain.Question

[2020-04-04 23:18:35 #3 type] 
Type domain.Question is not enhanced.

[2020-04-04 23:18:35 #4 type.registry] 
New type domain.Answer

[2020-04-04 23:18:35 #5 type.registry] 
New type java.util.Vector<domain.Answer>

[2020-04-04 23:18:35 #6 type.registry] 
New type domain.Event

[2020-04-04 23:18:35 #7 type] 
Type domain.Answer is not enhanced.

[2020-04-04 23:18:35 #8 type.registry] 
New type domain.ApuestaGlobal

[2020-04-04 23:18:35 #9 type.registry] 
New type domain.Apuesta

[2020-04-04 23:18:35 #10 type.registry] 
New type java.util.Vector<domain.Apuesta>

[2020-04-04 23:18:35 #11 type] 
Type domain.Event is not enhanced.

[2020-04-04 23:18:35 #12 type.registry] 
New type java.util.Vector<domain.Question>

[2020-04-04 23:18:35 #13 type] 
Type domain.ApuestaGlobal is not enhanced.

[2020-04-04 23:18:35 #14 type.registry] 
New type domain.Usuario

[2020-04-04 23:18:35 #15 type.registry] 
New type domain.Cliente

[2020-04-04 23:18:35 #16 type] 
Type domain.Apuesta is not enhanced.

[2020-04-04 23:18:35 #17 type] 
Type domain.Usuario is not enhanced.

[2020-04-04 23:18:35 #18 type] 
Type domain.Cliente is not enhanced.

[2020-04-04 23:18:35 #19 type.registry] 
New type domain.Admin

[2020-04-04 23:18:35 #20 type] 
Type domain.Admin is not enhanced.

[2020-04-04 23:18:35 #21 type.registry] 
New type domain.CuentaGlobal

[2020-04-04 23:18:35 #22 type] 
Type domain.CuentaGlobal is not enhanced.

[2020-04-04 23:18:35 #23 type.registry] 
New type java.util.Vector<java.lang.Object>

------------------------------------------------------------------------------------------------------------------------

[2020-04-04 23:23:35 #1 store] 
Database '/Users/ldeniz/git/Bets/resources/bets.temp' is opened by 1741@MacBook-Pro-de-Leroy.local

[2020-04-04 23:23:35 #2 type.registry] 
New type domain.Question

[2020-04-04 23:23:35 #3 type] 
Type domain.Question is not enhanced.

[2020-04-04 23:23:35 #4 type.registry] 
New type domain.Answer

[2020-04-04 23:23:35 #5 type.registry] 
New type java.util.Vector<domain.Answer>

[2020-04-04 23:23:35 #6 type.registry] 
New type domain.Event

[2020-04-04 23:23:35 #7 type] 
Type domain.Answer is not enhanced.

[2020-04-04 23:23:35 #8 type.registry] 
New type domain.ApuestaGlobal

[2020-04-04 23:23:35 #9 type.registry] 
New type domain.Apuesta

[2020-04-04 23:23:35 #10 type.registry] 
New type java.util.Vector<domain.Apuesta>

[2020-04-04 23:23:35 #11 type] 
Type domain.Event is not enhanced.

[2020-04-04 23:23:35 #12 type.registry] 
New type java.util.Vector<domain.Question>

[2020-04-04 23:23:35 #13 type] 
Type domain.ApuestaGlobal is not enhanced.

[2020-04-04 23:23:35 #14 type.registry] 
New type domain.Usuario

[2020-04-04 23:23:35 #15 type.registry] 
New type domain.Cliente

[2020-04-04 23:23:35 #16 type] 
Type domain.Apuesta is not enhanced.

[2020-04-04 23:23:35 #17 type] 
Type domain.Usuario is not enhanced.

[2020-04-04 23:23:35 #18 type] 
Type domain.Cliente is not enhanced.

[2020-04-04 23:23:35 #19 type.registry] 
New type domain.Admin

[2020-04-04 23:23:35 #20 type] 
Type domain.Admin is not enhanced.

[2020-04-04 23:23:35 #21 type.registry] 
New type domain.CuentaGlobal

[2020-04-04 23:23:35 #22 type] 
Type domain.CuentaGlobal is not enhanced.

[2020-04-04 23:23:35 #23 type.registry] 
New type java.util.Vector<java.lang.Object>

------------------------------------------------------------------------------------------------------------------------

[2020-04-04 23:30:56 #1 store] 
Database '/Users/ldeniz/git/Bets/resources/bets.temp' is opened by 1814@MacBook-Pro-de-Leroy.local

[2020-04-04 23:30:57 #2 type.registry] 
New type domain.Question

[2020-04-04 23:30:57 #3 type] 
Type domain.Question is not enhanced.

[2020-04-04 23:30:57 #4 type.registry] 
New type domain.Answer

[2020-04-04 23:30:57 #5 type.registry] 
New type java.util.Vector<domain.Answer>

[2020-04-04 23:30:57 #6 type.registry] 
New type domain.Event

[2020-04-04 23:30:57 #7 type] 
Type domain.Answer is not enhanced.

[2020-04-04 23:30:57 #8 type.registry] 
New type domain.ApuestaGlobal

[2020-04-04 23:30:57 #9 type.registry] 
New type domain.Apuesta

[2020-04-04 23:30:57 #10 type.registry] 
New type java.util.Vector<domain.Apuesta>

[2020-04-04 23:30:57 #11 type] 
Type domain.Event is not enhanced.

[2020-04-04 23:30:57 #12 type.registry] 
New type java.util.Vector<domain.Question>

[2020-04-04 23:30:57 #13 type] 
Type domain.ApuestaGlobal is not enhanced.

[2020-04-04 23:30:57 #14 type.registry] 
New type domain.Usuario

[2020-04-04 23:30:57 #15 type.registry] 
New type domain.Cliente

[2020-04-04 23:30:57 #16 type] 
Type domain.Apuesta is not enhanced.

[2020-04-04 23:30:57 #17 type] 
Type domain.Usuario is not enhanced.

[2020-04-04 23:30:57 #18 type] 
Type domain.Cliente is not enhanced.

[2020-04-04 23:30:57 #19 type.registry] 
New type domain.Admin

[2020-04-04 23:30:57 #20 type] 
Type domain.Admin is not enhanced.

[2020-04-04 23:30:57 #21 type.registry] 
New type domain.CuentaGlobal

[2020-04-04 23:30:57 #22 type] 
Type domain.CuentaGlobal is not enhanced.

[2020-04-04 23:30:57 #23 type.registry] 
New type java.util.Vector<java.lang.Object>

------------------------------------------------------------------------------------------------------------------------

[2020-04-04 23:32:49 #1 store] 
Database '/Users/ldeniz/git/Bets/resources/bets.temp' is opened by 1832@MacBook-Pro-de-Leroy.local

[2020-04-04 23:32:49 #2 type.registry] 
New type domain.Question

[2020-04-04 23:32:49 #3 type] 
Type domain.Question is not enhanced.

[2020-04-04 23:32:49 #4 type.registry] 
New type domain.Answer

[2020-04-04 23:32:49 #5 type.registry] 
New type java.util.Vector<domain.Answer>

[2020-04-04 23:32:49 #6 type.registry] 
New type domain.Event

[2020-04-04 23:32:49 #7 type] 
Type domain.Answer is not enhanced.

[2020-04-04 23:32:49 #8 type.registry] 
New type domain.ApuestaGlobal

[2020-04-04 23:32:49 #9 type.registry] 
New type domain.Apuesta

[2020-04-04 23:32:49 #10 type.registry] 
New type java.util.Vector<domain.Apuesta>

[2020-04-04 23:32:49 #11 type] 
Type domain.Event is not enhanced.

[2020-04-04 23:32:49 #12 type.registry] 
New type java.util.Vector<domain.Question>

[2020-04-04 23:32:49 #13 type] 
Type domain.ApuestaGlobal is not enhanced.

[2020-04-04 23:32:49 #14 type.registry] 
New type domain.Usuario

[2020-04-04 23:32:49 #15 type.registry] 
New type domain.Cliente

[2020-04-04 23:32:49 #16 type] 
Type domain.Apuesta is not enhanced.

[2020-04-04 23:32:49 #17 type] 
Type domain.Usuario is not enhanced.

[2020-04-04 23:32:49 #18 type] 
Type domain.Cliente is not enhanced.

[2020-04-04 23:32:49 #19 type.registry] 
New type domain.Admin

[2020-04-04 23:32:49 #20 type] 
Type domain.Admin is not enhanced.

[2020-04-04 23:32:49 #21 type.registry] 
New type domain.CuentaGlobal

[2020-04-04 23:32:49 #22 type] 
Type domain.CuentaGlobal is not enhanced.

[2020-04-04 23:32:49 #23 type.registry] 
New type java.util.Vector<java.lang.Object>

