------------------------------------------------------------------------------------------------------------------------

[2020-05-02 02:28:34 #1 store] 
Database '/Users/ldeniz/git/Bets/resources/bets.temp' is opened by 33428@MacBook-Pro-de-Leroy.local

[2020-05-02 02:28:35 #2 type.registry] 
New type domain.Deporte

[2020-05-02 02:28:35 #3 type] 
Type domain.Deporte is not enhanced.

[2020-05-02 02:28:35 #4 type.registry] 
New type domain.Event

[2020-05-02 02:28:35 #5 type.registry] 
New type java.util.Vector<domain.Event>

[2020-05-02 02:28:35 #6 type] 
Type domain.Event is not enhanced.

[2020-05-02 02:28:35 #7 type.registry] 
New type domain.Question

[2020-05-02 02:28:35 #8 type.registry] 
New type java.util.Vector<domain.Question>

[2020-05-02 02:28:35 #9 type] 
Type domain.Question is not enhanced.

[2020-05-02 02:28:35 #10 type.registry] 
New type domain.Answer

[2020-05-02 02:28:35 #11 type.registry] 
New type java.util.Vector<domain.Answer>

[2020-05-02 02:28:35 #12 type] 
Type domain.Answer is not enhanced.

[2020-05-02 02:28:35 #13 type.registry] 
New type domain.ApuestaGlobal

[2020-05-02 02:28:35 #14 type.registry] 
New type domain.Apuesta

[2020-05-02 02:28:35 #15 type.registry] 
New type java.util.Vector<domain.Apuesta>

[2020-05-02 02:28:35 #16 type] 
Type domain.ApuestaGlobal is not enhanced.

[2020-05-02 02:28:35 #17 type.registry] 
New type domain.Usuario

[2020-05-02 02:28:35 #18 type.registry] 
New type domain.Cliente

[2020-05-02 02:28:35 #19 type] 
Type domain.Apuesta is not enhanced.

[2020-05-02 02:28:35 #20 type] 
Type domain.Usuario is not enhanced.

[2020-05-02 02:28:35 #21 type] 
Type domain.Cliente is not enhanced.

[2020-05-02 02:28:35 #22 type.registry] 
New type domain.Admin

[2020-05-02 02:28:35 #23 type] 
Type domain.Admin is not enhanced.

[2020-05-02 02:28:35 #24 type.registry] 
New type domain.CuentaGlobal

[2020-05-02 02:28:35 #25 type] 
Type domain.CuentaGlobal is not enhanced.

[2020-05-02 02:28:35 #26 type.registry] 
New type java.util.Vector<java.lang.Object>

------------------------------------------------------------------------------------------------------------------------

[2020-05-02 02:34:29 #1 store] 
Database '/Users/ldeniz/git/Bets/resources/bets.temp' is opened by 33467@MacBook-Pro-de-Leroy.local

[2020-05-02 02:34:29 #2 type.registry] 
New type domain.Deporte

[2020-05-02 02:34:29 #3 type] 
Type domain.Deporte is not enhanced.

[2020-05-02 02:34:29 #4 type.registry] 
New type domain.Event

[2020-05-02 02:34:29 #5 type.registry] 
New type java.util.Vector<domain.Event>

[2020-05-02 02:34:29 #6 type] 
Type domain.Event is not enhanced.

[2020-05-02 02:34:29 #7 type.registry] 
New type domain.Question

[2020-05-02 02:34:29 #8 type.registry] 
New type java.util.Vector<domain.Question>

[2020-05-02 02:34:29 #9 type] 
Type domain.Question is not enhanced.

[2020-05-02 02:34:29 #10 type.registry] 
New type domain.Answer

[2020-05-02 02:34:29 #11 type.registry] 
New type java.util.Vector<domain.Answer>

[2020-05-02 02:34:29 #12 type] 
Type domain.Answer is not enhanced.

[2020-05-02 02:34:29 #13 type.registry] 
New type domain.ApuestaGlobal

[2020-05-02 02:34:29 #14 type.registry] 
New type domain.Apuesta

[2020-05-02 02:34:29 #15 type.registry] 
New type java.util.Vector<domain.Apuesta>

[2020-05-02 02:34:29 #16 type] 
Type domain.ApuestaGlobal is not enhanced.

[2020-05-02 02:34:29 #17 type.registry] 
New type domain.Usuario

[2020-05-02 02:34:29 #18 type.registry] 
New type domain.Cliente

[2020-05-02 02:34:29 #19 type] 
Type domain.Apuesta is not enhanced.

[2020-05-02 02:34:29 #20 type] 
Type domain.Usuario is not enhanced.

[2020-05-02 02:34:29 #21 type] 
Type domain.Cliente is not enhanced.

[2020-05-02 02:34:29 #22 type.registry] 
New type domain.Admin

[2020-05-02 02:34:29 #23 type] 
Type domain.Admin is not enhanced.

[2020-05-02 02:34:29 #24 type.registry] 
New type domain.CuentaGlobal

[2020-05-02 02:34:29 #25 type] 
Type domain.CuentaGlobal is not enhanced.

[2020-05-02 02:34:29 #26 type.registry] 
New type java.util.Vector<java.lang.Object>

------------------------------------------------------------------------------------------------------------------------

[2020-05-02 03:03:40 #1 store] 
Database '/Users/ldeniz/git/Bets/resources/bets.temp' is opened by 33688@MacBook-Pro-de-Leroy.local

[2020-05-02 03:03:41 #2 type.registry] 
New type domain.Deporte

[2020-05-02 03:03:41 #3 type] 
Type domain.Deporte is not enhanced.

[2020-05-02 03:03:41 #4 type.registry] 
New type domain.Event

[2020-05-02 03:03:41 #5 type.registry] 
New type java.util.Vector<domain.Event>

[2020-05-02 03:03:41 #6 type] 
Type domain.Event is not enhanced.

[2020-05-02 03:03:41 #7 type.registry] 
New type domain.Question

[2020-05-02 03:03:41 #8 type.registry] 
New type java.util.Vector<domain.Question>

[2020-05-02 03:03:41 #9 type] 
Type domain.Question is not enhanced.

[2020-05-02 03:03:41 #10 type.registry] 
New type domain.Answer

[2020-05-02 03:03:41 #11 type.registry] 
New type java.util.Vector<domain.Answer>

[2020-05-02 03:03:41 #12 type] 
Type domain.Answer is not enhanced.

[2020-05-02 03:03:41 #13 type.registry] 
New type domain.ApuestaGlobal

[2020-05-02 03:03:41 #14 type.registry] 
New type domain.Apuesta

[2020-05-02 03:03:41 #15 type.registry] 
New type java.util.Vector<domain.Apuesta>

[2020-05-02 03:03:41 #16 type] 
Type domain.ApuestaGlobal is not enhanced.

[2020-05-02 03:03:41 #17 type.registry] 
New type domain.Usuario

[2020-05-02 03:03:41 #18 type.registry] 
New type domain.Cliente

[2020-05-02 03:03:41 #19 type] 
Type domain.Apuesta is not enhanced.

[2020-05-02 03:03:41 #20 type] 
Type domain.Usuario is not enhanced.

[2020-05-02 03:03:41 #21 type] 
Type domain.Cliente is not enhanced.

[2020-05-02 03:03:41 #22 type.registry] 
New type domain.Admin

[2020-05-02 03:03:41 #23 type] 
Type domain.Admin is not enhanced.

[2020-05-02 03:03:41 #24 type.registry] 
New type domain.CuentaGlobal

[2020-05-02 03:03:41 #25 type] 
Type domain.CuentaGlobal is not enhanced.

[2020-05-02 03:03:41 #26 type.registry] 
New type java.util.Vector<java.lang.Object>

------------------------------------------------------------------------------------------------------------------------

[2020-05-02 03:13:44 #1 store] 
Database '/Users/ldeniz/git/Bets/resources/bets.temp' is opened by 33758@MacBook-Pro-de-Leroy.local

[2020-05-02 03:13:44 #2 type.registry] 
New type domain.Deporte

[2020-05-02 03:13:44 #3 type] 
Type domain.Deporte is not enhanced.

[2020-05-02 03:13:44 #4 type.registry] 
New type domain.Event

[2020-05-02 03:13:44 #5 type.registry] 
New type java.util.Vector<domain.Event>

[2020-05-02 03:13:44 #6 type] 
Type domain.Event is not enhanced.

[2020-05-02 03:13:44 #7 type.registry] 
New type domain.Question

[2020-05-02 03:13:44 #8 type.registry] 
New type java.util.Vector<domain.Question>

[2020-05-02 03:13:44 #9 type] 
Type domain.Question is not enhanced.

[2020-05-02 03:13:44 #10 type.registry] 
New type domain.Answer

[2020-05-02 03:13:44 #11 type.registry] 
New type java.util.Vector<domain.Answer>

[2020-05-02 03:13:44 #12 type] 
Type domain.Answer is not enhanced.

[2020-05-02 03:13:44 #13 type.registry] 
New type domain.ApuestaGlobal

[2020-05-02 03:13:44 #14 type.registry] 
New type domain.Apuesta

[2020-05-02 03:13:44 #15 type.registry] 
New type java.util.Vector<domain.Apuesta>

[2020-05-02 03:13:44 #16 type] 
Type domain.ApuestaGlobal is not enhanced.

[2020-05-02 03:13:44 #17 type.registry] 
New type domain.Usuario

[2020-05-02 03:13:44 #18 type.registry] 
New type domain.Cliente

[2020-05-02 03:13:44 #19 type] 
Type domain.Apuesta is not enhanced.

[2020-05-02 03:13:44 #20 type] 
Type domain.Usuario is not enhanced.

[2020-05-02 03:13:44 #21 type] 
Type domain.Cliente is not enhanced.

[2020-05-02 03:13:44 #22 type.registry] 
New type domain.Admin

[2020-05-02 03:13:44 #23 type] 
Type domain.Admin is not enhanced.

[2020-05-02 03:13:44 #24 type.registry] 
New type domain.CuentaGlobal

[2020-05-02 03:13:44 #25 type] 
Type domain.CuentaGlobal is not enhanced.

[2020-05-02 03:13:44 #26 type.registry] 
New type java.util.Vector<java.lang.Object>

