------------------------------------------------------------------------------------------------------------------------

[2020-03-12 00:05:46 #1 store] 
Database '/Users/ldeniz/git/Bets/resources/bets.temp' is opened by 19814@MacBook-Pro-de-Leroy.local

[2020-03-12 00:05:46 #2 type.registry] 
New type domain.Question

[2020-03-12 00:05:46 #3 type] 
Type domain.Question is not enhanced.

[2020-03-12 00:05:46 #4 type.registry] 
New type domain.Answer

[2020-03-12 00:05:46 #5 type.registry] 
New type java.util.Vector<domain.Answer>

[2020-03-12 00:05:46 #6 type.registry] 
New type domain.Event

[2020-03-12 00:05:46 #7 type] 
Type domain.Answer is not enhanced.

[2020-03-12 00:05:46 #8 type.registry] 
New type domain.Apuesta

[2020-03-12 00:05:46 #9 type.registry] 
New type java.util.Vector<domain.Apuesta>

[2020-03-12 00:05:46 #10 type] 
Type domain.Event is not enhanced.

[2020-03-12 00:05:46 #11 type.registry] 
New type java.util.Vector<domain.Question>

[2020-03-12 00:05:46 #12 type] 
Type domain.Apuesta is not enhanced.

[2020-03-12 00:05:46 #13 type.registry] 
New type domain.Usuario

[2020-03-12 00:05:46 #14 type.registry] 
New type domain.Cliente

[2020-03-12 00:05:46 #15 type] 
Type domain.Usuario is not enhanced.

[2020-03-12 00:05:46 #16 type] 
Type domain.Cliente is not enhanced.

[2020-03-12 00:05:46 #17 type.registry] 
New type domain.Admin

[2020-03-12 00:05:46 #18 type] 
Type domain.Admin is not enhanced.

[2020-03-12 00:05:46 #19 type.registry] 
New type domain.CuentaGlobal

[2020-03-12 00:05:46 #20 type] 
Type domain.CuentaGlobal is not enhanced.

[2020-03-12 00:05:46 #21 type.registry] 
New type java.util.Vector<java.lang.Object>

------------------------------------------------------------------------------------------------------------------------

[2020-03-12 00:06:40 #1 store] 
Database '/Users/ldeniz/git/Bets/resources/bets.temp' is opened by 19822@MacBook-Pro-de-Leroy.local

[2020-03-12 00:06:40 #2 type.registry] 
New type domain.Question

[2020-03-12 00:06:40 #3 type] 
Type domain.Question is not enhanced.

[2020-03-12 00:06:40 #4 type.registry] 
New type domain.Answer

[2020-03-12 00:06:40 #5 type.registry] 
New type java.util.Vector<domain.Answer>

[2020-03-12 00:06:40 #6 type.registry] 
New type domain.Event

[2020-03-12 00:06:40 #7 type] 
Type domain.Answer is not enhanced.

[2020-03-12 00:06:40 #8 type.registry] 
New type domain.Apuesta

[2020-03-12 00:06:40 #9 type.registry] 
New type java.util.Vector<domain.Apuesta>

[2020-03-12 00:06:40 #10 type] 
Type domain.Event is not enhanced.

[2020-03-12 00:06:40 #11 type.registry] 
New type java.util.Vector<domain.Question>

[2020-03-12 00:06:40 #12 type] 
Type domain.Apuesta is not enhanced.

[2020-03-12 00:06:40 #13 type.registry] 
New type domain.Usuario

[2020-03-12 00:06:40 #14 type.registry] 
New type domain.Cliente

[2020-03-12 00:06:40 #15 type] 
Type domain.Usuario is not enhanced.

[2020-03-12 00:06:40 #16 type] 
Type domain.Cliente is not enhanced.

[2020-03-12 00:06:40 #17 type.registry] 
New type domain.Admin

[2020-03-12 00:06:40 #18 type] 
Type domain.Admin is not enhanced.

[2020-03-12 00:06:40 #19 type.registry] 
New type domain.CuentaGlobal

[2020-03-12 00:06:40 #20 type] 
Type domain.CuentaGlobal is not enhanced.

[2020-03-12 00:06:40 #21 type.registry] 
New type java.util.Vector<java.lang.Object>

------------------------------------------------------------------------------------------------------------------------

[2020-03-12 00:15:14 #1 store] 
Database '/Users/ldeniz/git/Bets/resources/bets.temp' is opened by 19884@MacBook-Pro-de-Leroy.local

[2020-03-12 00:15:14 #2 type.registry] 
New type domain.Question

[2020-03-12 00:15:14 #3 type] 
Type domain.Question is not enhanced.

[2020-03-12 00:15:14 #4 type.registry] 
New type domain.Answer

[2020-03-12 00:15:14 #5 type.registry] 
New type java.util.Vector<domain.Answer>

[2020-03-12 00:15:14 #6 type.registry] 
New type domain.Event

[2020-03-12 00:15:14 #7 type] 
Type domain.Answer is not enhanced.

[2020-03-12 00:15:14 #8 type.registry] 
New type domain.Apuesta

[2020-03-12 00:15:14 #9 type.registry] 
New type java.util.Vector<domain.Apuesta>

[2020-03-12 00:15:14 #10 type] 
Type domain.Event is not enhanced.

[2020-03-12 00:15:14 #11 type.registry] 
New type java.util.Vector<domain.Question>

[2020-03-12 00:15:14 #12 type] 
Type domain.Apuesta is not enhanced.

[2020-03-12 00:15:14 #13 type.registry] 
New type domain.Usuario

[2020-03-12 00:15:14 #14 type.registry] 
New type domain.Cliente

[2020-03-12 00:15:14 #15 type] 
Type domain.Usuario is not enhanced.

[2020-03-12 00:15:14 #16 type] 
Type domain.Cliente is not enhanced.

[2020-03-12 00:15:14 #17 type.registry] 
New type domain.Admin

[2020-03-12 00:15:14 #18 type] 
Type domain.Admin is not enhanced.

[2020-03-12 00:15:14 #19 type.registry] 
New type domain.CuentaGlobal

[2020-03-12 00:15:14 #20 type] 
Type domain.CuentaGlobal is not enhanced.

[2020-03-12 00:15:14 #21 type.registry] 
New type java.util.Vector<java.lang.Object>

------------------------------------------------------------------------------------------------------------------------

[2020-03-12 00:25:20 #1 store] 
Database '/Users/ldeniz/git/Bets/resources/bets.temp' is opened by 19965@MacBook-Pro-de-Leroy.local

[2020-03-12 00:25:20 #2 type.registry] 
New type domain.Question

[2020-03-12 00:25:20 #3 type] 
Type domain.Question is not enhanced.

[2020-03-12 00:25:20 #4 type.registry] 
New type domain.Answer

[2020-03-12 00:25:20 #5 type.registry] 
New type java.util.Vector<domain.Answer>

[2020-03-12 00:25:20 #6 type.registry] 
New type domain.Event

[2020-03-12 00:25:20 #7 type] 
Type domain.Answer is not enhanced.

[2020-03-12 00:25:20 #8 type.registry] 
New type domain.Apuesta

[2020-03-12 00:25:20 #9 type.registry] 
New type java.util.Vector<domain.Apuesta>

[2020-03-12 00:25:20 #10 type] 
Type domain.Event is not enhanced.

[2020-03-12 00:25:20 #11 type.registry] 
New type java.util.Vector<domain.Question>

[2020-03-12 00:25:20 #12 type] 
Type domain.Apuesta is not enhanced.

[2020-03-12 00:25:20 #13 type.registry] 
New type domain.Usuario

[2020-03-12 00:25:20 #14 type.registry] 
New type domain.Cliente

[2020-03-12 00:25:20 #15 type] 
Type domain.Usuario is not enhanced.

[2020-03-12 00:25:20 #16 type] 
Type domain.Cliente is not enhanced.

[2020-03-12 00:25:20 #17 type.registry] 
New type domain.Admin

[2020-03-12 00:25:20 #18 type] 
Type domain.Admin is not enhanced.

[2020-03-12 00:25:20 #19 type.registry] 
New type domain.CuentaGlobal

[2020-03-12 00:25:20 #20 type] 
Type domain.CuentaGlobal is not enhanced.

[2020-03-12 00:25:20 #21 type.registry] 
New type java.util.Vector<java.lang.Object>

------------------------------------------------------------------------------------------------------------------------

[2020-03-12 00:33:48 #1 store] 
Database '/Users/ldeniz/git/Bets/resources/bets.temp' is opened by 20028@MacBook-Pro-de-Leroy.local

[2020-03-12 00:33:49 #2 type.registry] 
New type domain.Question

[2020-03-12 00:33:49 #3 type] 
Type domain.Question is not enhanced.

[2020-03-12 00:33:49 #4 type.registry] 
New type domain.Answer

[2020-03-12 00:33:49 #5 type.registry] 
New type java.util.Vector<domain.Answer>

[2020-03-12 00:33:49 #6 type.registry] 
New type domain.Event

[2020-03-12 00:33:49 #7 type] 
Type domain.Answer is not enhanced.

[2020-03-12 00:33:49 #8 type.registry] 
New type domain.Apuesta

[2020-03-12 00:33:49 #9 type.registry] 
New type java.util.Vector<domain.Apuesta>

[2020-03-12 00:33:49 #10 type] 
Type domain.Event is not enhanced.

[2020-03-12 00:33:49 #11 type.registry] 
New type java.util.Vector<domain.Question>

[2020-03-12 00:33:49 #12 type] 
Type domain.Apuesta is not enhanced.

[2020-03-12 00:33:49 #13 type.registry] 
New type domain.Usuario

[2020-03-12 00:33:49 #14 type.registry] 
New type domain.Cliente

[2020-03-12 00:33:49 #15 type] 
Type domain.Usuario is not enhanced.

[2020-03-12 00:33:49 #16 type] 
Type domain.Cliente is not enhanced.

[2020-03-12 00:33:49 #17 type.registry] 
New type domain.Admin

[2020-03-12 00:33:49 #18 type] 
Type domain.Admin is not enhanced.

[2020-03-12 00:33:49 #19 type.registry] 
New type domain.CuentaGlobal

[2020-03-12 00:33:49 #20 type] 
Type domain.CuentaGlobal is not enhanced.

[2020-03-12 00:33:49 #21 type.registry] 
New type java.util.Vector<java.lang.Object>

------------------------------------------------------------------------------------------------------------------------

[2020-03-12 00:36:01 #1 store] 
Database '/Users/ldeniz/git/Bets/resources/bets.temp' is opened by 20047@MacBook-Pro-de-Leroy.local

[2020-03-12 00:36:01 #2 type.registry] 
New type domain.Question

[2020-03-12 00:36:01 #3 type] 
Type domain.Question is not enhanced.

[2020-03-12 00:36:01 #4 type.registry] 
New type domain.Answer

[2020-03-12 00:36:01 #5 type.registry] 
New type java.util.Vector<domain.Answer>

[2020-03-12 00:36:01 #6 type.registry] 
New type domain.Event

[2020-03-12 00:36:01 #7 type] 
Type domain.Answer is not enhanced.

[2020-03-12 00:36:01 #8 type.registry] 
New type domain.Apuesta

[2020-03-12 00:36:01 #9 type.registry] 
New type java.util.Vector<domain.Apuesta>

[2020-03-12 00:36:01 #10 type] 
Type domain.Event is not enhanced.

[2020-03-12 00:36:01 #11 type.registry] 
New type java.util.Vector<domain.Question>

[2020-03-12 00:36:01 #12 type] 
Type domain.Apuesta is not enhanced.

[2020-03-12 00:36:01 #13 type.registry] 
New type domain.Usuario

[2020-03-12 00:36:01 #14 type.registry] 
New type domain.Cliente

[2020-03-12 00:36:01 #15 type] 
Type domain.Usuario is not enhanced.

[2020-03-12 00:36:01 #16 type] 
Type domain.Cliente is not enhanced.

[2020-03-12 00:36:01 #17 type.registry] 
New type domain.Admin

[2020-03-12 00:36:01 #18 type] 
Type domain.Admin is not enhanced.

[2020-03-12 00:36:01 #19 type.registry] 
New type domain.CuentaGlobal

[2020-03-12 00:36:01 #20 type] 
Type domain.CuentaGlobal is not enhanced.

[2020-03-12 00:36:01 #21 type.registry] 
New type java.util.Vector<java.lang.Object>

------------------------------------------------------------------------------------------------------------------------

[2020-03-12 00:37:17 #1 store] 
Database '/Users/ldeniz/git/Bets/resources/bets.temp' is opened by 20056@MacBook-Pro-de-Leroy.local

[2020-03-12 00:37:17 #2 type.registry] 
New type domain.Question

[2020-03-12 00:37:17 #3 type] 
Type domain.Question is not enhanced.

[2020-03-12 00:37:17 #4 type.registry] 
New type domain.Answer

[2020-03-12 00:37:17 #5 type.registry] 
New type java.util.Vector<domain.Answer>

[2020-03-12 00:37:17 #6 type.registry] 
New type domain.Event

[2020-03-12 00:37:17 #7 type] 
Type domain.Answer is not enhanced.

[2020-03-12 00:37:17 #8 type.registry] 
New type domain.Apuesta

[2020-03-12 00:37:17 #9 type.registry] 
New type java.util.Vector<domain.Apuesta>

[2020-03-12 00:37:17 #10 type] 
Type domain.Event is not enhanced.

[2020-03-12 00:37:17 #11 type.registry] 
New type java.util.Vector<domain.Question>

[2020-03-12 00:37:17 #12 type] 
Type domain.Apuesta is not enhanced.

[2020-03-12 00:37:17 #13 type.registry] 
New type domain.Usuario

[2020-03-12 00:37:17 #14 type.registry] 
New type domain.Cliente

[2020-03-12 00:37:17 #15 type] 
Type domain.Usuario is not enhanced.

[2020-03-12 00:37:17 #16 type] 
Type domain.Cliente is not enhanced.

[2020-03-12 00:37:17 #17 type.registry] 
New type domain.Admin

[2020-03-12 00:37:17 #18 type] 
Type domain.Admin is not enhanced.

[2020-03-12 00:37:17 #19 type.registry] 
New type domain.CuentaGlobal

[2020-03-12 00:37:17 #20 type] 
Type domain.CuentaGlobal is not enhanced.

[2020-03-12 00:37:17 #21 type.registry] 
New type java.util.Vector<java.lang.Object>

------------------------------------------------------------------------------------------------------------------------

[2020-03-12 00:46:49 #1 store] 
Database '/Users/ldeniz/git/Bets/resources/bets.temp' is opened by 20118@MacBook-Pro-de-Leroy.local

[2020-03-12 00:46:49 #2 type.registry] 
New type domain.Question

[2020-03-12 00:46:49 #3 type] 
Type domain.Question is not enhanced.

[2020-03-12 00:46:49 #4 type.registry] 
New type domain.Answer

[2020-03-12 00:46:49 #5 type.registry] 
New type java.util.Vector<domain.Answer>

[2020-03-12 00:46:49 #6 type.registry] 
New type domain.Event

[2020-03-12 00:46:49 #7 type] 
Type domain.Answer is not enhanced.

[2020-03-12 00:46:49 #8 type.registry] 
New type domain.Apuesta

[2020-03-12 00:46:49 #9 type.registry] 
New type java.util.Vector<domain.Apuesta>

[2020-03-12 00:46:49 #10 type] 
Type domain.Event is not enhanced.

[2020-03-12 00:46:49 #11 type.registry] 
New type java.util.Vector<domain.Question>

[2020-03-12 00:46:49 #12 type] 
Type domain.Apuesta is not enhanced.

[2020-03-12 00:46:49 #13 type.registry] 
New type domain.Usuario

[2020-03-12 00:46:49 #14 type.registry] 
New type domain.Cliente

[2020-03-12 00:46:49 #15 type] 
Type domain.Usuario is not enhanced.

[2020-03-12 00:46:49 #16 type] 
Type domain.Cliente is not enhanced.

[2020-03-12 00:46:49 #17 type.registry] 
New type domain.Admin

[2020-03-12 00:46:49 #18 type] 
Type domain.Admin is not enhanced.

[2020-03-12 00:46:49 #19 type.registry] 
New type domain.CuentaGlobal

[2020-03-12 00:46:49 #20 type] 
Type domain.CuentaGlobal is not enhanced.

[2020-03-12 00:46:49 #21 type.registry] 
New type java.util.Vector<java.lang.Object>

------------------------------------------------------------------------------------------------------------------------

[2020-03-12 00:47:04 #1 store] 
Database '/Users/ldeniz/git/Bets/resources/bets.temp' is opened by 20122@MacBook-Pro-de-Leroy.local

[2020-03-12 00:47:04 #2 type.registry] 
New type domain.Question

[2020-03-12 00:47:04 #3 type] 
Type domain.Question is not enhanced.

[2020-03-12 00:47:04 #4 type.registry] 
New type domain.Answer

[2020-03-12 00:47:04 #5 type.registry] 
New type java.util.Vector<domain.Answer>

[2020-03-12 00:47:04 #6 type.registry] 
New type domain.Event

[2020-03-12 00:47:04 #7 type] 
Type domain.Answer is not enhanced.

[2020-03-12 00:47:04 #8 type.registry] 
New type domain.Apuesta

[2020-03-12 00:47:04 #9 type.registry] 
New type java.util.Vector<domain.Apuesta>

[2020-03-12 00:47:04 #10 type] 
Type domain.Event is not enhanced.

[2020-03-12 00:47:04 #11 type.registry] 
New type java.util.Vector<domain.Question>

[2020-03-12 00:47:04 #12 type] 
Type domain.Apuesta is not enhanced.

[2020-03-12 00:47:04 #13 type.registry] 
New type domain.Usuario

[2020-03-12 00:47:04 #14 type.registry] 
New type domain.Cliente

[2020-03-12 00:47:04 #15 type] 
Type domain.Usuario is not enhanced.

[2020-03-12 00:47:04 #16 type] 
Type domain.Cliente is not enhanced.

[2020-03-12 00:47:04 #17 type.registry] 
New type domain.Admin

[2020-03-12 00:47:04 #18 type] 
Type domain.Admin is not enhanced.

[2020-03-12 00:47:04 #19 type.registry] 
New type domain.CuentaGlobal

[2020-03-12 00:47:04 #20 type] 
Type domain.CuentaGlobal is not enhanced.

[2020-03-12 00:47:04 #21 type.registry] 
New type java.util.Vector<java.lang.Object>

------------------------------------------------------------------------------------------------------------------------

[2020-03-12 00:53:24 #1 store] 
Database '/Users/ldeniz/git/Bets/resources/bets.temp' is opened by 20205@MacBook-Pro-de-Leroy.local

[2020-03-12 00:53:24 #2 type.registry] 
New type domain.Question

[2020-03-12 00:53:24 #3 type] 
Type domain.Question is not enhanced.

[2020-03-12 00:53:24 #4 type.registry] 
New type domain.Answer

[2020-03-12 00:53:24 #5 type.registry] 
New type java.util.Vector<domain.Answer>

[2020-03-12 00:53:24 #6 type.registry] 
New type domain.Event

[2020-03-12 00:53:24 #7 type] 
Type domain.Answer is not enhanced.

[2020-03-12 00:53:24 #8 type.registry] 
New type domain.Apuesta

[2020-03-12 00:53:24 #9 type.registry] 
New type java.util.Vector<domain.Apuesta>

[2020-03-12 00:53:24 #10 type] 
Type domain.Event is not enhanced.

[2020-03-12 00:53:24 #11 type.registry] 
New type java.util.Vector<domain.Question>

[2020-03-12 00:53:24 #12 type] 
Type domain.Apuesta is not enhanced.

[2020-03-12 00:53:24 #13 type.registry] 
New type domain.Usuario

[2020-03-12 00:53:24 #14 type.registry] 
New type domain.Cliente

[2020-03-12 00:53:24 #15 type] 
Type domain.Usuario is not enhanced.

[2020-03-12 00:53:24 #16 type] 
Type domain.Cliente is not enhanced.

[2020-03-12 00:53:24 #17 type.registry] 
New type domain.Admin

[2020-03-12 00:53:24 #18 type] 
Type domain.Admin is not enhanced.

[2020-03-12 00:53:24 #19 type.registry] 
New type domain.CuentaGlobal

[2020-03-12 00:53:24 #20 type] 
Type domain.CuentaGlobal is not enhanced.

[2020-03-12 00:53:24 #21 type.registry] 
New type java.util.Vector<java.lang.Object>

------------------------------------------------------------------------------------------------------------------------

[2020-03-12 00:54:03 #1 store] 
Database '/Users/ldeniz/git/Bets/resources/bets.temp' is opened by 20212@MacBook-Pro-de-Leroy.local

[2020-03-12 00:54:03 #2 type.registry] 
New type domain.Question

[2020-03-12 00:54:03 #3 type] 
Type domain.Question is not enhanced.

[2020-03-12 00:54:03 #4 type.registry] 
New type domain.Answer

[2020-03-12 00:54:03 #5 type.registry] 
New type java.util.Vector<domain.Answer>

[2020-03-12 00:54:03 #6 type.registry] 
New type domain.Event

[2020-03-12 00:54:03 #7 type] 
Type domain.Answer is not enhanced.

[2020-03-12 00:54:03 #8 type.registry] 
New type domain.Apuesta

[2020-03-12 00:54:03 #9 type.registry] 
New type java.util.Vector<domain.Apuesta>

[2020-03-12 00:54:03 #10 type] 
Type domain.Event is not enhanced.

[2020-03-12 00:54:03 #11 type.registry] 
New type java.util.Vector<domain.Question>

[2020-03-12 00:54:03 #12 type] 
Type domain.Apuesta is not enhanced.

[2020-03-12 00:54:03 #13 type.registry] 
New type domain.Usuario

[2020-03-12 00:54:03 #14 type.registry] 
New type domain.Cliente

[2020-03-12 00:54:03 #15 type] 
Type domain.Usuario is not enhanced.

[2020-03-12 00:54:03 #16 type] 
Type domain.Cliente is not enhanced.

[2020-03-12 00:54:03 #17 type.registry] 
New type domain.Admin

[2020-03-12 00:54:03 #18 type] 
Type domain.Admin is not enhanced.

[2020-03-12 00:54:03 #19 type.registry] 
New type domain.CuentaGlobal

[2020-03-12 00:54:03 #20 type] 
Type domain.CuentaGlobal is not enhanced.

[2020-03-12 00:54:03 #21 type.registry] 
New type java.util.Vector<java.lang.Object>

------------------------------------------------------------------------------------------------------------------------

[2020-03-12 00:58:02 #1 store] 
Database '/Users/ldeniz/git/Bets/resources/bets.temp' is opened by 20238@MacBook-Pro-de-Leroy.local

[2020-03-12 00:58:02 #2 type.registry] 
New type domain.Question

[2020-03-12 00:58:02 #3 type] 
Type domain.Question is not enhanced.

[2020-03-12 00:58:02 #4 type.registry] 
New type domain.Answer

[2020-03-12 00:58:02 #5 type.registry] 
New type java.util.Vector<domain.Answer>

[2020-03-12 00:58:02 #6 type.registry] 
New type domain.Event

[2020-03-12 00:58:02 #7 type] 
Type domain.Answer is not enhanced.

[2020-03-12 00:58:02 #8 type.registry] 
New type domain.Apuesta

[2020-03-12 00:58:02 #9 type.registry] 
New type java.util.Vector<domain.Apuesta>

[2020-03-12 00:58:02 #10 type] 
Type domain.Event is not enhanced.

[2020-03-12 00:58:02 #11 type.registry] 
New type java.util.Vector<domain.Question>

[2020-03-12 00:58:02 #12 type] 
Type domain.Apuesta is not enhanced.

[2020-03-12 00:58:02 #13 type.registry] 
New type domain.Usuario

[2020-03-12 00:58:02 #14 type.registry] 
New type domain.Cliente

[2020-03-12 00:58:02 #15 type] 
Type domain.Usuario is not enhanced.

[2020-03-12 00:58:02 #16 type] 
Type domain.Cliente is not enhanced.

[2020-03-12 00:58:02 #17 type.registry] 
New type domain.Admin

[2020-03-12 00:58:02 #18 type] 
Type domain.Admin is not enhanced.

[2020-03-12 00:58:02 #19 type.registry] 
New type domain.CuentaGlobal

[2020-03-12 00:58:02 #20 type] 
Type domain.CuentaGlobal is not enhanced.

[2020-03-12 00:58:02 #21 type.registry] 
New type java.util.Vector<java.lang.Object>

------------------------------------------------------------------------------------------------------------------------

[2020-03-12 01:38:55 #1 store] 
Database '/Users/ldeniz/git/Bets/resources/bets.temp' is opened by 20664@MacBook-Pro-de-Leroy.local

[2020-03-12 01:38:56 #2 type.registry] 
New type domain.Question

[2020-03-12 01:38:56 #3 type] 
Type domain.Question is not enhanced.

[2020-03-12 01:38:56 #4 type.registry] 
New type domain.Answer

[2020-03-12 01:38:56 #5 type.registry] 
New type java.util.Vector<domain.Answer>

[2020-03-12 01:38:56 #6 type.registry] 
New type domain.Event

[2020-03-12 01:38:56 #7 type] 
Type domain.Answer is not enhanced.

[2020-03-12 01:38:56 #8 type.registry] 
New type domain.Apuesta

[2020-03-12 01:38:56 #9 type.registry] 
New type java.util.Vector<domain.Apuesta>

[2020-03-12 01:38:56 #10 type] 
Type domain.Event is not enhanced.

[2020-03-12 01:38:56 #11 type.registry] 
New type java.util.Vector<domain.Question>

[2020-03-12 01:38:56 #12 type] 
Type domain.Apuesta is not enhanced.

[2020-03-12 01:38:56 #13 type.registry] 
New type domain.Usuario

[2020-03-12 01:38:56 #14 type.registry] 
New type domain.Cliente

[2020-03-12 01:38:56 #15 type] 
Type domain.Usuario is not enhanced.

[2020-03-12 01:38:56 #16 type] 
Type domain.Cliente is not enhanced.

[2020-03-12 01:38:56 #17 type.registry] 
New type domain.Admin

[2020-03-12 01:38:56 #18 type] 
Type domain.Admin is not enhanced.

[2020-03-12 01:38:56 #19 type.registry] 
New type domain.CuentaGlobal

[2020-03-12 01:38:56 #20 type] 
Type domain.CuentaGlobal is not enhanced.

[2020-03-12 01:38:56 #21 type.registry] 
New type java.util.Vector<java.lang.Object>

------------------------------------------------------------------------------------------------------------------------

[2020-03-12 01:43:06 #1 store] 
Database '/Users/ldeniz/git/Bets/resources/bets.temp' is opened by 20694@MacBook-Pro-de-Leroy.local

[2020-03-12 01:43:06 #2 type.registry] 
New type domain.Question

[2020-03-12 01:43:06 #3 type] 
Type domain.Question is not enhanced.

[2020-03-12 01:43:06 #4 type.registry] 
New type domain.Answer

[2020-03-12 01:43:06 #5 type.registry] 
New type java.util.Vector<domain.Answer>

[2020-03-12 01:43:06 #6 type.registry] 
New type domain.Event

[2020-03-12 01:43:06 #7 type] 
Type domain.Answer is not enhanced.

[2020-03-12 01:43:06 #8 type.registry] 
New type domain.Apuesta

[2020-03-12 01:43:06 #9 type.registry] 
New type java.util.Vector<domain.Apuesta>

[2020-03-12 01:43:06 #10 type] 
Type domain.Event is not enhanced.

[2020-03-12 01:43:06 #11 type.registry] 
New type java.util.Vector<domain.Question>

[2020-03-12 01:43:06 #12 type] 
Type domain.Apuesta is not enhanced.

[2020-03-12 01:43:06 #13 type.registry] 
New type domain.Usuario

[2020-03-12 01:43:06 #14 type.registry] 
New type domain.Cliente

[2020-03-12 01:43:06 #15 type] 
Type domain.Usuario is not enhanced.

[2020-03-12 01:43:06 #16 type] 
Type domain.Cliente is not enhanced.

[2020-03-12 01:43:06 #17 type.registry] 
New type domain.Admin

[2020-03-12 01:43:06 #18 type] 
Type domain.Admin is not enhanced.

[2020-03-12 01:43:06 #19 type.registry] 
New type domain.CuentaGlobal

[2020-03-12 01:43:06 #20 type] 
Type domain.CuentaGlobal is not enhanced.

[2020-03-12 01:43:06 #21 type.registry] 
New type java.util.Vector<java.lang.Object>

------------------------------------------------------------------------------------------------------------------------

[2020-03-12 01:43:45 #1 store] 
Database '/Users/ldeniz/git/Bets/resources/bets.temp' is opened by 20700@MacBook-Pro-de-Leroy.local

[2020-03-12 01:43:45 #2 type.registry] 
New type domain.Question

[2020-03-12 01:43:45 #3 type] 
Type domain.Question is not enhanced.

[2020-03-12 01:43:45 #4 type.registry] 
New type domain.Answer

[2020-03-12 01:43:45 #5 type.registry] 
New type java.util.Vector<domain.Answer>

[2020-03-12 01:43:45 #6 type.registry] 
New type domain.Event

[2020-03-12 01:43:45 #7 type] 
Type domain.Answer is not enhanced.

[2020-03-12 01:43:45 #8 type.registry] 
New type domain.Apuesta

[2020-03-12 01:43:45 #9 type.registry] 
New type java.util.Vector<domain.Apuesta>

[2020-03-12 01:43:45 #10 type] 
Type domain.Event is not enhanced.

[2020-03-12 01:43:45 #11 type.registry] 
New type java.util.Vector<domain.Question>

[2020-03-12 01:43:45 #12 type] 
Type domain.Apuesta is not enhanced.

[2020-03-12 01:43:45 #13 type.registry] 
New type domain.Usuario

[2020-03-12 01:43:45 #14 type.registry] 
New type domain.Cliente

[2020-03-12 01:43:45 #15 type] 
Type domain.Usuario is not enhanced.

[2020-03-12 01:43:45 #16 type] 
Type domain.Cliente is not enhanced.

[2020-03-12 01:43:45 #17 type.registry] 
New type domain.Admin

[2020-03-12 01:43:45 #18 type] 
Type domain.Admin is not enhanced.

[2020-03-12 01:43:45 #19 type.registry] 
New type domain.CuentaGlobal

[2020-03-12 01:43:45 #20 type] 
Type domain.CuentaGlobal is not enhanced.

[2020-03-12 01:43:45 #21 type.registry] 
New type java.util.Vector<java.lang.Object>

------------------------------------------------------------------------------------------------------------------------

[2020-03-12 01:44:24 #1 store] 
Database '/Users/ldeniz/git/Bets/resources/bets.temp' is opened by 20706@MacBook-Pro-de-Leroy.local

[2020-03-12 01:44:25 #2 type.registry] 
New type domain.Question

[2020-03-12 01:44:25 #3 type] 
Type domain.Question is not enhanced.

[2020-03-12 01:44:25 #4 type.registry] 
New type domain.Answer

[2020-03-12 01:44:25 #5 type.registry] 
New type java.util.Vector<domain.Answer>

[2020-03-12 01:44:25 #6 type.registry] 
New type domain.Event

[2020-03-12 01:44:25 #7 type] 
Type domain.Answer is not enhanced.

[2020-03-12 01:44:25 #8 type.registry] 
New type domain.Apuesta

[2020-03-12 01:44:25 #9 type.registry] 
New type java.util.Vector<domain.Apuesta>

[2020-03-12 01:44:25 #10 type] 
Type domain.Event is not enhanced.

[2020-03-12 01:44:25 #11 type.registry] 
New type java.util.Vector<domain.Question>

[2020-03-12 01:44:25 #12 type] 
Type domain.Apuesta is not enhanced.

[2020-03-12 01:44:25 #13 type.registry] 
New type domain.Usuario

[2020-03-12 01:44:25 #14 type.registry] 
New type domain.Cliente

[2020-03-12 01:44:25 #15 type] 
Type domain.Usuario is not enhanced.

[2020-03-12 01:44:25 #16 type] 
Type domain.Cliente is not enhanced.

[2020-03-12 01:44:25 #17 type.registry] 
New type domain.Admin

[2020-03-12 01:44:25 #18 type] 
Type domain.Admin is not enhanced.

[2020-03-12 01:44:25 #19 type.registry] 
New type domain.CuentaGlobal

[2020-03-12 01:44:25 #20 type] 
Type domain.CuentaGlobal is not enhanced.

[2020-03-12 01:44:25 #21 type.registry] 
New type java.util.Vector<java.lang.Object>

------------------------------------------------------------------------------------------------------------------------

[2020-03-12 01:50:41 #1 store] 
Database '/Users/ldeniz/git/Bets/resources/bets.temp' is opened by 20750@MacBook-Pro-de-Leroy.local

[2020-03-12 01:50:41 #2 type.registry] 
New type domain.Question

[2020-03-12 01:50:41 #3 type] 
Type domain.Question is not enhanced.

[2020-03-12 01:50:41 #4 type.registry] 
New type domain.Answer

[2020-03-12 01:50:41 #5 type.registry] 
New type java.util.Vector<domain.Answer>

[2020-03-12 01:50:41 #6 type.registry] 
New type domain.Event

[2020-03-12 01:50:41 #7 type] 
Type domain.Answer is not enhanced.

[2020-03-12 01:50:41 #8 type.registry] 
New type domain.Apuesta

[2020-03-12 01:50:41 #9 type.registry] 
New type java.util.Vector<domain.Apuesta>

[2020-03-12 01:50:41 #10 type] 
Type domain.Event is not enhanced.

[2020-03-12 01:50:41 #11 type.registry] 
New type java.util.Vector<domain.Question>

[2020-03-12 01:50:41 #12 type] 
Type domain.Apuesta is not enhanced.

[2020-03-12 01:50:41 #13 type.registry] 
New type domain.Usuario

[2020-03-12 01:50:41 #14 type.registry] 
New type domain.Cliente

[2020-03-12 01:50:41 #15 type] 
Type domain.Usuario is not enhanced.

[2020-03-12 01:50:41 #16 type] 
Type domain.Cliente is not enhanced.

[2020-03-12 01:50:41 #17 type.registry] 
New type domain.Admin

[2020-03-12 01:50:41 #18 type] 
Type domain.Admin is not enhanced.

[2020-03-12 01:50:41 #19 type.registry] 
New type domain.CuentaGlobal

[2020-03-12 01:50:41 #20 type] 
Type domain.CuentaGlobal is not enhanced.

[2020-03-12 01:50:41 #21 type.registry] 
New type java.util.Vector<java.lang.Object>

------------------------------------------------------------------------------------------------------------------------

[2020-03-12 01:51:09 #1 store] 
Database '/Users/ldeniz/git/Bets/resources/bets.temp' is opened by 20760@MacBook-Pro-de-Leroy.local

[2020-03-12 01:51:09 #2 type.registry] 
New type domain.Question

[2020-03-12 01:51:09 #3 type] 
Type domain.Question is not enhanced.

[2020-03-12 01:51:09 #4 type.registry] 
New type domain.Answer

[2020-03-12 01:51:09 #5 type.registry] 
New type java.util.Vector<domain.Answer>

[2020-03-12 01:51:09 #6 type.registry] 
New type domain.Event

[2020-03-12 01:51:09 #7 type] 
Type domain.Answer is not enhanced.

[2020-03-12 01:51:09 #8 type.registry] 
New type domain.Apuesta

[2020-03-12 01:51:09 #9 type.registry] 
New type java.util.Vector<domain.Apuesta>

[2020-03-12 01:51:09 #10 type] 
Type domain.Event is not enhanced.

[2020-03-12 01:51:09 #11 type.registry] 
New type java.util.Vector<domain.Question>

[2020-03-12 01:51:09 #12 type] 
Type domain.Apuesta is not enhanced.

[2020-03-12 01:51:09 #13 type.registry] 
New type domain.Usuario

[2020-03-12 01:51:09 #14 type.registry] 
New type domain.Cliente

[2020-03-12 01:51:09 #15 type] 
Type domain.Usuario is not enhanced.

[2020-03-12 01:51:09 #16 type] 
Type domain.Cliente is not enhanced.

[2020-03-12 01:51:09 #17 type.registry] 
New type domain.Admin

[2020-03-12 01:51:09 #18 type] 
Type domain.Admin is not enhanced.

[2020-03-12 01:51:09 #19 type.registry] 
New type domain.CuentaGlobal

[2020-03-12 01:51:09 #20 type] 
Type domain.CuentaGlobal is not enhanced.

[2020-03-12 01:51:09 #21 type.registry] 
New type java.util.Vector<java.lang.Object>

------------------------------------------------------------------------------------------------------------------------

[2020-03-12 01:53:20 #1 store] 
Database '/Users/ldeniz/git/Bets/resources/bets.temp' is opened by 20776@MacBook-Pro-de-Leroy.local

[2020-03-12 01:53:20 #2 type.registry] 
New type domain.Question

[2020-03-12 01:53:20 #3 type] 
Type domain.Question is not enhanced.

[2020-03-12 01:53:20 #4 type.registry] 
New type domain.Answer

[2020-03-12 01:53:20 #5 type.registry] 
New type java.util.Vector<domain.Answer>

[2020-03-12 01:53:20 #6 type.registry] 
New type domain.Event

[2020-03-12 01:53:20 #7 type] 
Type domain.Answer is not enhanced.

[2020-03-12 01:53:20 #8 type.registry] 
New type domain.Apuesta

[2020-03-12 01:53:20 #9 type.registry] 
New type java.util.Vector<domain.Apuesta>

[2020-03-12 01:53:20 #10 type] 
Type domain.Event is not enhanced.

[2020-03-12 01:53:20 #11 type.registry] 
New type java.util.Vector<domain.Question>

[2020-03-12 01:53:20 #12 type] 
Type domain.Apuesta is not enhanced.

[2020-03-12 01:53:20 #13 type.registry] 
New type domain.Usuario

[2020-03-12 01:53:20 #14 type.registry] 
New type domain.Cliente

[2020-03-12 01:53:20 #15 type] 
Type domain.Usuario is not enhanced.

[2020-03-12 01:53:20 #16 type] 
Type domain.Cliente is not enhanced.

[2020-03-12 01:53:20 #17 type.registry] 
New type domain.Admin

[2020-03-12 01:53:20 #18 type] 
Type domain.Admin is not enhanced.

[2020-03-12 01:53:20 #19 type.registry] 
New type domain.CuentaGlobal

[2020-03-12 01:53:20 #20 type] 
Type domain.CuentaGlobal is not enhanced.

[2020-03-12 01:53:20 #21 type.registry] 
New type java.util.Vector<java.lang.Object>

------------------------------------------------------------------------------------------------------------------------

[2020-03-12 01:53:57 #1 store] 
Database '/Users/ldeniz/git/Bets/resources/bets.temp' is opened by 20781@MacBook-Pro-de-Leroy.local

[2020-03-12 01:53:57 #2 type.registry] 
New type domain.Question

[2020-03-12 01:53:57 #3 type] 
Type domain.Question is not enhanced.

[2020-03-12 01:53:57 #4 type.registry] 
New type domain.Answer

[2020-03-12 01:53:57 #5 type.registry] 
New type java.util.Vector<domain.Answer>

[2020-03-12 01:53:57 #6 type.registry] 
New type domain.Event

[2020-03-12 01:53:57 #7 type] 
Type domain.Answer is not enhanced.

[2020-03-12 01:53:57 #8 type.registry] 
New type domain.Apuesta

[2020-03-12 01:53:57 #9 type.registry] 
New type java.util.Vector<domain.Apuesta>

[2020-03-12 01:53:57 #10 type] 
Type domain.Event is not enhanced.

[2020-03-12 01:53:57 #11 type.registry] 
New type java.util.Vector<domain.Question>

[2020-03-12 01:53:57 #12 type] 
Type domain.Apuesta is not enhanced.

[2020-03-12 01:53:57 #13 type.registry] 
New type domain.Usuario

[2020-03-12 01:53:57 #14 type.registry] 
New type domain.Cliente

[2020-03-12 01:53:57 #15 type] 
Type domain.Usuario is not enhanced.

[2020-03-12 01:53:57 #16 type] 
Type domain.Cliente is not enhanced.

[2020-03-12 01:53:57 #17 type.registry] 
New type domain.Admin

[2020-03-12 01:53:57 #18 type] 
Type domain.Admin is not enhanced.

[2020-03-12 01:53:57 #19 type.registry] 
New type domain.CuentaGlobal

[2020-03-12 01:53:57 #20 type] 
Type domain.CuentaGlobal is not enhanced.

[2020-03-12 01:53:57 #21 type.registry] 
New type java.util.Vector<java.lang.Object>

------------------------------------------------------------------------------------------------------------------------

[2020-03-12 02:02:11 #1 store] 
Database '/Users/ldeniz/git/Bets/resources/bets.temp' is opened by 20837@MacBook-Pro-de-Leroy.local

[2020-03-12 02:02:11 #2 type.registry] 
New type domain.Question

[2020-03-12 02:02:11 #3 type] 
Type domain.Question is not enhanced.

[2020-03-12 02:02:11 #4 type.registry] 
New type domain.Answer

[2020-03-12 02:02:11 #5 type.registry] 
New type java.util.Vector<domain.Answer>

[2020-03-12 02:02:11 #6 type.registry] 
New type domain.Event

[2020-03-12 02:02:11 #7 type] 
Type domain.Answer is not enhanced.

[2020-03-12 02:02:11 #8 type.registry] 
New type domain.Apuesta

[2020-03-12 02:02:11 #9 type.registry] 
New type java.util.Vector<domain.Apuesta>

[2020-03-12 02:02:11 #10 type] 
Type domain.Event is not enhanced.

[2020-03-12 02:02:11 #11 type.registry] 
New type java.util.Vector<domain.Question>

[2020-03-12 02:02:11 #12 type] 
Type domain.Apuesta is not enhanced.

[2020-03-12 02:02:11 #13 type.registry] 
New type domain.Usuario

[2020-03-12 02:02:11 #14 type.registry] 
New type domain.Cliente

[2020-03-12 02:02:11 #15 type] 
Type domain.Usuario is not enhanced.

[2020-03-12 02:02:11 #16 type] 
Type domain.Cliente is not enhanced.

[2020-03-12 02:02:11 #17 type.registry] 
New type domain.Admin

[2020-03-12 02:02:11 #18 type] 
Type domain.Admin is not enhanced.

[2020-03-12 02:02:11 #19 type.registry] 
New type domain.CuentaGlobal

[2020-03-12 02:02:11 #20 type] 
Type domain.CuentaGlobal is not enhanced.

[2020-03-12 02:02:11 #21 type.registry] 
New type java.util.Vector<java.lang.Object>

------------------------------------------------------------------------------------------------------------------------

[2020-03-12 02:02:30 #1 store] 
Database '/Users/ldeniz/git/Bets/resources/bets.temp' is opened by 20841@MacBook-Pro-de-Leroy.local

[2020-03-12 02:02:30 #2 type.registry] 
New type domain.Question

[2020-03-12 02:02:30 #3 type] 
Type domain.Question is not enhanced.

[2020-03-12 02:02:30 #4 type.registry] 
New type domain.Answer

[2020-03-12 02:02:30 #5 type.registry] 
New type java.util.Vector<domain.Answer>

[2020-03-12 02:02:30 #6 type.registry] 
New type domain.Event

[2020-03-12 02:02:30 #7 type] 
Type domain.Answer is not enhanced.

[2020-03-12 02:02:30 #8 type.registry] 
New type domain.Apuesta

[2020-03-12 02:02:30 #9 type.registry] 
New type java.util.Vector<domain.Apuesta>

[2020-03-12 02:02:30 #10 type] 
Type domain.Event is not enhanced.

[2020-03-12 02:02:30 #11 type.registry] 
New type java.util.Vector<domain.Question>

[2020-03-12 02:02:30 #12 type] 
Type domain.Apuesta is not enhanced.

[2020-03-12 02:02:30 #13 type.registry] 
New type domain.Usuario

[2020-03-12 02:02:30 #14 type.registry] 
New type domain.Cliente

[2020-03-12 02:02:30 #15 type] 
Type domain.Usuario is not enhanced.

[2020-03-12 02:02:30 #16 type] 
Type domain.Cliente is not enhanced.

[2020-03-12 02:02:30 #17 type.registry] 
New type domain.Admin

[2020-03-12 02:02:30 #18 type] 
Type domain.Admin is not enhanced.

[2020-03-12 02:02:30 #19 type.registry] 
New type domain.CuentaGlobal

[2020-03-12 02:02:30 #20 type] 
Type domain.CuentaGlobal is not enhanced.

[2020-03-12 02:02:30 #21 type.registry] 
New type java.util.Vector<java.lang.Object>

------------------------------------------------------------------------------------------------------------------------

[2020-03-12 02:09:32 #1 store] 
Database '/Users/ldeniz/git/Bets/resources/bets.temp' is opened by 20908@MacBook-Pro-de-Leroy.local

[2020-03-12 02:09:32 #2 type.registry] 
New type domain.Question

[2020-03-12 02:09:32 #3 type] 
Type domain.Question is not enhanced.

[2020-03-12 02:09:32 #4 type.registry] 
New type domain.Answer

[2020-03-12 02:09:32 #5 type.registry] 
New type java.util.Vector<domain.Answer>

[2020-03-12 02:09:32 #6 type.registry] 
New type domain.Event

[2020-03-12 02:09:32 #7 type] 
Type domain.Answer is not enhanced.

[2020-03-12 02:09:32 #8 type.registry] 
New type domain.Apuesta

[2020-03-12 02:09:32 #9 type.registry] 
New type java.util.Vector<domain.Apuesta>

[2020-03-12 02:09:32 #10 type] 
Type domain.Event is not enhanced.

[2020-03-12 02:09:32 #11 type.registry] 
New type java.util.Vector<domain.Question>

[2020-03-12 02:09:32 #12 type] 
Type domain.Apuesta is not enhanced.

[2020-03-12 02:09:32 #13 type.registry] 
New type domain.Usuario

[2020-03-12 02:09:32 #14 type.registry] 
New type domain.Cliente

[2020-03-12 02:09:32 #15 type] 
Type domain.Usuario is not enhanced.

[2020-03-12 02:09:32 #16 type] 
Type domain.Cliente is not enhanced.

[2020-03-12 02:09:32 #17 type.registry] 
New type domain.Admin

[2020-03-12 02:09:32 #18 type] 
Type domain.Admin is not enhanced.

[2020-03-12 02:09:32 #19 type.registry] 
New type domain.CuentaGlobal

[2020-03-12 02:09:32 #20 type] 
Type domain.CuentaGlobal is not enhanced.

[2020-03-12 02:09:32 #21 type.registry] 
New type java.util.Vector<java.lang.Object>

------------------------------------------------------------------------------------------------------------------------

[2020-03-12 02:13:11 #1 store] 
Database '/Users/ldeniz/git/Bets/resources/bets.temp' is opened by 20951@MacBook-Pro-de-Leroy.local

[2020-03-12 02:13:12 #2 type.registry] 
New type domain.Question

[2020-03-12 02:13:12 #3 type] 
Type domain.Question is not enhanced.

[2020-03-12 02:13:12 #4 type.registry] 
New type domain.Answer

[2020-03-12 02:13:12 #5 type.registry] 
New type java.util.Vector<domain.Answer>

[2020-03-12 02:13:12 #6 type.registry] 
New type domain.Event

[2020-03-12 02:13:12 #7 type] 
Type domain.Answer is not enhanced.

[2020-03-12 02:13:12 #8 type.registry] 
New type domain.Apuesta

[2020-03-12 02:13:12 #9 type.registry] 
New type java.util.Vector<domain.Apuesta>

[2020-03-12 02:13:12 #10 type] 
Type domain.Event is not enhanced.

[2020-03-12 02:13:12 #11 type.registry] 
New type java.util.Vector<domain.Question>

[2020-03-12 02:13:12 #12 type] 
Type domain.Apuesta is not enhanced.

[2020-03-12 02:13:12 #13 type.registry] 
New type domain.Usuario

[2020-03-12 02:13:12 #14 type.registry] 
New type domain.Cliente

[2020-03-12 02:13:12 #15 type] 
Type domain.Usuario is not enhanced.

[2020-03-12 02:13:12 #16 type] 
Type domain.Cliente is not enhanced.

[2020-03-12 02:13:12 #17 type.registry] 
New type domain.Admin

[2020-03-12 02:13:12 #18 type] 
Type domain.Admin is not enhanced.

[2020-03-12 02:13:12 #19 type.registry] 
New type domain.CuentaGlobal

[2020-03-12 02:13:12 #20 type] 
Type domain.CuentaGlobal is not enhanced.

[2020-03-12 02:13:12 #21 type.registry] 
New type java.util.Vector<java.lang.Object>

------------------------------------------------------------------------------------------------------------------------

[2020-03-12 02:13:32 #1 store] 
Database '/Users/ldeniz/git/Bets/resources/bets.temp' is opened by 20977@MacBook-Pro-de-Leroy.local

[2020-03-12 02:13:32 #2 type.registry] 
New type domain.Question

[2020-03-12 02:13:32 #3 type] 
Type domain.Question is not enhanced.

[2020-03-12 02:13:32 #4 type.registry] 
New type domain.Answer

[2020-03-12 02:13:32 #5 type.registry] 
New type java.util.Vector<domain.Answer>

[2020-03-12 02:13:32 #6 type.registry] 
New type domain.Event

[2020-03-12 02:13:32 #7 type] 
Type domain.Answer is not enhanced.

[2020-03-12 02:13:32 #8 type.registry] 
New type domain.Apuesta

[2020-03-12 02:13:32 #9 type.registry] 
New type java.util.Vector<domain.Apuesta>

[2020-03-12 02:13:32 #10 type] 
Type domain.Event is not enhanced.

[2020-03-12 02:13:32 #11 type.registry] 
New type java.util.Vector<domain.Question>

[2020-03-12 02:13:32 #12 type] 
Type domain.Apuesta is not enhanced.

[2020-03-12 02:13:32 #13 type.registry] 
New type domain.Usuario

[2020-03-12 02:13:32 #14 type.registry] 
New type domain.Cliente

[2020-03-12 02:13:32 #15 type] 
Type domain.Usuario is not enhanced.

[2020-03-12 02:13:32 #16 type] 
Type domain.Cliente is not enhanced.

[2020-03-12 02:13:32 #17 type.registry] 
New type domain.Admin

[2020-03-12 02:13:32 #18 type] 
Type domain.Admin is not enhanced.

[2020-03-12 02:13:32 #19 type.registry] 
New type domain.CuentaGlobal

[2020-03-12 02:13:32 #20 type] 
Type domain.CuentaGlobal is not enhanced.

[2020-03-12 02:13:32 #21 type.registry] 
New type java.util.Vector<java.lang.Object>

------------------------------------------------------------------------------------------------------------------------

[2020-03-12 02:14:00 #1 store] 
Database '/Users/ldeniz/git/Bets/resources/bets.temp' is opened by 21005@MacBook-Pro-de-Leroy.local

[2020-03-12 02:14:00 #2 type.registry] 
New type domain.Question

[2020-03-12 02:14:00 #3 type] 
Type domain.Question is not enhanced.

[2020-03-12 02:14:00 #4 type.registry] 
New type domain.Answer

[2020-03-12 02:14:00 #5 type.registry] 
New type java.util.Vector<domain.Answer>

[2020-03-12 02:14:00 #6 type.registry] 
New type domain.Event

[2020-03-12 02:14:00 #7 type] 
Type domain.Answer is not enhanced.

[2020-03-12 02:14:00 #8 type.registry] 
New type domain.Apuesta

[2020-03-12 02:14:00 #9 type.registry] 
New type java.util.Vector<domain.Apuesta>

[2020-03-12 02:14:00 #10 type] 
Type domain.Event is not enhanced.

[2020-03-12 02:14:00 #11 type.registry] 
New type java.util.Vector<domain.Question>

[2020-03-12 02:14:00 #12 type] 
Type domain.Apuesta is not enhanced.

[2020-03-12 02:14:00 #13 type.registry] 
New type domain.Usuario

[2020-03-12 02:14:00 #14 type.registry] 
New type domain.Cliente

[2020-03-12 02:14:00 #15 type] 
Type domain.Usuario is not enhanced.

[2020-03-12 02:14:00 #16 type] 
Type domain.Cliente is not enhanced.

[2020-03-12 02:14:00 #17 type.registry] 
New type domain.Admin

[2020-03-12 02:14:00 #18 type] 
Type domain.Admin is not enhanced.

[2020-03-12 02:14:00 #19 type.registry] 
New type domain.CuentaGlobal

[2020-03-12 02:14:00 #20 type] 
Type domain.CuentaGlobal is not enhanced.

[2020-03-12 02:14:00 #21 type.registry] 
New type java.util.Vector<java.lang.Object>

------------------------------------------------------------------------------------------------------------------------

[2020-03-12 11:24:32 #1 store] 
Database '/Users/ldeniz/git/Bets/resources/bets.temp' is opened by 22323@MacBook-Pro-de-Leroy.local

[2020-03-12 11:24:32 #2 type.registry] 
New type domain.Question

[2020-03-12 11:24:32 #3 type] 
Type domain.Question is not enhanced.

[2020-03-12 11:24:32 #4 type.registry] 
New type domain.Answer

[2020-03-12 11:24:32 #5 type.registry] 
New type java.util.Vector<domain.Answer>

[2020-03-12 11:24:32 #6 type.registry] 
New type domain.Event

[2020-03-12 11:24:32 #7 type] 
Type domain.Answer is not enhanced.

[2020-03-12 11:24:32 #8 type.registry] 
New type domain.Apuesta

[2020-03-12 11:24:32 #9 type.registry] 
New type java.util.Vector<domain.Apuesta>

[2020-03-12 11:24:32 #10 type] 
Type domain.Event is not enhanced.

[2020-03-12 11:24:32 #11 type.registry] 
New type java.util.Vector<domain.Question>

[2020-03-12 11:24:32 #12 type] 
Type domain.Apuesta is not enhanced.

[2020-03-12 11:24:32 #13 type.registry] 
New type domain.Usuario

[2020-03-12 11:24:32 #14 type.registry] 
New type domain.Cliente

[2020-03-12 11:24:32 #15 type] 
Type domain.Usuario is not enhanced.

[2020-03-12 11:24:32 #16 type] 
Type domain.Cliente is not enhanced.

[2020-03-12 11:24:32 #17 type.registry] 
New type domain.Admin

[2020-03-12 11:24:32 #18 type] 
Type domain.Admin is not enhanced.

[2020-03-12 11:24:32 #19 type.registry] 
New type domain.CuentaGlobal

[2020-03-12 11:24:32 #20 type] 
Type domain.CuentaGlobal is not enhanced.

[2020-03-12 11:24:32 #21 type.registry] 
New type java.util.Vector<java.lang.Object>

------------------------------------------------------------------------------------------------------------------------

[2020-03-12 11:36:19 #1 store] 
Database '/Users/ldeniz/git/Bets/resources/bets.temp' is opened by 22540@MacBook-Pro-de-Leroy.local

[2020-03-12 11:36:19 #2 type.registry] 
New type domain.Question

[2020-03-12 11:36:19 #3 type] 
Type domain.Question is not enhanced.

[2020-03-12 11:36:19 #4 type.registry] 
New type domain.Answer

[2020-03-12 11:36:19 #5 type.registry] 
New type java.util.Vector<domain.Answer>

[2020-03-12 11:36:19 #6 type.registry] 
New type domain.Event

[2020-03-12 11:36:19 #7 type] 
Type domain.Answer is not enhanced.

[2020-03-12 11:36:19 #8 type.registry] 
New type domain.Apuesta

[2020-03-12 11:36:19 #9 type.registry] 
New type java.util.Vector<domain.Apuesta>

[2020-03-12 11:36:19 #10 type] 
Type domain.Event is not enhanced.

[2020-03-12 11:36:19 #11 type.registry] 
New type java.util.Vector<domain.Question>

[2020-03-12 11:36:19 #12 type] 
Type domain.Apuesta is not enhanced.

[2020-03-12 11:36:19 #13 type.registry] 
New type domain.Usuario

[2020-03-12 11:36:19 #14 type.registry] 
New type domain.Cliente

[2020-03-12 11:36:19 #15 type] 
Type domain.Usuario is not enhanced.

[2020-03-12 11:36:19 #16 type] 
Type domain.Cliente is not enhanced.

[2020-03-12 11:36:19 #17 type.registry] 
New type domain.Admin

[2020-03-12 11:36:19 #18 type] 
Type domain.Admin is not enhanced.

[2020-03-12 11:36:19 #19 type.registry] 
New type domain.CuentaGlobal

[2020-03-12 11:36:19 #20 type] 
Type domain.CuentaGlobal is not enhanced.

[2020-03-12 11:36:19 #21 type.registry] 
New type java.util.Vector<java.lang.Object>

------------------------------------------------------------------------------------------------------------------------

[2020-03-12 11:48:41 #1 store] 
Database '/Users/ldeniz/git/Bets/resources/bets.temp' is opened by 22636@MacBook-Pro-de-Leroy.local

[2020-03-12 11:48:42 #2 type.registry] 
New type domain.Question

[2020-03-12 11:48:42 #3 type] 
Type domain.Question is not enhanced.

[2020-03-12 11:48:42 #4 type.registry] 
New type domain.Answer

[2020-03-12 11:48:42 #5 type.registry] 
New type java.util.Vector<domain.Answer>

[2020-03-12 11:48:42 #6 type.registry] 
New type domain.Event

[2020-03-12 11:48:42 #7 type] 
Type domain.Answer is not enhanced.

[2020-03-12 11:48:42 #8 type.registry] 
New type domain.Apuesta

[2020-03-12 11:48:42 #9 type.registry] 
New type java.util.Vector<domain.Apuesta>

[2020-03-12 11:48:42 #10 type] 
Type domain.Event is not enhanced.

[2020-03-12 11:48:42 #11 type.registry] 
New type java.util.Vector<domain.Question>

[2020-03-12 11:48:42 #12 type] 
Type domain.Apuesta is not enhanced.

[2020-03-12 11:48:42 #13 type.registry] 
New type domain.Usuario

[2020-03-12 11:48:42 #14 type.registry] 
New type domain.Cliente

[2020-03-12 11:48:42 #15 type] 
Type domain.Usuario is not enhanced.

[2020-03-12 11:48:42 #16 type] 
Type domain.Cliente is not enhanced.

[2020-03-12 11:48:42 #17 type.registry] 
New type domain.Admin

[2020-03-12 11:48:42 #18 type] 
Type domain.Admin is not enhanced.

[2020-03-12 11:48:42 #19 type.registry] 
New type domain.CuentaGlobal

[2020-03-12 11:48:42 #20 type] 
Type domain.CuentaGlobal is not enhanced.

[2020-03-12 11:48:42 #21 type.registry] 
New type java.util.Vector<java.lang.Object>

------------------------------------------------------------------------------------------------------------------------

[2020-03-12 11:49:28 #1 store] 
Database '/Users/ldeniz/git/Bets/resources/bets.temp' is opened by 22643@MacBook-Pro-de-Leroy.local

[2020-03-12 11:49:28 #2 type.registry] 
New type domain.Question

[2020-03-12 11:49:28 #3 type] 
Type domain.Question is not enhanced.

[2020-03-12 11:49:28 #4 type.registry] 
New type domain.Answer

[2020-03-12 11:49:28 #5 type.registry] 
New type java.util.Vector<domain.Answer>

[2020-03-12 11:49:28 #6 type.registry] 
New type domain.Event

[2020-03-12 11:49:28 #7 type] 
Type domain.Answer is not enhanced.

[2020-03-12 11:49:28 #8 type.registry] 
New type domain.Apuesta

[2020-03-12 11:49:28 #9 type.registry] 
New type java.util.Vector<domain.Apuesta>

[2020-03-12 11:49:28 #10 type] 
Type domain.Event is not enhanced.

[2020-03-12 11:49:28 #11 type.registry] 
New type java.util.Vector<domain.Question>

[2020-03-12 11:49:28 #12 type] 
Type domain.Apuesta is not enhanced.

[2020-03-12 11:49:28 #13 type.registry] 
New type domain.Usuario

[2020-03-12 11:49:28 #14 type.registry] 
New type domain.Cliente

[2020-03-12 11:49:28 #15 type] 
Type domain.Usuario is not enhanced.

[2020-03-12 11:49:28 #16 type] 
Type domain.Cliente is not enhanced.

[2020-03-12 11:49:28 #17 type.registry] 
New type domain.Admin

[2020-03-12 11:49:28 #18 type] 
Type domain.Admin is not enhanced.

[2020-03-12 11:49:28 #19 type.registry] 
New type domain.CuentaGlobal

[2020-03-12 11:49:28 #20 type] 
Type domain.CuentaGlobal is not enhanced.

[2020-03-12 11:49:28 #21 type.registry] 
New type java.util.Vector<java.lang.Object>

------------------------------------------------------------------------------------------------------------------------

[2020-03-12 12:34:12 #1 store] 
Database '/Users/ldeniz/git/Bets/resources/bets.temp' is opened by 23029@MacBook-Pro-de-Leroy.local

[2020-03-12 12:34:12 #2 type.registry] 
New type domain.Question

[2020-03-12 12:34:12 #3 type] 
Type domain.Question is not enhanced.

[2020-03-12 12:34:12 #4 type.registry] 
New type domain.Answer

[2020-03-12 12:34:12 #5 type.registry] 
New type java.util.Vector<domain.Answer>

[2020-03-12 12:34:12 #6 type.registry] 
New type domain.Event

[2020-03-12 12:34:12 #7 type] 
Type domain.Answer is not enhanced.

[2020-03-12 12:34:12 #8 type.registry] 
New type domain.Apuesta

[2020-03-12 12:34:12 #9 type.registry] 
New type java.util.Vector<domain.Apuesta>

[2020-03-12 12:34:12 #10 type] 
Type domain.Event is not enhanced.

[2020-03-12 12:34:12 #11 type.registry] 
New type java.util.Vector<domain.Question>

[2020-03-12 12:34:12 #12 type] 
Type domain.Apuesta is not enhanced.

[2020-03-12 12:34:12 #13 type.registry] 
New type domain.Usuario

[2020-03-12 12:34:12 #14 type.registry] 
New type domain.Cliente

[2020-03-12 12:34:12 #15 type] 
Type domain.Usuario is not enhanced.

[2020-03-12 12:34:12 #16 type] 
Type domain.Cliente is not enhanced.

[2020-03-12 12:34:12 #17 type.registry] 
New type domain.Admin

[2020-03-12 12:34:12 #18 type] 
Type domain.Admin is not enhanced.

[2020-03-12 12:34:12 #19 type.registry] 
New type domain.CuentaGlobal

[2020-03-12 12:34:12 #20 type] 
Type domain.CuentaGlobal is not enhanced.

[2020-03-12 12:34:12 #21 type.registry] 
New type java.util.Vector<java.lang.Object>

------------------------------------------------------------------------------------------------------------------------

[2020-03-12 12:36:00 #1 store] 
Database '/Users/ldeniz/git/Bets/resources/bets.temp' is opened by 23047@MacBook-Pro-de-Leroy.local

[2020-03-12 12:36:01 #2 type.registry] 
New type domain.Question

[2020-03-12 12:36:01 #3 type] 
Type domain.Question is not enhanced.

[2020-03-12 12:36:01 #4 type.registry] 
New type domain.Answer

[2020-03-12 12:36:01 #5 type.registry] 
New type java.util.Vector<domain.Answer>

[2020-03-12 12:36:01 #6 type.registry] 
New type domain.Event

[2020-03-12 12:36:01 #7 type] 
Type domain.Answer is not enhanced.

[2020-03-12 12:36:01 #8 type.registry] 
New type domain.Apuesta

[2020-03-12 12:36:01 #9 type.registry] 
New type java.util.Vector<domain.Apuesta>

[2020-03-12 12:36:01 #10 type] 
Type domain.Event is not enhanced.

[2020-03-12 12:36:01 #11 type.registry] 
New type java.util.Vector<domain.Question>

[2020-03-12 12:36:01 #12 type] 
Type domain.Apuesta is not enhanced.

[2020-03-12 12:36:01 #13 type.registry] 
New type domain.Usuario

[2020-03-12 12:36:01 #14 type.registry] 
New type domain.Cliente

[2020-03-12 12:36:01 #15 type] 
Type domain.Usuario is not enhanced.

[2020-03-12 12:36:01 #16 type] 
Type domain.Cliente is not enhanced.

[2020-03-12 12:36:01 #17 type.registry] 
New type domain.Admin

[2020-03-12 12:36:01 #18 type] 
Type domain.Admin is not enhanced.

[2020-03-12 12:36:01 #19 type.registry] 
New type domain.CuentaGlobal

[2020-03-12 12:36:01 #20 type] 
Type domain.CuentaGlobal is not enhanced.

[2020-03-12 12:36:01 #21 type.registry] 
New type java.util.Vector<java.lang.Object>

------------------------------------------------------------------------------------------------------------------------

[2020-03-12 12:36:42 #1 store] 
Database '/Users/ldeniz/git/Bets/resources/bets.temp' is opened by 23055@MacBook-Pro-de-Leroy.local

[2020-03-12 12:36:42 #2 type.registry] 
New type domain.Question

[2020-03-12 12:36:42 #3 type] 
Type domain.Question is not enhanced.

[2020-03-12 12:36:42 #4 type.registry] 
New type domain.Answer

[2020-03-12 12:36:42 #5 type.registry] 
New type java.util.Vector<domain.Answer>

[2020-03-12 12:36:42 #6 type.registry] 
New type domain.Event

[2020-03-12 12:36:42 #7 type] 
Type domain.Answer is not enhanced.

[2020-03-12 12:36:42 #8 type.registry] 
New type domain.Apuesta

[2020-03-12 12:36:42 #9 type.registry] 
New type java.util.Vector<domain.Apuesta>

[2020-03-12 12:36:42 #10 type] 
Type domain.Event is not enhanced.

[2020-03-12 12:36:42 #11 type.registry] 
New type java.util.Vector<domain.Question>

[2020-03-12 12:36:42 #12 type] 
Type domain.Apuesta is not enhanced.

[2020-03-12 12:36:42 #13 type.registry] 
New type domain.Usuario

[2020-03-12 12:36:42 #14 type.registry] 
New type domain.Cliente

[2020-03-12 12:36:42 #15 type] 
Type domain.Usuario is not enhanced.

[2020-03-12 12:36:42 #16 type] 
Type domain.Cliente is not enhanced.

[2020-03-12 12:36:42 #17 type.registry] 
New type domain.Admin

[2020-03-12 12:36:42 #18 type] 
Type domain.Admin is not enhanced.

[2020-03-12 12:36:42 #19 type.registry] 
New type domain.CuentaGlobal

[2020-03-12 12:36:42 #20 type] 
Type domain.CuentaGlobal is not enhanced.

[2020-03-12 12:36:42 #21 type.registry] 
New type java.util.Vector<java.lang.Object>

------------------------------------------------------------------------------------------------------------------------

[2020-03-12 12:37:11 #1 store] 
Database '/Users/ldeniz/git/Bets/resources/bets.temp' is opened by 23060@MacBook-Pro-de-Leroy.local

[2020-03-12 12:37:11 #2 type.registry] 
New type domain.Question

[2020-03-12 12:37:11 #3 type] 
Type domain.Question is not enhanced.

[2020-03-12 12:37:11 #4 type.registry] 
New type domain.Answer

[2020-03-12 12:37:11 #5 type.registry] 
New type java.util.Vector<domain.Answer>

[2020-03-12 12:37:11 #6 type.registry] 
New type domain.Event

[2020-03-12 12:37:11 #7 type] 
Type domain.Answer is not enhanced.

[2020-03-12 12:37:11 #8 type.registry] 
New type domain.Apuesta

[2020-03-12 12:37:11 #9 type.registry] 
New type java.util.Vector<domain.Apuesta>

[2020-03-12 12:37:11 #10 type] 
Type domain.Event is not enhanced.

[2020-03-12 12:37:11 #11 type.registry] 
New type java.util.Vector<domain.Question>

[2020-03-12 12:37:11 #12 type] 
Type domain.Apuesta is not enhanced.

[2020-03-12 12:37:11 #13 type.registry] 
New type domain.Usuario

[2020-03-12 12:37:11 #14 type.registry] 
New type domain.Cliente

[2020-03-12 12:37:11 #15 type] 
Type domain.Usuario is not enhanced.

[2020-03-12 12:37:11 #16 type] 
Type domain.Cliente is not enhanced.

[2020-03-12 12:37:11 #17 type.registry] 
New type domain.Admin

[2020-03-12 12:37:11 #18 type] 
Type domain.Admin is not enhanced.

[2020-03-12 12:37:11 #19 type.registry] 
New type domain.CuentaGlobal

[2020-03-12 12:37:11 #20 type] 
Type domain.CuentaGlobal is not enhanced.

[2020-03-12 12:37:11 #21 type.registry] 
New type java.util.Vector<java.lang.Object>

------------------------------------------------------------------------------------------------------------------------

[2020-03-12 12:44:58 #1 store] 
Database '/Users/ldeniz/git/Bets/resources/bets.temp' is opened by 23112@MacBook-Pro-de-Leroy.local

[2020-03-12 12:44:58 #2 type.registry] 
New type domain.Question

[2020-03-12 12:44:58 #3 type] 
Type domain.Question is not enhanced.

[2020-03-12 12:44:58 #4 type.registry] 
New type domain.Answer

[2020-03-12 12:44:58 #5 type.registry] 
New type java.util.Vector<domain.Answer>

[2020-03-12 12:44:58 #6 type.registry] 
New type domain.Event

[2020-03-12 12:44:58 #7 type] 
Type domain.Answer is not enhanced.

[2020-03-12 12:44:58 #8 type.registry] 
New type domain.Apuesta

[2020-03-12 12:44:58 #9 type.registry] 
New type java.util.Vector<domain.Apuesta>

[2020-03-12 12:44:58 #10 type] 
Type domain.Event is not enhanced.

[2020-03-12 12:44:58 #11 type.registry] 
New type java.util.Vector<domain.Question>

[2020-03-12 12:44:58 #12 type] 
Type domain.Apuesta is not enhanced.

[2020-03-12 12:44:58 #13 type.registry] 
New type domain.Usuario

[2020-03-12 12:44:58 #14 type.registry] 
New type domain.Cliente

[2020-03-12 12:44:58 #15 type] 
Type domain.Usuario is not enhanced.

[2020-03-12 12:44:58 #16 type] 
Type domain.Cliente is not enhanced.

[2020-03-12 12:44:58 #17 type.registry] 
New type domain.Admin

[2020-03-12 12:44:58 #18 type] 
Type domain.Admin is not enhanced.

[2020-03-12 12:44:58 #19 type.registry] 
New type domain.CuentaGlobal

[2020-03-12 12:44:58 #20 type] 
Type domain.CuentaGlobal is not enhanced.

[2020-03-12 12:44:58 #21 type.registry] 
New type java.util.Vector<java.lang.Object>

------------------------------------------------------------------------------------------------------------------------

[2020-03-12 12:53:18 #1 store] 
Database '/Users/ldeniz/git/Bets/resources/bets.temp' is opened by 23167@MacBook-Pro-de-Leroy.local

[2020-03-12 12:53:18 #2 type.registry] 
New type domain.Question

[2020-03-12 12:53:18 #3 type] 
Type domain.Question is not enhanced.

[2020-03-12 12:53:18 #4 type.registry] 
New type domain.Answer

[2020-03-12 12:53:18 #5 type.registry] 
New type java.util.Vector<domain.Answer>

[2020-03-12 12:53:18 #6 type.registry] 
New type domain.Event

[2020-03-12 12:53:18 #7 type] 
Type domain.Answer is not enhanced.

[2020-03-12 12:53:18 #8 type.registry] 
New type domain.Apuesta

[2020-03-12 12:53:18 #9 type.registry] 
New type java.util.Vector<domain.Apuesta>

[2020-03-12 12:53:18 #10 type] 
Type domain.Event is not enhanced.

[2020-03-12 12:53:18 #11 type.registry] 
New type java.util.Vector<domain.Question>

[2020-03-12 12:53:18 #12 type] 
Type domain.Apuesta is not enhanced.

[2020-03-12 12:53:18 #13 type.registry] 
New type domain.Usuario

[2020-03-12 12:53:18 #14 type.registry] 
New type domain.Cliente

[2020-03-12 12:53:18 #15 type] 
Type domain.Usuario is not enhanced.

[2020-03-12 12:53:18 #16 type] 
Type domain.Cliente is not enhanced.

[2020-03-12 12:53:18 #17 type.registry] 
New type domain.Admin

[2020-03-12 12:53:18 #18 type] 
Type domain.Admin is not enhanced.

[2020-03-12 12:53:18 #19 type.registry] 
New type domain.CuentaGlobal

[2020-03-12 12:53:18 #20 type] 
Type domain.CuentaGlobal is not enhanced.

[2020-03-12 12:53:18 #21 type.registry] 
New type java.util.Vector<java.lang.Object>

------------------------------------------------------------------------------------------------------------------------

[2020-03-12 12:54:10 #1 store] 
Database '/Users/ldeniz/git/Bets/resources/bets.temp' is opened by 23175@MacBook-Pro-de-Leroy.local

[2020-03-12 12:54:10 #2 type.registry] 
New type domain.Question

[2020-03-12 12:54:10 #3 type] 
Type domain.Question is not enhanced.

[2020-03-12 12:54:10 #4 type.registry] 
New type domain.Answer

[2020-03-12 12:54:10 #5 type.registry] 
New type java.util.Vector<domain.Answer>

[2020-03-12 12:54:10 #6 type.registry] 
New type domain.Event

[2020-03-12 12:54:10 #7 type] 
Type domain.Answer is not enhanced.

[2020-03-12 12:54:10 #8 type.registry] 
New type domain.Apuesta

[2020-03-12 12:54:10 #9 type.registry] 
New type java.util.Vector<domain.Apuesta>

[2020-03-12 12:54:10 #10 type] 
Type domain.Event is not enhanced.

[2020-03-12 12:54:10 #11 type.registry] 
New type java.util.Vector<domain.Question>

[2020-03-12 12:54:10 #12 type] 
Type domain.Apuesta is not enhanced.

[2020-03-12 12:54:10 #13 type.registry] 
New type domain.Usuario

[2020-03-12 12:54:10 #14 type.registry] 
New type domain.Cliente

[2020-03-12 12:54:10 #15 type] 
Type domain.Usuario is not enhanced.

[2020-03-12 12:54:10 #16 type] 
Type domain.Cliente is not enhanced.

[2020-03-12 12:54:10 #17 type.registry] 
New type domain.Admin

[2020-03-12 12:54:10 #18 type] 
Type domain.Admin is not enhanced.

[2020-03-12 12:54:10 #19 type.registry] 
New type domain.CuentaGlobal

[2020-03-12 12:54:10 #20 type] 
Type domain.CuentaGlobal is not enhanced.

[2020-03-12 12:54:10 #21 type.registry] 
New type java.util.Vector<java.lang.Object>

------------------------------------------------------------------------------------------------------------------------

[2020-03-12 12:55:15 #1 store] 
Database '/Users/ldeniz/git/Bets/resources/bets.temp' is opened by 23183@MacBook-Pro-de-Leroy.local

[2020-03-12 12:55:15 #2 type.registry] 
New type domain.Question

[2020-03-12 12:55:15 #3 type] 
Type domain.Question is not enhanced.

[2020-03-12 12:55:15 #4 type.registry] 
New type domain.Answer

[2020-03-12 12:55:15 #5 type.registry] 
New type java.util.Vector<domain.Answer>

[2020-03-12 12:55:15 #6 type.registry] 
New type domain.Event

[2020-03-12 12:55:15 #7 type] 
Type domain.Answer is not enhanced.

[2020-03-12 12:55:15 #8 type.registry] 
New type domain.Apuesta

[2020-03-12 12:55:15 #9 type.registry] 
New type java.util.Vector<domain.Apuesta>

[2020-03-12 12:55:15 #10 type] 
Type domain.Event is not enhanced.

[2020-03-12 12:55:15 #11 type.registry] 
New type java.util.Vector<domain.Question>

[2020-03-12 12:55:15 #12 type] 
Type domain.Apuesta is not enhanced.

[2020-03-12 12:55:15 #13 type.registry] 
New type domain.Usuario

[2020-03-12 12:55:15 #14 type.registry] 
New type domain.Cliente

[2020-03-12 12:55:15 #15 type] 
Type domain.Usuario is not enhanced.

[2020-03-12 12:55:15 #16 type] 
Type domain.Cliente is not enhanced.

[2020-03-12 12:55:15 #17 type.registry] 
New type domain.Admin

[2020-03-12 12:55:15 #18 type] 
Type domain.Admin is not enhanced.

[2020-03-12 12:55:15 #19 type.registry] 
New type domain.CuentaGlobal

[2020-03-12 12:55:15 #20 type] 
Type domain.CuentaGlobal is not enhanced.

[2020-03-12 12:55:15 #21 type.registry] 
New type java.util.Vector<java.lang.Object>

------------------------------------------------------------------------------------------------------------------------

[2020-03-12 12:56:08 #1 store] 
Database '/Users/ldeniz/git/Bets/resources/bets.temp' is opened by 23192@MacBook-Pro-de-Leroy.local

[2020-03-12 12:56:08 #2 type.registry] 
New type domain.Question

[2020-03-12 12:56:08 #3 type] 
Type domain.Question is not enhanced.

[2020-03-12 12:56:08 #4 type.registry] 
New type domain.Answer

[2020-03-12 12:56:08 #5 type.registry] 
New type java.util.Vector<domain.Answer>

[2020-03-12 12:56:08 #6 type.registry] 
New type domain.Event

[2020-03-12 12:56:08 #7 type] 
Type domain.Answer is not enhanced.

[2020-03-12 12:56:08 #8 type.registry] 
New type domain.Apuesta

[2020-03-12 12:56:08 #9 type.registry] 
New type java.util.Vector<domain.Apuesta>

[2020-03-12 12:56:08 #10 type] 
Type domain.Event is not enhanced.

[2020-03-12 12:56:08 #11 type.registry] 
New type java.util.Vector<domain.Question>

[2020-03-12 12:56:08 #12 type] 
Type domain.Apuesta is not enhanced.

[2020-03-12 12:56:08 #13 type.registry] 
New type domain.Usuario

[2020-03-12 12:56:08 #14 type.registry] 
New type domain.Cliente

[2020-03-12 12:56:08 #15 type] 
Type domain.Usuario is not enhanced.

[2020-03-12 12:56:08 #16 type] 
Type domain.Cliente is not enhanced.

[2020-03-12 12:56:08 #17 type.registry] 
New type domain.Admin

[2020-03-12 12:56:08 #18 type] 
Type domain.Admin is not enhanced.

[2020-03-12 12:56:08 #19 type.registry] 
New type domain.CuentaGlobal

[2020-03-12 12:56:08 #20 type] 
Type domain.CuentaGlobal is not enhanced.

[2020-03-12 12:56:08 #21 type.registry] 
New type java.util.Vector<java.lang.Object>

------------------------------------------------------------------------------------------------------------------------

[2020-03-12 13:08:47 #1 store] 
Database '/Users/ldeniz/git/Bets/resources/bets.temp' is opened by 23320@MacBook-Pro-de-Leroy.local

[2020-03-12 13:08:47 #2 type.registry] 
New type domain.Question

[2020-03-12 13:08:47 #3 type] 
Type domain.Question is not enhanced.

[2020-03-12 13:08:47 #4 type.registry] 
New type domain.Answer

[2020-03-12 13:08:47 #5 type.registry] 
New type java.util.Vector<domain.Answer>

[2020-03-12 13:08:47 #6 type.registry] 
New type domain.Event

[2020-03-12 13:08:47 #7 type] 
Type domain.Answer is not enhanced.

[2020-03-12 13:08:47 #8 type.registry] 
New type domain.Apuesta

[2020-03-12 13:08:47 #9 type.registry] 
New type java.util.Vector<domain.Apuesta>

[2020-03-12 13:08:47 #10 type] 
Type domain.Event is not enhanced.

[2020-03-12 13:08:47 #11 type.registry] 
New type java.util.Vector<domain.Question>

[2020-03-12 13:08:47 #12 type] 
Type domain.Apuesta is not enhanced.

[2020-03-12 13:08:47 #13 type.registry] 
New type domain.Usuario

[2020-03-12 13:08:47 #14 type.registry] 
New type domain.Cliente

[2020-03-12 13:08:47 #15 type] 
Type domain.Usuario is not enhanced.

[2020-03-12 13:08:47 #16 type] 
Type domain.Cliente is not enhanced.

[2020-03-12 13:08:47 #17 type.registry] 
New type domain.Admin

[2020-03-12 13:08:47 #18 type] 
Type domain.Admin is not enhanced.

[2020-03-12 13:08:47 #19 type.registry] 
New type domain.CuentaGlobal

[2020-03-12 13:08:47 #20 type] 
Type domain.CuentaGlobal is not enhanced.

[2020-03-12 13:08:47 #21 type.registry] 
New type java.util.Vector<java.lang.Object>

------------------------------------------------------------------------------------------------------------------------

[2020-03-12 13:09:58 #1 store] 
Database '/Users/ldeniz/git/Bets/resources/bets.temp' is opened by 23328@MacBook-Pro-de-Leroy.local

[2020-03-12 13:09:58 #2 type.registry] 
New type domain.Question

[2020-03-12 13:09:58 #3 type] 
Type domain.Question is not enhanced.

[2020-03-12 13:09:58 #4 type.registry] 
New type domain.Answer

[2020-03-12 13:09:58 #5 type.registry] 
New type java.util.Vector<domain.Answer>

[2020-03-12 13:09:58 #6 type.registry] 
New type domain.Event

[2020-03-12 13:09:58 #7 type] 
Type domain.Answer is not enhanced.

[2020-03-12 13:09:58 #8 type.registry] 
New type domain.Apuesta

[2020-03-12 13:09:58 #9 type.registry] 
New type java.util.Vector<domain.Apuesta>

[2020-03-12 13:09:58 #10 type] 
Type domain.Event is not enhanced.

[2020-03-12 13:09:58 #11 type.registry] 
New type java.util.Vector<domain.Question>

[2020-03-12 13:09:58 #12 type] 
Type domain.Apuesta is not enhanced.

[2020-03-12 13:09:58 #13 type.registry] 
New type domain.Usuario

[2020-03-12 13:09:58 #14 type.registry] 
New type domain.Cliente

[2020-03-12 13:09:58 #15 type] 
Type domain.Usuario is not enhanced.

[2020-03-12 13:09:58 #16 type] 
Type domain.Cliente is not enhanced.

[2020-03-12 13:09:58 #17 type.registry] 
New type domain.Admin

[2020-03-12 13:09:58 #18 type] 
Type domain.Admin is not enhanced.

[2020-03-12 13:09:58 #19 type.registry] 
New type domain.CuentaGlobal

[2020-03-12 13:09:58 #20 type] 
Type domain.CuentaGlobal is not enhanced.

[2020-03-12 13:09:58 #21 type.registry] 
New type java.util.Vector<java.lang.Object>

------------------------------------------------------------------------------------------------------------------------

[2020-03-12 13:16:03 #1 store] 
Database '/Users/ldeniz/git/Bets/resources/bets.temp' is opened by 23375@MacBook-Pro-de-Leroy.local

[2020-03-12 13:16:03 #2 type.registry] 
New type domain.Question

[2020-03-12 13:16:03 #3 type] 
Type domain.Question is not enhanced.

[2020-03-12 13:16:03 #4 type.registry] 
New type domain.Answer

[2020-03-12 13:16:03 #5 type.registry] 
New type java.util.Vector<domain.Answer>

[2020-03-12 13:16:03 #6 type.registry] 
New type domain.Event

[2020-03-12 13:16:03 #7 type] 
Type domain.Answer is not enhanced.

[2020-03-12 13:16:03 #8 type.registry] 
New type domain.Apuesta

[2020-03-12 13:16:03 #9 type.registry] 
New type java.util.Vector<domain.Apuesta>

[2020-03-12 13:16:03 #10 type] 
Type domain.Event is not enhanced.

[2020-03-12 13:16:03 #11 type.registry] 
New type java.util.Vector<domain.Question>

[2020-03-12 13:16:03 #12 type] 
Type domain.Apuesta is not enhanced.

[2020-03-12 13:16:03 #13 type.registry] 
New type domain.Usuario

[2020-03-12 13:16:03 #14 type.registry] 
New type domain.Cliente

[2020-03-12 13:16:03 #15 type] 
Type domain.Usuario is not enhanced.

[2020-03-12 13:16:03 #16 type] 
Type domain.Cliente is not enhanced.

[2020-03-12 13:16:03 #17 type.registry] 
New type domain.Admin

[2020-03-12 13:16:03 #18 type] 
Type domain.Admin is not enhanced.

[2020-03-12 13:16:03 #19 type.registry] 
New type domain.CuentaGlobal

[2020-03-12 13:16:03 #20 type] 
Type domain.CuentaGlobal is not enhanced.

[2020-03-12 13:16:03 #21 type.registry] 
New type java.util.Vector<java.lang.Object>

------------------------------------------------------------------------------------------------------------------------

[2020-03-12 13:18:43 #1 store] 
Database '/Users/ldeniz/git/Bets/resources/bets.temp' is opened by 23396@MacBook-Pro-de-Leroy.local

[2020-03-12 13:18:43 #2 type.registry] 
New type domain.Question

[2020-03-12 13:18:43 #3 type] 
Type domain.Question is not enhanced.

[2020-03-12 13:18:43 #4 type.registry] 
New type domain.Answer

[2020-03-12 13:18:43 #5 type.registry] 
New type java.util.Vector<domain.Answer>

[2020-03-12 13:18:43 #6 type.registry] 
New type domain.Event

[2020-03-12 13:18:43 #7 type] 
Type domain.Answer is not enhanced.

[2020-03-12 13:18:43 #8 type.registry] 
New type domain.Apuesta

[2020-03-12 13:18:43 #9 type.registry] 
New type java.util.Vector<domain.Apuesta>

[2020-03-12 13:18:43 #10 type] 
Type domain.Event is not enhanced.

[2020-03-12 13:18:43 #11 type.registry] 
New type java.util.Vector<domain.Question>

[2020-03-12 13:18:43 #12 type] 
Type domain.Apuesta is not enhanced.

[2020-03-12 13:18:43 #13 type.registry] 
New type domain.Usuario

[2020-03-12 13:18:43 #14 type.registry] 
New type domain.Cliente

[2020-03-12 13:18:43 #15 type] 
Type domain.Usuario is not enhanced.

[2020-03-12 13:18:43 #16 type] 
Type domain.Cliente is not enhanced.

[2020-03-12 13:18:43 #17 type.registry] 
New type domain.Admin

[2020-03-12 13:18:43 #18 type] 
Type domain.Admin is not enhanced.

[2020-03-12 13:18:43 #19 type.registry] 
New type domain.CuentaGlobal

[2020-03-12 13:18:43 #20 type] 
Type domain.CuentaGlobal is not enhanced.

[2020-03-12 13:18:43 #21 type.registry] 
New type java.util.Vector<java.lang.Object>

------------------------------------------------------------------------------------------------------------------------

[2020-03-12 13:23:04 #1 store] 
Database '/Users/ldeniz/git/Bets/resources/bets.temp' is opened by 23430@MacBook-Pro-de-Leroy.local

[2020-03-12 13:23:04 #2 type.registry] 
New type domain.Question

[2020-03-12 13:23:04 #3 type] 
Type domain.Question is not enhanced.

[2020-03-12 13:23:04 #4 type.registry] 
New type domain.Answer

[2020-03-12 13:23:04 #5 type.registry] 
New type java.util.Vector<domain.Answer>

[2020-03-12 13:23:04 #6 type.registry] 
New type domain.Event

[2020-03-12 13:23:04 #7 type] 
Type domain.Answer is not enhanced.

[2020-03-12 13:23:04 #8 type.registry] 
New type domain.Apuesta

[2020-03-12 13:23:04 #9 type.registry] 
New type java.util.Vector<domain.Apuesta>

[2020-03-12 13:23:04 #10 type] 
Type domain.Event is not enhanced.

[2020-03-12 13:23:04 #11 type.registry] 
New type java.util.Vector<domain.Question>

[2020-03-12 13:23:04 #12 type] 
Type domain.Apuesta is not enhanced.

[2020-03-12 13:23:04 #13 type.registry] 
New type domain.Usuario

[2020-03-12 13:23:04 #14 type.registry] 
New type domain.Cliente

[2020-03-12 13:23:04 #15 type] 
Type domain.Usuario is not enhanced.

[2020-03-12 13:23:04 #16 type] 
Type domain.Cliente is not enhanced.

[2020-03-12 13:23:04 #17 type.registry] 
New type domain.Admin

[2020-03-12 13:23:04 #18 type] 
Type domain.Admin is not enhanced.

[2020-03-12 13:23:04 #19 type.registry] 
New type domain.CuentaGlobal

[2020-03-12 13:23:04 #20 type] 
Type domain.CuentaGlobal is not enhanced.

[2020-03-12 13:23:04 #21 type.registry] 
New type java.util.Vector<java.lang.Object>

------------------------------------------------------------------------------------------------------------------------

[2020-03-12 13:23:47 #1 store] 
Database '/Users/ldeniz/git/Bets/resources/bets.temp' is opened by 23439@MacBook-Pro-de-Leroy.local

[2020-03-12 13:23:47 #2 type.registry] 
New type domain.Question

[2020-03-12 13:23:47 #3 type] 
Type domain.Question is not enhanced.

[2020-03-12 13:23:47 #4 type.registry] 
New type domain.Answer

[2020-03-12 13:23:47 #5 type.registry] 
New type java.util.Vector<domain.Answer>

[2020-03-12 13:23:47 #6 type.registry] 
New type domain.Event

[2020-03-12 13:23:47 #7 type] 
Type domain.Answer is not enhanced.

[2020-03-12 13:23:47 #8 type.registry] 
New type domain.Apuesta

[2020-03-12 13:23:47 #9 type.registry] 
New type java.util.Vector<domain.Apuesta>

[2020-03-12 13:23:47 #10 type] 
Type domain.Event is not enhanced.

[2020-03-12 13:23:47 #11 type.registry] 
New type java.util.Vector<domain.Question>

[2020-03-12 13:23:47 #12 type] 
Type domain.Apuesta is not enhanced.

[2020-03-12 13:23:47 #13 type.registry] 
New type domain.Usuario

[2020-03-12 13:23:47 #14 type.registry] 
New type domain.Cliente

[2020-03-12 13:23:47 #15 type] 
Type domain.Usuario is not enhanced.

[2020-03-12 13:23:47 #16 type] 
Type domain.Cliente is not enhanced.

[2020-03-12 13:23:47 #17 type.registry] 
New type domain.Admin

[2020-03-12 13:23:47 #18 type] 
Type domain.Admin is not enhanced.

[2020-03-12 13:23:47 #19 type.registry] 
New type domain.CuentaGlobal

[2020-03-12 13:23:47 #20 type] 
Type domain.CuentaGlobal is not enhanced.

[2020-03-12 13:23:47 #21 type.registry] 
New type java.util.Vector<java.lang.Object>

------------------------------------------------------------------------------------------------------------------------

[2020-03-12 13:24:20 #1 store] 
Database '/Users/ldeniz/git/Bets/resources/bets.temp' is opened by 23446@MacBook-Pro-de-Leroy.local

[2020-03-12 13:24:21 #2 type.registry] 
New type domain.Question

[2020-03-12 13:24:21 #3 type] 
Type domain.Question is not enhanced.

[2020-03-12 13:24:21 #4 type.registry] 
New type domain.Answer

[2020-03-12 13:24:21 #5 type.registry] 
New type java.util.Vector<domain.Answer>

[2020-03-12 13:24:21 #6 type.registry] 
New type domain.Event

[2020-03-12 13:24:21 #7 type] 
Type domain.Answer is not enhanced.

[2020-03-12 13:24:21 #8 type.registry] 
New type domain.Apuesta

[2020-03-12 13:24:21 #9 type.registry] 
New type java.util.Vector<domain.Apuesta>

[2020-03-12 13:24:21 #10 type] 
Type domain.Event is not enhanced.

[2020-03-12 13:24:21 #11 type.registry] 
New type java.util.Vector<domain.Question>

[2020-03-12 13:24:21 #12 type] 
Type domain.Apuesta is not enhanced.

[2020-03-12 13:24:21 #13 type.registry] 
New type domain.Usuario

[2020-03-12 13:24:21 #14 type.registry] 
New type domain.Cliente

[2020-03-12 13:24:21 #15 type] 
Type domain.Usuario is not enhanced.

[2020-03-12 13:24:21 #16 type] 
Type domain.Cliente is not enhanced.

[2020-03-12 13:24:21 #17 type.registry] 
New type domain.Admin

[2020-03-12 13:24:21 #18 type] 
Type domain.Admin is not enhanced.

[2020-03-12 13:24:21 #19 type.registry] 
New type domain.CuentaGlobal

[2020-03-12 13:24:21 #20 type] 
Type domain.CuentaGlobal is not enhanced.

[2020-03-12 13:24:21 #21 type.registry] 
New type java.util.Vector<java.lang.Object>

------------------------------------------------------------------------------------------------------------------------

[2020-03-12 13:26:05 #1 store] 
Database '/Users/ldeniz/git/Bets/resources/bets.temp' is opened by 23466@MacBook-Pro-de-Leroy.local

[2020-03-12 13:26:06 #2 type.registry] 
New type domain.Question

[2020-03-12 13:26:06 #3 type] 
Type domain.Question is not enhanced.

[2020-03-12 13:26:06 #4 type.registry] 
New type domain.Answer

[2020-03-12 13:26:06 #5 type.registry] 
New type java.util.Vector<domain.Answer>

[2020-03-12 13:26:06 #6 type.registry] 
New type domain.Event

[2020-03-12 13:26:06 #7 type] 
Type domain.Answer is not enhanced.

[2020-03-12 13:26:06 #8 type.registry] 
New type domain.Apuesta

[2020-03-12 13:26:06 #9 type.registry] 
New type java.util.Vector<domain.Apuesta>

[2020-03-12 13:26:06 #10 type] 
Type domain.Event is not enhanced.

[2020-03-12 13:26:06 #11 type.registry] 
New type java.util.Vector<domain.Question>

[2020-03-12 13:26:06 #12 type] 
Type domain.Apuesta is not enhanced.

[2020-03-12 13:26:06 #13 type.registry] 
New type domain.Usuario

[2020-03-12 13:26:06 #14 type.registry] 
New type domain.Cliente

[2020-03-12 13:26:06 #15 type] 
Type domain.Usuario is not enhanced.

[2020-03-12 13:26:06 #16 type] 
Type domain.Cliente is not enhanced.

[2020-03-12 13:26:06 #17 type.registry] 
New type domain.Admin

[2020-03-12 13:26:06 #18 type] 
Type domain.Admin is not enhanced.

[2020-03-12 13:26:06 #19 type.registry] 
New type domain.CuentaGlobal

[2020-03-12 13:26:06 #20 type] 
Type domain.CuentaGlobal is not enhanced.

[2020-03-12 13:26:06 #21 type.registry] 
New type java.util.Vector<java.lang.Object>

------------------------------------------------------------------------------------------------------------------------

[2020-03-12 13:28:24 #1 store] 
Database '/Users/ldeniz/git/Bets/resources/bets.temp' is opened by 23485@MacBook-Pro-de-Leroy.local

[2020-03-12 13:28:24 #2 type.registry] 
New type domain.Question

[2020-03-12 13:28:24 #3 type] 
Type domain.Question is not enhanced.

[2020-03-12 13:28:24 #4 type.registry] 
New type domain.Answer

[2020-03-12 13:28:24 #5 type.registry] 
New type java.util.Vector<domain.Answer>

[2020-03-12 13:28:24 #6 type.registry] 
New type domain.Event

[2020-03-12 13:28:24 #7 type] 
Type domain.Answer is not enhanced.

[2020-03-12 13:28:24 #8 type.registry] 
New type domain.Apuesta

[2020-03-12 13:28:24 #9 type.registry] 
New type java.util.Vector<domain.Apuesta>

[2020-03-12 13:28:24 #10 type] 
Type domain.Event is not enhanced.

[2020-03-12 13:28:24 #11 type.registry] 
New type java.util.Vector<domain.Question>

[2020-03-12 13:28:24 #12 type] 
Type domain.Apuesta is not enhanced.

[2020-03-12 13:28:24 #13 type.registry] 
New type domain.Usuario

[2020-03-12 13:28:24 #14 type.registry] 
New type domain.Cliente

[2020-03-12 13:28:24 #15 type] 
Type domain.Usuario is not enhanced.

[2020-03-12 13:28:24 #16 type] 
Type domain.Cliente is not enhanced.

[2020-03-12 13:28:24 #17 type.registry] 
New type domain.Admin

[2020-03-12 13:28:24 #18 type] 
Type domain.Admin is not enhanced.

[2020-03-12 13:28:24 #19 type.registry] 
New type domain.CuentaGlobal

[2020-03-12 13:28:24 #20 type] 
Type domain.CuentaGlobal is not enhanced.

[2020-03-12 13:28:24 #21 type.registry] 
New type java.util.Vector<java.lang.Object>

------------------------------------------------------------------------------------------------------------------------

[2020-03-12 13:40:52 #1 store] 
Database '/Users/ldeniz/git/Bets/resources/bets.temp' is opened by 23570@MacBook-Pro-de-Leroy.local

[2020-03-12 13:40:52 #2 type.registry] 
New type domain.Question

[2020-03-12 13:40:52 #3 type] 
Type domain.Question is not enhanced.

[2020-03-12 13:40:52 #4 type.registry] 
New type domain.Answer

[2020-03-12 13:40:52 #5 type.registry] 
New type java.util.Vector<domain.Answer>

[2020-03-12 13:40:52 #6 type.registry] 
New type domain.Event

[2020-03-12 13:40:52 #7 type] 
Type domain.Answer is not enhanced.

[2020-03-12 13:40:52 #8 type.registry] 
New type domain.Apuesta

[2020-03-12 13:40:52 #9 type.registry] 
New type java.util.Vector<domain.Apuesta>

[2020-03-12 13:40:52 #10 type] 
Type domain.Event is not enhanced.

[2020-03-12 13:40:52 #11 type.registry] 
New type java.util.Vector<domain.Question>

[2020-03-12 13:40:52 #12 type] 
Type domain.Apuesta is not enhanced.

[2020-03-12 13:40:52 #13 type.registry] 
New type domain.Usuario

[2020-03-12 13:40:52 #14 type.registry] 
New type domain.Cliente

[2020-03-12 13:40:52 #15 type] 
Type domain.Usuario is not enhanced.

[2020-03-12 13:40:52 #16 type] 
Type domain.Cliente is not enhanced.

[2020-03-12 13:40:52 #17 type.registry] 
New type domain.Admin

[2020-03-12 13:40:52 #18 type] 
Type domain.Admin is not enhanced.

[2020-03-12 13:40:52 #19 type.registry] 
New type domain.CuentaGlobal

[2020-03-12 13:40:52 #20 type] 
Type domain.CuentaGlobal is not enhanced.

[2020-03-12 13:40:52 #21 type.registry] 
New type java.util.Vector<java.lang.Object>

------------------------------------------------------------------------------------------------------------------------

[2020-03-12 13:43:43 #1 store] 
Database '/Users/ldeniz/git/Bets/resources/bets.temp' is opened by 23590@MacBook-Pro-de-Leroy.local

[2020-03-12 13:43:43 #2 type.registry] 
New type domain.Question

[2020-03-12 13:43:43 #3 type] 
Type domain.Question is not enhanced.

[2020-03-12 13:43:43 #4 type.registry] 
New type domain.Answer

[2020-03-12 13:43:43 #5 type.registry] 
New type java.util.Vector<domain.Answer>

[2020-03-12 13:43:43 #6 type.registry] 
New type domain.Event

[2020-03-12 13:43:43 #7 type] 
Type domain.Answer is not enhanced.

[2020-03-12 13:43:43 #8 type.registry] 
New type domain.Apuesta

[2020-03-12 13:43:43 #9 type.registry] 
New type java.util.Vector<domain.Apuesta>

[2020-03-12 13:43:43 #10 type] 
Type domain.Event is not enhanced.

[2020-03-12 13:43:43 #11 type.registry] 
New type java.util.Vector<domain.Question>

[2020-03-12 13:43:43 #12 type] 
Type domain.Apuesta is not enhanced.

[2020-03-12 13:43:43 #13 type.registry] 
New type domain.Usuario

[2020-03-12 13:43:43 #14 type.registry] 
New type domain.Cliente

[2020-03-12 13:43:43 #15 type] 
Type domain.Usuario is not enhanced.

[2020-03-12 13:43:43 #16 type] 
Type domain.Cliente is not enhanced.

[2020-03-12 13:43:43 #17 type.registry] 
New type domain.Admin

[2020-03-12 13:43:43 #18 type] 
Type domain.Admin is not enhanced.

[2020-03-12 13:43:43 #19 type.registry] 
New type domain.CuentaGlobal

[2020-03-12 13:43:43 #20 type] 
Type domain.CuentaGlobal is not enhanced.

[2020-03-12 13:43:43 #21 type.registry] 
New type java.util.Vector<java.lang.Object>

------------------------------------------------------------------------------------------------------------------------

[2020-03-12 13:45:19 #1 store] 
Database '/Users/ldeniz/git/Bets/resources/bets.temp' is opened by 23602@MacBook-Pro-de-Leroy.local

[2020-03-12 13:45:19 #2 type.registry] 
New type domain.Question

[2020-03-12 13:45:19 #3 type] 
Type domain.Question is not enhanced.

[2020-03-12 13:45:19 #4 type.registry] 
New type domain.Answer

[2020-03-12 13:45:19 #5 type.registry] 
New type java.util.Vector<domain.Answer>

[2020-03-12 13:45:19 #6 type.registry] 
New type domain.Event

[2020-03-12 13:45:19 #7 type] 
Type domain.Answer is not enhanced.

[2020-03-12 13:45:19 #8 type.registry] 
New type domain.Apuesta

[2020-03-12 13:45:19 #9 type.registry] 
New type java.util.Vector<domain.Apuesta>

[2020-03-12 13:45:19 #10 type] 
Type domain.Event is not enhanced.

[2020-03-12 13:45:19 #11 type.registry] 
New type java.util.Vector<domain.Question>

[2020-03-12 13:45:19 #12 type] 
Type domain.Apuesta is not enhanced.

[2020-03-12 13:45:19 #13 type.registry] 
New type domain.Usuario

[2020-03-12 13:45:19 #14 type.registry] 
New type domain.Cliente

[2020-03-12 13:45:19 #15 type] 
Type domain.Usuario is not enhanced.

[2020-03-12 13:45:19 #16 type] 
Type domain.Cliente is not enhanced.

[2020-03-12 13:45:19 #17 type.registry] 
New type domain.Admin

[2020-03-12 13:45:19 #18 type] 
Type domain.Admin is not enhanced.

[2020-03-12 13:45:19 #19 type.registry] 
New type domain.CuentaGlobal

[2020-03-12 13:45:19 #20 type] 
Type domain.CuentaGlobal is not enhanced.

[2020-03-12 13:45:19 #21 type.registry] 
New type java.util.Vector<java.lang.Object>

------------------------------------------------------------------------------------------------------------------------

[2020-03-12 13:53:52 #1 store] 
Database '/Users/ldeniz/git/Bets/resources/bets.temp' is opened by 23660@MacBook-Pro-de-Leroy.local

[2020-03-12 13:53:52 #2 type.registry] 
New type domain.Question

[2020-03-12 13:53:52 #3 type] 
Type domain.Question is not enhanced.

[2020-03-12 13:53:52 #4 type.registry] 
New type domain.Answer

[2020-03-12 13:53:52 #5 type.registry] 
New type java.util.Vector<domain.Answer>

[2020-03-12 13:53:52 #6 type.registry] 
New type domain.Event

[2020-03-12 13:53:52 #7 type] 
Type domain.Answer is not enhanced.

[2020-03-12 13:53:52 #8 type.registry] 
New type domain.Apuesta

[2020-03-12 13:53:52 #9 type.registry] 
New type java.util.Vector<domain.Apuesta>

[2020-03-12 13:53:52 #10 type] 
Type domain.Event is not enhanced.

[2020-03-12 13:53:52 #11 type.registry] 
New type java.util.Vector<domain.Question>

[2020-03-12 13:53:52 #12 type] 
Type domain.Apuesta is not enhanced.

[2020-03-12 13:53:52 #13 type.registry] 
New type domain.Usuario

[2020-03-12 13:53:52 #14 type.registry] 
New type domain.Cliente

[2020-03-12 13:53:52 #15 type] 
Type domain.Usuario is not enhanced.

[2020-03-12 13:53:52 #16 type] 
Type domain.Cliente is not enhanced.

[2020-03-12 13:53:52 #17 type.registry] 
New type domain.Admin

[2020-03-12 13:53:52 #18 type] 
Type domain.Admin is not enhanced.

[2020-03-12 13:53:52 #19 type.registry] 
New type domain.CuentaGlobal

[2020-03-12 13:53:52 #20 type] 
Type domain.CuentaGlobal is not enhanced.

[2020-03-12 13:53:52 #21 type.registry] 
New type java.util.Vector<java.lang.Object>

