------------------------------------------------------------------------------------------------------------------------

[2020-05-07 00:51:48 #1 store] 
Database '/Users/ldeniz/git/Bets/resources/bets.temp' is opened by 69958@MacBook-Pro-de-Leroy.local

[2020-05-07 00:51:49 #2 type.registry] 
New type domain.Deporte

[2020-05-07 00:51:49 #3 type] 
Type domain.Deporte is not enhanced.

[2020-05-07 00:51:49 #4 type.registry] 
New type domain.Event

[2020-05-07 00:51:49 #5 type.registry] 
New type java.util.Vector<domain.Event>

[2020-05-07 00:51:49 #6 type] 
Type domain.Event is not enhanced.

[2020-05-07 00:51:49 #7 type.registry] 
New type domain.Question

[2020-05-07 00:51:49 #8 type.registry] 
New type java.util.Vector<domain.Question>

[2020-05-07 00:51:49 #9 type] 
Type domain.Question is not enhanced.

[2020-05-07 00:51:49 #10 type.registry] 
New type domain.Answer

[2020-05-07 00:51:49 #11 type.registry] 
New type java.util.Vector<domain.Answer>

[2020-05-07 00:51:49 #12 type] 
Type domain.Answer is not enhanced.

[2020-05-07 00:51:49 #13 type.registry] 
New type domain.ApuestaGlobal

[2020-05-07 00:51:49 #14 type.registry] 
New type domain.Apuesta

[2020-05-07 00:51:49 #15 type.registry] 
New type java.util.Vector<domain.Apuesta>

[2020-05-07 00:51:49 #16 type] 
Type domain.ApuestaGlobal is not enhanced.

[2020-05-07 00:51:49 #17 type.registry] 
New type domain.Usuario

[2020-05-07 00:51:49 #18 type.registry] 
New type domain.Cliente

[2020-05-07 00:51:49 #19 type] 
Type domain.Apuesta is not enhanced.

[2020-05-07 00:51:49 #20 type] 
Type domain.Usuario is not enhanced.

[2020-05-07 00:51:49 #21 type] 
Type domain.Cliente is not enhanced.

[2020-05-07 00:51:49 #22 type.registry] 
New type domain.Admin

[2020-05-07 00:51:49 #23 type] 
Type domain.Admin is not enhanced.

[2020-05-07 00:51:49 #24 type.registry] 
New type domain.CuentaGlobal

[2020-05-07 00:51:49 #25 type] 
Type domain.CuentaGlobal is not enhanced.

[2020-05-07 00:51:49 #26 type.registry] 
New type java.util.Vector<java.lang.Object>

------------------------------------------------------------------------------------------------------------------------

[2020-05-07 01:02:06 #1 store] 
Database '/Users/ldeniz/git/Bets/resources/bets.temp' is opened by 70032@MacBook-Pro-de-Leroy.local

[2020-05-07 01:02:06 #2 type.registry] 
New type domain.Deporte

[2020-05-07 01:02:06 #3 type] 
Type domain.Deporte is not enhanced.

[2020-05-07 01:02:06 #4 type.registry] 
New type domain.Event

[2020-05-07 01:02:06 #5 type.registry] 
New type java.util.Vector<domain.Event>

[2020-05-07 01:02:06 #6 type] 
Type domain.Event is not enhanced.

[2020-05-07 01:02:06 #7 type.registry] 
New type domain.Question

[2020-05-07 01:02:06 #8 type.registry] 
New type java.util.Vector<domain.Question>

[2020-05-07 01:02:06 #9 type] 
Type domain.Question is not enhanced.

[2020-05-07 01:02:06 #10 type.registry] 
New type domain.Answer

[2020-05-07 01:02:06 #11 type.registry] 
New type java.util.Vector<domain.Answer>

[2020-05-07 01:02:06 #12 type] 
Type domain.Answer is not enhanced.

[2020-05-07 01:02:06 #13 type.registry] 
New type domain.ApuestaGlobal

[2020-05-07 01:02:06 #14 type.registry] 
New type domain.Apuesta

[2020-05-07 01:02:06 #15 type.registry] 
New type java.util.Vector<domain.Apuesta>

[2020-05-07 01:02:06 #16 type] 
Type domain.ApuestaGlobal is not enhanced.

[2020-05-07 01:02:06 #17 type.registry] 
New type domain.Usuario

[2020-05-07 01:02:06 #18 type.registry] 
New type domain.Cliente

[2020-05-07 01:02:06 #19 type] 
Type domain.Apuesta is not enhanced.

[2020-05-07 01:02:06 #20 type] 
Type domain.Usuario is not enhanced.

[2020-05-07 01:02:06 #21 type] 
Type domain.Cliente is not enhanced.

[2020-05-07 01:02:06 #22 type.registry] 
New type domain.Admin

[2020-05-07 01:02:06 #23 type] 
Type domain.Admin is not enhanced.

[2020-05-07 01:02:06 #24 type.registry] 
New type domain.CuentaGlobal

[2020-05-07 01:02:06 #25 type] 
Type domain.CuentaGlobal is not enhanced.

[2020-05-07 01:02:06 #26 type.registry] 
New type java.util.Vector<java.lang.Object>

